[0.005s] Invoking command in '/home/iclabwill/work/ubuntu22.04_ros2/build/robotiq_85_gripper': AMENT_PREFIX_PATH=/home/iclabwill/work/ubuntu22.04_ros2/install/robotiq_85_driver:/home/iclabwill/work/ubuntu22.04_ros2/install/robotiq_85_msgs:/home/iclabwill/work/ubuntu22.04_ros2/install/robotiq_85_description:${AMENT_PREFIX_PATH} CMAKE_PREFIX_PATH=/home/iclabwill/work/ubuntu22.04_ros2/install/robotiq_85_msgs:/home/iclabwill/work/ubuntu22.04_ros2/install/robotiq_85_description:/opt/ros/humble LD_LIBRARY_PATH=/home/iclabwill/work/ubuntu22.04_ros2/install/robotiq_85_msgs/lib:${LD_LIBRARY_PATH} PYTHONPATH=/home/iclabwill/work/ubuntu22.04_ros2/build/robotiq_85_driver:/home/iclabwill/work/ubuntu22.04_ros2/install/robotiq_85_driver/lib/python3.10/site-packages:/home/iclabwill/work/ubuntu22.04_ros2/install/robotiq_85_msgs/local/lib/python3.10/dist-packages:${PYTHONPATH} /usr/bin/cmake /home/iclabwill/work/ubuntu22.04_ros2/isaac_c/src/robotiq_85_gripper/robotiq_85_gripper -DAMENT_CMAKE_SYMLINK_INSTALL=1 -DCMAKE_INSTALL_PREFIX=/home/iclabwill/work/ubuntu22.04_ros2/install/robotiq_85_gripper
[0.029s] -- The C compiler identification is GNU 11.4.0
[0.056s] -- The CXX compiler identification is GNU 11.4.0
[0.059s] -- Detecting C compiler ABI info
[0.090s] -- Detecting C compiler ABI info - done
[0.094s] -- Check for working C compiler: /usr/bin/cc - skipped
[0.094s] -- Detecting C compile features
[0.094s] -- Detecting C compile features - done
[0.095s] -- Detecting CXX compiler ABI info
[0.131s] -- Detecting CXX compiler ABI info - done
[0.134s] -- Check for working CXX compiler: /usr/bin/c++ - skipped
[0.135s] -- Detecting CXX compile features
[0.135s] -- Detecting CXX compile features - done
[0.136s] -- Found ament_cmake: 1.3.8 (/opt/ros/humble/share/ament_cmake/cmake)
[0.208s] -- Found Python3: /usr/bin/python3 (found version "3.10.12") found components: Interpreter 
[0.237s] -- Override CMake install command with custom implementation using symlinks instead of copying resources
[0.285s] -- Configuring done
[0.286s] -- Generating done
[0.287s] -- Build files have been written to: /home/iclabwill/work/ubuntu22.04_ros2/build/robotiq_85_gripper
[0.289s] Invoked command in '/home/iclabwill/work/ubuntu22.04_ros2/build/robotiq_85_gripper' returned '0': AMENT_PREFIX_PATH=/home/iclabwill/work/ubuntu22.04_ros2/install/robotiq_85_driver:/home/iclabwill/work/ubuntu22.04_ros2/install/robotiq_85_msgs:/home/iclabwill/work/ubuntu22.04_ros2/install/robotiq_85_description:${AMENT_PREFIX_PATH} CMAKE_PREFIX_PATH=/home/iclabwill/work/ubuntu22.04_ros2/install/robotiq_85_msgs:/home/iclabwill/work/ubuntu22.04_ros2/install/robotiq_85_description:/opt/ros/humble LD_LIBRARY_PATH=/home/iclabwill/work/ubuntu22.04_ros2/install/robotiq_85_msgs/lib:${LD_LIBRARY_PATH} PYTHONPATH=/home/iclabwill/work/ubuntu22.04_ros2/build/robotiq_85_driver:/home/iclabwill/work/ubuntu22.04_ros2/install/robotiq_85_driver/lib/python3.10/site-packages:/home/iclabwill/work/ubuntu22.04_ros2/install/robotiq_85_msgs/local/lib/python3.10/dist-packages:${PYTHONPATH} /usr/bin/cmake /home/iclabwill/work/ubuntu22.04_ros2/isaac_c/src/robotiq_85_gripper/robotiq_85_gripper -DAMENT_CMAKE_SYMLINK_INSTALL=1 -DCMAKE_INSTALL_PREFIX=/home/iclabwill/work/ubuntu22.04_ros2/install/robotiq_85_gripper
[0.289s] Invoking command in '/home/iclabwill/work/ubuntu22.04_ros2/build/robotiq_85_gripper': AMENT_PREFIX_PATH=/home/iclabwill/work/ubuntu22.04_ros2/install/robotiq_85_driver:/home/iclabwill/work/ubuntu22.04_ros2/install/robotiq_85_msgs:/home/iclabwill/work/ubuntu22.04_ros2/install/robotiq_85_description:${AMENT_PREFIX_PATH} CMAKE_PREFIX_PATH=/home/iclabwill/work/ubuntu22.04_ros2/install/robotiq_85_msgs:/home/iclabwill/work/ubuntu22.04_ros2/install/robotiq_85_description:/opt/ros/humble LD_LIBRARY_PATH=/home/iclabwill/work/ubuntu22.04_ros2/install/robotiq_85_msgs/lib:${LD_LIBRARY_PATH} PYTHONPATH=/home/iclabwill/work/ubuntu22.04_ros2/build/robotiq_85_driver:/home/iclabwill/work/ubuntu22.04_ros2/install/robotiq_85_driver/lib/python3.10/site-packages:/home/iclabwill/work/ubuntu22.04_ros2/install/robotiq_85_msgs/local/lib/python3.10/dist-packages:${PYTHONPATH} /usr/bin/cmake --build /home/iclabwill/work/ubuntu22.04_ros2/build/robotiq_85_gripper -- -j28 -l28
[0.305s] Invoked command in '/home/iclabwill/work/ubuntu22.04_ros2/build/robotiq_85_gripper' returned '0': AMENT_PREFIX_PATH=/home/iclabwill/work/ubuntu22.04_ros2/install/robotiq_85_driver:/home/iclabwill/work/ubuntu22.04_ros2/install/robotiq_85_msgs:/home/iclabwill/work/ubuntu22.04_ros2/install/robotiq_85_description:${AMENT_PREFIX_PATH} CMAKE_PREFIX_PATH=/home/iclabwill/work/ubuntu22.04_ros2/install/robotiq_85_msgs:/home/iclabwill/work/ubuntu22.04_ros2/install/robotiq_85_description:/opt/ros/humble LD_LIBRARY_PATH=/home/iclabwill/work/ubuntu22.04_ros2/install/robotiq_85_msgs/lib:${LD_LIBRARY_PATH} PYTHONPATH=/home/iclabwill/work/ubuntu22.04_ros2/build/robotiq_85_driver:/home/iclabwill/work/ubuntu22.04_ros2/install/robotiq_85_driver/lib/python3.10/site-packages:/home/iclabwill/work/ubuntu22.04_ros2/install/robotiq_85_msgs/local/lib/python3.10/dist-packages:${PYTHONPATH} /usr/bin/cmake --build /home/iclabwill/work/ubuntu22.04_ros2/build/robotiq_85_gripper -- -j28 -l28
[0.314s] Invoking command in '/home/iclabwill/work/ubuntu22.04_ros2/build/robotiq_85_gripper': AMENT_PREFIX_PATH=/home/iclabwill/work/ubuntu22.04_ros2/install/robotiq_85_driver:/home/iclabwill/work/ubuntu22.04_ros2/install/robotiq_85_msgs:/home/iclabwill/work/ubuntu22.04_ros2/install/robotiq_85_description:${AMENT_PREFIX_PATH} CMAKE_PREFIX_PATH=/home/iclabwill/work/ubuntu22.04_ros2/install/robotiq_85_msgs:/home/iclabwill/work/ubuntu22.04_ros2/install/robotiq_85_description:/opt/ros/humble LD_LIBRARY_PATH=/home/iclabwill/work/ubuntu22.04_ros2/install/robotiq_85_msgs/lib:${LD_LIBRARY_PATH} PYTHONPATH=/home/iclabwill/work/ubuntu22.04_ros2/build/robotiq_85_driver:/home/iclabwill/work/ubuntu22.04_ros2/install/robotiq_85_driver/lib/python3.10/site-packages:/home/iclabwill/work/ubuntu22.04_ros2/install/robotiq_85_msgs/local/lib/python3.10/dist-packages:${PYTHONPATH} /usr/bin/cmake --install /home/iclabwill/work/ubuntu22.04_ros2/build/robotiq_85_gripper
[0.317s] -- Install configuration: ""
[0.318s] -- Execute custom install script
[0.318s] -- Symlinking: /home/iclabwill/work/ubuntu22.04_ros2/install/robotiq_85_gripper/share/ament_index/resource_index/package_run_dependencies/robotiq_85_gripper
[0.322s] -- Symlinking: /home/iclabwill/work/ubuntu22.04_ros2/install/robotiq_85_gripper/share/ament_index/resource_index/parent_prefix_path/robotiq_85_gripper
[0.325s] -- Symlinking: /home/iclabwill/work/ubuntu22.04_ros2/install/robotiq_85_gripper/share/robotiq_85_gripper/environment/ament_prefix_path.sh
[0.328s] -- Symlinking: /home/iclabwill/work/ubuntu22.04_ros2/install/robotiq_85_gripper/share/robotiq_85_gripper/environment/ament_prefix_path.dsv
[0.332s] -- Symlinking: /home/iclabwill/work/ubuntu22.04_ros2/install/robotiq_85_gripper/share/robotiq_85_gripper/environment/path.sh
[0.336s] -- Symlinking: /home/iclabwill/work/ubuntu22.04_ros2/install/robotiq_85_gripper/share/robotiq_85_gripper/environment/path.dsv
[0.339s] -- Symlinking: /home/iclabwill/work/ubuntu22.04_ros2/install/robotiq_85_gripper/share/robotiq_85_gripper/local_setup.bash
[0.343s] -- Symlinking: /home/iclabwill/work/ubuntu22.04_ros2/install/robotiq_85_gripper/share/robotiq_85_gripper/local_setup.sh
[0.347s] -- Symlinking: /home/iclabwill/work/ubuntu22.04_ros2/install/robotiq_85_gripper/share/robotiq_85_gripper/local_setup.zsh
[0.350s] -- Symlinking: /home/iclabwill/work/ubuntu22.04_ros2/install/robotiq_85_gripper/share/robotiq_85_gripper/local_setup.dsv
[0.354s] -- Symlinking: /home/iclabwill/work/ubuntu22.04_ros2/install/robotiq_85_gripper/share/robotiq_85_gripper/package.dsv
[0.357s] -- Symlinking: /home/iclabwill/work/ubuntu22.04_ros2/install/robotiq_85_gripper/share/ament_index/resource_index/packages/robotiq_85_gripper
[0.361s] -- Symlinking: /home/iclabwill/work/ubuntu22.04_ros2/install/robotiq_85_gripper/share/robotiq_85_gripper/cmake/robotiq_85_gripperConfig.cmake
[0.364s] -- Symlinking: /home/iclabwill/work/ubuntu22.04_ros2/install/robotiq_85_gripper/share/robotiq_85_gripper/cmake/robotiq_85_gripperConfig-version.cmake
[0.368s] -- Symlinking: /home/iclabwill/work/ubuntu22.04_ros2/install/robotiq_85_gripper/share/robotiq_85_gripper/package.xml
[0.372s] Invoked command in '/home/iclabwill/work/ubuntu22.04_ros2/build/robotiq_85_gripper' returned '0': AMENT_PREFIX_PATH=/home/iclabwill/work/ubuntu22.04_ros2/install/robotiq_85_driver:/home/iclabwill/work/ubuntu22.04_ros2/install/robotiq_85_msgs:/home/iclabwill/work/ubuntu22.04_ros2/install/robotiq_85_description:${AMENT_PREFIX_PATH} CMAKE_PREFIX_PATH=/home/iclabwill/work/ubuntu22.04_ros2/install/robotiq_85_msgs:/home/iclabwill/work/ubuntu22.04_ros2/install/robotiq_85_description:/opt/ros/humble LD_LIBRARY_PATH=/home/iclabwill/work/ubuntu22.04_ros2/install/robotiq_85_msgs/lib:${LD_LIBRARY_PATH} PYTHONPATH=/home/iclabwill/work/ubuntu22.04_ros2/build/robotiq_85_driver:/home/iclabwill/work/ubuntu22.04_ros2/install/robotiq_85_driver/lib/python3.10/site-packages:/home/iclabwill/work/ubuntu22.04_ros2/install/robotiq_85_msgs/local/lib/python3.10/dist-packages:${PYTHONPATH} /usr/bin/cmake --install /home/iclabwill/work/ubuntu22.04_ros2/build/robotiq_85_gripper
