[0.011s] Invoking command in '/home/iclabwill/work/ubuntu22.04_ros2/build/robotiq_85_msgs': CMAKE_PREFIX_PATH=/opt/ros/humble /usr/bin/cmake /home/iclabwill/work/ubuntu22.04_ros2/isaac_c/src/robotiq_85_gripper/robotiq_85_msgs -DAMENT_CMAKE_SYMLINK_INSTALL=1 -DCMAKE_INSTALL_PREFIX=/home/iclabwill/work/ubuntu22.04_ros2/install/robotiq_85_msgs
[0.298s] -- The C compiler identification is GNU 11.4.0
[0.432s] -- The CXX compiler identification is GNU 11.4.0
[0.444s] -- Detecting C compiler ABI info
[0.497s] -- Detecting C compiler ABI info - done
[0.500s] -- Check for working C compiler: /usr/bin/cc - skipped
[0.501s] -- Detecting C compile features
[0.501s] -- Detecting C compile features - done
[0.504s] -- Detecting CXX compiler ABI info
[0.543s] -- Detecting CXX compiler ABI info - done
[0.546s] -- Check for working CXX compiler: /usr/bin/c++ - skipped
[0.547s] -- Detecting CXX compile features
[0.547s] -- Detecting CXX compile features - done
[0.556s] -- Found ament_cmake: 1.3.8 (/opt/ros/humble/share/ament_cmake/cmake)
[0.638s] -- Found Python3: /usr/bin/python3 (found version "3.10.12") found components: Interpreter 
[0.683s] -- Override CMake install command with custom implementation using symlinks instead of copying resources
[0.728s] -- Found builtin_interfaces: 1.2.1 (/opt/ros/humble/share/builtin_interfaces/cmake)
[0.782s] -- Found rosidl_generator_c: 3.1.5 (/opt/ros/humble/share/rosidl_generator_c/cmake)
[0.790s] -- Found rosidl_adapter: 3.1.5 (/opt/ros/humble/share/rosidl_adapter/cmake)
[0.804s] -- Found rosidl_generator_cpp: 3.1.5 (/opt/ros/humble/share/rosidl_generator_cpp/cmake)
[0.827s] -- Using all available rosidl_typesupport_c: rosidl_typesupport_fastrtps_c;rosidl_typesupport_introspection_c
[0.847s] -- Using all available rosidl_typesupport_cpp: rosidl_typesupport_fastrtps_cpp;rosidl_typesupport_introspection_cpp
[0.868s] -- Found rosidl_default_generators: 1.2.0 (/opt/ros/humble/share/rosidl_default_generators/cmake)
[0.878s] -- Found std_msgs: 4.2.3 (/opt/ros/humble/share/std_msgs/cmake)
[1.039s] -- Found ament_cmake_ros: 0.10.0 (/opt/ros/humble/share/ament_cmake_ros/cmake)
[1.220s] -- Using all available rosidl_typesupport_c: rosidl_typesupport_fastrtps_c;rosidl_typesupport_introspection_c
[1.287s] -- Using all available rosidl_typesupport_cpp: rosidl_typesupport_fastrtps_cpp;rosidl_typesupport_introspection_cpp
[1.299s] -- Found PythonInterp: /usr/bin/python3 (found suitable version "3.10.12", minimum required is "3.6") 
[1.301s] -- Found python_cmake_module: 0.10.0 (/opt/ros/humble/share/python_cmake_module/cmake)
[1.317s] -- Found PythonLibs: /usr/lib/x86_64-linux-gnu/libpython3.10.so (found suitable version "3.10.12", minimum required is "3.5") 
[1.317s] -- Using PYTHON_EXECUTABLE: /usr/bin/python3
[1.317s] -- Using PYTHON_INCLUDE_DIRS: /usr/include/python3.10
[1.317s] -- Using PYTHON_LIBRARIES: /usr/lib/x86_64-linux-gnu/libpython3.10.so
[1.327s] -- Found PythonExtra: .so  
[1.362s] -- Configuring done
[1.383s] -- Generating done
[1.384s] -- Build files have been written to: /home/iclabwill/work/ubuntu22.04_ros2/build/robotiq_85_msgs
[1.387s] Invoked command in '/home/iclabwill/work/ubuntu22.04_ros2/build/robotiq_85_msgs' returned '0': CMAKE_PREFIX_PATH=/opt/ros/humble /usr/bin/cmake /home/iclabwill/work/ubuntu22.04_ros2/isaac_c/src/robotiq_85_gripper/robotiq_85_msgs -DAMENT_CMAKE_SYMLINK_INSTALL=1 -DCMAKE_INSTALL_PREFIX=/home/iclabwill/work/ubuntu22.04_ros2/install/robotiq_85_msgs
[1.388s] Invoking command in '/home/iclabwill/work/ubuntu22.04_ros2/build/robotiq_85_msgs': CMAKE_PREFIX_PATH=/opt/ros/humble /usr/bin/cmake --build /home/iclabwill/work/ubuntu22.04_ros2/build/robotiq_85_msgs -- -j28 -l28
[1.404s] [  2%] [34m[1mGenerating C code for ROS interfaces[0m
[1.408s] [  5%] [34m[1mGenerating C++ code for ROS interfaces[0m
[1.411s] [  5%] Built target ament_cmake_python_symlink_robotiq_85_msgs
[1.511s] running egg_info
[1.512s] creating robotiq_85_msgs.egg-info
[1.512s] writing robotiq_85_msgs.egg-info/PKG-INFO
[1.512s] writing dependency_links to robotiq_85_msgs.egg-info/dependency_links.txt
[1.512s] writing top-level names to robotiq_85_msgs.egg-info/top_level.txt
[1.512s] writing manifest file 'robotiq_85_msgs.egg-info/SOURCES.txt'
[1.514s] reading manifest file 'robotiq_85_msgs.egg-info/SOURCES.txt'
[1.515s] writing manifest file 'robotiq_85_msgs.egg-info/SOURCES.txt'
[1.526s] [  5%] Built target ament_cmake_python_build_robotiq_85_msgs_egg
[1.546s] [  5%] Built target robotiq_85_msgs__cpp
[1.549s] [  7%] [32mBuilding C object CMakeFiles/robotiq_85_msgs__rosidl_generator_c.dir/rosidl_generator_c/robotiq_85_msgs/msg/detail/gripper_cmd__functions.c.o[0m
[1.549s] [ 10%] [32mBuilding C object CMakeFiles/robotiq_85_msgs__rosidl_generator_c.dir/rosidl_generator_c/robotiq_85_msgs/msg/detail/gripper_stat__functions.c.o[0m
[1.550s] [ 12%] [34m[1mGenerating C++ type support dispatch for ROS interfaces[0m
[1.550s] [ 15%] [34m[1mGenerating C++ type support for eProsima Fast-RTPS[0m
[1.550s] [ 17%] [34m[1mGenerating C++ introspection for ROS interfaces[0m
[1.600s] [ 20%] [32m[1mLinking C shared library librobotiq_85_msgs__rosidl_generator_c.so[0m
[1.622s] [ 20%] Built target robotiq_85_msgs__rosidl_generator_c
[1.626s] [ 23%] [34m[1mGenerating C type support for eProsima Fast-RTPS[0m
[1.626s] [ 25%] [34m[1mGenerating C type support dispatch for ROS interfaces[0m
[1.626s] [ 28%] [34m[1mGenerating C introspection for ROS interfaces[0m
[1.663s] [ 33%] [32mBuilding CXX object CMakeFiles/robotiq_85_msgs__rosidl_typesupport_cpp.dir/rosidl_typesupport_cpp/robotiq_85_msgs/msg/gripper_stat__type_support.cpp.o[0m
[1.663s] [ 33%] [32mBuilding CXX object CMakeFiles/robotiq_85_msgs__rosidl_typesupport_cpp.dir/rosidl_typesupport_cpp/robotiq_85_msgs/msg/gripper_cmd__type_support.cpp.o[0m
[1.673s] [ 35%] [32mBuilding CXX object CMakeFiles/robotiq_85_msgs__rosidl_typesupport_introspection_cpp.dir/rosidl_typesupport_introspection_cpp/robotiq_85_msgs/msg/detail/gripper_cmd__type_support.cpp.o[0m
[1.673s] [ 38%] [32mBuilding CXX object CMakeFiles/robotiq_85_msgs__rosidl_typesupport_introspection_cpp.dir/rosidl_typesupport_introspection_cpp/robotiq_85_msgs/msg/detail/gripper_stat__type_support.cpp.o[0m
[1.678s] [ 41%] [32mBuilding CXX object CMakeFiles/robotiq_85_msgs__rosidl_typesupport_fastrtps_cpp.dir/rosidl_typesupport_fastrtps_cpp/robotiq_85_msgs/msg/detail/dds_fastrtps/gripper_cmd__type_support.cpp.o[0m
[1.679s] [ 43%] [32mBuilding CXX object CMakeFiles/robotiq_85_msgs__rosidl_typesupport_fastrtps_cpp.dir/rosidl_typesupport_fastrtps_cpp/robotiq_85_msgs/msg/detail/dds_fastrtps/gripper_stat__type_support.cpp.o[0m
[1.738s] [ 46%] [32mBuilding CXX object CMakeFiles/robotiq_85_msgs__rosidl_typesupport_c.dir/rosidl_typesupport_c/robotiq_85_msgs/msg/gripper_cmd__type_support.cpp.o[0m
[1.738s] [ 48%] [32mBuilding CXX object CMakeFiles/robotiq_85_msgs__rosidl_typesupport_c.dir/rosidl_typesupport_c/robotiq_85_msgs/msg/gripper_stat__type_support.cpp.o[0m
[1.756s] [ 51%] [32mBuilding C object CMakeFiles/robotiq_85_msgs__rosidl_typesupport_introspection_c.dir/rosidl_typesupport_introspection_c/robotiq_85_msgs/msg/detail/gripper_cmd__type_support.c.o[0m
[1.756s] [ 53%] [32mBuilding C object CMakeFiles/robotiq_85_msgs__rosidl_typesupport_introspection_c.dir/rosidl_typesupport_introspection_c/robotiq_85_msgs/msg/detail/gripper_stat__type_support.c.o[0m
[1.758s] [ 56%] [32m[1mLinking CXX shared library librobotiq_85_msgs__rosidl_typesupport_c.so[0m
[1.760s] [ 58%] [32mBuilding CXX object CMakeFiles/robotiq_85_msgs__rosidl_typesupport_fastrtps_c.dir/rosidl_typesupport_fastrtps_c/robotiq_85_msgs/msg/detail/gripper_stat__type_support_c.cpp.o[0m
[1.760s] [ 61%] [32mBuilding CXX object CMakeFiles/robotiq_85_msgs__rosidl_typesupport_fastrtps_c.dir/rosidl_typesupport_fastrtps_c/robotiq_85_msgs/msg/detail/gripper_cmd__type_support_c.cpp.o[0m
[1.783s] [ 64%] [32m[1mLinking C shared library librobotiq_85_msgs__rosidl_typesupport_introspection_c.so[0m
[1.788s] [ 64%] Built target robotiq_85_msgs__rosidl_typesupport_c
[1.799s] [ 64%] Built target robotiq_85_msgs__rosidl_typesupport_introspection_c
[1.876s] [ 66%] [32m[1mLinking CXX shared library librobotiq_85_msgs__rosidl_typesupport_cpp.so[0m
[1.899s] [ 66%] Built target robotiq_85_msgs__rosidl_typesupport_cpp
[1.899s] [ 69%] [32m[1mLinking CXX shared library librobotiq_85_msgs__rosidl_typesupport_introspection_cpp.so[0m
[1.913s] [ 71%] [32m[1mLinking CXX shared library librobotiq_85_msgs__rosidl_typesupport_fastrtps_c.so[0m
[1.914s] [ 74%] [32m[1mLinking CXX shared library librobotiq_85_msgs__rosidl_typesupport_fastrtps_cpp.so[0m
[1.930s] [ 74%] Built target robotiq_85_msgs__rosidl_typesupport_introspection_cpp
[1.952s] [ 74%] Built target robotiq_85_msgs__rosidl_typesupport_fastrtps_cpp
[1.952s] [ 74%] Built target robotiq_85_msgs__rosidl_typesupport_fastrtps_c
[1.960s] [ 74%] Built target robotiq_85_msgs
[1.968s] [ 76%] [34m[1mGenerating Python code for ROS interfaces[0m
[2.152s] [ 76%] Built target robotiq_85_msgs__py
[2.160s] [ 79%] [32mBuilding C object CMakeFiles/robotiq_85_msgs__rosidl_generator_py.dir/rosidl_generator_py/robotiq_85_msgs/msg/_gripper_cmd_s.c.o[0m
[2.160s] [ 82%] [32mBuilding C object CMakeFiles/robotiq_85_msgs__rosidl_generator_py.dir/rosidl_generator_py/robotiq_85_msgs/msg/_gripper_stat_s.c.o[0m
[2.265s] [ 84%] [32m[1mLinking C shared library rosidl_generator_py/robotiq_85_msgs/librobotiq_85_msgs__rosidl_generator_py.so[0m
[2.287s] [ 84%] Built target robotiq_85_msgs__rosidl_generator_py
[2.296s] [ 87%] [32mBuilding C object CMakeFiles/robotiq_85_msgs__rosidl_typesupport_fastrtps_c__pyext.dir/rosidl_generator_py/robotiq_85_msgs/_robotiq_85_msgs_s.ep.rosidl_typesupport_fastrtps_c.c.o[0m
[2.296s] [ 92%] [32mBuilding C object CMakeFiles/robotiq_85_msgs__rosidl_typesupport_c__pyext.dir/rosidl_generator_py/robotiq_85_msgs/_robotiq_85_msgs_s.ep.rosidl_typesupport_c.c.o[0m
[2.296s] [ 92%] [32mBuilding C object CMakeFiles/robotiq_85_msgs__rosidl_typesupport_introspection_c__pyext.dir/rosidl_generator_py/robotiq_85_msgs/_robotiq_85_msgs_s.ep.rosidl_typesupport_introspection_c.c.o[0m
[2.344s] [100%] [32m[1mLinking C shared library rosidl_generator_py/robotiq_85_msgs/robotiq_85_msgs_s__rosidl_typesupport_introspection_c.cpython-310-x86_64-linux-gnu.so[0m
[2.344s] [100%] [32m[1mLinking C shared library rosidl_generator_py/robotiq_85_msgs/robotiq_85_msgs_s__rosidl_typesupport_fastrtps_c.cpython-310-x86_64-linux-gnu.so[0m
[2.344s] [100%] [32m[1mLinking C shared library rosidl_generator_py/robotiq_85_msgs/robotiq_85_msgs_s__rosidl_typesupport_c.cpython-310-x86_64-linux-gnu.so[0m
[2.361s] [100%] Built target robotiq_85_msgs__rosidl_typesupport_introspection_c__pyext
[2.361s] [100%] Built target robotiq_85_msgs__rosidl_typesupport_fastrtps_c__pyext
[2.361s] [100%] Built target robotiq_85_msgs__rosidl_typesupport_c__pyext
[2.365s] Invoked command in '/home/iclabwill/work/ubuntu22.04_ros2/build/robotiq_85_msgs' returned '0': CMAKE_PREFIX_PATH=/opt/ros/humble /usr/bin/cmake --build /home/iclabwill/work/ubuntu22.04_ros2/build/robotiq_85_msgs -- -j28 -l28
[2.393s] Invoking command in '/home/iclabwill/work/ubuntu22.04_ros2/build/robotiq_85_msgs': CMAKE_PREFIX_PATH=/opt/ros/humble /usr/bin/cmake --install /home/iclabwill/work/ubuntu22.04_ros2/build/robotiq_85_msgs
[2.396s] -- Install configuration: ""
[2.396s] -- Execute custom install script
[2.396s] -- Symlinking: /home/iclabwill/work/ubuntu22.04_ros2/install/robotiq_85_msgs/share/ament_index/resource_index/rosidl_interfaces/robotiq_85_msgs
[2.400s] -- Symlinking: /home/iclabwill/work/ubuntu22.04_ros2/install/robotiq_85_msgs/include/robotiq_85_msgs/robotiq_85_msgs/msg/detail/gripper_cmd__functions.h
[2.403s] -- Symlinking: /home/iclabwill/work/ubuntu22.04_ros2/install/robotiq_85_msgs/include/robotiq_85_msgs/robotiq_85_msgs/msg/detail/gripper_cmd__struct.h
[2.406s] -- Symlinking: /home/iclabwill/work/ubuntu22.04_ros2/install/robotiq_85_msgs/include/robotiq_85_msgs/robotiq_85_msgs/msg/detail/gripper_cmd__type_support.h
[2.410s] -- Symlinking: /home/iclabwill/work/ubuntu22.04_ros2/install/robotiq_85_msgs/include/robotiq_85_msgs/robotiq_85_msgs/msg/detail/gripper_stat__functions.h
[2.413s] -- Symlinking: /home/iclabwill/work/ubuntu22.04_ros2/install/robotiq_85_msgs/include/robotiq_85_msgs/robotiq_85_msgs/msg/detail/gripper_stat__struct.h
[2.417s] -- Symlinking: /home/iclabwill/work/ubuntu22.04_ros2/install/robotiq_85_msgs/include/robotiq_85_msgs/robotiq_85_msgs/msg/detail/gripper_stat__type_support.h
[2.420s] -- Symlinking: /home/iclabwill/work/ubuntu22.04_ros2/install/robotiq_85_msgs/include/robotiq_85_msgs/robotiq_85_msgs/msg/gripper_cmd.h
[2.423s] -- Symlinking: /home/iclabwill/work/ubuntu22.04_ros2/install/robotiq_85_msgs/include/robotiq_85_msgs/robotiq_85_msgs/msg/gripper_stat.h
[2.427s] -- Symlinking: /home/iclabwill/work/ubuntu22.04_ros2/install/robotiq_85_msgs/include/robotiq_85_msgs/robotiq_85_msgs/msg/rosidl_generator_c__visibility_control.h
[2.430s] -- Symlinking: /home/iclabwill/work/ubuntu22.04_ros2/install/robotiq_85_msgs/share/robotiq_85_msgs/environment/library_path.sh
[2.434s] -- Symlinking: /home/iclabwill/work/ubuntu22.04_ros2/install/robotiq_85_msgs/share/robotiq_85_msgs/environment/library_path.dsv
[2.437s] -- Symlinking: /home/iclabwill/work/ubuntu22.04_ros2/install/robotiq_85_msgs/include/robotiq_85_msgs/robotiq_85_msgs/msg/detail/gripper_cmd__rosidl_typesupport_fastrtps_c.h
[2.441s] -- Symlinking: /home/iclabwill/work/ubuntu22.04_ros2/install/robotiq_85_msgs/include/robotiq_85_msgs/robotiq_85_msgs/msg/detail/gripper_stat__rosidl_typesupport_fastrtps_c.h
[2.444s] -- Symlinking: /home/iclabwill/work/ubuntu22.04_ros2/install/robotiq_85_msgs/include/robotiq_85_msgs/robotiq_85_msgs/msg/rosidl_typesupport_fastrtps_c__visibility_control.h
[2.447s] -- Symlinking: /home/iclabwill/work/ubuntu22.04_ros2/install/robotiq_85_msgs/include/robotiq_85_msgs/robotiq_85_msgs/msg/detail/gripper_cmd__builder.hpp
[2.450s] -- Symlinking: /home/iclabwill/work/ubuntu22.04_ros2/install/robotiq_85_msgs/include/robotiq_85_msgs/robotiq_85_msgs/msg/detail/gripper_cmd__struct.hpp
[2.454s] -- Symlinking: /home/iclabwill/work/ubuntu22.04_ros2/install/robotiq_85_msgs/include/robotiq_85_msgs/robotiq_85_msgs/msg/detail/gripper_cmd__traits.hpp
[2.457s] -- Symlinking: /home/iclabwill/work/ubuntu22.04_ros2/install/robotiq_85_msgs/include/robotiq_85_msgs/robotiq_85_msgs/msg/detail/gripper_stat__builder.hpp
[2.460s] -- Symlinking: /home/iclabwill/work/ubuntu22.04_ros2/install/robotiq_85_msgs/include/robotiq_85_msgs/robotiq_85_msgs/msg/detail/gripper_stat__struct.hpp
[2.464s] -- Symlinking: /home/iclabwill/work/ubuntu22.04_ros2/install/robotiq_85_msgs/include/robotiq_85_msgs/robotiq_85_msgs/msg/detail/gripper_stat__traits.hpp
[2.467s] -- Symlinking: /home/iclabwill/work/ubuntu22.04_ros2/install/robotiq_85_msgs/include/robotiq_85_msgs/robotiq_85_msgs/msg/gripper_cmd.hpp
[2.470s] -- Symlinking: /home/iclabwill/work/ubuntu22.04_ros2/install/robotiq_85_msgs/include/robotiq_85_msgs/robotiq_85_msgs/msg/gripper_stat.hpp
[2.474s] -- Symlinking: /home/iclabwill/work/ubuntu22.04_ros2/install/robotiq_85_msgs/include/robotiq_85_msgs/robotiq_85_msgs/msg/detail/gripper_cmd__rosidl_typesupport_fastrtps_cpp.hpp
[2.477s] -- Symlinking: /home/iclabwill/work/ubuntu22.04_ros2/install/robotiq_85_msgs/include/robotiq_85_msgs/robotiq_85_msgs/msg/detail/gripper_stat__rosidl_typesupport_fastrtps_cpp.hpp
[2.481s] -- Symlinking: /home/iclabwill/work/ubuntu22.04_ros2/install/robotiq_85_msgs/include/robotiq_85_msgs/robotiq_85_msgs/msg/rosidl_typesupport_fastrtps_cpp__visibility_control.h
[2.484s] -- Symlinking: /home/iclabwill/work/ubuntu22.04_ros2/install/robotiq_85_msgs/include/robotiq_85_msgs/robotiq_85_msgs/msg/detail/gripper_cmd__rosidl_typesupport_introspection_c.h
[2.488s] -- Symlinking: /home/iclabwill/work/ubuntu22.04_ros2/install/robotiq_85_msgs/include/robotiq_85_msgs/robotiq_85_msgs/msg/detail/gripper_stat__rosidl_typesupport_introspection_c.h
[2.491s] -- Symlinking: /home/iclabwill/work/ubuntu22.04_ros2/install/robotiq_85_msgs/include/robotiq_85_msgs/robotiq_85_msgs/msg/rosidl_typesupport_introspection_c__visibility_control.h
[2.495s] -- Symlinking: /home/iclabwill/work/ubuntu22.04_ros2/install/robotiq_85_msgs/include/robotiq_85_msgs/robotiq_85_msgs/msg/detail/gripper_cmd__rosidl_typesupport_introspection_cpp.hpp
[2.498s] -- Symlinking: /home/iclabwill/work/ubuntu22.04_ros2/install/robotiq_85_msgs/include/robotiq_85_msgs/robotiq_85_msgs/msg/detail/gripper_stat__rosidl_typesupport_introspection_cpp.hpp
[2.502s] -- Symlinking: /home/iclabwill/work/ubuntu22.04_ros2/install/robotiq_85_msgs/share/robotiq_85_msgs/environment/pythonpath.sh
[2.505s] -- Symlinking: /home/iclabwill/work/ubuntu22.04_ros2/install/robotiq_85_msgs/share/robotiq_85_msgs/environment/pythonpath.dsv
[2.509s] -- Symlinking: /home/iclabwill/work/ubuntu22.04_ros2/install/robotiq_85_msgs/local/lib/python3.10/dist-packages/robotiq_85_msgs-1.0.1-py3.10.egg-info/PKG-INFO
[2.512s] -- Symlinking: /home/iclabwill/work/ubuntu22.04_ros2/install/robotiq_85_msgs/local/lib/python3.10/dist-packages/robotiq_85_msgs-1.0.1-py3.10.egg-info/SOURCES.txt
[2.515s] -- Symlinking: /home/iclabwill/work/ubuntu22.04_ros2/install/robotiq_85_msgs/local/lib/python3.10/dist-packages/robotiq_85_msgs-1.0.1-py3.10.egg-info/dependency_links.txt
[2.519s] -- Symlinking: /home/iclabwill/work/ubuntu22.04_ros2/install/robotiq_85_msgs/local/lib/python3.10/dist-packages/robotiq_85_msgs-1.0.1-py3.10.egg-info/top_level.txt
[2.523s] -- Symlinking: /home/iclabwill/work/ubuntu22.04_ros2/install/robotiq_85_msgs/local/lib/python3.10/dist-packages/robotiq_85_msgs/__init__.py
[2.526s] -- Symlinking: /home/iclabwill/work/ubuntu22.04_ros2/install/robotiq_85_msgs/local/lib/python3.10/dist-packages/robotiq_85_msgs/_robotiq_85_msgs_s.ep.rosidl_typesupport_c.c
[2.529s] -- Symlinking: /home/iclabwill/work/ubuntu22.04_ros2/install/robotiq_85_msgs/local/lib/python3.10/dist-packages/robotiq_85_msgs/_robotiq_85_msgs_s.ep.rosidl_typesupport_fastrtps_c.c
[2.533s] -- Symlinking: /home/iclabwill/work/ubuntu22.04_ros2/install/robotiq_85_msgs/local/lib/python3.10/dist-packages/robotiq_85_msgs/_robotiq_85_msgs_s.ep.rosidl_typesupport_introspection_c.c
[2.536s] -- Symlinking: /home/iclabwill/work/ubuntu22.04_ros2/install/robotiq_85_msgs/local/lib/python3.10/dist-packages/robotiq_85_msgs/librobotiq_85_msgs__rosidl_generator_py.so
[2.540s] -- Symlinking: /home/iclabwill/work/ubuntu22.04_ros2/install/robotiq_85_msgs/local/lib/python3.10/dist-packages/robotiq_85_msgs/msg/__init__.py
[2.543s] -- Symlinking: /home/iclabwill/work/ubuntu22.04_ros2/install/robotiq_85_msgs/local/lib/python3.10/dist-packages/robotiq_85_msgs/msg/_gripper_cmd.py
[2.547s] -- Symlinking: /home/iclabwill/work/ubuntu22.04_ros2/install/robotiq_85_msgs/local/lib/python3.10/dist-packages/robotiq_85_msgs/msg/_gripper_cmd_s.c
[2.550s] -- Symlinking: /home/iclabwill/work/ubuntu22.04_ros2/install/robotiq_85_msgs/local/lib/python3.10/dist-packages/robotiq_85_msgs/msg/_gripper_stat.py
[2.553s] -- Symlinking: /home/iclabwill/work/ubuntu22.04_ros2/install/robotiq_85_msgs/local/lib/python3.10/dist-packages/robotiq_85_msgs/msg/_gripper_stat_s.c
[2.557s] -- Symlinking: /home/iclabwill/work/ubuntu22.04_ros2/install/robotiq_85_msgs/local/lib/python3.10/dist-packages/robotiq_85_msgs/robotiq_85_msgs_s__rosidl_typesupport_c.cpython-310-x86_64-linux-gnu.so
[2.560s] -- Symlinking: /home/iclabwill/work/ubuntu22.04_ros2/install/robotiq_85_msgs/local/lib/python3.10/dist-packages/robotiq_85_msgs/robotiq_85_msgs_s__rosidl_typesupport_fastrtps_c.cpython-310-x86_64-linux-gnu.so
[2.564s] -- Symlinking: /home/iclabwill/work/ubuntu22.04_ros2/install/robotiq_85_msgs/local/lib/python3.10/dist-packages/robotiq_85_msgs/robotiq_85_msgs_s__rosidl_typesupport_introspection_c.cpython-310-x86_64-linux-gnu.so
[2.567s] -- Up-to-date symlink: /home/iclabwill/work/ubuntu22.04_ros2/install/robotiq_85_msgs/local/lib/python3.10/dist-packages/robotiq_85_msgs/robotiq_85_msgs_s__rosidl_typesupport_fastrtps_c.cpython-310-x86_64-linux-gnu.so
[2.567s] -- Up-to-date symlink: /home/iclabwill/work/ubuntu22.04_ros2/install/robotiq_85_msgs/local/lib/python3.10/dist-packages/robotiq_85_msgs/robotiq_85_msgs_s__rosidl_typesupport_introspection_c.cpython-310-x86_64-linux-gnu.so
[2.567s] -- Up-to-date symlink: /home/iclabwill/work/ubuntu22.04_ros2/install/robotiq_85_msgs/local/lib/python3.10/dist-packages/robotiq_85_msgs/robotiq_85_msgs_s__rosidl_typesupport_c.cpython-310-x86_64-linux-gnu.so
[2.567s] -- Symlinking: /home/iclabwill/work/ubuntu22.04_ros2/install/robotiq_85_msgs/share/robotiq_85_msgs/msg/GripperCmd.idl
[2.571s] -- Symlinking: /home/iclabwill/work/ubuntu22.04_ros2/install/robotiq_85_msgs/share/robotiq_85_msgs/msg/GripperStat.idl
[2.574s] -- Symlinking: /home/iclabwill/work/ubuntu22.04_ros2/install/robotiq_85_msgs/share/robotiq_85_msgs/msg/GripperCmd.msg
[2.577s] -- Symlinking: /home/iclabwill/work/ubuntu22.04_ros2/install/robotiq_85_msgs/share/robotiq_85_msgs/msg/GripperStat.msg
[2.580s] -- Symlinking: /home/iclabwill/work/ubuntu22.04_ros2/install/robotiq_85_msgs/share/ament_index/resource_index/package_run_dependencies/robotiq_85_msgs
[2.584s] -- Symlinking: /home/iclabwill/work/ubuntu22.04_ros2/install/robotiq_85_msgs/share/ament_index/resource_index/parent_prefix_path/robotiq_85_msgs
[2.587s] -- Symlinking: /home/iclabwill/work/ubuntu22.04_ros2/install/robotiq_85_msgs/share/robotiq_85_msgs/environment/ament_prefix_path.sh
[2.590s] -- Symlinking: /home/iclabwill/work/ubuntu22.04_ros2/install/robotiq_85_msgs/share/robotiq_85_msgs/environment/ament_prefix_path.dsv
[2.593s] -- Symlinking: /home/iclabwill/work/ubuntu22.04_ros2/install/robotiq_85_msgs/share/robotiq_85_msgs/environment/path.sh
[2.596s] -- Symlinking: /home/iclabwill/work/ubuntu22.04_ros2/install/robotiq_85_msgs/share/robotiq_85_msgs/environment/path.dsv
[2.599s] -- Symlinking: /home/iclabwill/work/ubuntu22.04_ros2/install/robotiq_85_msgs/share/robotiq_85_msgs/local_setup.bash
[2.603s] -- Symlinking: /home/iclabwill/work/ubuntu22.04_ros2/install/robotiq_85_msgs/share/robotiq_85_msgs/local_setup.sh
[2.606s] -- Symlinking: /home/iclabwill/work/ubuntu22.04_ros2/install/robotiq_85_msgs/share/robotiq_85_msgs/local_setup.zsh
[2.609s] -- Symlinking: /home/iclabwill/work/ubuntu22.04_ros2/install/robotiq_85_msgs/share/robotiq_85_msgs/local_setup.dsv
[2.613s] -- Symlinking: /home/iclabwill/work/ubuntu22.04_ros2/install/robotiq_85_msgs/share/robotiq_85_msgs/package.dsv
[2.616s] -- Symlinking: /home/iclabwill/work/ubuntu22.04_ros2/install/robotiq_85_msgs/share/ament_index/resource_index/packages/robotiq_85_msgs
[2.619s] -- Symlinking: /home/iclabwill/work/ubuntu22.04_ros2/install/robotiq_85_msgs/share/robotiq_85_msgs/cmake/rosidl_cmake-extras.cmake
[2.623s] -- Symlinking: /home/iclabwill/work/ubuntu22.04_ros2/install/robotiq_85_msgs/share/robotiq_85_msgs/cmake/ament_cmake_export_dependencies-extras.cmake
[2.626s] -- Symlinking: /home/iclabwill/work/ubuntu22.04_ros2/install/robotiq_85_msgs/share/robotiq_85_msgs/cmake/ament_cmake_export_include_directories-extras.cmake
[2.629s] -- Symlinking: /home/iclabwill/work/ubuntu22.04_ros2/install/robotiq_85_msgs/share/robotiq_85_msgs/cmake/ament_cmake_export_libraries-extras.cmake
[2.632s] -- Symlinking: /home/iclabwill/work/ubuntu22.04_ros2/install/robotiq_85_msgs/share/robotiq_85_msgs/cmake/ament_cmake_export_targets-extras.cmake
[2.636s] -- Symlinking: /home/iclabwill/work/ubuntu22.04_ros2/install/robotiq_85_msgs/share/robotiq_85_msgs/cmake/rosidl_cmake_export_typesupport_targets-extras.cmake
[2.639s] -- Symlinking: /home/iclabwill/work/ubuntu22.04_ros2/install/robotiq_85_msgs/share/robotiq_85_msgs/cmake/rosidl_cmake_export_typesupport_libraries-extras.cmake
[2.642s] -- Symlinking: /home/iclabwill/work/ubuntu22.04_ros2/install/robotiq_85_msgs/share/robotiq_85_msgs/cmake/robotiq_85_msgsConfig.cmake
[2.645s] -- Symlinking: /home/iclabwill/work/ubuntu22.04_ros2/install/robotiq_85_msgs/share/robotiq_85_msgs/cmake/robotiq_85_msgsConfig-version.cmake
[2.648s] -- Symlinking: /home/iclabwill/work/ubuntu22.04_ros2/install/robotiq_85_msgs/share/robotiq_85_msgs/package.xml
[2.652s] -- Installing: /home/iclabwill/work/ubuntu22.04_ros2/install/robotiq_85_msgs/lib/librobotiq_85_msgs__rosidl_generator_c.so
[2.652s] -- Set runtime path of "/home/iclabwill/work/ubuntu22.04_ros2/install/robotiq_85_msgs/lib/librobotiq_85_msgs__rosidl_generator_c.so" to ""
[2.652s] -- Installing: /home/iclabwill/work/ubuntu22.04_ros2/install/robotiq_85_msgs/lib/librobotiq_85_msgs__rosidl_typesupport_fastrtps_c.so
[2.652s] -- Set runtime path of "/home/iclabwill/work/ubuntu22.04_ros2/install/robotiq_85_msgs/lib/librobotiq_85_msgs__rosidl_typesupport_fastrtps_c.so" to ""
[2.652s] -- Installing: /home/iclabwill/work/ubuntu22.04_ros2/install/robotiq_85_msgs/lib/librobotiq_85_msgs__rosidl_typesupport_fastrtps_cpp.so
[2.652s] -- Set runtime path of "/home/iclabwill/work/ubuntu22.04_ros2/install/robotiq_85_msgs/lib/librobotiq_85_msgs__rosidl_typesupport_fastrtps_cpp.so" to ""
[2.653s] -- Installing: /home/iclabwill/work/ubuntu22.04_ros2/install/robotiq_85_msgs/lib/librobotiq_85_msgs__rosidl_typesupport_introspection_c.so
[2.653s] -- Set runtime path of "/home/iclabwill/work/ubuntu22.04_ros2/install/robotiq_85_msgs/lib/librobotiq_85_msgs__rosidl_typesupport_introspection_c.so" to ""
[2.653s] -- Installing: /home/iclabwill/work/ubuntu22.04_ros2/install/robotiq_85_msgs/lib/librobotiq_85_msgs__rosidl_typesupport_c.so
[2.653s] -- Set runtime path of "/home/iclabwill/work/ubuntu22.04_ros2/install/robotiq_85_msgs/lib/librobotiq_85_msgs__rosidl_typesupport_c.so" to ""
[2.653s] -- Installing: /home/iclabwill/work/ubuntu22.04_ros2/install/robotiq_85_msgs/lib/librobotiq_85_msgs__rosidl_typesupport_introspection_cpp.so
[2.653s] -- Set runtime path of "/home/iclabwill/work/ubuntu22.04_ros2/install/robotiq_85_msgs/lib/librobotiq_85_msgs__rosidl_typesupport_introspection_cpp.so" to ""
[2.653s] -- Installing: /home/iclabwill/work/ubuntu22.04_ros2/install/robotiq_85_msgs/lib/librobotiq_85_msgs__rosidl_typesupport_cpp.so
[2.653s] -- Set runtime path of "/home/iclabwill/work/ubuntu22.04_ros2/install/robotiq_85_msgs/lib/librobotiq_85_msgs__rosidl_typesupport_cpp.so" to ""
[2.670s] Listing '/home/iclabwill/work/ubuntu22.04_ros2/install/robotiq_85_msgs/local/lib/python3.10/dist-packages/robotiq_85_msgs'...
[2.670s] Compiling '/home/iclabwill/work/ubuntu22.04_ros2/install/robotiq_85_msgs/local/lib/python3.10/dist-packages/robotiq_85_msgs/__init__.py'...
[2.670s] Listing '/home/iclabwill/work/ubuntu22.04_ros2/install/robotiq_85_msgs/local/lib/python3.10/dist-packages/robotiq_85_msgs/msg'...
[2.670s] Compiling '/home/iclabwill/work/ubuntu22.04_ros2/install/robotiq_85_msgs/local/lib/python3.10/dist-packages/robotiq_85_msgs/msg/__init__.py'...
[2.670s] Compiling '/home/iclabwill/work/ubuntu22.04_ros2/install/robotiq_85_msgs/local/lib/python3.10/dist-packages/robotiq_85_msgs/msg/_gripper_cmd.py'...
[2.670s] Compiling '/home/iclabwill/work/ubuntu22.04_ros2/install/robotiq_85_msgs/local/lib/python3.10/dist-packages/robotiq_85_msgs/msg/_gripper_stat.py'...
[2.672s] -- Installing: /home/iclabwill/work/ubuntu22.04_ros2/install/robotiq_85_msgs/lib/librobotiq_85_msgs__rosidl_generator_py.so
[2.672s] -- Set runtime path of "/home/iclabwill/work/ubuntu22.04_ros2/install/robotiq_85_msgs/lib/librobotiq_85_msgs__rosidl_generator_py.so" to ""
[2.672s] -- Installing: /home/iclabwill/work/ubuntu22.04_ros2/install/robotiq_85_msgs/share/robotiq_85_msgs/cmake/export_robotiq_85_msgs__rosidl_generator_cExport.cmake
[2.672s] -- Installing: /home/iclabwill/work/ubuntu22.04_ros2/install/robotiq_85_msgs/share/robotiq_85_msgs/cmake/export_robotiq_85_msgs__rosidl_generator_cExport-noconfig.cmake
[2.672s] -- Installing: /home/iclabwill/work/ubuntu22.04_ros2/install/robotiq_85_msgs/share/robotiq_85_msgs/cmake/export_robotiq_85_msgs__rosidl_typesupport_fastrtps_cExport.cmake
[2.672s] -- Installing: /home/iclabwill/work/ubuntu22.04_ros2/install/robotiq_85_msgs/share/robotiq_85_msgs/cmake/export_robotiq_85_msgs__rosidl_typesupport_fastrtps_cExport-noconfig.cmake
[2.673s] -- Installing: /home/iclabwill/work/ubuntu22.04_ros2/install/robotiq_85_msgs/share/robotiq_85_msgs/cmake/export_robotiq_85_msgs__rosidl_generator_cppExport.cmake
[2.673s] -- Installing: /home/iclabwill/work/ubuntu22.04_ros2/install/robotiq_85_msgs/share/robotiq_85_msgs/cmake/export_robotiq_85_msgs__rosidl_typesupport_fastrtps_cppExport.cmake
[2.673s] -- Installing: /home/iclabwill/work/ubuntu22.04_ros2/install/robotiq_85_msgs/share/robotiq_85_msgs/cmake/export_robotiq_85_msgs__rosidl_typesupport_fastrtps_cppExport-noconfig.cmake
[2.673s] -- Installing: /home/iclabwill/work/ubuntu22.04_ros2/install/robotiq_85_msgs/share/robotiq_85_msgs/cmake/robotiq_85_msgs__rosidl_typesupport_introspection_cExport.cmake
[2.673s] -- Installing: /home/iclabwill/work/ubuntu22.04_ros2/install/robotiq_85_msgs/share/robotiq_85_msgs/cmake/robotiq_85_msgs__rosidl_typesupport_introspection_cExport-noconfig.cmake
[2.673s] -- Installing: /home/iclabwill/work/ubuntu22.04_ros2/install/robotiq_85_msgs/share/robotiq_85_msgs/cmake/robotiq_85_msgs__rosidl_typesupport_cExport.cmake
[2.673s] -- Installing: /home/iclabwill/work/ubuntu22.04_ros2/install/robotiq_85_msgs/share/robotiq_85_msgs/cmake/robotiq_85_msgs__rosidl_typesupport_cExport-noconfig.cmake
[2.673s] -- Installing: /home/iclabwill/work/ubuntu22.04_ros2/install/robotiq_85_msgs/share/robotiq_85_msgs/cmake/robotiq_85_msgs__rosidl_typesupport_introspection_cppExport.cmake
[2.673s] -- Installing: /home/iclabwill/work/ubuntu22.04_ros2/install/robotiq_85_msgs/share/robotiq_85_msgs/cmake/robotiq_85_msgs__rosidl_typesupport_introspection_cppExport-noconfig.cmake
[2.673s] -- Installing: /home/iclabwill/work/ubuntu22.04_ros2/install/robotiq_85_msgs/share/robotiq_85_msgs/cmake/robotiq_85_msgs__rosidl_typesupport_cppExport.cmake
[2.673s] -- Installing: /home/iclabwill/work/ubuntu22.04_ros2/install/robotiq_85_msgs/share/robotiq_85_msgs/cmake/robotiq_85_msgs__rosidl_typesupport_cppExport-noconfig.cmake
[2.673s] -- Installing: /home/iclabwill/work/ubuntu22.04_ros2/install/robotiq_85_msgs/share/robotiq_85_msgs/cmake/export_robotiq_85_msgs__rosidl_generator_pyExport.cmake
[2.673s] -- Installing: /home/iclabwill/work/ubuntu22.04_ros2/install/robotiq_85_msgs/share/robotiq_85_msgs/cmake/export_robotiq_85_msgs__rosidl_generator_pyExport-noconfig.cmake
[2.674s] Invoked command in '/home/iclabwill/work/ubuntu22.04_ros2/build/robotiq_85_msgs' returned '0': CMAKE_PREFIX_PATH=/opt/ros/humble /usr/bin/cmake --install /home/iclabwill/work/ubuntu22.04_ros2/build/robotiq_85_msgs
