[0.603s] Invoking command in '/home/iclabwill/work/ubuntu22.04_ros2/isaac_c/build/robotiq_85_driver': CMAKE_PREFIX_PATH=/home/iclabwill/work/ubuntu22.04_ros2/isaac_c/install/robotiq_85_msgs:/home/iclabwill/work/ubuntu22.04_ros2/isaac_c/install/ur_moveit_cpp:/home/iclabwill/work/ubuntu22.04_ros2/isaac_c/install/ur5e_moveit_config:/home/iclabwill/work/ubuntu22.04_ros2/isaac_c/install/ur5e_gripper_moveit_config:/home/iclabwill/work/ubuntu22.04_ros2/isaac_c/install/ur_description:/home/iclabwill/work/ubuntu22.04_ros2/isaac_c/install/robotiq_gripper_moveit_config:/home/iclabwill/work/ubuntu22.04_ros2/isaac_c/install/robotiq_85_gripper:/home/iclabwill/work/ubuntu22.04_ros2/isaac_c/install/robotiq_85_description PYTHONPATH=/home/iclabwill/work/ubuntu22.04_ros2/isaac_c/build/robotiq_85_driver/prefix_override:/home/iclabwill/work/ubuntu22.04_ros2/isaac_c/install/robotiq_85_driver/lib/python3.10/site-packages:${PYTHONPATH} /usr/bin/python3 -W ignore:setup.py install is deprecated setup.py develop --editable --build-directory /home/iclabwill/work/ubuntu22.04_ros2/isaac_c/build/robotiq_85_driver/build --no-deps symlink_data
[0.772s] /usr/lib/python3/dist-packages/setuptools/dist.py:723: UserWarning: Usage of dash-separated 'script-dir' will not be supported in future versions. Please use the underscore name 'script_dir' instead
[0.772s]   warnings.warn(
[0.798s] running develop
[0.799s] /usr/lib/python3/dist-packages/setuptools/command/easy_install.py:158: EasyInstallDeprecationWarning: easy_install command is deprecated. Use build and pip and other standards-based tools.
[0.799s]   warnings.warn(
[0.918s] running egg_info
[0.918s] writing robotiq_85_driver.egg-info/PKG-INFO
[0.918s] writing dependency_links to robotiq_85_driver.egg-info/dependency_links.txt
[0.918s] writing entry points to robotiq_85_driver.egg-info/entry_points.txt
[0.919s] writing requirements to robotiq_85_driver.egg-info/requires.txt
[0.919s] writing top-level names to robotiq_85_driver.egg-info/top_level.txt
[0.920s] reading manifest file 'robotiq_85_driver.egg-info/SOURCES.txt'
[0.921s] writing manifest file 'robotiq_85_driver.egg-info/SOURCES.txt'
[0.922s] running build_ext
[0.922s] Creating /home/iclabwill/work/ubuntu22.04_ros2/isaac_c/install/robotiq_85_driver/lib/python3.10/site-packages/robotiq-85-driver.egg-link (link to .)
[0.923s] Installing robotiq_85_driver script to /home/iclabwill/work/ubuntu22.04_ros2/isaac_c/install/robotiq_85_driver/lib/robotiq_85_driver
[0.923s] Installing robotiq_85_test script to /home/iclabwill/work/ubuntu22.04_ros2/isaac_c/install/robotiq_85_driver/lib/robotiq_85_driver
[0.923s] Installing robotiq_85_test_close script to /home/iclabwill/work/ubuntu22.04_ros2/isaac_c/install/robotiq_85_driver/lib/robotiq_85_driver
[0.923s] Installing single_robotiq_85_action_server script to /home/iclabwill/work/ubuntu22.04_ros2/isaac_c/install/robotiq_85_driver/lib/robotiq_85_driver
[0.923s] 
[0.923s] Installed /home/iclabwill/work/ubuntu22.04_ros2/isaac_c/build/robotiq_85_driver
[0.923s] running symlink_data
[0.944s] Invoked command in '/home/iclabwill/work/ubuntu22.04_ros2/isaac_c/build/robotiq_85_driver' returned '0': CMAKE_PREFIX_PATH=/home/iclabwill/work/ubuntu22.04_ros2/isaac_c/install/robotiq_85_msgs:/home/iclabwill/work/ubuntu22.04_ros2/isaac_c/install/ur_moveit_cpp:/home/iclabwill/work/ubuntu22.04_ros2/isaac_c/install/ur5e_moveit_config:/home/iclabwill/work/ubuntu22.04_ros2/isaac_c/install/ur5e_gripper_moveit_config:/home/iclabwill/work/ubuntu22.04_ros2/isaac_c/install/ur_description:/home/iclabwill/work/ubuntu22.04_ros2/isaac_c/install/robotiq_gripper_moveit_config:/home/iclabwill/work/ubuntu22.04_ros2/isaac_c/install/robotiq_85_gripper:/home/iclabwill/work/ubuntu22.04_ros2/isaac_c/install/robotiq_85_description PYTHONPATH=/home/iclabwill/work/ubuntu22.04_ros2/isaac_c/build/robotiq_85_driver/prefix_override:/home/iclabwill/work/ubuntu22.04_ros2/isaac_c/install/robotiq_85_driver/lib/python3.10/site-packages:${PYTHONPATH} /usr/bin/python3 -W ignore:setup.py install is deprecated setup.py develop --editable --build-directory /home/iclabwill/work/ubuntu22.04_ros2/isaac_c/build/robotiq_85_driver/build --no-deps symlink_data
