[0.004s] Invoking command in '/home/iclabwill/work/ubuntu22.04_ros2/build/ur5e_gripper_moveit_config': AMENT_PREFIX_PATH=/home/iclabwill/work/ubuntu22.04_ros2/install/ur_description:${AMENT_PREFIX_PATH} CMAKE_PREFIX_PATH=/home/iclabwill/work/ubuntu22.04_ros2/install/ur_description:/opt/ros/humble /usr/bin/cmake /home/iclabwill/work/ubuntu22.04_ros2/isaac_c/src/ur_isaac_sim/ur5e_gripper_moveit_config -DAMENT_CMAKE_SYMLINK_INSTALL=1 -DCMAKE_INSTALL_PREFIX=/home/iclabwill/work/ubuntu22.04_ros2/install/ur5e_gripper_moveit_config
[0.027s] -- The C compiler identification is GNU 11.4.0
[0.052s] -- The CXX compiler identification is GNU 11.4.0
[0.055s] -- Detecting C compiler ABI info
[0.084s] -- Detecting C compiler ABI info - done
[0.087s] -- Check for working C compiler: /usr/bin/cc - skipped
[0.087s] -- Detecting C compile features
[0.087s] -- Detecting C compile features - done
[0.089s] -- Detecting CXX compiler ABI info
[0.123s] -- Detecting CXX compiler ABI info - done
[0.126s] -- Check for working CXX compiler: /usr/bin/c++ - skipped
[0.127s] -- Detecting CXX compile features
[0.127s] -- Detecting CXX compile features - done
[0.128s] -- Found ament_cmake: 1.3.8 (/opt/ros/humble/share/ament_cmake/cmake)
[0.197s] -- Found Python3: /usr/bin/python3 (found version "3.10.12") found components: Interpreter 
[0.228s] -- Override CMake install command with custom implementation using symlinks instead of copying resources
[0.277s] -- Configuring done
[0.278s] -- Generating done
[0.278s] -- Build files have been written to: /home/iclabwill/work/ubuntu22.04_ros2/build/ur5e_gripper_moveit_config
[0.280s] Invoked command in '/home/iclabwill/work/ubuntu22.04_ros2/build/ur5e_gripper_moveit_config' returned '0': AMENT_PREFIX_PATH=/home/iclabwill/work/ubuntu22.04_ros2/install/ur_description:${AMENT_PREFIX_PATH} CMAKE_PREFIX_PATH=/home/iclabwill/work/ubuntu22.04_ros2/install/ur_description:/opt/ros/humble /usr/bin/cmake /home/iclabwill/work/ubuntu22.04_ros2/isaac_c/src/ur_isaac_sim/ur5e_gripper_moveit_config -DAMENT_CMAKE_SYMLINK_INSTALL=1 -DCMAKE_INSTALL_PREFIX=/home/iclabwill/work/ubuntu22.04_ros2/install/ur5e_gripper_moveit_config
[0.281s] Invoking command in '/home/iclabwill/work/ubuntu22.04_ros2/build/ur5e_gripper_moveit_config': AMENT_PREFIX_PATH=/home/iclabwill/work/ubuntu22.04_ros2/install/ur_description:${AMENT_PREFIX_PATH} CMAKE_PREFIX_PATH=/home/iclabwill/work/ubuntu22.04_ros2/install/ur_description:/opt/ros/humble /usr/bin/cmake --build /home/iclabwill/work/ubuntu22.04_ros2/build/ur5e_gripper_moveit_config -- -j28 -l28
[0.296s] Invoked command in '/home/iclabwill/work/ubuntu22.04_ros2/build/ur5e_gripper_moveit_config' returned '0': AMENT_PREFIX_PATH=/home/iclabwill/work/ubuntu22.04_ros2/install/ur_description:${AMENT_PREFIX_PATH} CMAKE_PREFIX_PATH=/home/iclabwill/work/ubuntu22.04_ros2/install/ur_description:/opt/ros/humble /usr/bin/cmake --build /home/iclabwill/work/ubuntu22.04_ros2/build/ur5e_gripper_moveit_config -- -j28 -l28
[0.304s] Invoking command in '/home/iclabwill/work/ubuntu22.04_ros2/build/ur5e_gripper_moveit_config': AMENT_PREFIX_PATH=/home/iclabwill/work/ubuntu22.04_ros2/install/ur_description:${AMENT_PREFIX_PATH} CMAKE_PREFIX_PATH=/home/iclabwill/work/ubuntu22.04_ros2/install/ur_description:/opt/ros/humble /usr/bin/cmake --install /home/iclabwill/work/ubuntu22.04_ros2/build/ur5e_gripper_moveit_config
[0.307s] -- Install configuration: ""
[0.307s] -- Execute custom install script
[0.307s] -- Symlinking: /home/iclabwill/work/ubuntu22.04_ros2/install/ur5e_gripper_moveit_config/share/ament_index/resource_index/package_run_dependencies/ur5e_gripper_moveit_config
[0.311s] -- Symlinking: /home/iclabwill/work/ubuntu22.04_ros2/install/ur5e_gripper_moveit_config/share/ament_index/resource_index/parent_prefix_path/ur5e_gripper_moveit_config
[0.314s] -- Symlinking: /home/iclabwill/work/ubuntu22.04_ros2/install/ur5e_gripper_moveit_config/share/ur5e_gripper_moveit_config/environment/ament_prefix_path.sh
[0.317s] -- Symlinking: /home/iclabwill/work/ubuntu22.04_ros2/install/ur5e_gripper_moveit_config/share/ur5e_gripper_moveit_config/environment/ament_prefix_path.dsv
[0.321s] -- Symlinking: /home/iclabwill/work/ubuntu22.04_ros2/install/ur5e_gripper_moveit_config/share/ur5e_gripper_moveit_config/environment/path.sh
[0.325s] -- Symlinking: /home/iclabwill/work/ubuntu22.04_ros2/install/ur5e_gripper_moveit_config/share/ur5e_gripper_moveit_config/environment/path.dsv
[0.328s] -- Symlinking: /home/iclabwill/work/ubuntu22.04_ros2/install/ur5e_gripper_moveit_config/share/ur5e_gripper_moveit_config/local_setup.bash
[0.332s] -- Symlinking: /home/iclabwill/work/ubuntu22.04_ros2/install/ur5e_gripper_moveit_config/share/ur5e_gripper_moveit_config/local_setup.sh
[0.335s] -- Symlinking: /home/iclabwill/work/ubuntu22.04_ros2/install/ur5e_gripper_moveit_config/share/ur5e_gripper_moveit_config/local_setup.zsh
[0.339s] -- Symlinking: /home/iclabwill/work/ubuntu22.04_ros2/install/ur5e_gripper_moveit_config/share/ur5e_gripper_moveit_config/local_setup.dsv
[0.342s] -- Symlinking: /home/iclabwill/work/ubuntu22.04_ros2/install/ur5e_gripper_moveit_config/share/ur5e_gripper_moveit_config/package.dsv
[0.346s] -- Symlinking: /home/iclabwill/work/ubuntu22.04_ros2/install/ur5e_gripper_moveit_config/share/ament_index/resource_index/packages/ur5e_gripper_moveit_config
[0.349s] -- Symlinking: /home/iclabwill/work/ubuntu22.04_ros2/install/ur5e_gripper_moveit_config/share/ur5e_gripper_moveit_config/cmake/ur5e_gripper_moveit_configConfig.cmake
[0.352s] -- Symlinking: /home/iclabwill/work/ubuntu22.04_ros2/install/ur5e_gripper_moveit_config/share/ur5e_gripper_moveit_config/cmake/ur5e_gripper_moveit_configConfig-version.cmake
[0.356s] -- Symlinking: /home/iclabwill/work/ubuntu22.04_ros2/install/ur5e_gripper_moveit_config/share/ur5e_gripper_moveit_config/package.xml
[0.360s] -- Symlinking: /home/iclabwill/work/ubuntu22.04_ros2/install/ur5e_gripper_moveit_config/share/ur5e_gripper_moveit_config/launch/demo.launch.py
[0.363s] -- Symlinking: /home/iclabwill/work/ubuntu22.04_ros2/install/ur5e_gripper_moveit_config/share/ur5e_gripper_moveit_config/launch/isaac_demo.launch.py
[0.366s] -- Symlinking: /home/iclabwill/work/ubuntu22.04_ros2/install/ur5e_gripper_moveit_config/share/ur5e_gripper_moveit_config/launch/move_group.launch.py
[0.369s] -- Symlinking: /home/iclabwill/work/ubuntu22.04_ros2/install/ur5e_gripper_moveit_config/share/ur5e_gripper_moveit_config/launch/moveit_rviz.launch.py
[0.372s] -- Symlinking: /home/iclabwill/work/ubuntu22.04_ros2/install/ur5e_gripper_moveit_config/share/ur5e_gripper_moveit_config/launch/rsp.launch.py
[0.376s] -- Symlinking: /home/iclabwill/work/ubuntu22.04_ros2/install/ur5e_gripper_moveit_config/share/ur5e_gripper_moveit_config/launch/setup_assistant.launch.py
[0.379s] -- Symlinking: /home/iclabwill/work/ubuntu22.04_ros2/install/ur5e_gripper_moveit_config/share/ur5e_gripper_moveit_config/launch/spawn_controllers.launch.py
[0.382s] -- Symlinking: /home/iclabwill/work/ubuntu22.04_ros2/install/ur5e_gripper_moveit_config/share/ur5e_gripper_moveit_config/launch/static_virtual_joint_tfs.launch.py
[0.386s] -- Symlinking: /home/iclabwill/work/ubuntu22.04_ros2/install/ur5e_gripper_moveit_config/share/ur5e_gripper_moveit_config/launch/warehouse_db.launch.py
[0.390s] -- Symlinking: /home/iclabwill/work/ubuntu22.04_ros2/install/ur5e_gripper_moveit_config/share/ur5e_gripper_moveit_config/config/initial_positions.yaml
[0.394s] -- Symlinking: /home/iclabwill/work/ubuntu22.04_ros2/install/ur5e_gripper_moveit_config/share/ur5e_gripper_moveit_config/config/joint_limits.yaml
[0.398s] -- Symlinking: /home/iclabwill/work/ubuntu22.04_ros2/install/ur5e_gripper_moveit_config/share/ur5e_gripper_moveit_config/config/kinematics.yaml
[0.402s] -- Symlinking: /home/iclabwill/work/ubuntu22.04_ros2/install/ur5e_gripper_moveit_config/share/ur5e_gripper_moveit_config/config/moveit.rviz
[0.405s] -- Symlinking: /home/iclabwill/work/ubuntu22.04_ros2/install/ur5e_gripper_moveit_config/share/ur5e_gripper_moveit_config/config/moveit_controllers.yaml
[0.408s] -- Symlinking: /home/iclabwill/work/ubuntu22.04_ros2/install/ur5e_gripper_moveit_config/share/ur5e_gripper_moveit_config/config/pilz_cartesian_limits.yaml
[0.412s] -- Symlinking: /home/iclabwill/work/ubuntu22.04_ros2/install/ur5e_gripper_moveit_config/share/ur5e_gripper_moveit_config/config/ros2_controllers.yaml
[0.415s] -- Symlinking: /home/iclabwill/work/ubuntu22.04_ros2/install/ur5e_gripper_moveit_config/share/ur5e_gripper_moveit_config/config/sensors_3d.yaml
[0.419s] -- Symlinking: /home/iclabwill/work/ubuntu22.04_ros2/install/ur5e_gripper_moveit_config/share/ur5e_gripper_moveit_config/config/ur5e.ros2_control.xacro
[0.422s] -- Symlinking: /home/iclabwill/work/ubuntu22.04_ros2/install/ur5e_gripper_moveit_config/share/ur5e_gripper_moveit_config/config/ur5e.srdf
[0.426s] -- Symlinking: /home/iclabwill/work/ubuntu22.04_ros2/install/ur5e_gripper_moveit_config/share/ur5e_gripper_moveit_config/config/ur5e.urdf.xacro
[0.429s] -- Symlinking: /home/iclabwill/work/ubuntu22.04_ros2/install/ur5e_gripper_moveit_config/share/ur5e_gripper_moveit_config/.setup_assistant
[0.434s] Invoked command in '/home/iclabwill/work/ubuntu22.04_ros2/build/ur5e_gripper_moveit_config' returned '0': AMENT_PREFIX_PATH=/home/iclabwill/work/ubuntu22.04_ros2/install/ur_description:${AMENT_PREFIX_PATH} CMAKE_PREFIX_PATH=/home/iclabwill/work/ubuntu22.04_ros2/install/ur_description:/opt/ros/humble /usr/bin/cmake --install /home/iclabwill/work/ubuntu22.04_ros2/build/ur5e_gripper_moveit_config
