[0.008s] Invoking command in '/home/iclabwill/work/ubuntu22.04_ros2/build/ur_moveit_cpp': CMAKE_PREFIX_PATH=/opt/ros/humble /usr/bin/cmake /home/iclabwill/work/ubuntu22.04_ros2/isaac_c/src/ur_isaac_sim/ur_moveit_cpp -DAMENT_CMAKE_SYMLINK_INSTALL=1 -DCMAKE_INSTALL_PREFIX=/home/iclabwill/work/ubuntu22.04_ros2/install/ur_moveit_cpp
[0.293s] -- The C compiler identification is GNU 11.4.0
[0.428s] -- The CXX compiler identification is GNU 11.4.0
[0.439s] -- Detecting C compiler ABI info
[0.492s] -- Detecting C compiler ABI info - done
[0.495s] -- Check for working C compiler: /usr/bin/cc - skipped
[0.496s] -- Detecting C compile features
[0.497s] -- Detecting C compile features - done
[0.500s] -- Detecting CXX compiler ABI info
[0.539s] -- Detecting CXX compiler ABI info - done
[0.542s] -- Check for working CXX compiler: /usr/bin/c++ - skipped
[0.542s] -- Detecting CXX compile features
[0.542s] -- Detecting CXX compile features - done
[0.551s] -- Found ament_cmake: 1.3.8 (/opt/ros/humble/share/ament_cmake/cmake)
[0.634s] -- Found Python3: /usr/bin/python3 (found version "3.10.12") found components: Interpreter 
[0.678s] -- Override CMake install command with custom implementation using symlinks instead of copying resources
[0.724s] -- Found moveit_ros_planning_interface: 2.5.5 (/opt/ros/humble/share/moveit_ros_planning_interface/cmake)
[0.856s] -- Found Boost: /usr/lib/x86_64-linux-gnu/cmake/Boost-1.74.0/BoostConfig.cmake (found version "1.74.0") found components: date_time filesystem program_options system thread 
[0.886s] -- Found rosidl_generator_c: 3.1.5 (/opt/ros/humble/share/rosidl_generator_c/cmake)
[0.889s] -- Found rosidl_adapter: 3.1.5 (/opt/ros/humble/share/rosidl_adapter/cmake)
[0.894s] -- Found rosidl_generator_cpp: 3.1.5 (/opt/ros/humble/share/rosidl_generator_cpp/cmake)
[0.901s] -- Using all available rosidl_typesupport_c: rosidl_typesupport_fastrtps_c;rosidl_typesupport_introspection_c
[0.911s] -- Using all available rosidl_typesupport_cpp: rosidl_typesupport_fastrtps_cpp;rosidl_typesupport_introspection_cpp
[1.474s] -- Found Boost: /usr/lib/x86_64-linux-gnu/cmake/Boost-1.74.0/BoostConfig.cmake (found version "1.74.0") found components: chrono date_time filesystem iostreams program_options regex serialization system thread 
[1.494s] -- Found parameter_traits: 0.3.8 (/opt/ros/humble/share/parameter_traits/cmake)
[1.573s] -- Found rmw_implementation_cmake: 6.1.1 (/opt/ros/humble/share/rmw_implementation_cmake/cmake)
[1.579s] -- Found rmw_cyclonedds_cpp: 1.3.4 (/opt/ros/humble/share/rmw_cyclonedds_cpp/cmake)
[1.637s] -- Using RMW implementation 'rmw_cyclonedds_cpp' as default
[1.651s] -- Found Threads: TRUE  
[1.792s] -- Found rclcpp_lifecycle: 16.0.8 (/opt/ros/humble/share/rclcpp_lifecycle/cmake)
[1.846s] -- Found Boost: /usr/lib/x86_64-linux-gnu/cmake/Boost-1.74.0/BoostConfig.cmake (found version "1.74.0") found components: filesystem 
[1.941s] -- library: /usr/lib/x86_64-linux-gnu/libcurl.so
[2.038s] -- Found Eigen3: TRUE (found version "3.4.0") 
[2.038s] -- Ensuring Eigen3 include directory is part of orocos-kdl CMake target
[2.399s] -- Found Boost: /usr/lib/x86_64-linux-gnu/cmake/Boost-1.74.0/BoostConfig.cmake (found version "1.74.0") found components: system filesystem date_time program_options thread chrono 
[2.673s] -- Found Boost: /usr/lib/x86_64-linux-gnu/cmake/Boost-1.74.0/BoostConfig.cmake (found version "1.74.0") found components: thread system filesystem regex date_time program_options 
[2.826s] -- Found Boost: /usr/lib/x86_64-linux-gnu/cmake/Boost-1.74.0/BoostConfig.cmake (found version "1.74.0") found components: system filesystem date_time program_options thread 
[3.049s] -- Found ament_lint_auto: 0.12.10 (/opt/ros/humble/share/ament_lint_auto/cmake)
[3.109s] -- Added test 'cppcheck' to perform static code analysis on C / C++ code
[3.109s] -- Configured cppcheck include dirs: $<BUILD_INTERFACE:/home/iclabwill/work/ubuntu22.04_ros2/isaac_c/src/ur_isaac_sim/ur_moveit_cpp/include>
[3.109s] -- Configured cppcheck exclude dirs and/or files: 
[3.110s] -- Added test 'flake8' to check Python code syntax and style conventions
[3.111s] -- Added test 'lint_cmake' to check CMake code style
[3.112s] -- Added test 'pep257' to check Python code against some of the docstring style conventions in PEP 257
[3.113s] -- Added test 'uncrustify' to check C / C++ code style
[3.113s] -- Configured uncrustify additional arguments: 
[3.114s] -- Added test 'xmllint' to check XML markup files
[3.115s] -- Configuring done
[3.200s] -- Generating done
[3.201s] -- Build files have been written to: /home/iclabwill/work/ubuntu22.04_ros2/build/ur_moveit_cpp
[3.207s] Invoked command in '/home/iclabwill/work/ubuntu22.04_ros2/build/ur_moveit_cpp' returned '0': CMAKE_PREFIX_PATH=/opt/ros/humble /usr/bin/cmake /home/iclabwill/work/ubuntu22.04_ros2/isaac_c/src/ur_isaac_sim/ur_moveit_cpp -DAMENT_CMAKE_SYMLINK_INSTALL=1 -DCMAKE_INSTALL_PREFIX=/home/iclabwill/work/ubuntu22.04_ros2/install/ur_moveit_cpp
[3.208s] Invoking command in '/home/iclabwill/work/ubuntu22.04_ros2/build/ur_moveit_cpp': CMAKE_PREFIX_PATH=/opt/ros/humble /usr/bin/cmake --build /home/iclabwill/work/ubuntu22.04_ros2/build/ur_moveit_cpp -- -j28 -l28
[3.232s] [ 41%] [32mBuilding CXX object CMakeFiles/gripper_open.dir/src/gripper_open.cpp.o[0m
[3.233s] [ 41%] [32mBuilding CXX object CMakeFiles/pose_goal.dir/src/pose_goal.cpp.o[0m
[3.233s] [ 41%] [32mBuilding CXX object CMakeFiles/cartesian_path.dir/src/cartesian_path.cpp.o[0m
[3.233s] [ 41%] [32mBuilding CXX object CMakeFiles/gripper_joint_value.dir/src/gripper_joint_value.cpp.o[0m
[3.233s] [ 41%] [32mBuilding CXX object CMakeFiles/named_goal.dir/src/named_goal.cpp.o[0m
[3.234s] [ 50%] [32mBuilding CXX object CMakeFiles/joint_goal.dir/src/joint_goal.cpp.o[0m
[7.410s] [ 58%] [32m[1mLinking CXX executable gripper_open[0m
[7.413s] [ 66%] [32m[1mLinking CXX executable pose_goal[0m
[7.417s] [ 75%] [32m[1mLinking CXX executable gripper_joint_value[0m
[7.422s] [ 83%] [32m[1mLinking CXX executable named_goal[0m
[7.426s] [ 91%] [32m[1mLinking CXX executable cartesian_path[0m
[7.434s] [100%] [32m[1mLinking CXX executable joint_goal[0m
[7.862s] [100%] Built target cartesian_path
[7.863s] [100%] Built target gripper_joint_value
[7.863s] [100%] Built target named_goal
[7.863s] [100%] Built target gripper_open
[7.865s] [100%] Built target joint_goal
[7.865s] [100%] Built target pose_goal
[7.870s] Invoked command in '/home/iclabwill/work/ubuntu22.04_ros2/build/ur_moveit_cpp' returned '0': CMAKE_PREFIX_PATH=/opt/ros/humble /usr/bin/cmake --build /home/iclabwill/work/ubuntu22.04_ros2/build/ur_moveit_cpp -- -j28 -l28
[7.885s] Invoking command in '/home/iclabwill/work/ubuntu22.04_ros2/build/ur_moveit_cpp': CMAKE_PREFIX_PATH=/opt/ros/humble /usr/bin/cmake --install /home/iclabwill/work/ubuntu22.04_ros2/build/ur_moveit_cpp
[7.888s] -- Install configuration: ""
[7.888s] -- Execute custom install script
[7.888s] -- Symlinking: /home/iclabwill/work/ubuntu22.04_ros2/install/ur_moveit_cpp/lib/ur_moveit_cpp/pose_goal
[7.891s] -- Symlinking: /home/iclabwill/work/ubuntu22.04_ros2/install/ur_moveit_cpp/lib/ur_moveit_cpp/joint_goal
[7.895s] -- Symlinking: /home/iclabwill/work/ubuntu22.04_ros2/install/ur_moveit_cpp/lib/ur_moveit_cpp/cartesian_path
[7.898s] -- Symlinking: /home/iclabwill/work/ubuntu22.04_ros2/install/ur_moveit_cpp/lib/ur_moveit_cpp/named_goal
[7.902s] -- Symlinking: /home/iclabwill/work/ubuntu22.04_ros2/install/ur_moveit_cpp/lib/ur_moveit_cpp/gripper_open
[7.906s] -- Symlinking: /home/iclabwill/work/ubuntu22.04_ros2/install/ur_moveit_cpp/lib/ur_moveit_cpp/gripper_joint_value
[7.910s] -- Symlinking: /home/iclabwill/work/ubuntu22.04_ros2/install/ur_moveit_cpp/share/ur_moveit_cpp/launch/motion_planning.launch.py
[7.914s] -- Symlinking: /home/iclabwill/work/ubuntu22.04_ros2/install/ur_moveit_cpp/share/ur_moveit_cpp/config/moveit_cpp.yaml
[7.918s] -- Symlinking: /home/iclabwill/work/ubuntu22.04_ros2/install/ur_moveit_cpp/share/ament_index/resource_index/package_run_dependencies/ur_moveit_cpp
[7.921s] -- Symlinking: /home/iclabwill/work/ubuntu22.04_ros2/install/ur_moveit_cpp/share/ament_index/resource_index/parent_prefix_path/ur_moveit_cpp
[7.925s] -- Symlinking: /home/iclabwill/work/ubuntu22.04_ros2/install/ur_moveit_cpp/share/ur_moveit_cpp/environment/ament_prefix_path.sh
[7.928s] -- Symlinking: /home/iclabwill/work/ubuntu22.04_ros2/install/ur_moveit_cpp/share/ur_moveit_cpp/environment/ament_prefix_path.dsv
[7.931s] -- Symlinking: /home/iclabwill/work/ubuntu22.04_ros2/install/ur_moveit_cpp/share/ur_moveit_cpp/environment/path.sh
[7.935s] -- Symlinking: /home/iclabwill/work/ubuntu22.04_ros2/install/ur_moveit_cpp/share/ur_moveit_cpp/environment/path.dsv
[7.938s] -- Symlinking: /home/iclabwill/work/ubuntu22.04_ros2/install/ur_moveit_cpp/share/ur_moveit_cpp/local_setup.bash
[7.941s] -- Symlinking: /home/iclabwill/work/ubuntu22.04_ros2/install/ur_moveit_cpp/share/ur_moveit_cpp/local_setup.sh
[7.944s] -- Symlinking: /home/iclabwill/work/ubuntu22.04_ros2/install/ur_moveit_cpp/share/ur_moveit_cpp/local_setup.zsh
[7.948s] -- Symlinking: /home/iclabwill/work/ubuntu22.04_ros2/install/ur_moveit_cpp/share/ur_moveit_cpp/local_setup.dsv
[7.952s] -- Symlinking: /home/iclabwill/work/ubuntu22.04_ros2/install/ur_moveit_cpp/share/ur_moveit_cpp/package.dsv
[7.956s] -- Symlinking: /home/iclabwill/work/ubuntu22.04_ros2/install/ur_moveit_cpp/share/ament_index/resource_index/packages/ur_moveit_cpp
[7.960s] -- Symlinking: /home/iclabwill/work/ubuntu22.04_ros2/install/ur_moveit_cpp/share/ur_moveit_cpp/cmake/ur_moveit_cppConfig.cmake
[7.963s] -- Symlinking: /home/iclabwill/work/ubuntu22.04_ros2/install/ur_moveit_cpp/share/ur_moveit_cpp/cmake/ur_moveit_cppConfig-version.cmake
[7.967s] -- Symlinking: /home/iclabwill/work/ubuntu22.04_ros2/install/ur_moveit_cpp/share/ur_moveit_cpp/package.xml
[7.972s] Invoked command in '/home/iclabwill/work/ubuntu22.04_ros2/build/ur_moveit_cpp' returned '0': CMAKE_PREFIX_PATH=/opt/ros/humble /usr/bin/cmake --install /home/iclabwill/work/ubuntu22.04_ros2/build/ur_moveit_cpp
