[0.009s] Invoking command in '/home/iclabwill/work/ubuntu22.04_ros2/isaac_c/build/ur5e_moveit_config': AMENT_PREFIX_PATH=/home/iclabwill/work/ubuntu22.04_ros2/isaac_c/install/ur_description:${AMENT_PREFIX_PATH} CMAKE_PREFIX_PATH=/home/iclabwill/work/ubuntu22.04_ros2/isaac_c/install/ur_description:/opt/ros/humble /usr/bin/cmake /home/iclabwill/work/ubuntu22.04_ros2/isaac_c/src/ur_isaac_sim/ur5e_moveit_config -DAMENT_CMAKE_SYMLINK_INSTALL=1 -DCMAKE_INSTALL_PREFIX=/home/iclabwill/work/ubuntu22.04_ros2/isaac_c/install/ur5e_moveit_config
[0.067s] -- The C compiler identification is GNU 11.4.0
[0.116s] -- The CXX compiler identification is GNU 11.4.0
[0.124s] -- Detecting C compiler ABI info
[0.181s] -- Detecting C compiler ABI info - done
[0.186s] -- Check for working C compiler: /usr/bin/cc - skipped
[0.186s] -- Detecting C compile features
[0.186s] -- Detecting C compile features - done
[0.189s] -- Detecting CXX compiler ABI info
[0.258s] -- Detecting CXX compiler ABI info - done
[0.267s] -- Check for working CXX compiler: /usr/bin/c++ - skipped
[0.267s] -- Detecting CXX compile features
[0.267s] -- Detecting CXX compile features - done
[0.271s] -- Found ament_cmake: 1.3.8 (/opt/ros/humble/share/ament_cmake/cmake)
[0.401s] -- Found Python3: /usr/bin/python3 (found version "3.10.12") found components: Interpreter 
[0.451s] -- Override CMake install command with custom implementation using symlinks instead of copying resources
[0.545s] -- Configuring done
[0.548s] -- Generating done
[0.549s] -- Build files have been written to: /home/iclabwill/work/ubuntu22.04_ros2/isaac_c/build/ur5e_moveit_config
[0.553s] Invoked command in '/home/iclabwill/work/ubuntu22.04_ros2/isaac_c/build/ur5e_moveit_config' returned '0': AMENT_PREFIX_PATH=/home/iclabwill/work/ubuntu22.04_ros2/isaac_c/install/ur_description:${AMENT_PREFIX_PATH} CMAKE_PREFIX_PATH=/home/iclabwill/work/ubuntu22.04_ros2/isaac_c/install/ur_description:/opt/ros/humble /usr/bin/cmake /home/iclabwill/work/ubuntu22.04_ros2/isaac_c/src/ur_isaac_sim/ur5e_moveit_config -DAMENT_CMAKE_SYMLINK_INSTALL=1 -DCMAKE_INSTALL_PREFIX=/home/iclabwill/work/ubuntu22.04_ros2/isaac_c/install/ur5e_moveit_config
[0.554s] Invoking command in '/home/iclabwill/work/ubuntu22.04_ros2/isaac_c/build/ur5e_moveit_config': AMENT_PREFIX_PATH=/home/iclabwill/work/ubuntu22.04_ros2/isaac_c/install/ur_description:${AMENT_PREFIX_PATH} CMAKE_PREFIX_PATH=/home/iclabwill/work/ubuntu22.04_ros2/isaac_c/install/ur_description:/opt/ros/humble /usr/bin/cmake --build /home/iclabwill/work/ubuntu22.04_ros2/isaac_c/build/ur5e_moveit_config -- -j12 -l12
[0.585s] Invoked command in '/home/iclabwill/work/ubuntu22.04_ros2/isaac_c/build/ur5e_moveit_config' returned '0': AMENT_PREFIX_PATH=/home/iclabwill/work/ubuntu22.04_ros2/isaac_c/install/ur_description:${AMENT_PREFIX_PATH} CMAKE_PREFIX_PATH=/home/iclabwill/work/ubuntu22.04_ros2/isaac_c/install/ur_description:/opt/ros/humble /usr/bin/cmake --build /home/iclabwill/work/ubuntu22.04_ros2/isaac_c/build/ur5e_moveit_config -- -j12 -l12
[0.603s] Invoking command in '/home/iclabwill/work/ubuntu22.04_ros2/isaac_c/build/ur5e_moveit_config': AMENT_PREFIX_PATH=/home/iclabwill/work/ubuntu22.04_ros2/isaac_c/install/ur_description:${AMENT_PREFIX_PATH} CMAKE_PREFIX_PATH=/home/iclabwill/work/ubuntu22.04_ros2/isaac_c/install/ur_description:/opt/ros/humble /usr/bin/cmake --install /home/iclabwill/work/ubuntu22.04_ros2/isaac_c/build/ur5e_moveit_config
[0.609s] -- Install configuration: ""
[0.609s] -- Execute custom install script
[0.610s] -- Symlinking: /home/iclabwill/work/ubuntu22.04_ros2/isaac_c/install/ur5e_moveit_config/share/ament_index/resource_index/package_run_dependencies/ur5e_moveit_config
[0.617s] -- Symlinking: /home/iclabwill/work/ubuntu22.04_ros2/isaac_c/install/ur5e_moveit_config/share/ament_index/resource_index/parent_prefix_path/ur5e_moveit_config
[0.625s] -- Symlinking: /home/iclabwill/work/ubuntu22.04_ros2/isaac_c/install/ur5e_moveit_config/share/ur5e_moveit_config/environment/ament_prefix_path.sh
[0.633s] -- Symlinking: /home/iclabwill/work/ubuntu22.04_ros2/isaac_c/install/ur5e_moveit_config/share/ur5e_moveit_config/environment/ament_prefix_path.dsv
[0.640s] -- Symlinking: /home/iclabwill/work/ubuntu22.04_ros2/isaac_c/install/ur5e_moveit_config/share/ur5e_moveit_config/environment/path.sh
[0.648s] -- Symlinking: /home/iclabwill/work/ubuntu22.04_ros2/isaac_c/install/ur5e_moveit_config/share/ur5e_moveit_config/environment/path.dsv
[0.655s] -- Symlinking: /home/iclabwill/work/ubuntu22.04_ros2/isaac_c/install/ur5e_moveit_config/share/ur5e_moveit_config/local_setup.bash
[0.664s] -- Symlinking: /home/iclabwill/work/ubuntu22.04_ros2/isaac_c/install/ur5e_moveit_config/share/ur5e_moveit_config/local_setup.sh
[0.671s] -- Symlinking: /home/iclabwill/work/ubuntu22.04_ros2/isaac_c/install/ur5e_moveit_config/share/ur5e_moveit_config/local_setup.zsh
[0.679s] -- Symlinking: /home/iclabwill/work/ubuntu22.04_ros2/isaac_c/install/ur5e_moveit_config/share/ur5e_moveit_config/local_setup.dsv
[0.686s] -- Symlinking: /home/iclabwill/work/ubuntu22.04_ros2/isaac_c/install/ur5e_moveit_config/share/ur5e_moveit_config/package.dsv
[0.694s] -- Symlinking: /home/iclabwill/work/ubuntu22.04_ros2/isaac_c/install/ur5e_moveit_config/share/ament_index/resource_index/packages/ur5e_moveit_config
[0.701s] -- Symlinking: /home/iclabwill/work/ubuntu22.04_ros2/isaac_c/install/ur5e_moveit_config/share/ur5e_moveit_config/cmake/ur5e_moveit_configConfig.cmake
[0.709s] -- Symlinking: /home/iclabwill/work/ubuntu22.04_ros2/isaac_c/install/ur5e_moveit_config/share/ur5e_moveit_config/cmake/ur5e_moveit_configConfig-version.cmake
[0.716s] -- Symlinking: /home/iclabwill/work/ubuntu22.04_ros2/isaac_c/install/ur5e_moveit_config/share/ur5e_moveit_config/package.xml
[0.724s] -- Symlinking: /home/iclabwill/work/ubuntu22.04_ros2/isaac_c/install/ur5e_moveit_config/share/ur5e_moveit_config/launch/demo.launch.py
[0.732s] -- Symlinking: /home/iclabwill/work/ubuntu22.04_ros2/isaac_c/install/ur5e_moveit_config/share/ur5e_moveit_config/launch/isaac_demo.launch.py
[0.739s] -- Symlinking: /home/iclabwill/work/ubuntu22.04_ros2/isaac_c/install/ur5e_moveit_config/share/ur5e_moveit_config/launch/move_group.launch.py
[0.747s] -- Symlinking: /home/iclabwill/work/ubuntu22.04_ros2/isaac_c/install/ur5e_moveit_config/share/ur5e_moveit_config/launch/moveit_rviz.launch.py
[0.754s] -- Symlinking: /home/iclabwill/work/ubuntu22.04_ros2/isaac_c/install/ur5e_moveit_config/share/ur5e_moveit_config/launch/rsp.launch.py
[0.761s] -- Symlinking: /home/iclabwill/work/ubuntu22.04_ros2/isaac_c/install/ur5e_moveit_config/share/ur5e_moveit_config/launch/setup_assistant.launch.py
[0.769s] -- Symlinking: /home/iclabwill/work/ubuntu22.04_ros2/isaac_c/install/ur5e_moveit_config/share/ur5e_moveit_config/launch/spawn_controllers.launch.py
[0.776s] -- Symlinking: /home/iclabwill/work/ubuntu22.04_ros2/isaac_c/install/ur5e_moveit_config/share/ur5e_moveit_config/launch/static_virtual_joint_tfs.launch.py
[0.784s] -- Symlinking: /home/iclabwill/work/ubuntu22.04_ros2/isaac_c/install/ur5e_moveit_config/share/ur5e_moveit_config/launch/warehouse_db.launch.py
[0.791s] -- Symlinking: /home/iclabwill/work/ubuntu22.04_ros2/isaac_c/install/ur5e_moveit_config/share/ur5e_moveit_config/config/initial_positions.yaml
[0.799s] -- Symlinking: /home/iclabwill/work/ubuntu22.04_ros2/isaac_c/install/ur5e_moveit_config/share/ur5e_moveit_config/config/joint_limits.yaml
[0.806s] -- Symlinking: /home/iclabwill/work/ubuntu22.04_ros2/isaac_c/install/ur5e_moveit_config/share/ur5e_moveit_config/config/kinematics.yaml
[0.814s] -- Symlinking: /home/iclabwill/work/ubuntu22.04_ros2/isaac_c/install/ur5e_moveit_config/share/ur5e_moveit_config/config/moveit.rviz
[0.822s] -- Symlinking: /home/iclabwill/work/ubuntu22.04_ros2/isaac_c/install/ur5e_moveit_config/share/ur5e_moveit_config/config/moveit_controllers.yaml
[0.829s] -- Symlinking: /home/iclabwill/work/ubuntu22.04_ros2/isaac_c/install/ur5e_moveit_config/share/ur5e_moveit_config/config/pilz_cartesian_limits.yaml
[0.836s] -- Symlinking: /home/iclabwill/work/ubuntu22.04_ros2/isaac_c/install/ur5e_moveit_config/share/ur5e_moveit_config/config/ros2_controllers.yaml
[0.844s] -- Symlinking: /home/iclabwill/work/ubuntu22.04_ros2/isaac_c/install/ur5e_moveit_config/share/ur5e_moveit_config/config/ur5e.ros2_control.xacro
[0.851s] -- Symlinking: /home/iclabwill/work/ubuntu22.04_ros2/isaac_c/install/ur5e_moveit_config/share/ur5e_moveit_config/config/ur5e.srdf
[0.859s] -- Symlinking: /home/iclabwill/work/ubuntu22.04_ros2/isaac_c/install/ur5e_moveit_config/share/ur5e_moveit_config/config/ur5e.urdf.xacro
[0.867s] -- Symlinking: /home/iclabwill/work/ubuntu22.04_ros2/isaac_c/install/ur5e_moveit_config/share/ur5e_moveit_config/.setup_assistant
[0.878s] Invoked command in '/home/iclabwill/work/ubuntu22.04_ros2/isaac_c/build/ur5e_moveit_config' returned '0': AMENT_PREFIX_PATH=/home/iclabwill/work/ubuntu22.04_ros2/isaac_c/install/ur_description:${AMENT_PREFIX_PATH} CMAKE_PREFIX_PATH=/home/iclabwill/work/ubuntu22.04_ros2/isaac_c/install/ur_description:/opt/ros/humble /usr/bin/cmake --install /home/iclabwill/work/ubuntu22.04_ros2/isaac_c/build/ur5e_moveit_config
