[0.016s] Invoking command in '/home/iclabwill/work/ubuntu22.04_ros2/isaac_c/build/ur_description': CMAKE_PREFIX_PATH=${CMAKE_PREFIX_PATH}:/home/iclabwill/work/ubuntu22.04_ros2/isaac_c/install/robotiq_85_driver:/opt/ros/humble /usr/bin/cmake --build /home/iclabwill/work/ubuntu22.04_ros2/isaac_c/build/ur_description -- -j12 -l12
[0.088s] Invoked command in '/home/iclabwill/work/ubuntu22.04_ros2/isaac_c/build/ur_description' returned '0': CMAKE_PREFIX_PATH=${CMAKE_PREFIX_PATH}:/home/iclabwill/work/ubuntu22.04_ros2/isaac_c/install/robotiq_85_driver:/opt/ros/humble /usr/bin/cmake --build /home/iclabwill/work/ubuntu22.04_ros2/isaac_c/build/ur_description -- -j12 -l12
[0.118s] Invoking command in '/home/iclabwill/work/ubuntu22.04_ros2/isaac_c/build/ur_description': CMAKE_PREFIX_PATH=${CMAKE_PREFIX_PATH}:/home/iclabwill/work/ubuntu22.04_ros2/isaac_c/install/robotiq_85_driver:/opt/ros/humble /usr/bin/cmake --install /home/iclabwill/work/ubuntu22.04_ros2/isaac_c/build/ur_description
[0.127s] -- Install configuration: ""
[0.129s] -- Execute custom install script
[0.145s] -- Up-to-date symlink: /home/iclabwill/work/ubuntu22.04_ros2/isaac_c/install/ur_description/share/ur_description/config/initial_positions.yaml
[0.147s] -- Up-to-date symlink: /home/iclabwill/work/ubuntu22.04_ros2/isaac_c/install/ur_description/share/ur_description/config/ur10/default_kinematics.yaml
[0.147s] -- Up-to-date symlink: /home/iclabwill/work/ubuntu22.04_ros2/isaac_c/install/ur_description/share/ur_description/config/ur10/joint_limits.yaml
[0.148s] -- Up-to-date symlink: /home/iclabwill/work/ubuntu22.04_ros2/isaac_c/install/ur_description/share/ur_description/config/ur10/physical_parameters.yaml
[0.148s] -- Up-to-date symlink: /home/iclabwill/work/ubuntu22.04_ros2/isaac_c/install/ur_description/share/ur_description/config/ur10/visual_parameters.yaml
[0.149s] -- Up-to-date symlink: /home/iclabwill/work/ubuntu22.04_ros2/isaac_c/install/ur_description/share/ur_description/config/ur10e/default_kinematics.yaml
[0.149s] -- Up-to-date symlink: /home/iclabwill/work/ubuntu22.04_ros2/isaac_c/install/ur_description/share/ur_description/config/ur10e/joint_limits.yaml
[0.150s] -- Up-to-date symlink: /home/iclabwill/work/ubuntu22.04_ros2/isaac_c/install/ur_description/share/ur_description/config/ur10e/physical_parameters.yaml
[0.150s] -- Up-to-date symlink: /home/iclabwill/work/ubuntu22.04_ros2/isaac_c/install/ur_description/share/ur_description/config/ur10e/visual_parameters.yaml
[0.151s] -- Up-to-date symlink: /home/iclabwill/work/ubuntu22.04_ros2/isaac_c/install/ur_description/share/ur_description/config/ur16e/default_kinematics.yaml
[0.151s] -- Up-to-date symlink: /home/iclabwill/work/ubuntu22.04_ros2/isaac_c/install/ur_description/share/ur_description/config/ur16e/joint_limits.yaml
[0.153s] -- Up-to-date symlink: /home/iclabwill/work/ubuntu22.04_ros2/isaac_c/install/ur_description/share/ur_description/config/ur16e/physical_parameters.yaml
[0.153s] -- Up-to-date symlink: /home/iclabwill/work/ubuntu22.04_ros2/isaac_c/install/ur_description/share/ur_description/config/ur16e/visual_parameters.yaml
[0.154s] -- Up-to-date symlink: /home/iclabwill/work/ubuntu22.04_ros2/isaac_c/install/ur_description/share/ur_description/config/ur20/default_kinematics.yaml
[0.154s] -- Up-to-date symlink: /home/iclabwill/work/ubuntu22.04_ros2/isaac_c/install/ur_description/share/ur_description/config/ur20/joint_limits.yaml
[0.155s] -- Up-to-date symlink: /home/iclabwill/work/ubuntu22.04_ros2/isaac_c/install/ur_description/share/ur_description/config/ur20/physical_parameters.yaml
[0.155s] -- Up-to-date symlink: /home/iclabwill/work/ubuntu22.04_ros2/isaac_c/install/ur_description/share/ur_description/config/ur20/visual_parameters.yaml
[0.155s] -- Up-to-date symlink: /home/iclabwill/work/ubuntu22.04_ros2/isaac_c/install/ur_description/share/ur_description/config/ur3/default_kinematics.yaml
[0.156s] -- Up-to-date symlink: /home/iclabwill/work/ubuntu22.04_ros2/isaac_c/install/ur_description/share/ur_description/config/ur3/joint_limits.yaml
[0.156s] -- Up-to-date symlink: /home/iclabwill/work/ubuntu22.04_ros2/isaac_c/install/ur_description/share/ur_description/config/ur3/physical_parameters.yaml
[0.157s] -- Up-to-date symlink: /home/iclabwill/work/ubuntu22.04_ros2/isaac_c/install/ur_description/share/ur_description/config/ur3/visual_parameters.yaml
[0.157s] -- Up-to-date symlink: /home/iclabwill/work/ubuntu22.04_ros2/isaac_c/install/ur_description/share/ur_description/config/ur30/default_kinematics.yaml
[0.158s] -- Up-to-date symlink: /home/iclabwill/work/ubuntu22.04_ros2/isaac_c/install/ur_description/share/ur_description/config/ur30/joint_limits.yaml
[0.158s] -- Up-to-date symlink: /home/iclabwill/work/ubuntu22.04_ros2/isaac_c/install/ur_description/share/ur_description/config/ur30/physical_parameters.yaml
[0.159s] -- Up-to-date symlink: /home/iclabwill/work/ubuntu22.04_ros2/isaac_c/install/ur_description/share/ur_description/config/ur30/visual_parameters.yaml
[0.159s] -- Up-to-date symlink: /home/iclabwill/work/ubuntu22.04_ros2/isaac_c/install/ur_description/share/ur_description/config/ur3e/default_kinematics.yaml
[0.159s] -- Up-to-date symlink: /home/iclabwill/work/ubuntu22.04_ros2/isaac_c/install/ur_description/share/ur_description/config/ur3e/joint_limits.yaml
[0.159s] -- Up-to-date symlink: /home/iclabwill/work/ubuntu22.04_ros2/isaac_c/install/ur_description/share/ur_description/config/ur3e/physical_parameters.yaml
[0.160s] -- Up-to-date symlink: /home/iclabwill/work/ubuntu22.04_ros2/isaac_c/install/ur_description/share/ur_description/config/ur3e/visual_parameters.yaml
[0.160s] -- Up-to-date symlink: /home/iclabwill/work/ubuntu22.04_ros2/isaac_c/install/ur_description/share/ur_description/config/ur5/default_kinematics.yaml
[0.160s] -- Up-to-date symlink: /home/iclabwill/work/ubuntu22.04_ros2/isaac_c/install/ur_description/share/ur_description/config/ur5/joint_limits.yaml
[0.161s] -- Up-to-date symlink: /home/iclabwill/work/ubuntu22.04_ros2/isaac_c/install/ur_description/share/ur_description/config/ur5/physical_parameters.yaml
[0.161s] -- Up-to-date symlink: /home/iclabwill/work/ubuntu22.04_ros2/isaac_c/install/ur_description/share/ur_description/config/ur5/visual_parameters.yaml
[0.162s] -- Up-to-date symlink: /home/iclabwill/work/ubuntu22.04_ros2/isaac_c/install/ur_description/share/ur_description/config/ur5e/default_kinematics.yaml
[0.162s] -- Up-to-date symlink: /home/iclabwill/work/ubuntu22.04_ros2/isaac_c/install/ur_description/share/ur_description/config/ur5e/joint_limits.yaml
[0.162s] -- Up-to-date symlink: /home/iclabwill/work/ubuntu22.04_ros2/isaac_c/install/ur_description/share/ur_description/config/ur5e/physical_parameters.yaml
[0.163s] -- Up-to-date symlink: /home/iclabwill/work/ubuntu22.04_ros2/isaac_c/install/ur_description/share/ur_description/config/ur5e/visual_parameters.yaml
[0.166s] -- Up-to-date symlink: /home/iclabwill/work/ubuntu22.04_ros2/isaac_c/install/ur_description/share/ur_description/launch/view_ur.launch.py
[0.177s] -- Up-to-date symlink: /home/iclabwill/work/ubuntu22.04_ros2/isaac_c/install/ur_description/share/ur_description/meshes/ur10/collision/base.stl
[0.177s] -- Up-to-date symlink: /home/iclabwill/work/ubuntu22.04_ros2/isaac_c/install/ur_description/share/ur_description/meshes/ur10/collision/forearm.stl
[0.177s] -- Up-to-date symlink: /home/iclabwill/work/ubuntu22.04_ros2/isaac_c/install/ur_description/share/ur_description/meshes/ur10/collision/shoulder.stl
[0.178s] -- Up-to-date symlink: /home/iclabwill/work/ubuntu22.04_ros2/isaac_c/install/ur_description/share/ur_description/meshes/ur10/collision/upperarm.stl
[0.178s] -- Up-to-date symlink: /home/iclabwill/work/ubuntu22.04_ros2/isaac_c/install/ur_description/share/ur_description/meshes/ur10/collision/wrist1.stl
[0.179s] -- Up-to-date symlink: /home/iclabwill/work/ubuntu22.04_ros2/isaac_c/install/ur_description/share/ur_description/meshes/ur10/collision/wrist2.stl
[0.179s] -- Up-to-date symlink: /home/iclabwill/work/ubuntu22.04_ros2/isaac_c/install/ur_description/share/ur_description/meshes/ur10/collision/wrist3.stl
[0.180s] -- Up-to-date symlink: /home/iclabwill/work/ubuntu22.04_ros2/isaac_c/install/ur_description/share/ur_description/meshes/ur10/visual/base.dae
[0.181s] -- Up-to-date symlink: /home/iclabwill/work/ubuntu22.04_ros2/isaac_c/install/ur_description/share/ur_description/meshes/ur10/visual/forearm.dae
[0.181s] -- Up-to-date symlink: /home/iclabwill/work/ubuntu22.04_ros2/isaac_c/install/ur_description/share/ur_description/meshes/ur10/visual/shoulder.dae
[0.181s] -- Up-to-date symlink: /home/iclabwill/work/ubuntu22.04_ros2/isaac_c/install/ur_description/share/ur_description/meshes/ur10/visual/upperarm.dae
[0.181s] -- Up-to-date symlink: /home/iclabwill/work/ubuntu22.04_ros2/isaac_c/install/ur_description/share/ur_description/meshes/ur10/visual/wrist1.dae
[0.182s] -- Up-to-date symlink: /home/iclabwill/work/ubuntu22.04_ros2/isaac_c/install/ur_description/share/ur_description/meshes/ur10/visual/wrist2.dae
[0.183s] -- Up-to-date symlink: /home/iclabwill/work/ubuntu22.04_ros2/isaac_c/install/ur_description/share/ur_description/meshes/ur10/visual/wrist3.dae
[0.184s] -- Up-to-date symlink: /home/iclabwill/work/ubuntu22.04_ros2/isaac_c/install/ur_description/share/ur_description/meshes/ur10e/collision/base.stl
[0.185s] -- Up-to-date symlink: /home/iclabwill/work/ubuntu22.04_ros2/isaac_c/install/ur_description/share/ur_description/meshes/ur10e/collision/forearm.stl
[0.185s] -- Up-to-date symlink: /home/iclabwill/work/ubuntu22.04_ros2/isaac_c/install/ur_description/share/ur_description/meshes/ur10e/collision/shoulder.stl
[0.186s] -- Up-to-date symlink: /home/iclabwill/work/ubuntu22.04_ros2/isaac_c/install/ur_description/share/ur_description/meshes/ur10e/collision/upperarm.stl
[0.186s] -- Up-to-date symlink: /home/iclabwill/work/ubuntu22.04_ros2/isaac_c/install/ur_description/share/ur_description/meshes/ur10e/collision/wrist1.stl
[0.186s] -- Up-to-date symlink: /home/iclabwill/work/ubuntu22.04_ros2/isaac_c/install/ur_description/share/ur_description/meshes/ur10e/collision/wrist2.stl
[0.187s] -- Up-to-date symlink: /home/iclabwill/work/ubuntu22.04_ros2/isaac_c/install/ur_description/share/ur_description/meshes/ur10e/collision/wrist3.stl
[0.188s] -- Up-to-date symlink: /home/iclabwill/work/ubuntu22.04_ros2/isaac_c/install/ur_description/share/ur_description/meshes/ur10e/visual/base.dae
[0.188s] -- Up-to-date symlink: /home/iclabwill/work/ubuntu22.04_ros2/isaac_c/install/ur_description/share/ur_description/meshes/ur10e/visual/forearm.dae
[0.189s] -- Up-to-date symlink: /home/iclabwill/work/ubuntu22.04_ros2/isaac_c/install/ur_description/share/ur_description/meshes/ur10e/visual/shoulder.dae
[0.189s] -- Up-to-date symlink: /home/iclabwill/work/ubuntu22.04_ros2/isaac_c/install/ur_description/share/ur_description/meshes/ur10e/visual/upperarm.dae
[0.190s] -- Up-to-date symlink: /home/iclabwill/work/ubuntu22.04_ros2/isaac_c/install/ur_description/share/ur_description/meshes/ur10e/visual/wrist1.dae
[0.192s] -- Up-to-date symlink: /home/iclabwill/work/ubuntu22.04_ros2/isaac_c/install/ur_description/share/ur_description/meshes/ur10e/visual/wrist2.dae
[0.192s] -- Up-to-date symlink: /home/iclabwill/work/ubuntu22.04_ros2/isaac_c/install/ur_description/share/ur_description/meshes/ur10e/visual/wrist3.dae
[0.192s] -- Up-to-date symlink: /home/iclabwill/work/ubuntu22.04_ros2/isaac_c/install/ur_description/share/ur_description/meshes/ur16e/collision/forearm.stl
[0.193s] -- Up-to-date symlink: /home/iclabwill/work/ubuntu22.04_ros2/isaac_c/install/ur_description/share/ur_description/meshes/ur16e/collision/upperarm.stl
[0.193s] -- Up-to-date symlink: /home/iclabwill/work/ubuntu22.04_ros2/isaac_c/install/ur_description/share/ur_description/meshes/ur16e/visual/forearm.dae
[0.194s] -- Up-to-date symlink: /home/iclabwill/work/ubuntu22.04_ros2/isaac_c/install/ur_description/share/ur_description/meshes/ur16e/visual/upperarm.dae
[0.194s] -- Up-to-date symlink: /home/iclabwill/work/ubuntu22.04_ros2/isaac_c/install/ur_description/share/ur_description/meshes/ur20/LICENSE.txt
[0.195s] -- Up-to-date symlink: /home/iclabwill/work/ubuntu22.04_ros2/isaac_c/install/ur_description/share/ur_description/meshes/ur20/collision/base.stl
[0.195s] -- Up-to-date symlink: /home/iclabwill/work/ubuntu22.04_ros2/isaac_c/install/ur_description/share/ur_description/meshes/ur20/collision/forearm.stl
[0.196s] -- Up-to-date symlink: /home/iclabwill/work/ubuntu22.04_ros2/isaac_c/install/ur_description/share/ur_description/meshes/ur20/collision/shoulder.stl
[0.196s] -- Up-to-date symlink: /home/iclabwill/work/ubuntu22.04_ros2/isaac_c/install/ur_description/share/ur_description/meshes/ur20/collision/upperarm.stl
[0.197s] -- Up-to-date symlink: /home/iclabwill/work/ubuntu22.04_ros2/isaac_c/install/ur_description/share/ur_description/meshes/ur20/collision/wrist1.stl
[0.197s] -- Up-to-date symlink: /home/iclabwill/work/ubuntu22.04_ros2/isaac_c/install/ur_description/share/ur_description/meshes/ur20/collision/wrist2.stl
[0.197s] -- Up-to-date symlink: /home/iclabwill/work/ubuntu22.04_ros2/isaac_c/install/ur_description/share/ur_description/meshes/ur20/collision/wrist3.stl
[0.198s] -- Up-to-date symlink: /home/iclabwill/work/ubuntu22.04_ros2/isaac_c/install/ur_description/share/ur_description/meshes/ur20/visual/UR20_DIFF_8bit_2K.png
[0.198s] -- Up-to-date symlink: /home/iclabwill/work/ubuntu22.04_ros2/isaac_c/install/ur_description/share/ur_description/meshes/ur20/visual/base.dae
[0.199s] -- Up-to-date symlink: /home/iclabwill/work/ubuntu22.04_ros2/isaac_c/install/ur_description/share/ur_description/meshes/ur20/visual/forearm.dae
[0.200s] -- Up-to-date symlink: /home/iclabwill/work/ubuntu22.04_ros2/isaac_c/install/ur_description/share/ur_description/meshes/ur20/visual/shoulder.dae
[0.200s] -- Up-to-date symlink: /home/iclabwill/work/ubuntu22.04_ros2/isaac_c/install/ur_description/share/ur_description/meshes/ur20/visual/upperarm.dae
[0.200s] -- Up-to-date symlink: /home/iclabwill/work/ubuntu22.04_ros2/isaac_c/install/ur_description/share/ur_description/meshes/ur20/visual/wrist1.dae
[0.200s] -- Up-to-date symlink: /home/iclabwill/work/ubuntu22.04_ros2/isaac_c/install/ur_description/share/ur_description/meshes/ur20/visual/wrist2.dae
[0.201s] -- Up-to-date symlink: /home/iclabwill/work/ubuntu22.04_ros2/isaac_c/install/ur_description/share/ur_description/meshes/ur20/visual/wrist3.dae
[0.202s] -- Up-to-date symlink: /home/iclabwill/work/ubuntu22.04_ros2/isaac_c/install/ur_description/share/ur_description/meshes/ur3/collision/base.stl
[0.202s] -- Up-to-date symlink: /home/iclabwill/work/ubuntu22.04_ros2/isaac_c/install/ur_description/share/ur_description/meshes/ur3/collision/forearm.stl
[0.202s] -- Up-to-date symlink: /home/iclabwill/work/ubuntu22.04_ros2/isaac_c/install/ur_description/share/ur_description/meshes/ur3/collision/shoulder.stl
[0.203s] -- Up-to-date symlink: /home/iclabwill/work/ubuntu22.04_ros2/isaac_c/install/ur_description/share/ur_description/meshes/ur3/collision/upperarm.stl
[0.203s] -- Up-to-date symlink: /home/iclabwill/work/ubuntu22.04_ros2/isaac_c/install/ur_description/share/ur_description/meshes/ur3/collision/wrist1.stl
[0.203s] -- Up-to-date symlink: /home/iclabwill/work/ubuntu22.04_ros2/isaac_c/install/ur_description/share/ur_description/meshes/ur3/collision/wrist2.stl
[0.203s] -- Up-to-date symlink: /home/iclabwill/work/ubuntu22.04_ros2/isaac_c/install/ur_description/share/ur_description/meshes/ur3/collision/wrist3.stl
[0.204s] -- Up-to-date symlink: /home/iclabwill/work/ubuntu22.04_ros2/isaac_c/install/ur_description/share/ur_description/meshes/ur3/visual/base.dae
[0.204s] -- Up-to-date symlink: /home/iclabwill/work/ubuntu22.04_ros2/isaac_c/install/ur_description/share/ur_description/meshes/ur3/visual/forearm.dae
[0.205s] -- Up-to-date symlink: /home/iclabwill/work/ubuntu22.04_ros2/isaac_c/install/ur_description/share/ur_description/meshes/ur3/visual/shoulder.dae
[0.205s] -- Up-to-date symlink: /home/iclabwill/work/ubuntu22.04_ros2/isaac_c/install/ur_description/share/ur_description/meshes/ur3/visual/upperarm.dae
[0.205s] -- Up-to-date symlink: /home/iclabwill/work/ubuntu22.04_ros2/isaac_c/install/ur_description/share/ur_description/meshes/ur3/visual/wrist1.dae
[0.205s] -- Up-to-date symlink: /home/iclabwill/work/ubuntu22.04_ros2/isaac_c/install/ur_description/share/ur_description/meshes/ur3/visual/wrist2.dae
[0.206s] -- Up-to-date symlink: /home/iclabwill/work/ubuntu22.04_ros2/isaac_c/install/ur_description/share/ur_description/meshes/ur3/visual/wrist3.dae
[0.206s] -- Up-to-date symlink: /home/iclabwill/work/ubuntu22.04_ros2/isaac_c/install/ur_description/share/ur_description/meshes/ur30/LICENSE.txt
[0.207s] -- Up-to-date symlink: /home/iclabwill/work/ubuntu22.04_ros2/isaac_c/install/ur_description/share/ur_description/meshes/ur30/collision/forearm.stl
[0.207s] -- Up-to-date symlink: /home/iclabwill/work/ubuntu22.04_ros2/isaac_c/install/ur_description/share/ur_description/meshes/ur30/collision/upperarm.stl
[0.208s] -- Up-to-date symlink: /home/iclabwill/work/ubuntu22.04_ros2/isaac_c/install/ur_description/share/ur_description/meshes/ur30/visual/UR30_DIFF_8bit_2K.png
[0.208s] -- Up-to-date symlink: /home/iclabwill/work/ubuntu22.04_ros2/isaac_c/install/ur_description/share/ur_description/meshes/ur30/visual/forearm.dae
[0.208s] -- Up-to-date symlink: /home/iclabwill/work/ubuntu22.04_ros2/isaac_c/install/ur_description/share/ur_description/meshes/ur30/visual/upperarm.dae
[0.209s] -- Up-to-date symlink: /home/iclabwill/work/ubuntu22.04_ros2/isaac_c/install/ur_description/share/ur_description/meshes/ur3e/collision/base.stl
[0.209s] -- Up-to-date symlink: /home/iclabwill/work/ubuntu22.04_ros2/isaac_c/install/ur_description/share/ur_description/meshes/ur3e/collision/forearm.stl
[0.210s] -- Up-to-date symlink: /home/iclabwill/work/ubuntu22.04_ros2/isaac_c/install/ur_description/share/ur_description/meshes/ur3e/collision/shoulder.stl
[0.210s] -- Up-to-date symlink: /home/iclabwill/work/ubuntu22.04_ros2/isaac_c/install/ur_description/share/ur_description/meshes/ur3e/collision/upperarm.stl
[0.210s] -- Up-to-date symlink: /home/iclabwill/work/ubuntu22.04_ros2/isaac_c/install/ur_description/share/ur_description/meshes/ur3e/collision/wrist1.stl
[0.210s] -- Up-to-date symlink: /home/iclabwill/work/ubuntu22.04_ros2/isaac_c/install/ur_description/share/ur_description/meshes/ur3e/collision/wrist2.stl
[0.211s] -- Up-to-date symlink: /home/iclabwill/work/ubuntu22.04_ros2/isaac_c/install/ur_description/share/ur_description/meshes/ur3e/collision/wrist3.stl
[0.211s] -- Up-to-date symlink: /home/iclabwill/work/ubuntu22.04_ros2/isaac_c/install/ur_description/share/ur_description/meshes/ur3e/meshes/collision/robotiq_85_base_link.stl
[0.212s] -- Up-to-date symlink: /home/iclabwill/work/ubuntu22.04_ros2/isaac_c/install/ur_description/share/ur_description/meshes/ur3e/meshes/collision/robotiq_85_finger_link.stl
[0.212s] -- Up-to-date symlink: /home/iclabwill/work/ubuntu22.04_ros2/isaac_c/install/ur_description/share/ur_description/meshes/ur3e/meshes/collision/robotiq_85_finger_tip_link.stl
[0.212s] -- Up-to-date symlink: /home/iclabwill/work/ubuntu22.04_ros2/isaac_c/install/ur_description/share/ur_description/meshes/ur3e/meshes/collision/robotiq_85_inner_knuckle_link.stl
[0.212s] -- Up-to-date symlink: /home/iclabwill/work/ubuntu22.04_ros2/isaac_c/install/ur_description/share/ur_description/meshes/ur3e/meshes/collision/robotiq_85_knuckle_link.stl
[0.213s] -- Up-to-date symlink: /home/iclabwill/work/ubuntu22.04_ros2/isaac_c/install/ur_description/share/ur_description/meshes/ur3e/meshes/collision/ur_to_robotiq_adapter.stl
[0.213s] -- Up-to-date symlink: /home/iclabwill/work/ubuntu22.04_ros2/isaac_c/install/ur_description/share/ur_description/meshes/ur3e/meshes/robotiq_85_coupler.stl
[0.213s] -- Up-to-date symlink: /home/iclabwill/work/ubuntu22.04_ros2/isaac_c/install/ur_description/share/ur_description/meshes/ur3e/meshes/visual/robotiq_85_base_link.dae
[0.214s] -- Up-to-date symlink: /home/iclabwill/work/ubuntu22.04_ros2/isaac_c/install/ur_description/share/ur_description/meshes/ur3e/meshes/visual/robotiq_85_finger_link.dae
[0.214s] -- Up-to-date symlink: /home/iclabwill/work/ubuntu22.04_ros2/isaac_c/install/ur_description/share/ur_description/meshes/ur3e/meshes/visual/robotiq_85_finger_tip_link.dae
[0.215s] -- Up-to-date symlink: /home/iclabwill/work/ubuntu22.04_ros2/isaac_c/install/ur_description/share/ur_description/meshes/ur3e/meshes/visual/robotiq_85_inner_knuckle_link.dae
[0.215s] -- Up-to-date symlink: /home/iclabwill/work/ubuntu22.04_ros2/isaac_c/install/ur_description/share/ur_description/meshes/ur3e/meshes/visual/robotiq_85_knuckle_link.dae
[0.215s] -- Up-to-date symlink: /home/iclabwill/work/ubuntu22.04_ros2/isaac_c/install/ur_description/share/ur_description/meshes/ur3e/meshes/visual/ur_to_robotiq_adapter.dae
[0.216s] -- Up-to-date symlink: /home/iclabwill/work/ubuntu22.04_ros2/isaac_c/install/ur_description/share/ur_description/meshes/ur3e/visual/base.dae
[0.216s] -- Up-to-date symlink: /home/iclabwill/work/ubuntu22.04_ros2/isaac_c/install/ur_description/share/ur_description/meshes/ur3e/visual/forearm.dae
[0.216s] -- Up-to-date symlink: /home/iclabwill/work/ubuntu22.04_ros2/isaac_c/install/ur_description/share/ur_description/meshes/ur3e/visual/shoulder.dae
[0.217s] -- Up-to-date symlink: /home/iclabwill/work/ubuntu22.04_ros2/isaac_c/install/ur_description/share/ur_description/meshes/ur3e/visual/upperarm.dae
[0.217s] -- Up-to-date symlink: /home/iclabwill/work/ubuntu22.04_ros2/isaac_c/install/ur_description/share/ur_description/meshes/ur3e/visual/wrist1.dae
[0.217s] -- Up-to-date symlink: /home/iclabwill/work/ubuntu22.04_ros2/isaac_c/install/ur_description/share/ur_description/meshes/ur3e/visual/wrist2.dae
[0.218s] -- Up-to-date symlink: /home/iclabwill/work/ubuntu22.04_ros2/isaac_c/install/ur_description/share/ur_description/meshes/ur3e/visual/wrist3.dae
[0.218s] -- Up-to-date symlink: /home/iclabwill/work/ubuntu22.04_ros2/isaac_c/install/ur_description/share/ur_description/meshes/ur5/collision/base.stl
[0.219s] -- Up-to-date symlink: /home/iclabwill/work/ubuntu22.04_ros2/isaac_c/install/ur_description/share/ur_description/meshes/ur5/collision/forearm.stl
[0.220s] -- Up-to-date symlink: /home/iclabwill/work/ubuntu22.04_ros2/isaac_c/install/ur_description/share/ur_description/meshes/ur5/collision/shoulder.stl
[0.220s] -- Up-to-date symlink: /home/iclabwill/work/ubuntu22.04_ros2/isaac_c/install/ur_description/share/ur_description/meshes/ur5/collision/upperarm.stl
[0.220s] -- Up-to-date symlink: /home/iclabwill/work/ubuntu22.04_ros2/isaac_c/install/ur_description/share/ur_description/meshes/ur5/collision/wrist1.stl
[0.220s] -- Up-to-date symlink: /home/iclabwill/work/ubuntu22.04_ros2/isaac_c/install/ur_description/share/ur_description/meshes/ur5/collision/wrist2.stl
[0.221s] -- Up-to-date symlink: /home/iclabwill/work/ubuntu22.04_ros2/isaac_c/install/ur_description/share/ur_description/meshes/ur5/collision/wrist3.stl
[0.221s] -- Up-to-date symlink: /home/iclabwill/work/ubuntu22.04_ros2/isaac_c/install/ur_description/share/ur_description/meshes/ur5/visual/base.dae
[0.221s] -- Up-to-date symlink: /home/iclabwill/work/ubuntu22.04_ros2/isaac_c/install/ur_description/share/ur_description/meshes/ur5/visual/forearm.dae
[0.222s] -- Up-to-date symlink: /home/iclabwill/work/ubuntu22.04_ros2/isaac_c/install/ur_description/share/ur_description/meshes/ur5/visual/shoulder.dae
[0.222s] -- Up-to-date symlink: /home/iclabwill/work/ubuntu22.04_ros2/isaac_c/install/ur_description/share/ur_description/meshes/ur5/visual/upperarm.dae
[0.222s] -- Up-to-date symlink: /home/iclabwill/work/ubuntu22.04_ros2/isaac_c/install/ur_description/share/ur_description/meshes/ur5/visual/wrist1.dae
[0.223s] -- Up-to-date symlink: /home/iclabwill/work/ubuntu22.04_ros2/isaac_c/install/ur_description/share/ur_description/meshes/ur5/visual/wrist2.dae
[0.223s] -- Up-to-date symlink: /home/iclabwill/work/ubuntu22.04_ros2/isaac_c/install/ur_description/share/ur_description/meshes/ur5/visual/wrist3.dae
[0.224s] -- Up-to-date symlink: /home/iclabwill/work/ubuntu22.04_ros2/isaac_c/install/ur_description/share/ur_description/meshes/ur5e/collision/base.stl
[0.228s] -- Up-to-date symlink: /home/iclabwill/work/ubuntu22.04_ros2/isaac_c/install/ur_description/share/ur_description/meshes/ur5e/collision/forearm.stl
[0.228s] -- Up-to-date symlink: /home/iclabwill/work/ubuntu22.04_ros2/isaac_c/install/ur_description/share/ur_description/meshes/ur5e/collision/shoulder.stl
[0.228s] -- Up-to-date symlink: /home/iclabwill/work/ubuntu22.04_ros2/isaac_c/install/ur_description/share/ur_description/meshes/ur5e/collision/upperarm.stl
[0.229s] -- Up-to-date symlink: /home/iclabwill/work/ubuntu22.04_ros2/isaac_c/install/ur_description/share/ur_description/meshes/ur5e/collision/wrist1.stl
[0.229s] -- Up-to-date symlink: /home/iclabwill/work/ubuntu22.04_ros2/isaac_c/install/ur_description/share/ur_description/meshes/ur5e/collision/wrist2.stl
[0.229s] -- Up-to-date symlink: /home/iclabwill/work/ubuntu22.04_ros2/isaac_c/install/ur_description/share/ur_description/meshes/ur5e/collision/wrist3.stl
[0.230s] -- Up-to-date symlink: /home/iclabwill/work/ubuntu22.04_ros2/isaac_c/install/ur_description/share/ur_description/meshes/ur5e/meshes/collision/robotiq_85_base_link.stl
[0.230s] -- Up-to-date symlink: /home/iclabwill/work/ubuntu22.04_ros2/isaac_c/install/ur_description/share/ur_description/meshes/ur5e/meshes/collision/robotiq_85_finger_link.stl
[0.230s] -- Up-to-date symlink: /home/iclabwill/work/ubuntu22.04_ros2/isaac_c/install/ur_description/share/ur_description/meshes/ur5e/meshes/collision/robotiq_85_finger_tip_link.stl
[0.231s] -- Up-to-date symlink: /home/iclabwill/work/ubuntu22.04_ros2/isaac_c/install/ur_description/share/ur_description/meshes/ur5e/meshes/collision/robotiq_85_inner_knuckle_link.stl
[0.231s] -- Up-to-date symlink: /home/iclabwill/work/ubuntu22.04_ros2/isaac_c/install/ur_description/share/ur_description/meshes/ur5e/meshes/collision/robotiq_85_knuckle_link.stl
[0.231s] -- Up-to-date symlink: /home/iclabwill/work/ubuntu22.04_ros2/isaac_c/install/ur_description/share/ur_description/meshes/ur5e/meshes/collision/ur_to_robotiq_adapter.stl
[0.231s] -- Up-to-date symlink: /home/iclabwill/work/ubuntu22.04_ros2/isaac_c/install/ur_description/share/ur_description/meshes/ur5e/meshes/robotiq_85_coupler.stl
[0.232s] -- Up-to-date symlink: /home/iclabwill/work/ubuntu22.04_ros2/isaac_c/install/ur_description/share/ur_description/meshes/ur5e/meshes/visual/robotiq_85_base_link.dae
[0.232s] -- Up-to-date symlink: /home/iclabwill/work/ubuntu22.04_ros2/isaac_c/install/ur_description/share/ur_description/meshes/ur5e/meshes/visual/robotiq_85_finger_link.dae
[0.233s] -- Up-to-date symlink: /home/iclabwill/work/ubuntu22.04_ros2/isaac_c/install/ur_description/share/ur_description/meshes/ur5e/meshes/visual/robotiq_85_finger_tip_link.dae
[0.233s] -- Up-to-date symlink: /home/iclabwill/work/ubuntu22.04_ros2/isaac_c/install/ur_description/share/ur_description/meshes/ur5e/meshes/visual/robotiq_85_inner_knuckle_link.dae
[0.234s] -- Up-to-date symlink: /home/iclabwill/work/ubuntu22.04_ros2/isaac_c/install/ur_description/share/ur_description/meshes/ur5e/meshes/visual/robotiq_85_knuckle_link.dae
[0.234s] -- Up-to-date symlink: /home/iclabwill/work/ubuntu22.04_ros2/isaac_c/install/ur_description/share/ur_description/meshes/ur5e/meshes/visual/ur_to_robotiq_adapter.dae
[0.234s] -- Up-to-date symlink: /home/iclabwill/work/ubuntu22.04_ros2/isaac_c/install/ur_description/share/ur_description/meshes/ur5e/visual/base.dae
[0.234s] -- Up-to-date symlink: /home/iclabwill/work/ubuntu22.04_ros2/isaac_c/install/ur_description/share/ur_description/meshes/ur5e/visual/forearm.dae
[0.234s] -- Up-to-date symlink: /home/iclabwill/work/ubuntu22.04_ros2/isaac_c/install/ur_description/share/ur_description/meshes/ur5e/visual/shoulder.dae
[0.235s] -- Up-to-date symlink: /home/iclabwill/work/ubuntu22.04_ros2/isaac_c/install/ur_description/share/ur_description/meshes/ur5e/visual/upperarm.dae
[0.235s] -- Up-to-date symlink: /home/iclabwill/work/ubuntu22.04_ros2/isaac_c/install/ur_description/share/ur_description/meshes/ur5e/visual/wrist1.dae
[0.235s] -- Up-to-date symlink: /home/iclabwill/work/ubuntu22.04_ros2/isaac_c/install/ur_description/share/ur_description/meshes/ur5e/visual/wrist2.dae
[0.235s] -- Up-to-date symlink: /home/iclabwill/work/ubuntu22.04_ros2/isaac_c/install/ur_description/share/ur_description/meshes/ur5e/visual/wrist3.dae
[0.236s] -- Up-to-date symlink: /home/iclabwill/work/ubuntu22.04_ros2/isaac_c/install/ur_description/share/ur_description/rviz/view_robot.rviz
[0.238s] -- Up-to-date symlink: /home/iclabwill/work/ubuntu22.04_ros2/isaac_c/install/ur_description/share/ur_description/urdf/inc/ur_common.xacro
[0.238s] -- Up-to-date symlink: /home/iclabwill/work/ubuntu22.04_ros2/isaac_c/install/ur_description/share/ur_description/urdf/inc/ur_transmissions.xacro
[0.238s] -- Up-to-date symlink: /home/iclabwill/work/ubuntu22.04_ros2/isaac_c/install/ur_description/share/ur_description/urdf/initial_positions.yaml
[0.239s] -- Up-to-date symlink: /home/iclabwill/work/ubuntu22.04_ros2/isaac_c/install/ur_description/share/ur_description/urdf/ur.ros2_control.xacro
[0.240s] -- Up-to-date symlink: /home/iclabwill/work/ubuntu22.04_ros2/isaac_c/install/ur_description/share/ur_description/urdf/ur.urdf.xacro
[0.240s] -- Up-to-date symlink: /home/iclabwill/work/ubuntu22.04_ros2/isaac_c/install/ur_description/share/ur_description/urdf/ur3e.urdf.xacro
[0.241s] -- Up-to-date symlink: /home/iclabwill/work/ubuntu22.04_ros2/isaac_c/install/ur_description/share/ur_description/urdf/ur3e_robotiq85_gripper.urdf.xacro
[0.241s] -- Up-to-date symlink: /home/iclabwill/work/ubuntu22.04_ros2/isaac_c/install/ur_description/share/ur_description/urdf/ur3e_robotiq85_gripper_edited.urdf
[0.241s] -- Up-to-date symlink: /home/iclabwill/work/ubuntu22.04_ros2/isaac_c/install/ur_description/share/ur_description/urdf/ur5e.urdf
[0.241s] -- Up-to-date symlink: /home/iclabwill/work/ubuntu22.04_ros2/isaac_c/install/ur_description/share/ur_description/urdf/ur5e.urdf.xacro
[0.241s] -- Up-to-date symlink: /home/iclabwill/work/ubuntu22.04_ros2/isaac_c/install/ur_description/share/ur_description/urdf/ur5e_robotiq85_gripper.urdf.xacro
[0.241s] -- Up-to-date symlink: /home/iclabwill/work/ubuntu22.04_ros2/isaac_c/install/ur_description/share/ur_description/urdf/ur5e_robotiq85_gripper_edited.urdf
[0.242s] -- Up-to-date symlink: /home/iclabwill/work/ubuntu22.04_ros2/isaac_c/install/ur_description/share/ur_description/urdf/ur_macro.xacro
[0.243s] -- Up-to-date symlink: /home/iclabwill/work/ubuntu22.04_ros2/isaac_c/install/ur_description/share/ur_description/test/test_ur_urdf_xacro.py
[0.243s] -- Up-to-date symlink: /home/iclabwill/work/ubuntu22.04_ros2/isaac_c/install/ur_description/share/ur_description/test/test_view_ur_launch.py
[0.244s] -- Up-to-date symlink: /home/iclabwill/work/ubuntu22.04_ros2/isaac_c/install/ur_description/share/ament_index/resource_index/package_run_dependencies/ur_description
[0.245s] -- Up-to-date symlink: /home/iclabwill/work/ubuntu22.04_ros2/isaac_c/install/ur_description/share/ament_index/resource_index/parent_prefix_path/ur_description
[0.246s] -- Up-to-date symlink: /home/iclabwill/work/ubuntu22.04_ros2/isaac_c/install/ur_description/share/ur_description/environment/ament_prefix_path.sh
[0.246s] -- Up-to-date symlink: /home/iclabwill/work/ubuntu22.04_ros2/isaac_c/install/ur_description/share/ur_description/environment/ament_prefix_path.dsv
[0.247s] -- Up-to-date symlink: /home/iclabwill/work/ubuntu22.04_ros2/isaac_c/install/ur_description/share/ur_description/environment/path.sh
[0.247s] -- Up-to-date symlink: /home/iclabwill/work/ubuntu22.04_ros2/isaac_c/install/ur_description/share/ur_description/environment/path.dsv
[0.248s] -- Up-to-date symlink: /home/iclabwill/work/ubuntu22.04_ros2/isaac_c/install/ur_description/share/ur_description/local_setup.bash
[0.248s] -- Up-to-date symlink: /home/iclabwill/work/ubuntu22.04_ros2/isaac_c/install/ur_description/share/ur_description/local_setup.sh
[0.248s] -- Up-to-date symlink: /home/iclabwill/work/ubuntu22.04_ros2/isaac_c/install/ur_description/share/ur_description/local_setup.zsh
[0.249s] -- Up-to-date symlink: /home/iclabwill/work/ubuntu22.04_ros2/isaac_c/install/ur_description/share/ur_description/local_setup.dsv
[0.249s] -- Symlinking: /home/iclabwill/work/ubuntu22.04_ros2/isaac_c/install/ur_description/share/ur_description/package.dsv
[0.256s] -- Up-to-date symlink: /home/iclabwill/work/ubuntu22.04_ros2/isaac_c/install/ur_description/share/ament_index/resource_index/packages/ur_description
[0.257s] -- Up-to-date symlink: /home/iclabwill/work/ubuntu22.04_ros2/isaac_c/install/ur_description/share/ur_description/cmake/ur_descriptionConfig.cmake
[0.257s] -- Up-to-date symlink: /home/iclabwill/work/ubuntu22.04_ros2/isaac_c/install/ur_description/share/ur_description/cmake/ur_descriptionConfig-version.cmake
[0.257s] -- Up-to-date symlink: /home/iclabwill/work/ubuntu22.04_ros2/isaac_c/install/ur_description/share/ur_description/package.xml
[0.260s] Invoked command in '/home/iclabwill/work/ubuntu22.04_ros2/isaac_c/build/ur_description' returned '0': CMAKE_PREFIX_PATH=${CMAKE_PREFIX_PATH}:/home/iclabwill/work/ubuntu22.04_ros2/isaac_c/install/robotiq_85_driver:/opt/ros/humble /usr/bin/cmake --install /home/iclabwill/work/ubuntu22.04_ros2/isaac_c/build/ur_description
