-- The C compiler identification is GNU 11.4.0
-- The CXX compiler identification is GNU 11.4.0
-- Detecting C compiler ABI info
-- Detecting C compiler ABI info - done
-- Check for working C compiler: /usr/bin/cc - skipped
-- Detecting C compile features
-- Detecting C compile features - done
-- Detecting CXX compiler ABI info
-- Detecting CXX compiler ABI info - done
-- Check for working CXX compiler: /usr/bin/c++ - skipped
-- Detecting CXX compile features
-- Detecting CXX compile features - done
-- Found ament_cmake: 1.3.8 (/opt/ros/humble/share/ament_cmake/cmake)
-- Found Python3: /usr/bin/python3 (found version "3.10.12") found components: Interpreter 
-- Override CMake install command with custom implementation using symlinks instead of copying resources
-- Found moveit_ros_planning_interface: 2.5.5 (/opt/ros/humble/share/moveit_ros_planning_interface/cmake)
-- Found Boost: /usr/lib/x86_64-linux-gnu/cmake/Boost-1.74.0/BoostConfig.cmake (found version "1.74.0") found components: date_time filesystem program_options system thread 
-- Found rosidl_generator_c: 3.1.5 (/opt/ros/humble/share/rosidl_generator_c/cmake)
-- Found rosidl_adapter: 3.1.5 (/opt/ros/humble/share/rosidl_adapter/cmake)
-- Found rosidl_generator_cpp: 3.1.5 (/opt/ros/humble/share/rosidl_generator_cpp/cmake)
-- Using all available rosidl_typesupport_c: rosidl_typesupport_fastrtps_c;rosidl_typesupport_introspection_c
-- Using all available rosidl_typesupport_cpp: rosidl_typesupport_fastrtps_cpp;rosidl_typesupport_introspection_cpp
-- Found Boost: /usr/lib/x86_64-linux-gnu/cmake/Boost-1.74.0/BoostConfig.cmake (found version "1.74.0") found components: chrono date_time filesystem iostreams program_options regex serialization system thread 
-- Found parameter_traits: 0.3.8 (/opt/ros/humble/share/parameter_traits/cmake)
-- Found rmw_implementation_cmake: 6.1.1 (/opt/ros/humble/share/rmw_implementation_cmake/cmake)
-- Found rmw_cyclonedds_cpp: 1.3.4 (/opt/ros/humble/share/rmw_cyclonedds_cpp/cmake)
-- Using RMW implementation 'rmw_cyclonedds_cpp' as default
-- Found Threads: TRUE  
-- Found rclcpp_lifecycle: 16.0.8 (/opt/ros/humble/share/rclcpp_lifecycle/cmake)
-- Found Boost: /usr/lib/x86_64-linux-gnu/cmake/Boost-1.74.0/BoostConfig.cmake (found version "1.74.0") found components: filesystem 
-- library: /usr/lib/x86_64-linux-gnu/libcurl.so
-- Found Eigen3: TRUE (found version "3.4.0") 
-- Ensuring Eigen3 include directory is part of orocos-kdl CMake target
-- Found Boost: /usr/lib/x86_64-linux-gnu/cmake/Boost-1.74.0/BoostConfig.cmake (found version "1.74.0") found components: system filesystem date_time program_options thread chrono 
-- Found Boost: /usr/lib/x86_64-linux-gnu/cmake/Boost-1.74.0/BoostConfig.cmake (found version "1.74.0") found components: thread system filesystem regex date_time program_options 
-- Found Boost: /usr/lib/x86_64-linux-gnu/cmake/Boost-1.74.0/BoostConfig.cmake (found version "1.74.0") found components: system filesystem date_time program_options thread 
-- Found ament_lint_auto: 0.12.10 (/opt/ros/humble/share/ament_lint_auto/cmake)
-- Added test 'cppcheck' to perform static code analysis on C / C++ code
-- Configured cppcheck include dirs: $<BUILD_INTERFACE:/home/iclabwill/work/ubuntu22.04_ros2/isaac_c/src/ur_isaac_sim/ur_moveit_cpp/include>
-- Configured cppcheck exclude dirs and/or files: 
-- Added test 'flake8' to check Python code syntax and style conventions
-- Added test 'lint_cmake' to check CMake code style
-- Added test 'pep257' to check Python code against some of the docstring style conventions in PEP 257
-- Added test 'uncrustify' to check C / C++ code style
-- Configured uncrustify additional arguments: 
-- Added test 'xmllint' to check XML markup files
-- Configuring done
-- Generating done
-- Build files have been written to: /home/iclabwill/work/ubuntu22.04_ros2/isaac_c/build/ur_moveit_cpp
[  8%] [32mBuilding CXX object CMakeFiles/named_goal.dir/src/named_goal.cpp.o[0m
[ 16%] [32mBuilding CXX object CMakeFiles/pose_goal.dir/src/pose_goal.cpp.o[0m
[ 25%] [32mBuilding CXX object CMakeFiles/cartesian_path.dir/src/cartesian_path.cpp.o[0m
[ 33%] [32mBuilding CXX object CMakeFiles/joint_goal.dir/src/joint_goal.cpp.o[0m
[ 41%] [32mBuilding CXX object CMakeFiles/gripper_open.dir/src/gripper_open.cpp.o[0m
[ 50%] [32mBuilding CXX object CMakeFiles/gripper_joint_value.dir/src/gripper_joint_value.cpp.o[0m
[ 58%] [32m[1mLinking CXX executable gripper_joint_value[0m
[ 58%] Built target gripper_joint_value
[ 66%] [32m[1mLinking CXX executable gripper_open[0m
[ 66%] Built target gripper_open
[ 75%] [32m[1mLinking CXX executable pose_goal[0m
[ 83%] [32m[1mLinking CXX executable cartesian_path[0m
[ 83%] Built target pose_goal
[ 83%] Built target cartesian_path
[ 91%] [32m[1mLinking CXX executable named_goal[0m
[100%] [32m[1mLinking CXX executable joint_goal[0m
[100%] Built target named_goal
[100%] Built target joint_goal
-- Install configuration: ""
-- Execute custom install script
-- Symlinking: /home/iclabwill/work/ubuntu22.04_ros2/isaac_c/install/ur_moveit_cpp/lib/ur_moveit_cpp/pose_goal
-- Symlinking: /home/iclabwill/work/ubuntu22.04_ros2/isaac_c/install/ur_moveit_cpp/lib/ur_moveit_cpp/joint_goal
-- Symlinking: /home/iclabwill/work/ubuntu22.04_ros2/isaac_c/install/ur_moveit_cpp/lib/ur_moveit_cpp/cartesian_path
-- Symlinking: /home/iclabwill/work/ubuntu22.04_ros2/isaac_c/install/ur_moveit_cpp/lib/ur_moveit_cpp/named_goal
-- Symlinking: /home/iclabwill/work/ubuntu22.04_ros2/isaac_c/install/ur_moveit_cpp/lib/ur_moveit_cpp/gripper_open
-- Symlinking: /home/iclabwill/work/ubuntu22.04_ros2/isaac_c/install/ur_moveit_cpp/lib/ur_moveit_cpp/gripper_joint_value
-- Symlinking: /home/iclabwill/work/ubuntu22.04_ros2/isaac_c/install/ur_moveit_cpp/share/ur_moveit_cpp/launch/motion_planning.launch.py
-- Symlinking: /home/iclabwill/work/ubuntu22.04_ros2/isaac_c/install/ur_moveit_cpp/share/ur_moveit_cpp/config/moveit_cpp.yaml
-- Symlinking: /home/iclabwill/work/ubuntu22.04_ros2/isaac_c/install/ur_moveit_cpp/share/ament_index/resource_index/package_run_dependencies/ur_moveit_cpp
-- Symlinking: /home/iclabwill/work/ubuntu22.04_ros2/isaac_c/install/ur_moveit_cpp/share/ament_index/resource_index/parent_prefix_path/ur_moveit_cpp
-- Symlinking: /home/iclabwill/work/ubuntu22.04_ros2/isaac_c/install/ur_moveit_cpp/share/ur_moveit_cpp/environment/ament_prefix_path.sh
-- Symlinking: /home/iclabwill/work/ubuntu22.04_ros2/isaac_c/install/ur_moveit_cpp/share/ur_moveit_cpp/environment/ament_prefix_path.dsv
-- Symlinking: /home/iclabwill/work/ubuntu22.04_ros2/isaac_c/install/ur_moveit_cpp/share/ur_moveit_cpp/environment/path.sh
-- Symlinking: /home/iclabwill/work/ubuntu22.04_ros2/isaac_c/install/ur_moveit_cpp/share/ur_moveit_cpp/environment/path.dsv
-- Symlinking: /home/iclabwill/work/ubuntu22.04_ros2/isaac_c/install/ur_moveit_cpp/share/ur_moveit_cpp/local_setup.bash
-- Symlinking: /home/iclabwill/work/ubuntu22.04_ros2/isaac_c/install/ur_moveit_cpp/share/ur_moveit_cpp/local_setup.sh
-- Symlinking: /home/iclabwill/work/ubuntu22.04_ros2/isaac_c/install/ur_moveit_cpp/share/ur_moveit_cpp/local_setup.zsh
-- Symlinking: /home/iclabwill/work/ubuntu22.04_ros2/isaac_c/install/ur_moveit_cpp/share/ur_moveit_cpp/local_setup.dsv
-- Symlinking: /home/iclabwill/work/ubuntu22.04_ros2/isaac_c/install/ur_moveit_cpp/share/ur_moveit_cpp/package.dsv
-- Symlinking: /home/iclabwill/work/ubuntu22.04_ros2/isaac_c/install/ur_moveit_cpp/share/ament_index/resource_index/packages/ur_moveit_cpp
-- Symlinking: /home/iclabwill/work/ubuntu22.04_ros2/isaac_c/install/ur_moveit_cpp/share/ur_moveit_cpp/cmake/ur_moveit_cppConfig.cmake
-- Symlinking: /home/iclabwill/work/ubuntu22.04_ros2/isaac_c/install/ur_moveit_cpp/share/ur_moveit_cpp/cmake/ur_moveit_cppConfig-version.cmake
-- Symlinking: /home/iclabwill/work/ubuntu22.04_ros2/isaac_c/install/ur_moveit_cpp/share/ur_moveit_cpp/package.xml
