[0.009s] Invoking command in '/home/iclabwill/work/ubuntu22.04_ros2/isaac_c/build/ur_moveit_cpp': CMAKE_PREFIX_PATH=/opt/ros/humble /usr/bin/cmake /home/iclabwill/work/ubuntu22.04_ros2/isaac_c/src/ur_isaac_sim/ur_moveit_cpp -DAMENT_CMAKE_SYMLINK_INSTALL=1 -DCMAKE_INSTALL_PREFIX=/home/iclabwill/work/ubuntu22.04_ros2/isaac_c/install/ur_moveit_cpp
[0.056s] -- The C compiler identification is GNU 11.4.0
[0.101s] -- The CXX compiler identification is GNU 11.4.0
[0.107s] -- Detecting C compiler ABI info
[0.166s] -- Detecting C compiler ABI info - done
[0.174s] -- Check for working C compiler: /usr/bin/cc - skipped
[0.175s] -- Detecting C compile features
[0.175s] -- Detecting C compile features - done
[0.178s] -- Detecting CXX compiler ABI info
[0.246s] -- Detecting CXX compiler ABI info - done
[0.252s] -- Check for working CXX compiler: /usr/bin/c++ - skipped
[0.252s] -- Detecting CXX compile features
[0.253s] -- Detecting CXX compile features - done
[0.257s] -- Found ament_cmake: 1.3.8 (/opt/ros/humble/share/ament_cmake/cmake)
[0.384s] -- Found Python3: /usr/bin/python3 (found version "3.10.12") found components: Interpreter 
[0.445s] -- Override CMake install command with custom implementation using symlinks instead of copying resources
[0.482s] -- Found moveit_ros_planning_interface: 2.5.5 (/opt/ros/humble/share/moveit_ros_planning_interface/cmake)
[0.648s] -- Found Boost: /usr/lib/x86_64-linux-gnu/cmake/Boost-1.74.0/BoostConfig.cmake (found version "1.74.0") found components: date_time filesystem program_options system thread 
[0.698s] -- Found rosidl_generator_c: 3.1.5 (/opt/ros/humble/share/rosidl_generator_c/cmake)
[0.705s] -- Found rosidl_adapter: 3.1.5 (/opt/ros/humble/share/rosidl_adapter/cmake)
[0.715s] -- Found rosidl_generator_cpp: 3.1.5 (/opt/ros/humble/share/rosidl_generator_cpp/cmake)
[0.729s] -- Using all available rosidl_typesupport_c: rosidl_typesupport_fastrtps_c;rosidl_typesupport_introspection_c
[0.749s] -- Using all available rosidl_typesupport_cpp: rosidl_typesupport_fastrtps_cpp;rosidl_typesupport_introspection_cpp
[1.580s] -- Found Boost: /usr/lib/x86_64-linux-gnu/cmake/Boost-1.74.0/BoostConfig.cmake (found version "1.74.0") found components: chrono date_time filesystem iostreams program_options regex serialization system thread 
[1.600s] -- Found parameter_traits: 0.3.8 (/opt/ros/humble/share/parameter_traits/cmake)
[1.685s] -- Found rmw_implementation_cmake: 6.1.1 (/opt/ros/humble/share/rmw_implementation_cmake/cmake)
[1.689s] -- Found rmw_cyclonedds_cpp: 1.3.4 (/opt/ros/humble/share/rmw_cyclonedds_cpp/cmake)
[1.735s] -- Using RMW implementation 'rmw_cyclonedds_cpp' as default
[1.751s] -- Found Threads: TRUE  
[1.973s] -- Found rclcpp_lifecycle: 16.0.8 (/opt/ros/humble/share/rclcpp_lifecycle/cmake)
[2.042s] -- Found Boost: /usr/lib/x86_64-linux-gnu/cmake/Boost-1.74.0/BoostConfig.cmake (found version "1.74.0") found components: filesystem 
[2.305s] -- library: /usr/lib/x86_64-linux-gnu/libcurl.so
[2.529s] -- Found Eigen3: TRUE (found version "3.4.0") 
[2.529s] -- Ensuring Eigen3 include directory is part of orocos-kdl CMake target
[3.018s] -- Found Boost: /usr/lib/x86_64-linux-gnu/cmake/Boost-1.74.0/BoostConfig.cmake (found version "1.74.0") found components: system filesystem date_time program_options thread chrono 
[3.568s] -- Found Boost: /usr/lib/x86_64-linux-gnu/cmake/Boost-1.74.0/BoostConfig.cmake (found version "1.74.0") found components: thread system filesystem regex date_time program_options 
[3.939s] -- Found Boost: /usr/lib/x86_64-linux-gnu/cmake/Boost-1.74.0/BoostConfig.cmake (found version "1.74.0") found components: system filesystem date_time program_options thread 
[4.260s] -- Found ament_lint_auto: 0.12.10 (/opt/ros/humble/share/ament_lint_auto/cmake)
[4.329s] -- Added test 'cppcheck' to perform static code analysis on C / C++ code
[4.329s] -- Configured cppcheck include dirs: $<BUILD_INTERFACE:/home/iclabwill/work/ubuntu22.04_ros2/isaac_c/src/ur_isaac_sim/ur_moveit_cpp/include>
[4.329s] -- Configured cppcheck exclude dirs and/or files: 
[4.329s] -- Added test 'flake8' to check Python code syntax and style conventions
[4.330s] -- Added test 'lint_cmake' to check CMake code style
[4.330s] -- Added test 'pep257' to check Python code against some of the docstring style conventions in PEP 257
[4.331s] -- Added test 'uncrustify' to check C / C++ code style
[4.331s] -- Configured uncrustify additional arguments: 
[4.332s] -- Added test 'xmllint' to check XML markup files
[4.333s] -- Configuring done
[4.412s] -- Generating done
[4.415s] -- Build files have been written to: /home/iclabwill/work/ubuntu22.04_ros2/isaac_c/build/ur_moveit_cpp
[4.427s] Invoked command in '/home/iclabwill/work/ubuntu22.04_ros2/isaac_c/build/ur_moveit_cpp' returned '0': CMAKE_PREFIX_PATH=/opt/ros/humble /usr/bin/cmake /home/iclabwill/work/ubuntu22.04_ros2/isaac_c/src/ur_isaac_sim/ur_moveit_cpp -DAMENT_CMAKE_SYMLINK_INSTALL=1 -DCMAKE_INSTALL_PREFIX=/home/iclabwill/work/ubuntu22.04_ros2/isaac_c/install/ur_moveit_cpp
[4.428s] Invoking command in '/home/iclabwill/work/ubuntu22.04_ros2/isaac_c/build/ur_moveit_cpp': CMAKE_PREFIX_PATH=/opt/ros/humble /usr/bin/cmake --build /home/iclabwill/work/ubuntu22.04_ros2/isaac_c/build/ur_moveit_cpp -- -j12 -l12
[4.482s] [  8%] [32mBuilding CXX object CMakeFiles/named_goal.dir/src/named_goal.cpp.o[0m
[4.482s] [ 16%] [32mBuilding CXX object CMakeFiles/pose_goal.dir/src/pose_goal.cpp.o[0m
[4.483s] [ 25%] [32mBuilding CXX object CMakeFiles/cartesian_path.dir/src/cartesian_path.cpp.o[0m
[4.484s] [ 33%] [32mBuilding CXX object CMakeFiles/joint_goal.dir/src/joint_goal.cpp.o[0m
[4.484s] [ 41%] [32mBuilding CXX object CMakeFiles/gripper_open.dir/src/gripper_open.cpp.o[0m
[4.484s] [ 50%] [32mBuilding CXX object CMakeFiles/gripper_joint_value.dir/src/gripper_joint_value.cpp.o[0m
[11.059s] [ 58%] [32m[1mLinking CXX executable gripper_joint_value[0m
[11.305s] [ 58%] Built target gripper_joint_value
[11.681s] [ 66%] [32m[1mLinking CXX executable gripper_open[0m
[11.958s] [ 66%] Built target gripper_open
[12.227s] [ 75%] [32m[1mLinking CXX executable pose_goal[0m
[12.290s] [ 83%] [32m[1mLinking CXX executable cartesian_path[0m
[12.476s] [ 83%] Built target pose_goal
[12.522s] [ 83%] Built target cartesian_path
[12.718s] [ 91%] [32m[1mLinking CXX executable named_goal[0m
[12.750s] [100%] [32m[1mLinking CXX executable joint_goal[0m
[12.964s] [100%] Built target named_goal
[12.990s] [100%] Built target joint_goal
[13.000s] Invoked command in '/home/iclabwill/work/ubuntu22.04_ros2/isaac_c/build/ur_moveit_cpp' returned '0': CMAKE_PREFIX_PATH=/opt/ros/humble /usr/bin/cmake --build /home/iclabwill/work/ubuntu22.04_ros2/isaac_c/build/ur_moveit_cpp -- -j12 -l12
[13.035s] Invoking command in '/home/iclabwill/work/ubuntu22.04_ros2/isaac_c/build/ur_moveit_cpp': CMAKE_PREFIX_PATH=/opt/ros/humble /usr/bin/cmake --install /home/iclabwill/work/ubuntu22.04_ros2/isaac_c/build/ur_moveit_cpp
[13.042s] -- Install configuration: ""
[13.042s] -- Execute custom install script
[13.043s] -- Symlinking: /home/iclabwill/work/ubuntu22.04_ros2/isaac_c/install/ur_moveit_cpp/lib/ur_moveit_cpp/pose_goal
[13.051s] -- Symlinking: /home/iclabwill/work/ubuntu22.04_ros2/isaac_c/install/ur_moveit_cpp/lib/ur_moveit_cpp/joint_goal
[13.059s] -- Symlinking: /home/iclabwill/work/ubuntu22.04_ros2/isaac_c/install/ur_moveit_cpp/lib/ur_moveit_cpp/cartesian_path
[13.066s] -- Symlinking: /home/iclabwill/work/ubuntu22.04_ros2/isaac_c/install/ur_moveit_cpp/lib/ur_moveit_cpp/named_goal
[13.074s] -- Symlinking: /home/iclabwill/work/ubuntu22.04_ros2/isaac_c/install/ur_moveit_cpp/lib/ur_moveit_cpp/gripper_open
[13.082s] -- Symlinking: /home/iclabwill/work/ubuntu22.04_ros2/isaac_c/install/ur_moveit_cpp/lib/ur_moveit_cpp/gripper_joint_value
[13.090s] -- Symlinking: /home/iclabwill/work/ubuntu22.04_ros2/isaac_c/install/ur_moveit_cpp/share/ur_moveit_cpp/launch/motion_planning.launch.py
[13.098s] -- Symlinking: /home/iclabwill/work/ubuntu22.04_ros2/isaac_c/install/ur_moveit_cpp/share/ur_moveit_cpp/config/moveit_cpp.yaml
[13.106s] -- Symlinking: /home/iclabwill/work/ubuntu22.04_ros2/isaac_c/install/ur_moveit_cpp/share/ament_index/resource_index/package_run_dependencies/ur_moveit_cpp
[13.113s] -- Symlinking: /home/iclabwill/work/ubuntu22.04_ros2/isaac_c/install/ur_moveit_cpp/share/ament_index/resource_index/parent_prefix_path/ur_moveit_cpp
[13.120s] -- Symlinking: /home/iclabwill/work/ubuntu22.04_ros2/isaac_c/install/ur_moveit_cpp/share/ur_moveit_cpp/environment/ament_prefix_path.sh
[13.128s] -- Symlinking: /home/iclabwill/work/ubuntu22.04_ros2/isaac_c/install/ur_moveit_cpp/share/ur_moveit_cpp/environment/ament_prefix_path.dsv
[13.135s] -- Symlinking: /home/iclabwill/work/ubuntu22.04_ros2/isaac_c/install/ur_moveit_cpp/share/ur_moveit_cpp/environment/path.sh
[13.143s] -- Symlinking: /home/iclabwill/work/ubuntu22.04_ros2/isaac_c/install/ur_moveit_cpp/share/ur_moveit_cpp/environment/path.dsv
[13.150s] -- Symlinking: /home/iclabwill/work/ubuntu22.04_ros2/isaac_c/install/ur_moveit_cpp/share/ur_moveit_cpp/local_setup.bash
[13.157s] -- Symlinking: /home/iclabwill/work/ubuntu22.04_ros2/isaac_c/install/ur_moveit_cpp/share/ur_moveit_cpp/local_setup.sh
[13.164s] -- Symlinking: /home/iclabwill/work/ubuntu22.04_ros2/isaac_c/install/ur_moveit_cpp/share/ur_moveit_cpp/local_setup.zsh
[13.172s] -- Symlinking: /home/iclabwill/work/ubuntu22.04_ros2/isaac_c/install/ur_moveit_cpp/share/ur_moveit_cpp/local_setup.dsv
[13.179s] -- Symlinking: /home/iclabwill/work/ubuntu22.04_ros2/isaac_c/install/ur_moveit_cpp/share/ur_moveit_cpp/package.dsv
[13.187s] -- Symlinking: /home/iclabwill/work/ubuntu22.04_ros2/isaac_c/install/ur_moveit_cpp/share/ament_index/resource_index/packages/ur_moveit_cpp
[13.195s] -- Symlinking: /home/iclabwill/work/ubuntu22.04_ros2/isaac_c/install/ur_moveit_cpp/share/ur_moveit_cpp/cmake/ur_moveit_cppConfig.cmake
[13.202s] -- Symlinking: /home/iclabwill/work/ubuntu22.04_ros2/isaac_c/install/ur_moveit_cpp/share/ur_moveit_cpp/cmake/ur_moveit_cppConfig-version.cmake
[13.209s] -- Symlinking: /home/iclabwill/work/ubuntu22.04_ros2/isaac_c/install/ur_moveit_cpp/share/ur_moveit_cpp/package.xml
[13.218s] Invoked command in '/home/iclabwill/work/ubuntu22.04_ros2/isaac_c/build/ur_moveit_cpp' returned '0': CMAKE_PREFIX_PATH=/opt/ros/humble /usr/bin/cmake --install /home/iclabwill/work/ubuntu22.04_ros2/isaac_c/build/ur_moveit_cpp
