[0.018s] Invoking command in '/home/iclabwill/work/ubuntu22.04_ros2/isaac_c/build/ur_moveit_cpp': CMAKE_PREFIX_PATH=${CMAKE_PREFIX_PATH}:/home/iclabwill/work/ubuntu22.04_ros2/isaac_c/install/robotiq_85_driver:/opt/ros/humble /usr/bin/cmake --build /home/iclabwill/work/ubuntu22.04_ros2/isaac_c/build/ur_moveit_cpp -- -j12 -l12
[0.120s] [35m[1mConsolidate compiler generated dependencies of target cartesian_path[0m
[0.120s] [35m[1mConsolidate compiler generated dependencies of target pose_goal[0m
[0.121s] [35m[1mConsolidate compiler generated dependencies of target gripper_joint_value[0m
[0.123s] [35m[1mConsolidate compiler generated dependencies of target named_goal[0m
[0.126s] [35m[1mConsolidate compiler generated dependencies of target joint_goal[0m
[0.126s] [35m[1mConsolidate compiler generated dependencies of target gripper_open[0m
[0.241s] [ 33%] Built target gripper_joint_value
[0.241s] [ 33%] Built target pose_goal
[0.242s] [ 50%] Built target named_goal
[0.242s] [ 66%] Built target joint_goal
[0.243s] [ 83%] Built target cartesian_path
[0.245s] [100%] Built target gripper_open
[0.255s] Invoked command in '/home/iclabwill/work/ubuntu22.04_ros2/isaac_c/build/ur_moveit_cpp' returned '0': CMAKE_PREFIX_PATH=${CMAKE_PREFIX_PATH}:/home/iclabwill/work/ubuntu22.04_ros2/isaac_c/install/robotiq_85_driver:/opt/ros/humble /usr/bin/cmake --build /home/iclabwill/work/ubuntu22.04_ros2/isaac_c/build/ur_moveit_cpp -- -j12 -l12
[0.305s] Invoking command in '/home/iclabwill/work/ubuntu22.04_ros2/isaac_c/build/ur_moveit_cpp': CMAKE_PREFIX_PATH=${CMAKE_PREFIX_PATH}:/home/iclabwill/work/ubuntu22.04_ros2/isaac_c/install/robotiq_85_driver:/opt/ros/humble /usr/bin/cmake --install /home/iclabwill/work/ubuntu22.04_ros2/isaac_c/build/ur_moveit_cpp
[0.313s] -- Install configuration: ""
[0.314s] -- Execute custom install script
[0.315s] -- Up-to-date symlink: /home/iclabwill/work/ubuntu22.04_ros2/isaac_c/install/ur_moveit_cpp/lib/ur_moveit_cpp/pose_goal
[0.315s] -- Up-to-date symlink: /home/iclabwill/work/ubuntu22.04_ros2/isaac_c/install/ur_moveit_cpp/lib/ur_moveit_cpp/joint_goal
[0.316s] -- Up-to-date symlink: /home/iclabwill/work/ubuntu22.04_ros2/isaac_c/install/ur_moveit_cpp/lib/ur_moveit_cpp/cartesian_path
[0.316s] -- Up-to-date symlink: /home/iclabwill/work/ubuntu22.04_ros2/isaac_c/install/ur_moveit_cpp/lib/ur_moveit_cpp/named_goal
[0.317s] -- Up-to-date symlink: /home/iclabwill/work/ubuntu22.04_ros2/isaac_c/install/ur_moveit_cpp/lib/ur_moveit_cpp/gripper_open
[0.317s] -- Up-to-date symlink: /home/iclabwill/work/ubuntu22.04_ros2/isaac_c/install/ur_moveit_cpp/lib/ur_moveit_cpp/gripper_joint_value
[0.318s] -- Up-to-date symlink: /home/iclabwill/work/ubuntu22.04_ros2/isaac_c/install/ur_moveit_cpp/share/ur_moveit_cpp/launch/motion_planning.launch.py
[0.319s] -- Up-to-date symlink: /home/iclabwill/work/ubuntu22.04_ros2/isaac_c/install/ur_moveit_cpp/share/ur_moveit_cpp/config/moveit_cpp.yaml
[0.319s] -- Up-to-date symlink: /home/iclabwill/work/ubuntu22.04_ros2/isaac_c/install/ur_moveit_cpp/share/ament_index/resource_index/package_run_dependencies/ur_moveit_cpp
[0.320s] -- Up-to-date symlink: /home/iclabwill/work/ubuntu22.04_ros2/isaac_c/install/ur_moveit_cpp/share/ament_index/resource_index/parent_prefix_path/ur_moveit_cpp
[0.320s] -- Up-to-date symlink: /home/iclabwill/work/ubuntu22.04_ros2/isaac_c/install/ur_moveit_cpp/share/ur_moveit_cpp/environment/ament_prefix_path.sh
[0.320s] -- Up-to-date symlink: /home/iclabwill/work/ubuntu22.04_ros2/isaac_c/install/ur_moveit_cpp/share/ur_moveit_cpp/environment/ament_prefix_path.dsv
[0.320s] -- Up-to-date symlink: /home/iclabwill/work/ubuntu22.04_ros2/isaac_c/install/ur_moveit_cpp/share/ur_moveit_cpp/environment/path.sh
[0.321s] -- Up-to-date symlink: /home/iclabwill/work/ubuntu22.04_ros2/isaac_c/install/ur_moveit_cpp/share/ur_moveit_cpp/environment/path.dsv
[0.321s] -- Up-to-date symlink: /home/iclabwill/work/ubuntu22.04_ros2/isaac_c/install/ur_moveit_cpp/share/ur_moveit_cpp/local_setup.bash
[0.321s] -- Up-to-date symlink: /home/iclabwill/work/ubuntu22.04_ros2/isaac_c/install/ur_moveit_cpp/share/ur_moveit_cpp/local_setup.sh
[0.321s] -- Up-to-date symlink: /home/iclabwill/work/ubuntu22.04_ros2/isaac_c/install/ur_moveit_cpp/share/ur_moveit_cpp/local_setup.zsh
[0.322s] -- Up-to-date symlink: /home/iclabwill/work/ubuntu22.04_ros2/isaac_c/install/ur_moveit_cpp/share/ur_moveit_cpp/local_setup.dsv
[0.322s] -- Symlinking: /home/iclabwill/work/ubuntu22.04_ros2/isaac_c/install/ur_moveit_cpp/share/ur_moveit_cpp/package.dsv
[0.331s] -- Up-to-date symlink: /home/iclabwill/work/ubuntu22.04_ros2/isaac_c/install/ur_moveit_cpp/share/ament_index/resource_index/packages/ur_moveit_cpp
[0.331s] -- Up-to-date symlink: /home/iclabwill/work/ubuntu22.04_ros2/isaac_c/install/ur_moveit_cpp/share/ur_moveit_cpp/cmake/ur_moveit_cppConfig.cmake
[0.331s] -- Up-to-date symlink: /home/iclabwill/work/ubuntu22.04_ros2/isaac_c/install/ur_moveit_cpp/share/ur_moveit_cpp/cmake/ur_moveit_cppConfig-version.cmake
[0.331s] -- Up-to-date symlink: /home/iclabwill/work/ubuntu22.04_ros2/isaac_c/install/ur_moveit_cpp/share/ur_moveit_cpp/package.xml
[0.334s] Invoked command in '/home/iclabwill/work/ubuntu22.04_ros2/isaac_c/build/ur_moveit_cpp' returned '0': CMAKE_PREFIX_PATH=${CMAKE_PREFIX_PATH}:/home/iclabwill/work/ubuntu22.04_ros2/isaac_c/install/robotiq_85_driver:/opt/ros/humble /usr/bin/cmake --install /home/iclabwill/work/ubuntu22.04_ros2/isaac_c/build/ur_moveit_cpp
