[0.006s] Invoking command in '/home/iclabwill/work/ubuntu22.04_ros2/isaac_c/build/ur5e_moveit_config': AMENT_PREFIX_PATH=/home/iclabwill/work/ubuntu22.04_ros2/isaac_c/install/ur_description:${AMENT_PREFIX_PATH} CMAKE_PREFIX_PATH=/home/iclabwill/work/ubuntu22.04_ros2/isaac_c/install/ur_description:/opt/ros/humble /usr/bin/cmake --build /home/iclabwill/work/ubuntu22.04_ros2/isaac_c/build/ur5e_moveit_config -- -j28 -l28
[0.022s] Invoked command in '/home/iclabwill/work/ubuntu22.04_ros2/isaac_c/build/ur5e_moveit_config' returned '0': AMENT_PREFIX_PATH=/home/iclabwill/work/ubuntu22.04_ros2/isaac_c/install/ur_description:${AMENT_PREFIX_PATH} CMAKE_PREFIX_PATH=/home/iclabwill/work/ubuntu22.04_ros2/isaac_c/install/ur_description:/opt/ros/humble /usr/bin/cmake --build /home/iclabwill/work/ubuntu22.04_ros2/isaac_c/build/ur5e_moveit_config -- -j28 -l28
[0.030s] Invoking command in '/home/iclabwill/work/ubuntu22.04_ros2/isaac_c/build/ur5e_moveit_config': AMENT_PREFIX_PATH=/home/iclabwill/work/ubuntu22.04_ros2/isaac_c/install/ur_description:${AMENT_PREFIX_PATH} CMAKE_PREFIX_PATH=/home/iclabwill/work/ubuntu22.04_ros2/isaac_c/install/ur_description:/opt/ros/humble /usr/bin/cmake --install /home/iclabwill/work/ubuntu22.04_ros2/isaac_c/build/ur5e_moveit_config
[0.034s] -- Install configuration: ""
[0.034s] -- Execute custom install script
[0.034s] -- Up-to-date symlink: /home/iclabwill/work/ubuntu22.04_ros2/isaac_c/install/ur5e_moveit_config/share/ament_index/resource_index/package_run_dependencies/ur5e_moveit_config
[0.034s] -- Up-to-date symlink: /home/iclabwill/work/ubuntu22.04_ros2/isaac_c/install/ur5e_moveit_config/share/ament_index/resource_index/parent_prefix_path/ur5e_moveit_config
[0.034s] -- Up-to-date symlink: /home/iclabwill/work/ubuntu22.04_ros2/isaac_c/install/ur5e_moveit_config/share/ur5e_moveit_config/environment/ament_prefix_path.sh
[0.034s] -- Up-to-date symlink: /home/iclabwill/work/ubuntu22.04_ros2/isaac_c/install/ur5e_moveit_config/share/ur5e_moveit_config/environment/ament_prefix_path.dsv
[0.034s] -- Up-to-date symlink: /home/iclabwill/work/ubuntu22.04_ros2/isaac_c/install/ur5e_moveit_config/share/ur5e_moveit_config/environment/path.sh
[0.034s] -- Up-to-date symlink: /home/iclabwill/work/ubuntu22.04_ros2/isaac_c/install/ur5e_moveit_config/share/ur5e_moveit_config/environment/path.dsv
[0.034s] -- Up-to-date symlink: /home/iclabwill/work/ubuntu22.04_ros2/isaac_c/install/ur5e_moveit_config/share/ur5e_moveit_config/local_setup.bash
[0.034s] -- Up-to-date symlink: /home/iclabwill/work/ubuntu22.04_ros2/isaac_c/install/ur5e_moveit_config/share/ur5e_moveit_config/local_setup.sh
[0.034s] -- Up-to-date symlink: /home/iclabwill/work/ubuntu22.04_ros2/isaac_c/install/ur5e_moveit_config/share/ur5e_moveit_config/local_setup.zsh
[0.034s] -- Up-to-date symlink: /home/iclabwill/work/ubuntu22.04_ros2/isaac_c/install/ur5e_moveit_config/share/ur5e_moveit_config/local_setup.dsv
[0.034s] -- Symlinking: /home/iclabwill/work/ubuntu22.04_ros2/isaac_c/install/ur5e_moveit_config/share/ur5e_moveit_config/package.dsv
[0.040s] -- Up-to-date symlink: /home/iclabwill/work/ubuntu22.04_ros2/isaac_c/install/ur5e_moveit_config/share/ament_index/resource_index/packages/ur5e_moveit_config
[0.040s] -- Up-to-date symlink: /home/iclabwill/work/ubuntu22.04_ros2/isaac_c/install/ur5e_moveit_config/share/ur5e_moveit_config/cmake/ur5e_moveit_configConfig.cmake
[0.040s] -- Up-to-date symlink: /home/iclabwill/work/ubuntu22.04_ros2/isaac_c/install/ur5e_moveit_config/share/ur5e_moveit_config/cmake/ur5e_moveit_configConfig-version.cmake
[0.040s] -- Up-to-date symlink: /home/iclabwill/work/ubuntu22.04_ros2/isaac_c/install/ur5e_moveit_config/share/ur5e_moveit_config/package.xml
[0.040s] -- Up-to-date symlink: /home/iclabwill/work/ubuntu22.04_ros2/isaac_c/install/ur5e_moveit_config/share/ur5e_moveit_config/launch/demo.launch.py
[0.040s] -- Up-to-date symlink: /home/iclabwill/work/ubuntu22.04_ros2/isaac_c/install/ur5e_moveit_config/share/ur5e_moveit_config/launch/isaac_demo.launch.py
[0.040s] -- Up-to-date symlink: /home/iclabwill/work/ubuntu22.04_ros2/isaac_c/install/ur5e_moveit_config/share/ur5e_moveit_config/launch/move_group.launch.py
[0.040s] -- Up-to-date symlink: /home/iclabwill/work/ubuntu22.04_ros2/isaac_c/install/ur5e_moveit_config/share/ur5e_moveit_config/launch/moveit_rviz.launch.py
[0.040s] -- Up-to-date symlink: /home/iclabwill/work/ubuntu22.04_ros2/isaac_c/install/ur5e_moveit_config/share/ur5e_moveit_config/launch/rsp.launch.py
[0.040s] -- Up-to-date symlink: /home/iclabwill/work/ubuntu22.04_ros2/isaac_c/install/ur5e_moveit_config/share/ur5e_moveit_config/launch/setup_assistant.launch.py
[0.040s] -- Up-to-date symlink: /home/iclabwill/work/ubuntu22.04_ros2/isaac_c/install/ur5e_moveit_config/share/ur5e_moveit_config/launch/spawn_controllers.launch.py
[0.040s] -- Up-to-date symlink: /home/iclabwill/work/ubuntu22.04_ros2/isaac_c/install/ur5e_moveit_config/share/ur5e_moveit_config/launch/static_virtual_joint_tfs.launch.py
[0.040s] -- Up-to-date symlink: /home/iclabwill/work/ubuntu22.04_ros2/isaac_c/install/ur5e_moveit_config/share/ur5e_moveit_config/launch/warehouse_db.launch.py
[0.040s] -- Up-to-date symlink: /home/iclabwill/work/ubuntu22.04_ros2/isaac_c/install/ur5e_moveit_config/share/ur5e_moveit_config/config/initial_positions.yaml
[0.040s] -- Up-to-date symlink: /home/iclabwill/work/ubuntu22.04_ros2/isaac_c/install/ur5e_moveit_config/share/ur5e_moveit_config/config/joint_limits.yaml
[0.040s] -- Up-to-date symlink: /home/iclabwill/work/ubuntu22.04_ros2/isaac_c/install/ur5e_moveit_config/share/ur5e_moveit_config/config/kinematics.yaml
[0.040s] -- Up-to-date symlink: /home/iclabwill/work/ubuntu22.04_ros2/isaac_c/install/ur5e_moveit_config/share/ur5e_moveit_config/config/moveit.rviz
[0.040s] -- Up-to-date symlink: /home/iclabwill/work/ubuntu22.04_ros2/isaac_c/install/ur5e_moveit_config/share/ur5e_moveit_config/config/moveit_controllers.yaml
[0.040s] -- Up-to-date symlink: /home/iclabwill/work/ubuntu22.04_ros2/isaac_c/install/ur5e_moveit_config/share/ur5e_moveit_config/config/pilz_cartesian_limits.yaml
[0.040s] -- Up-to-date symlink: /home/iclabwill/work/ubuntu22.04_ros2/isaac_c/install/ur5e_moveit_config/share/ur5e_moveit_config/config/ros2_controllers.yaml
[0.041s] -- Up-to-date symlink: /home/iclabwill/work/ubuntu22.04_ros2/isaac_c/install/ur5e_moveit_config/share/ur5e_moveit_config/config/ur5e.ros2_control.xacro
[0.041s] -- Up-to-date symlink: /home/iclabwill/work/ubuntu22.04_ros2/isaac_c/install/ur5e_moveit_config/share/ur5e_moveit_config/config/ur5e.srdf
[0.041s] -- Up-to-date symlink: /home/iclabwill/work/ubuntu22.04_ros2/isaac_c/install/ur5e_moveit_config/share/ur5e_moveit_config/config/ur5e.urdf.xacro
[0.041s] -- Up-to-date symlink: /home/iclabwill/work/ubuntu22.04_ros2/isaac_c/install/ur5e_moveit_config/share/ur5e_moveit_config/.setup_assistant
[0.050s] Invoked command in '/home/iclabwill/work/ubuntu22.04_ros2/isaac_c/build/ur5e_moveit_config' returned '0': AMENT_PREFIX_PATH=/home/iclabwill/work/ubuntu22.04_ros2/isaac_c/install/ur_description:${AMENT_PREFIX_PATH} CMAKE_PREFIX_PATH=/home/iclabwill/work/ubuntu22.04_ros2/isaac_c/install/ur_description:/opt/ros/humble /usr/bin/cmake --install /home/iclabwill/work/ubuntu22.04_ros2/isaac_c/build/ur5e_moveit_config
