[0.014s] Invoking command in '/home/iclabwill/work/ubuntu22.04_ros2/isaac_c/build/ur_moveit_cpp': CMAKE_PREFIX_PATH=/opt/ros/humble /usr/bin/cmake --build /home/iclabwill/work/ubuntu22.04_ros2/isaac_c/build/ur_moveit_cpp -- -j28 -l28
[0.157s] [ 16%] Built target named_goal
[0.157s] [ 33%] Built target gripper_open
[0.158s] [ 50%] Built target cartesian_path
[0.158s] [ 66%] Built target pose_goal
[0.158s] [100%] Built target joint_goal
[0.158s] [100%] Built target gripper_joint_value
[0.165s] Invoked command in '/home/iclabwill/work/ubuntu22.04_ros2/isaac_c/build/ur_moveit_cpp' returned '0': CMAKE_PREFIX_PATH=/opt/ros/humble /usr/bin/cmake --build /home/iclabwill/work/ubuntu22.04_ros2/isaac_c/build/ur_moveit_cpp -- -j28 -l28
[0.182s] Invoking command in '/home/iclabwill/work/ubuntu22.04_ros2/isaac_c/build/ur_moveit_cpp': CMAKE_PREFIX_PATH=/opt/ros/humble /usr/bin/cmake --install /home/iclabwill/work/ubuntu22.04_ros2/isaac_c/build/ur_moveit_cpp
[0.187s] -- Install configuration: ""
[0.188s] -- Execute custom install script
[0.189s] -- Up-to-date symlink: /home/iclabwill/work/ubuntu22.04_ros2/isaac_c/install/ur_moveit_cpp/lib/ur_moveit_cpp/pose_goal
[0.189s] -- Up-to-date symlink: /home/iclabwill/work/ubuntu22.04_ros2/isaac_c/install/ur_moveit_cpp/lib/ur_moveit_cpp/joint_goal
[0.190s] -- Up-to-date symlink: /home/iclabwill/work/ubuntu22.04_ros2/isaac_c/install/ur_moveit_cpp/lib/ur_moveit_cpp/cartesian_path
[0.190s] -- Up-to-date symlink: /home/iclabwill/work/ubuntu22.04_ros2/isaac_c/install/ur_moveit_cpp/lib/ur_moveit_cpp/named_goal
[0.191s] -- Up-to-date symlink: /home/iclabwill/work/ubuntu22.04_ros2/isaac_c/install/ur_moveit_cpp/lib/ur_moveit_cpp/gripper_open
[0.191s] -- Up-to-date symlink: /home/iclabwill/work/ubuntu22.04_ros2/isaac_c/install/ur_moveit_cpp/lib/ur_moveit_cpp/gripper_joint_value
[0.192s] -- Up-to-date symlink: /home/iclabwill/work/ubuntu22.04_ros2/isaac_c/install/ur_moveit_cpp/share/ur_moveit_cpp/launch/motion_planning.launch.py
[0.193s] -- Up-to-date symlink: /home/iclabwill/work/ubuntu22.04_ros2/isaac_c/install/ur_moveit_cpp/share/ur_moveit_cpp/config/moveit_cpp.yaml
[0.193s] -- Up-to-date symlink: /home/iclabwill/work/ubuntu22.04_ros2/isaac_c/install/ur_moveit_cpp/share/ament_index/resource_index/package_run_dependencies/ur_moveit_cpp
[0.193s] -- Up-to-date symlink: /home/iclabwill/work/ubuntu22.04_ros2/isaac_c/install/ur_moveit_cpp/share/ament_index/resource_index/parent_prefix_path/ur_moveit_cpp
[0.194s] -- Up-to-date symlink: /home/iclabwill/work/ubuntu22.04_ros2/isaac_c/install/ur_moveit_cpp/share/ur_moveit_cpp/environment/ament_prefix_path.sh
[0.194s] -- Up-to-date symlink: /home/iclabwill/work/ubuntu22.04_ros2/isaac_c/install/ur_moveit_cpp/share/ur_moveit_cpp/environment/ament_prefix_path.dsv
[0.194s] -- Up-to-date symlink: /home/iclabwill/work/ubuntu22.04_ros2/isaac_c/install/ur_moveit_cpp/share/ur_moveit_cpp/environment/path.sh
[0.194s] -- Up-to-date symlink: /home/iclabwill/work/ubuntu22.04_ros2/isaac_c/install/ur_moveit_cpp/share/ur_moveit_cpp/environment/path.dsv
[0.194s] -- Up-to-date symlink: /home/iclabwill/work/ubuntu22.04_ros2/isaac_c/install/ur_moveit_cpp/share/ur_moveit_cpp/local_setup.bash
[0.194s] -- Up-to-date symlink: /home/iclabwill/work/ubuntu22.04_ros2/isaac_c/install/ur_moveit_cpp/share/ur_moveit_cpp/local_setup.sh
[0.195s] -- Up-to-date symlink: /home/iclabwill/work/ubuntu22.04_ros2/isaac_c/install/ur_moveit_cpp/share/ur_moveit_cpp/local_setup.zsh
[0.195s] -- Up-to-date symlink: /home/iclabwill/work/ubuntu22.04_ros2/isaac_c/install/ur_moveit_cpp/share/ur_moveit_cpp/local_setup.dsv
[0.196s] -- Symlinking: /home/iclabwill/work/ubuntu22.04_ros2/isaac_c/install/ur_moveit_cpp/share/ur_moveit_cpp/package.dsv
[0.200s] -- Up-to-date symlink: /home/iclabwill/work/ubuntu22.04_ros2/isaac_c/install/ur_moveit_cpp/share/ament_index/resource_index/packages/ur_moveit_cpp
[0.200s] -- Up-to-date symlink: /home/iclabwill/work/ubuntu22.04_ros2/isaac_c/install/ur_moveit_cpp/share/ur_moveit_cpp/cmake/ur_moveit_cppConfig.cmake
[0.200s] -- Up-to-date symlink: /home/iclabwill/work/ubuntu22.04_ros2/isaac_c/install/ur_moveit_cpp/share/ur_moveit_cpp/cmake/ur_moveit_cppConfig-version.cmake
[0.201s] -- Up-to-date symlink: /home/iclabwill/work/ubuntu22.04_ros2/isaac_c/install/ur_moveit_cpp/share/ur_moveit_cpp/package.xml
[0.202s] Invoked command in '/home/iclabwill/work/ubuntu22.04_ros2/isaac_c/build/ur_moveit_cpp' returned '0': CMAKE_PREFIX_PATH=/opt/ros/humble /usr/bin/cmake --install /home/iclabwill/work/ubuntu22.04_ros2/isaac_c/build/ur_moveit_cpp
