[0.003s] Invoking command in '/home/iclabwill/work/ubuntu22.04_ros2/build/ur5e_moveit_config': AMENT_PREFIX_PATH=/home/iclabwill/work/ubuntu22.04_ros2/install/ur_description:${AMENT_PREFIX_PATH} CMAKE_PREFIX_PATH=/home/iclabwill/work/ubuntu22.04_ros2/install/ur_description:/opt/ros/humble /usr/bin/cmake /home/iclabwill/work/ubuntu22.04_ros2/isaac_c/src/ur_isaac_sim/ur5e_moveit_config -DAMENT_CMAKE_SYMLINK_INSTALL=1 -DCMAKE_INSTALL_PREFIX=/home/iclabwill/work/ubuntu22.04_ros2/install/ur5e_moveit_config
[0.026s] -- The C compiler identification is GNU 11.4.0
[0.050s] -- The CXX compiler identification is GNU 11.4.0
[0.054s] -- Detecting C compiler ABI info
[0.083s] -- Detecting C compiler ABI info - done
[0.089s] -- Check for working C compiler: /usr/bin/cc - skipped
[0.089s] -- Detecting C compile features
[0.089s] -- Detecting C compile features - done
[0.092s] -- Detecting CXX compiler ABI info
[0.125s] -- Detecting CXX compiler ABI info - done
[0.129s] -- Check for working CXX compiler: /usr/bin/c++ - skipped
[0.129s] -- Detecting CXX compile features
[0.129s] -- Detecting CXX compile features - done
[0.131s] -- Found ament_cmake: 1.3.8 (/opt/ros/humble/share/ament_cmake/cmake)
[0.200s] -- Found Python3: /usr/bin/python3 (found version "3.10.12") found components: Interpreter 
[0.229s] -- Override CMake install command with custom implementation using symlinks instead of copying resources
[0.277s] -- Configuring done
[0.279s] -- Generating done
[0.279s] -- Build files have been written to: /home/iclabwill/work/ubuntu22.04_ros2/build/ur5e_moveit_config
[0.281s] Invoked command in '/home/iclabwill/work/ubuntu22.04_ros2/build/ur5e_moveit_config' returned '0': AMENT_PREFIX_PATH=/home/iclabwill/work/ubuntu22.04_ros2/install/ur_description:${AMENT_PREFIX_PATH} CMAKE_PREFIX_PATH=/home/iclabwill/work/ubuntu22.04_ros2/install/ur_description:/opt/ros/humble /usr/bin/cmake /home/iclabwill/work/ubuntu22.04_ros2/isaac_c/src/ur_isaac_sim/ur5e_moveit_config -DAMENT_CMAKE_SYMLINK_INSTALL=1 -DCMAKE_INSTALL_PREFIX=/home/iclabwill/work/ubuntu22.04_ros2/install/ur5e_moveit_config
[0.282s] Invoking command in '/home/iclabwill/work/ubuntu22.04_ros2/build/ur5e_moveit_config': AMENT_PREFIX_PATH=/home/iclabwill/work/ubuntu22.04_ros2/install/ur_description:${AMENT_PREFIX_PATH} CMAKE_PREFIX_PATH=/home/iclabwill/work/ubuntu22.04_ros2/install/ur_description:/opt/ros/humble /usr/bin/cmake --build /home/iclabwill/work/ubuntu22.04_ros2/build/ur5e_moveit_config -- -j28 -l28
[0.296s] Invoked command in '/home/iclabwill/work/ubuntu22.04_ros2/build/ur5e_moveit_config' returned '0': AMENT_PREFIX_PATH=/home/iclabwill/work/ubuntu22.04_ros2/install/ur_description:${AMENT_PREFIX_PATH} CMAKE_PREFIX_PATH=/home/iclabwill/work/ubuntu22.04_ros2/install/ur_description:/opt/ros/humble /usr/bin/cmake --build /home/iclabwill/work/ubuntu22.04_ros2/build/ur5e_moveit_config -- -j28 -l28
[0.304s] Invoking command in '/home/iclabwill/work/ubuntu22.04_ros2/build/ur5e_moveit_config': AMENT_PREFIX_PATH=/home/iclabwill/work/ubuntu22.04_ros2/install/ur_description:${AMENT_PREFIX_PATH} CMAKE_PREFIX_PATH=/home/iclabwill/work/ubuntu22.04_ros2/install/ur_description:/opt/ros/humble /usr/bin/cmake --install /home/iclabwill/work/ubuntu22.04_ros2/build/ur5e_moveit_config
[0.307s] -- Install configuration: ""
[0.308s] -- Execute custom install script
[0.308s] -- Symlinking: /home/iclabwill/work/ubuntu22.04_ros2/install/ur5e_moveit_config/share/ament_index/resource_index/package_run_dependencies/ur5e_moveit_config
[0.311s] -- Symlinking: /home/iclabwill/work/ubuntu22.04_ros2/install/ur5e_moveit_config/share/ament_index/resource_index/parent_prefix_path/ur5e_moveit_config
[0.315s] -- Symlinking: /home/iclabwill/work/ubuntu22.04_ros2/install/ur5e_moveit_config/share/ur5e_moveit_config/environment/ament_prefix_path.sh
[0.318s] -- Symlinking: /home/iclabwill/work/ubuntu22.04_ros2/install/ur5e_moveit_config/share/ur5e_moveit_config/environment/ament_prefix_path.dsv
[0.321s] -- Symlinking: /home/iclabwill/work/ubuntu22.04_ros2/install/ur5e_moveit_config/share/ur5e_moveit_config/environment/path.sh
[0.325s] -- Symlinking: /home/iclabwill/work/ubuntu22.04_ros2/install/ur5e_moveit_config/share/ur5e_moveit_config/environment/path.dsv
[0.329s] -- Symlinking: /home/iclabwill/work/ubuntu22.04_ros2/install/ur5e_moveit_config/share/ur5e_moveit_config/local_setup.bash
[0.332s] -- Symlinking: /home/iclabwill/work/ubuntu22.04_ros2/install/ur5e_moveit_config/share/ur5e_moveit_config/local_setup.sh
[0.336s] -- Symlinking: /home/iclabwill/work/ubuntu22.04_ros2/install/ur5e_moveit_config/share/ur5e_moveit_config/local_setup.zsh
[0.339s] -- Symlinking: /home/iclabwill/work/ubuntu22.04_ros2/install/ur5e_moveit_config/share/ur5e_moveit_config/local_setup.dsv
[0.342s] -- Symlinking: /home/iclabwill/work/ubuntu22.04_ros2/install/ur5e_moveit_config/share/ur5e_moveit_config/package.dsv
[0.346s] -- Symlinking: /home/iclabwill/work/ubuntu22.04_ros2/install/ur5e_moveit_config/share/ament_index/resource_index/packages/ur5e_moveit_config
[0.350s] -- Symlinking: /home/iclabwill/work/ubuntu22.04_ros2/install/ur5e_moveit_config/share/ur5e_moveit_config/cmake/ur5e_moveit_configConfig.cmake
[0.353s] -- Symlinking: /home/iclabwill/work/ubuntu22.04_ros2/install/ur5e_moveit_config/share/ur5e_moveit_config/cmake/ur5e_moveit_configConfig-version.cmake
[0.357s] -- Symlinking: /home/iclabwill/work/ubuntu22.04_ros2/install/ur5e_moveit_config/share/ur5e_moveit_config/package.xml
[0.361s] -- Symlinking: /home/iclabwill/work/ubuntu22.04_ros2/install/ur5e_moveit_config/share/ur5e_moveit_config/launch/demo.launch.py
[0.364s] -- Symlinking: /home/iclabwill/work/ubuntu22.04_ros2/install/ur5e_moveit_config/share/ur5e_moveit_config/launch/isaac_demo.launch.py
[0.367s] -- Symlinking: /home/iclabwill/work/ubuntu22.04_ros2/install/ur5e_moveit_config/share/ur5e_moveit_config/launch/move_group.launch.py
[0.371s] -- Symlinking: /home/iclabwill/work/ubuntu22.04_ros2/install/ur5e_moveit_config/share/ur5e_moveit_config/launch/moveit_rviz.launch.py
[0.374s] -- Symlinking: /home/iclabwill/work/ubuntu22.04_ros2/install/ur5e_moveit_config/share/ur5e_moveit_config/launch/rsp.launch.py
[0.378s] -- Symlinking: /home/iclabwill/work/ubuntu22.04_ros2/install/ur5e_moveit_config/share/ur5e_moveit_config/launch/setup_assistant.launch.py
[0.382s] -- Symlinking: /home/iclabwill/work/ubuntu22.04_ros2/install/ur5e_moveit_config/share/ur5e_moveit_config/launch/spawn_controllers.launch.py
[0.385s] -- Symlinking: /home/iclabwill/work/ubuntu22.04_ros2/install/ur5e_moveit_config/share/ur5e_moveit_config/launch/static_virtual_joint_tfs.launch.py
[0.389s] -- Symlinking: /home/iclabwill/work/ubuntu22.04_ros2/install/ur5e_moveit_config/share/ur5e_moveit_config/launch/warehouse_db.launch.py
[0.393s] -- Symlinking: /home/iclabwill/work/ubuntu22.04_ros2/install/ur5e_moveit_config/share/ur5e_moveit_config/config/initial_positions.yaml
[0.396s] -- Symlinking: /home/iclabwill/work/ubuntu22.04_ros2/install/ur5e_moveit_config/share/ur5e_moveit_config/config/joint_limits.yaml
[0.400s] -- Symlinking: /home/iclabwill/work/ubuntu22.04_ros2/install/ur5e_moveit_config/share/ur5e_moveit_config/config/kinematics.yaml
[0.403s] -- Symlinking: /home/iclabwill/work/ubuntu22.04_ros2/install/ur5e_moveit_config/share/ur5e_moveit_config/config/moveit.rviz
[0.407s] -- Symlinking: /home/iclabwill/work/ubuntu22.04_ros2/install/ur5e_moveit_config/share/ur5e_moveit_config/config/moveit_controllers.yaml
[0.410s] -- Symlinking: /home/iclabwill/work/ubuntu22.04_ros2/install/ur5e_moveit_config/share/ur5e_moveit_config/config/pilz_cartesian_limits.yaml
[0.414s] -- Symlinking: /home/iclabwill/work/ubuntu22.04_ros2/install/ur5e_moveit_config/share/ur5e_moveit_config/config/ros2_controllers.yaml
[0.417s] -- Symlinking: /home/iclabwill/work/ubuntu22.04_ros2/install/ur5e_moveit_config/share/ur5e_moveit_config/config/ur5e.ros2_control.xacro
[0.421s] -- Symlinking: /home/iclabwill/work/ubuntu22.04_ros2/install/ur5e_moveit_config/share/ur5e_moveit_config/config/ur5e.srdf
[0.425s] -- Symlinking: /home/iclabwill/work/ubuntu22.04_ros2/install/ur5e_moveit_config/share/ur5e_moveit_config/config/ur5e.urdf.xacro
[0.428s] -- Symlinking: /home/iclabwill/work/ubuntu22.04_ros2/install/ur5e_moveit_config/share/ur5e_moveit_config/.setup_assistant
[0.436s] Invoked command in '/home/iclabwill/work/ubuntu22.04_ros2/build/ur5e_moveit_config' returned '0': AMENT_PREFIX_PATH=/home/iclabwill/work/ubuntu22.04_ros2/install/ur_description:${AMENT_PREFIX_PATH} CMAKE_PREFIX_PATH=/home/iclabwill/work/ubuntu22.04_ros2/install/ur_description:/opt/ros/humble /usr/bin/cmake --install /home/iclabwill/work/ubuntu22.04_ros2/build/ur5e_moveit_config
