[0.003s] Invoking command in '/home/iclabwill/work/ubuntu22.04_ros2/build/robotiq_gripper_moveit_config': AMENT_PREFIX_PATH=/home/iclabwill/work/ubuntu22.04_ros2/install/robotiq_85_description:${AMENT_PREFIX_PATH} CMAKE_PREFIX_PATH=/home/iclabwill/work/ubuntu22.04_ros2/install/robotiq_85_description:/opt/ros/humble /usr/bin/cmake /home/iclabwill/work/ubuntu22.04_ros2/isaac_c/src/robotiq_85_gripper/robotiq_gripper_moveit_config -DAMENT_CMAKE_SYMLINK_INSTALL=1 -DCMAKE_INSTALL_PREFIX=/home/iclabwill/work/ubuntu22.04_ros2/install/robotiq_gripper_moveit_config
[0.028s] -- The C compiler identification is GNU 11.4.0
[0.052s] -- The CXX compiler identification is GNU 11.4.0
[0.055s] -- Detecting C compiler ABI info
[0.084s] -- Detecting C compiler ABI info - done
[0.089s] -- Check for working C compiler: /usr/bin/cc - skipped
[0.089s] -- Detecting C compile features
[0.089s] -- Detecting C compile features - done
[0.091s] -- Detecting CXX compiler ABI info
[0.124s] -- Detecting CXX compiler ABI info - done
[0.128s] -- Check for working CXX compiler: /usr/bin/c++ - skipped
[0.128s] -- Detecting CXX compile features
[0.128s] -- Detecting CXX compile features - done
[0.130s] -- Found ament_cmake: 1.3.8 (/opt/ros/humble/share/ament_cmake/cmake)
[0.198s] -- Found Python3: /usr/bin/python3 (found version "3.10.12") found components: Interpreter 
[0.226s] -- Override CMake install command with custom implementation using symlinks instead of copying resources
[0.273s] -- Configuring done
[0.274s] -- Generating done
[0.274s] -- Build files have been written to: /home/iclabwill/work/ubuntu22.04_ros2/build/robotiq_gripper_moveit_config
[0.276s] Invoked command in '/home/iclabwill/work/ubuntu22.04_ros2/build/robotiq_gripper_moveit_config' returned '0': AMENT_PREFIX_PATH=/home/iclabwill/work/ubuntu22.04_ros2/install/robotiq_85_description:${AMENT_PREFIX_PATH} CMAKE_PREFIX_PATH=/home/iclabwill/work/ubuntu22.04_ros2/install/robotiq_85_description:/opt/ros/humble /usr/bin/cmake /home/iclabwill/work/ubuntu22.04_ros2/isaac_c/src/robotiq_85_gripper/robotiq_gripper_moveit_config -DAMENT_CMAKE_SYMLINK_INSTALL=1 -DCMAKE_INSTALL_PREFIX=/home/iclabwill/work/ubuntu22.04_ros2/install/robotiq_gripper_moveit_config
[0.277s] Invoking command in '/home/iclabwill/work/ubuntu22.04_ros2/build/robotiq_gripper_moveit_config': AMENT_PREFIX_PATH=/home/iclabwill/work/ubuntu22.04_ros2/install/robotiq_85_description:${AMENT_PREFIX_PATH} CMAKE_PREFIX_PATH=/home/iclabwill/work/ubuntu22.04_ros2/install/robotiq_85_description:/opt/ros/humble /usr/bin/cmake --build /home/iclabwill/work/ubuntu22.04_ros2/build/robotiq_gripper_moveit_config -- -j28 -l28
[0.293s] Invoked command in '/home/iclabwill/work/ubuntu22.04_ros2/build/robotiq_gripper_moveit_config' returned '0': AMENT_PREFIX_PATH=/home/iclabwill/work/ubuntu22.04_ros2/install/robotiq_85_description:${AMENT_PREFIX_PATH} CMAKE_PREFIX_PATH=/home/iclabwill/work/ubuntu22.04_ros2/install/robotiq_85_description:/opt/ros/humble /usr/bin/cmake --build /home/iclabwill/work/ubuntu22.04_ros2/build/robotiq_gripper_moveit_config -- -j28 -l28
[0.302s] Invoking command in '/home/iclabwill/work/ubuntu22.04_ros2/build/robotiq_gripper_moveit_config': AMENT_PREFIX_PATH=/home/iclabwill/work/ubuntu22.04_ros2/install/robotiq_85_description:${AMENT_PREFIX_PATH} CMAKE_PREFIX_PATH=/home/iclabwill/work/ubuntu22.04_ros2/install/robotiq_85_description:/opt/ros/humble /usr/bin/cmake --install /home/iclabwill/work/ubuntu22.04_ros2/build/robotiq_gripper_moveit_config
[0.305s] -- Install configuration: ""
[0.305s] -- Execute custom install script
[0.306s] -- Symlinking: /home/iclabwill/work/ubuntu22.04_ros2/install/robotiq_gripper_moveit_config/share/ament_index/resource_index/package_run_dependencies/robotiq_gripper_moveit_config
[0.309s] -- Symlinking: /home/iclabwill/work/ubuntu22.04_ros2/install/robotiq_gripper_moveit_config/share/ament_index/resource_index/parent_prefix_path/robotiq_gripper_moveit_config
[0.313s] -- Symlinking: /home/iclabwill/work/ubuntu22.04_ros2/install/robotiq_gripper_moveit_config/share/robotiq_gripper_moveit_config/environment/ament_prefix_path.sh
[0.316s] -- Symlinking: /home/iclabwill/work/ubuntu22.04_ros2/install/robotiq_gripper_moveit_config/share/robotiq_gripper_moveit_config/environment/ament_prefix_path.dsv
[0.320s] -- Symlinking: /home/iclabwill/work/ubuntu22.04_ros2/install/robotiq_gripper_moveit_config/share/robotiq_gripper_moveit_config/environment/path.sh
[0.323s] -- Symlinking: /home/iclabwill/work/ubuntu22.04_ros2/install/robotiq_gripper_moveit_config/share/robotiq_gripper_moveit_config/environment/path.dsv
[0.327s] -- Symlinking: /home/iclabwill/work/ubuntu22.04_ros2/install/robotiq_gripper_moveit_config/share/robotiq_gripper_moveit_config/local_setup.bash
[0.331s] -- Symlinking: /home/iclabwill/work/ubuntu22.04_ros2/install/robotiq_gripper_moveit_config/share/robotiq_gripper_moveit_config/local_setup.sh
[0.334s] -- Symlinking: /home/iclabwill/work/ubuntu22.04_ros2/install/robotiq_gripper_moveit_config/share/robotiq_gripper_moveit_config/local_setup.zsh
[0.338s] -- Symlinking: /home/iclabwill/work/ubuntu22.04_ros2/install/robotiq_gripper_moveit_config/share/robotiq_gripper_moveit_config/local_setup.dsv
[0.341s] -- Symlinking: /home/iclabwill/work/ubuntu22.04_ros2/install/robotiq_gripper_moveit_config/share/robotiq_gripper_moveit_config/package.dsv
[0.345s] -- Symlinking: /home/iclabwill/work/ubuntu22.04_ros2/install/robotiq_gripper_moveit_config/share/ament_index/resource_index/packages/robotiq_gripper_moveit_config
[0.349s] -- Symlinking: /home/iclabwill/work/ubuntu22.04_ros2/install/robotiq_gripper_moveit_config/share/robotiq_gripper_moveit_config/cmake/robotiq_gripper_moveit_configConfig.cmake
[0.352s] -- Symlinking: /home/iclabwill/work/ubuntu22.04_ros2/install/robotiq_gripper_moveit_config/share/robotiq_gripper_moveit_config/cmake/robotiq_gripper_moveit_configConfig-version.cmake
[0.356s] -- Symlinking: /home/iclabwill/work/ubuntu22.04_ros2/install/robotiq_gripper_moveit_config/share/robotiq_gripper_moveit_config/package.xml
[0.360s] -- Symlinking: /home/iclabwill/work/ubuntu22.04_ros2/install/robotiq_gripper_moveit_config/share/robotiq_gripper_moveit_config/launch/demo.launch.py
[0.363s] -- Symlinking: /home/iclabwill/work/ubuntu22.04_ros2/install/robotiq_gripper_moveit_config/share/robotiq_gripper_moveit_config/launch/move_group.launch.py
[0.367s] -- Symlinking: /home/iclabwill/work/ubuntu22.04_ros2/install/robotiq_gripper_moveit_config/share/robotiq_gripper_moveit_config/launch/moveit_rviz.launch.py
[0.371s] -- Symlinking: /home/iclabwill/work/ubuntu22.04_ros2/install/robotiq_gripper_moveit_config/share/robotiq_gripper_moveit_config/launch/rsp.launch.py
[0.374s] -- Symlinking: /home/iclabwill/work/ubuntu22.04_ros2/install/robotiq_gripper_moveit_config/share/robotiq_gripper_moveit_config/launch/setup_assistant.launch.py
[0.378s] -- Symlinking: /home/iclabwill/work/ubuntu22.04_ros2/install/robotiq_gripper_moveit_config/share/robotiq_gripper_moveit_config/launch/spawn_controllers.launch.py
[0.381s] -- Symlinking: /home/iclabwill/work/ubuntu22.04_ros2/install/robotiq_gripper_moveit_config/share/robotiq_gripper_moveit_config/launch/static_virtual_joint_tfs.launch.py
[0.385s] -- Symlinking: /home/iclabwill/work/ubuntu22.04_ros2/install/robotiq_gripper_moveit_config/share/robotiq_gripper_moveit_config/launch/warehouse_db.launch.py
[0.389s] -- Symlinking: /home/iclabwill/work/ubuntu22.04_ros2/install/robotiq_gripper_moveit_config/share/robotiq_gripper_moveit_config/config/initial_positions.yaml
[0.393s] -- Symlinking: /home/iclabwill/work/ubuntu22.04_ros2/install/robotiq_gripper_moveit_config/share/robotiq_gripper_moveit_config/config/joint_limits.yaml
[0.396s] -- Symlinking: /home/iclabwill/work/ubuntu22.04_ros2/install/robotiq_gripper_moveit_config/share/robotiq_gripper_moveit_config/config/kinematics.yaml
[0.400s] -- Symlinking: /home/iclabwill/work/ubuntu22.04_ros2/install/robotiq_gripper_moveit_config/share/robotiq_gripper_moveit_config/config/moveit.rviz
[0.403s] -- Symlinking: /home/iclabwill/work/ubuntu22.04_ros2/install/robotiq_gripper_moveit_config/share/robotiq_gripper_moveit_config/config/moveit_controllers.yaml
[0.406s] -- Symlinking: /home/iclabwill/work/ubuntu22.04_ros2/install/robotiq_gripper_moveit_config/share/robotiq_gripper_moveit_config/config/pilz_cartesian_limits.yaml
[0.410s] -- Symlinking: /home/iclabwill/work/ubuntu22.04_ros2/install/robotiq_gripper_moveit_config/share/robotiq_gripper_moveit_config/config/robotiq_85_gripper.ros2_control.xacro
[0.414s] -- Symlinking: /home/iclabwill/work/ubuntu22.04_ros2/install/robotiq_gripper_moveit_config/share/robotiq_gripper_moveit_config/config/robotiq_85_gripper.srdf
[0.417s] -- Symlinking: /home/iclabwill/work/ubuntu22.04_ros2/install/robotiq_gripper_moveit_config/share/robotiq_gripper_moveit_config/config/robotiq_85_gripper.urdf.xacro
[0.420s] -- Symlinking: /home/iclabwill/work/ubuntu22.04_ros2/install/robotiq_gripper_moveit_config/share/robotiq_gripper_moveit_config/config/ros2_controllers.yaml
[0.423s] -- Symlinking: /home/iclabwill/work/ubuntu22.04_ros2/install/robotiq_gripper_moveit_config/share/robotiq_gripper_moveit_config/config/sensors_3d.yaml
[0.427s] -- Symlinking: /home/iclabwill/work/ubuntu22.04_ros2/install/robotiq_gripper_moveit_config/share/robotiq_gripper_moveit_config/.setup_assistant
[0.432s] Invoked command in '/home/iclabwill/work/ubuntu22.04_ros2/build/robotiq_gripper_moveit_config' returned '0': AMENT_PREFIX_PATH=/home/iclabwill/work/ubuntu22.04_ros2/install/robotiq_85_description:${AMENT_PREFIX_PATH} CMAKE_PREFIX_PATH=/home/iclabwill/work/ubuntu22.04_ros2/install/robotiq_85_description:/opt/ros/humble /usr/bin/cmake --install /home/iclabwill/work/ubuntu22.04_ros2/build/robotiq_gripper_moveit_config
