[0.007s] Invoking command in '/home/iclabwill/work/ubuntu22.04_ros2/isaac_c/build/robotiq_85_msgs': CMAKE_PREFIX_PATH=/opt/ros/humble /usr/bin/cmake --build /home/iclabwill/work/ubuntu22.04_ros2/isaac_c/build/robotiq_85_msgs -- -j28 -l28
[0.028s] [  2%] Built target robotiq_85_msgs__cpp
[0.029s] [ 12%] Built target robotiq_85_msgs__rosidl_generator_c
[0.033s] [ 12%] Built target ament_cmake_python_symlink_robotiq_85_msgs
[0.039s] [ 23%] Built target robotiq_85_msgs__rosidl_typesupport_introspection_cpp
[0.039s] [ 33%] Built target robotiq_85_msgs__rosidl_typesupport_fastrtps_cpp
[0.041s] [ 43%] Built target robotiq_85_msgs__rosidl_typesupport_c
[0.041s] [ 53%] Built target robotiq_85_msgs__rosidl_typesupport_introspection_c
[0.042s] [ 74%] Built target robotiq_85_msgs__rosidl_typesupport_cpp
[0.042s] [ 74%] Built target robotiq_85_msgs__rosidl_typesupport_fastrtps_c
[0.055s] [ 74%] Built target robotiq_85_msgs
[0.063s] [ 76%] Built target robotiq_85_msgs__py
[0.073s] [ 84%] Built target robotiq_85_msgs__rosidl_generator_py
[0.082s] [100%] Built target robotiq_85_msgs__rosidl_typesupport_c__pyext
[0.082s] [100%] Built target robotiq_85_msgs__rosidl_typesupport_introspection_c__pyext
[0.082s] [100%] Built target robotiq_85_msgs__rosidl_typesupport_fastrtps_c__pyext
[0.138s] running egg_info
[0.139s] writing robotiq_85_msgs.egg-info/PKG-INFO
[0.139s] writing dependency_links to robotiq_85_msgs.egg-info/dependency_links.txt
[0.139s] writing top-level names to robotiq_85_msgs.egg-info/top_level.txt
[0.140s] reading manifest file 'robotiq_85_msgs.egg-info/SOURCES.txt'
[0.140s] writing manifest file 'robotiq_85_msgs.egg-info/SOURCES.txt'
[0.152s] [100%] Built target ament_cmake_python_build_robotiq_85_msgs_egg
[0.157s] Invoked command in '/home/iclabwill/work/ubuntu22.04_ros2/isaac_c/build/robotiq_85_msgs' returned '0': CMAKE_PREFIX_PATH=/opt/ros/humble /usr/bin/cmake --build /home/iclabwill/work/ubuntu22.04_ros2/isaac_c/build/robotiq_85_msgs -- -j28 -l28
[0.186s] Invoking command in '/home/iclabwill/work/ubuntu22.04_ros2/isaac_c/build/robotiq_85_msgs': CMAKE_PREFIX_PATH=/opt/ros/humble /usr/bin/cmake --install /home/iclabwill/work/ubuntu22.04_ros2/isaac_c/build/robotiq_85_msgs
[0.190s] -- Install configuration: ""
[0.190s] -- Execute custom install script
[0.190s] -- Up-to-date symlink: /home/iclabwill/work/ubuntu22.04_ros2/isaac_c/install/robotiq_85_msgs/share/ament_index/resource_index/rosidl_interfaces/robotiq_85_msgs
[0.190s] -- Up-to-date symlink: /home/iclabwill/work/ubuntu22.04_ros2/isaac_c/install/robotiq_85_msgs/include/robotiq_85_msgs/robotiq_85_msgs/msg/detail/gripper_cmd__functions.h
[0.190s] -- Up-to-date symlink: /home/iclabwill/work/ubuntu22.04_ros2/isaac_c/install/robotiq_85_msgs/include/robotiq_85_msgs/robotiq_85_msgs/msg/detail/gripper_cmd__struct.h
[0.190s] -- Up-to-date symlink: /home/iclabwill/work/ubuntu22.04_ros2/isaac_c/install/robotiq_85_msgs/include/robotiq_85_msgs/robotiq_85_msgs/msg/detail/gripper_cmd__type_support.h
[0.190s] -- Up-to-date symlink: /home/iclabwill/work/ubuntu22.04_ros2/isaac_c/install/robotiq_85_msgs/include/robotiq_85_msgs/robotiq_85_msgs/msg/detail/gripper_stat__functions.h
[0.191s] -- Up-to-date symlink: /home/iclabwill/work/ubuntu22.04_ros2/isaac_c/install/robotiq_85_msgs/include/robotiq_85_msgs/robotiq_85_msgs/msg/detail/gripper_stat__struct.h
[0.191s] -- Up-to-date symlink: /home/iclabwill/work/ubuntu22.04_ros2/isaac_c/install/robotiq_85_msgs/include/robotiq_85_msgs/robotiq_85_msgs/msg/detail/gripper_stat__type_support.h
[0.191s] -- Up-to-date symlink: /home/iclabwill/work/ubuntu22.04_ros2/isaac_c/install/robotiq_85_msgs/include/robotiq_85_msgs/robotiq_85_msgs/msg/gripper_cmd.h
[0.191s] -- Up-to-date symlink: /home/iclabwill/work/ubuntu22.04_ros2/isaac_c/install/robotiq_85_msgs/include/robotiq_85_msgs/robotiq_85_msgs/msg/gripper_stat.h
[0.191s] -- Up-to-date symlink: /home/iclabwill/work/ubuntu22.04_ros2/isaac_c/install/robotiq_85_msgs/include/robotiq_85_msgs/robotiq_85_msgs/msg/rosidl_generator_c__visibility_control.h
[0.191s] -- Up-to-date symlink: /home/iclabwill/work/ubuntu22.04_ros2/isaac_c/install/robotiq_85_msgs/share/robotiq_85_msgs/environment/library_path.sh
[0.191s] -- Up-to-date symlink: /home/iclabwill/work/ubuntu22.04_ros2/isaac_c/install/robotiq_85_msgs/share/robotiq_85_msgs/environment/library_path.dsv
[0.191s] -- Up-to-date symlink: /home/iclabwill/work/ubuntu22.04_ros2/isaac_c/install/robotiq_85_msgs/include/robotiq_85_msgs/robotiq_85_msgs/msg/detail/gripper_cmd__rosidl_typesupport_fastrtps_c.h
[0.191s] -- Up-to-date symlink: /home/iclabwill/work/ubuntu22.04_ros2/isaac_c/install/robotiq_85_msgs/include/robotiq_85_msgs/robotiq_85_msgs/msg/detail/gripper_stat__rosidl_typesupport_fastrtps_c.h
[0.191s] -- Up-to-date symlink: /home/iclabwill/work/ubuntu22.04_ros2/isaac_c/install/robotiq_85_msgs/include/robotiq_85_msgs/robotiq_85_msgs/msg/rosidl_typesupport_fastrtps_c__visibility_control.h
[0.191s] -- Up-to-date symlink: /home/iclabwill/work/ubuntu22.04_ros2/isaac_c/install/robotiq_85_msgs/include/robotiq_85_msgs/robotiq_85_msgs/msg/detail/gripper_cmd__builder.hpp
[0.191s] -- Up-to-date symlink: /home/iclabwill/work/ubuntu22.04_ros2/isaac_c/install/robotiq_85_msgs/include/robotiq_85_msgs/robotiq_85_msgs/msg/detail/gripper_cmd__struct.hpp
[0.191s] -- Up-to-date symlink: /home/iclabwill/work/ubuntu22.04_ros2/isaac_c/install/robotiq_85_msgs/include/robotiq_85_msgs/robotiq_85_msgs/msg/detail/gripper_cmd__traits.hpp
[0.191s] -- Up-to-date symlink: /home/iclabwill/work/ubuntu22.04_ros2/isaac_c/install/robotiq_85_msgs/include/robotiq_85_msgs/robotiq_85_msgs/msg/detail/gripper_stat__builder.hpp
[0.191s] -- Up-to-date symlink: /home/iclabwill/work/ubuntu22.04_ros2/isaac_c/install/robotiq_85_msgs/include/robotiq_85_msgs/robotiq_85_msgs/msg/detail/gripper_stat__struct.hpp
[0.191s] -- Up-to-date symlink: /home/iclabwill/work/ubuntu22.04_ros2/isaac_c/install/robotiq_85_msgs/include/robotiq_85_msgs/robotiq_85_msgs/msg/detail/gripper_stat__traits.hpp
[0.191s] -- Up-to-date symlink: /home/iclabwill/work/ubuntu22.04_ros2/isaac_c/install/robotiq_85_msgs/include/robotiq_85_msgs/robotiq_85_msgs/msg/gripper_cmd.hpp
[0.191s] -- Up-to-date symlink: /home/iclabwill/work/ubuntu22.04_ros2/isaac_c/install/robotiq_85_msgs/include/robotiq_85_msgs/robotiq_85_msgs/msg/gripper_stat.hpp
[0.192s] -- Up-to-date symlink: /home/iclabwill/work/ubuntu22.04_ros2/isaac_c/install/robotiq_85_msgs/include/robotiq_85_msgs/robotiq_85_msgs/msg/detail/gripper_cmd__rosidl_typesupport_fastrtps_cpp.hpp
[0.192s] -- Up-to-date symlink: /home/iclabwill/work/ubuntu22.04_ros2/isaac_c/install/robotiq_85_msgs/include/robotiq_85_msgs/robotiq_85_msgs/msg/detail/gripper_stat__rosidl_typesupport_fastrtps_cpp.hpp
[0.192s] -- Up-to-date symlink: /home/iclabwill/work/ubuntu22.04_ros2/isaac_c/install/robotiq_85_msgs/include/robotiq_85_msgs/robotiq_85_msgs/msg/rosidl_typesupport_fastrtps_cpp__visibility_control.h
[0.192s] -- Up-to-date symlink: /home/iclabwill/work/ubuntu22.04_ros2/isaac_c/install/robotiq_85_msgs/include/robotiq_85_msgs/robotiq_85_msgs/msg/detail/gripper_cmd__rosidl_typesupport_introspection_c.h
[0.192s] -- Up-to-date symlink: /home/iclabwill/work/ubuntu22.04_ros2/isaac_c/install/robotiq_85_msgs/include/robotiq_85_msgs/robotiq_85_msgs/msg/detail/gripper_stat__rosidl_typesupport_introspection_c.h
[0.192s] -- Up-to-date symlink: /home/iclabwill/work/ubuntu22.04_ros2/isaac_c/install/robotiq_85_msgs/include/robotiq_85_msgs/robotiq_85_msgs/msg/rosidl_typesupport_introspection_c__visibility_control.h
[0.192s] -- Up-to-date symlink: /home/iclabwill/work/ubuntu22.04_ros2/isaac_c/install/robotiq_85_msgs/include/robotiq_85_msgs/robotiq_85_msgs/msg/detail/gripper_cmd__rosidl_typesupport_introspection_cpp.hpp
[0.192s] -- Up-to-date symlink: /home/iclabwill/work/ubuntu22.04_ros2/isaac_c/install/robotiq_85_msgs/include/robotiq_85_msgs/robotiq_85_msgs/msg/detail/gripper_stat__rosidl_typesupport_introspection_cpp.hpp
[0.192s] -- Up-to-date symlink: /home/iclabwill/work/ubuntu22.04_ros2/isaac_c/install/robotiq_85_msgs/share/robotiq_85_msgs/environment/pythonpath.sh
[0.192s] -- Up-to-date symlink: /home/iclabwill/work/ubuntu22.04_ros2/isaac_c/install/robotiq_85_msgs/share/robotiq_85_msgs/environment/pythonpath.dsv
[0.192s] -- Up-to-date symlink: /home/iclabwill/work/ubuntu22.04_ros2/isaac_c/install/robotiq_85_msgs/local/lib/python3.10/dist-packages/robotiq_85_msgs-1.0.1-py3.10.egg-info/PKG-INFO
[0.192s] -- Up-to-date symlink: /home/iclabwill/work/ubuntu22.04_ros2/isaac_c/install/robotiq_85_msgs/local/lib/python3.10/dist-packages/robotiq_85_msgs-1.0.1-py3.10.egg-info/SOURCES.txt
[0.192s] -- Up-to-date symlink: /home/iclabwill/work/ubuntu22.04_ros2/isaac_c/install/robotiq_85_msgs/local/lib/python3.10/dist-packages/robotiq_85_msgs-1.0.1-py3.10.egg-info/dependency_links.txt
[0.193s] -- Up-to-date symlink: /home/iclabwill/work/ubuntu22.04_ros2/isaac_c/install/robotiq_85_msgs/local/lib/python3.10/dist-packages/robotiq_85_msgs-1.0.1-py3.10.egg-info/top_level.txt
[0.193s] -- Up-to-date symlink: /home/iclabwill/work/ubuntu22.04_ros2/isaac_c/install/robotiq_85_msgs/local/lib/python3.10/dist-packages/robotiq_85_msgs/__init__.py
[0.193s] -- Up-to-date symlink: /home/iclabwill/work/ubuntu22.04_ros2/isaac_c/install/robotiq_85_msgs/local/lib/python3.10/dist-packages/robotiq_85_msgs/_robotiq_85_msgs_s.ep.rosidl_typesupport_c.c
[0.193s] -- Up-to-date symlink: /home/iclabwill/work/ubuntu22.04_ros2/isaac_c/install/robotiq_85_msgs/local/lib/python3.10/dist-packages/robotiq_85_msgs/_robotiq_85_msgs_s.ep.rosidl_typesupport_fastrtps_c.c
[0.193s] -- Up-to-date symlink: /home/iclabwill/work/ubuntu22.04_ros2/isaac_c/install/robotiq_85_msgs/local/lib/python3.10/dist-packages/robotiq_85_msgs/_robotiq_85_msgs_s.ep.rosidl_typesupport_introspection_c.c
[0.193s] -- Up-to-date symlink: /home/iclabwill/work/ubuntu22.04_ros2/isaac_c/install/robotiq_85_msgs/local/lib/python3.10/dist-packages/robotiq_85_msgs/librobotiq_85_msgs__rosidl_generator_py.so
[0.193s] -- Up-to-date symlink: /home/iclabwill/work/ubuntu22.04_ros2/isaac_c/install/robotiq_85_msgs/local/lib/python3.10/dist-packages/robotiq_85_msgs/msg/__init__.py
[0.193s] -- Up-to-date symlink: /home/iclabwill/work/ubuntu22.04_ros2/isaac_c/install/robotiq_85_msgs/local/lib/python3.10/dist-packages/robotiq_85_msgs/msg/_gripper_cmd.py
[0.193s] -- Up-to-date symlink: /home/iclabwill/work/ubuntu22.04_ros2/isaac_c/install/robotiq_85_msgs/local/lib/python3.10/dist-packages/robotiq_85_msgs/msg/_gripper_cmd_s.c
[0.193s] -- Up-to-date symlink: /home/iclabwill/work/ubuntu22.04_ros2/isaac_c/install/robotiq_85_msgs/local/lib/python3.10/dist-packages/robotiq_85_msgs/msg/_gripper_stat.py
[0.193s] -- Up-to-date symlink: /home/iclabwill/work/ubuntu22.04_ros2/isaac_c/install/robotiq_85_msgs/local/lib/python3.10/dist-packages/robotiq_85_msgs/msg/_gripper_stat_s.c
[0.193s] -- Up-to-date symlink: /home/iclabwill/work/ubuntu22.04_ros2/isaac_c/install/robotiq_85_msgs/local/lib/python3.10/dist-packages/robotiq_85_msgs/robotiq_85_msgs_s__rosidl_typesupport_c.cpython-310-x86_64-linux-gnu.so
[0.193s] -- Up-to-date symlink: /home/iclabwill/work/ubuntu22.04_ros2/isaac_c/install/robotiq_85_msgs/local/lib/python3.10/dist-packages/robotiq_85_msgs/robotiq_85_msgs_s__rosidl_typesupport_fastrtps_c.cpython-310-x86_64-linux-gnu.so
[0.193s] -- Up-to-date symlink: /home/iclabwill/work/ubuntu22.04_ros2/isaac_c/install/robotiq_85_msgs/local/lib/python3.10/dist-packages/robotiq_85_msgs/robotiq_85_msgs_s__rosidl_typesupport_introspection_c.cpython-310-x86_64-linux-gnu.so
[0.193s] -- Up-to-date symlink: /home/iclabwill/work/ubuntu22.04_ros2/isaac_c/install/robotiq_85_msgs/local/lib/python3.10/dist-packages/robotiq_85_msgs/robotiq_85_msgs_s__rosidl_typesupport_fastrtps_c.cpython-310-x86_64-linux-gnu.so
[0.193s] -- Up-to-date symlink: /home/iclabwill/work/ubuntu22.04_ros2/isaac_c/install/robotiq_85_msgs/local/lib/python3.10/dist-packages/robotiq_85_msgs/robotiq_85_msgs_s__rosidl_typesupport_introspection_c.cpython-310-x86_64-linux-gnu.so
[0.194s] -- Up-to-date symlink: /home/iclabwill/work/ubuntu22.04_ros2/isaac_c/install/robotiq_85_msgs/local/lib/python3.10/dist-packages/robotiq_85_msgs/robotiq_85_msgs_s__rosidl_typesupport_c.cpython-310-x86_64-linux-gnu.so
[0.194s] -- Up-to-date symlink: /home/iclabwill/work/ubuntu22.04_ros2/isaac_c/install/robotiq_85_msgs/share/robotiq_85_msgs/msg/GripperCmd.idl
[0.194s] -- Up-to-date symlink: /home/iclabwill/work/ubuntu22.04_ros2/isaac_c/install/robotiq_85_msgs/share/robotiq_85_msgs/msg/GripperStat.idl
[0.194s] -- Up-to-date symlink: /home/iclabwill/work/ubuntu22.04_ros2/isaac_c/install/robotiq_85_msgs/share/robotiq_85_msgs/msg/GripperCmd.msg
[0.194s] -- Up-to-date symlink: /home/iclabwill/work/ubuntu22.04_ros2/isaac_c/install/robotiq_85_msgs/share/robotiq_85_msgs/msg/GripperStat.msg
[0.194s] -- Up-to-date symlink: /home/iclabwill/work/ubuntu22.04_ros2/isaac_c/install/robotiq_85_msgs/share/ament_index/resource_index/package_run_dependencies/robotiq_85_msgs
[0.194s] -- Up-to-date symlink: /home/iclabwill/work/ubuntu22.04_ros2/isaac_c/install/robotiq_85_msgs/share/ament_index/resource_index/parent_prefix_path/robotiq_85_msgs
[0.194s] -- Up-to-date symlink: /home/iclabwill/work/ubuntu22.04_ros2/isaac_c/install/robotiq_85_msgs/share/robotiq_85_msgs/environment/ament_prefix_path.sh
[0.194s] -- Up-to-date symlink: /home/iclabwill/work/ubuntu22.04_ros2/isaac_c/install/robotiq_85_msgs/share/robotiq_85_msgs/environment/ament_prefix_path.dsv
[0.194s] -- Up-to-date symlink: /home/iclabwill/work/ubuntu22.04_ros2/isaac_c/install/robotiq_85_msgs/share/robotiq_85_msgs/environment/path.sh
[0.194s] -- Up-to-date symlink: /home/iclabwill/work/ubuntu22.04_ros2/isaac_c/install/robotiq_85_msgs/share/robotiq_85_msgs/environment/path.dsv
[0.194s] -- Up-to-date symlink: /home/iclabwill/work/ubuntu22.04_ros2/isaac_c/install/robotiq_85_msgs/share/robotiq_85_msgs/local_setup.bash
[0.194s] -- Up-to-date symlink: /home/iclabwill/work/ubuntu22.04_ros2/isaac_c/install/robotiq_85_msgs/share/robotiq_85_msgs/local_setup.sh
[0.194s] -- Up-to-date symlink: /home/iclabwill/work/ubuntu22.04_ros2/isaac_c/install/robotiq_85_msgs/share/robotiq_85_msgs/local_setup.zsh
[0.194s] -- Up-to-date symlink: /home/iclabwill/work/ubuntu22.04_ros2/isaac_c/install/robotiq_85_msgs/share/robotiq_85_msgs/local_setup.dsv
[0.194s] -- Symlinking: /home/iclabwill/work/ubuntu22.04_ros2/isaac_c/install/robotiq_85_msgs/share/robotiq_85_msgs/package.dsv
[0.198s] -- Up-to-date symlink: /home/iclabwill/work/ubuntu22.04_ros2/isaac_c/install/robotiq_85_msgs/share/ament_index/resource_index/packages/robotiq_85_msgs
[0.198s] -- Up-to-date symlink: /home/iclabwill/work/ubuntu22.04_ros2/isaac_c/install/robotiq_85_msgs/share/robotiq_85_msgs/cmake/rosidl_cmake-extras.cmake
[0.198s] -- Up-to-date symlink: /home/iclabwill/work/ubuntu22.04_ros2/isaac_c/install/robotiq_85_msgs/share/robotiq_85_msgs/cmake/ament_cmake_export_dependencies-extras.cmake
[0.198s] -- Up-to-date symlink: /home/iclabwill/work/ubuntu22.04_ros2/isaac_c/install/robotiq_85_msgs/share/robotiq_85_msgs/cmake/ament_cmake_export_include_directories-extras.cmake
[0.198s] -- Up-to-date symlink: /home/iclabwill/work/ubuntu22.04_ros2/isaac_c/install/robotiq_85_msgs/share/robotiq_85_msgs/cmake/ament_cmake_export_libraries-extras.cmake
[0.198s] -- Up-to-date symlink: /home/iclabwill/work/ubuntu22.04_ros2/isaac_c/install/robotiq_85_msgs/share/robotiq_85_msgs/cmake/ament_cmake_export_targets-extras.cmake
[0.199s] -- Up-to-date symlink: /home/iclabwill/work/ubuntu22.04_ros2/isaac_c/install/robotiq_85_msgs/share/robotiq_85_msgs/cmake/rosidl_cmake_export_typesupport_targets-extras.cmake
[0.199s] -- Up-to-date symlink: /home/iclabwill/work/ubuntu22.04_ros2/isaac_c/install/robotiq_85_msgs/share/robotiq_85_msgs/cmake/rosidl_cmake_export_typesupport_libraries-extras.cmake
[0.199s] -- Up-to-date symlink: /home/iclabwill/work/ubuntu22.04_ros2/isaac_c/install/robotiq_85_msgs/share/robotiq_85_msgs/cmake/robotiq_85_msgsConfig.cmake
[0.199s] -- Up-to-date symlink: /home/iclabwill/work/ubuntu22.04_ros2/isaac_c/install/robotiq_85_msgs/share/robotiq_85_msgs/cmake/robotiq_85_msgsConfig-version.cmake
[0.199s] -- Up-to-date symlink: /home/iclabwill/work/ubuntu22.04_ros2/isaac_c/install/robotiq_85_msgs/share/robotiq_85_msgs/package.xml
[0.199s] -- Up-to-date: /home/iclabwill/work/ubuntu22.04_ros2/isaac_c/install/robotiq_85_msgs/lib/librobotiq_85_msgs__rosidl_generator_c.so
[0.199s] -- Up-to-date: /home/iclabwill/work/ubuntu22.04_ros2/isaac_c/install/robotiq_85_msgs/lib/librobotiq_85_msgs__rosidl_typesupport_fastrtps_c.so
[0.199s] -- Up-to-date: /home/iclabwill/work/ubuntu22.04_ros2/isaac_c/install/robotiq_85_msgs/lib/librobotiq_85_msgs__rosidl_typesupport_fastrtps_cpp.so
[0.199s] -- Up-to-date: /home/iclabwill/work/ubuntu22.04_ros2/isaac_c/install/robotiq_85_msgs/lib/librobotiq_85_msgs__rosidl_typesupport_introspection_c.so
[0.199s] -- Up-to-date: /home/iclabwill/work/ubuntu22.04_ros2/isaac_c/install/robotiq_85_msgs/lib/librobotiq_85_msgs__rosidl_typesupport_c.so
[0.199s] -- Up-to-date: /home/iclabwill/work/ubuntu22.04_ros2/isaac_c/install/robotiq_85_msgs/lib/librobotiq_85_msgs__rosidl_typesupport_introspection_cpp.so
[0.199s] -- Up-to-date: /home/iclabwill/work/ubuntu22.04_ros2/isaac_c/install/robotiq_85_msgs/lib/librobotiq_85_msgs__rosidl_typesupport_cpp.so
[0.215s] Listing '/home/iclabwill/work/ubuntu22.04_ros2/isaac_c/install/robotiq_85_msgs/local/lib/python3.10/dist-packages/robotiq_85_msgs'...
[0.215s] Listing '/home/iclabwill/work/ubuntu22.04_ros2/isaac_c/install/robotiq_85_msgs/local/lib/python3.10/dist-packages/robotiq_85_msgs/msg'...
[0.217s] -- Up-to-date: /home/iclabwill/work/ubuntu22.04_ros2/isaac_c/install/robotiq_85_msgs/lib/librobotiq_85_msgs__rosidl_generator_py.so
[0.217s] -- Up-to-date: /home/iclabwill/work/ubuntu22.04_ros2/isaac_c/install/robotiq_85_msgs/share/robotiq_85_msgs/cmake/export_robotiq_85_msgs__rosidl_generator_cExport.cmake
[0.217s] -- Up-to-date: /home/iclabwill/work/ubuntu22.04_ros2/isaac_c/install/robotiq_85_msgs/share/robotiq_85_msgs/cmake/export_robotiq_85_msgs__rosidl_generator_cExport-noconfig.cmake
[0.217s] -- Up-to-date: /home/iclabwill/work/ubuntu22.04_ros2/isaac_c/install/robotiq_85_msgs/share/robotiq_85_msgs/cmake/export_robotiq_85_msgs__rosidl_typesupport_fastrtps_cExport.cmake
[0.217s] -- Up-to-date: /home/iclabwill/work/ubuntu22.04_ros2/isaac_c/install/robotiq_85_msgs/share/robotiq_85_msgs/cmake/export_robotiq_85_msgs__rosidl_typesupport_fastrtps_cExport-noconfig.cmake
[0.217s] -- Up-to-date: /home/iclabwill/work/ubuntu22.04_ros2/isaac_c/install/robotiq_85_msgs/share/robotiq_85_msgs/cmake/export_robotiq_85_msgs__rosidl_generator_cppExport.cmake
[0.217s] -- Up-to-date: /home/iclabwill/work/ubuntu22.04_ros2/isaac_c/install/robotiq_85_msgs/share/robotiq_85_msgs/cmake/export_robotiq_85_msgs__rosidl_typesupport_fastrtps_cppExport.cmake
[0.217s] -- Up-to-date: /home/iclabwill/work/ubuntu22.04_ros2/isaac_c/install/robotiq_85_msgs/share/robotiq_85_msgs/cmake/export_robotiq_85_msgs__rosidl_typesupport_fastrtps_cppExport-noconfig.cmake
[0.217s] -- Up-to-date: /home/iclabwill/work/ubuntu22.04_ros2/isaac_c/install/robotiq_85_msgs/share/robotiq_85_msgs/cmake/robotiq_85_msgs__rosidl_typesupport_introspection_cExport.cmake
[0.217s] -- Up-to-date: /home/iclabwill/work/ubuntu22.04_ros2/isaac_c/install/robotiq_85_msgs/share/robotiq_85_msgs/cmake/robotiq_85_msgs__rosidl_typesupport_introspection_cExport-noconfig.cmake
[0.217s] -- Up-to-date: /home/iclabwill/work/ubuntu22.04_ros2/isaac_c/install/robotiq_85_msgs/share/robotiq_85_msgs/cmake/robotiq_85_msgs__rosidl_typesupport_cExport.cmake
[0.217s] -- Up-to-date: /home/iclabwill/work/ubuntu22.04_ros2/isaac_c/install/robotiq_85_msgs/share/robotiq_85_msgs/cmake/robotiq_85_msgs__rosidl_typesupport_cExport-noconfig.cmake
[0.217s] -- Up-to-date: /home/iclabwill/work/ubuntu22.04_ros2/isaac_c/install/robotiq_85_msgs/share/robotiq_85_msgs/cmake/robotiq_85_msgs__rosidl_typesupport_introspection_cppExport.cmake
[0.217s] -- Up-to-date: /home/iclabwill/work/ubuntu22.04_ros2/isaac_c/install/robotiq_85_msgs/share/robotiq_85_msgs/cmake/robotiq_85_msgs__rosidl_typesupport_introspection_cppExport-noconfig.cmake
[0.217s] -- Up-to-date: /home/iclabwill/work/ubuntu22.04_ros2/isaac_c/install/robotiq_85_msgs/share/robotiq_85_msgs/cmake/robotiq_85_msgs__rosidl_typesupport_cppExport.cmake
[0.218s] -- Up-to-date: /home/iclabwill/work/ubuntu22.04_ros2/isaac_c/install/robotiq_85_msgs/share/robotiq_85_msgs/cmake/robotiq_85_msgs__rosidl_typesupport_cppExport-noconfig.cmake
[0.218s] -- Up-to-date: /home/iclabwill/work/ubuntu22.04_ros2/isaac_c/install/robotiq_85_msgs/share/robotiq_85_msgs/cmake/export_robotiq_85_msgs__rosidl_generator_pyExport.cmake
[0.218s] -- Up-to-date: /home/iclabwill/work/ubuntu22.04_ros2/isaac_c/install/robotiq_85_msgs/share/robotiq_85_msgs/cmake/export_robotiq_85_msgs__rosidl_generator_pyExport-noconfig.cmake
[0.219s] Invoked command in '/home/iclabwill/work/ubuntu22.04_ros2/isaac_c/build/robotiq_85_msgs' returned '0': CMAKE_PREFIX_PATH=/opt/ros/humble /usr/bin/cmake --install /home/iclabwill/work/ubuntu22.04_ros2/isaac_c/build/robotiq_85_msgs
