[0.010s] Invoking command in '/home/iclabwill/work/ubuntu22.04_ros2/isaac_c/build/robotiq_85_msgs': CMAKE_PREFIX_PATH=/opt/ros/humble /usr/bin/cmake --build /home/iclabwill/work/ubuntu22.04_ros2/isaac_c/build/robotiq_85_msgs -- -j28 -l28
[0.045s] [  2%] Built target robotiq_85_msgs__cpp
[0.045s] [  2%] Built target ament_cmake_python_symlink_robotiq_85_msgs
[0.045s] [ 12%] Built target robotiq_85_msgs__rosidl_generator_c
[0.062s] [ 23%] Built target robotiq_85_msgs__rosidl_typesupport_c
[0.063s] [ 33%] Built target robotiq_85_msgs__rosidl_typesupport_fastrtps_cpp
[0.063s] [ 43%] Built target robotiq_85_msgs__rosidl_typesupport_cpp
[0.063s] [ 53%] Built target robotiq_85_msgs__rosidl_typesupport_introspection_c
[0.064s] [ 64%] Built target robotiq_85_msgs__rosidl_typesupport_introspection_cpp
[0.064s] [ 74%] Built target robotiq_85_msgs__rosidl_typesupport_fastrtps_c
[0.075s] [ 74%] Built target robotiq_85_msgs
[0.084s] [ 76%] Built target robotiq_85_msgs__py
[0.097s] [ 84%] Built target robotiq_85_msgs__rosidl_generator_py
[0.109s] [ 89%] Built target robotiq_85_msgs__rosidl_typesupport_fastrtps_c__pyext
[0.109s] [ 94%] Built target robotiq_85_msgs__rosidl_typesupport_c__pyext
[0.109s] [100%] Built target robotiq_85_msgs__rosidl_typesupport_introspection_c__pyext
[0.165s] running egg_info
[0.165s] writing robotiq_85_msgs.egg-info/PKG-INFO
[0.166s] writing dependency_links to robotiq_85_msgs.egg-info/dependency_links.txt
[0.166s] writing top-level names to robotiq_85_msgs.egg-info/top_level.txt
[0.167s] reading manifest file 'robotiq_85_msgs.egg-info/SOURCES.txt'
[0.167s] writing manifest file 'robotiq_85_msgs.egg-info/SOURCES.txt'
[0.179s] [100%] Built target ament_cmake_python_build_robotiq_85_msgs_egg
[0.189s] Invoked command in '/home/iclabwill/work/ubuntu22.04_ros2/isaac_c/build/robotiq_85_msgs' returned '0': CMAKE_PREFIX_PATH=/opt/ros/humble /usr/bin/cmake --build /home/iclabwill/work/ubuntu22.04_ros2/isaac_c/build/robotiq_85_msgs -- -j28 -l28
[0.228s] Invoking command in '/home/iclabwill/work/ubuntu22.04_ros2/isaac_c/build/robotiq_85_msgs': CMAKE_PREFIX_PATH=/opt/ros/humble /usr/bin/cmake --install /home/iclabwill/work/ubuntu22.04_ros2/isaac_c/build/robotiq_85_msgs
[0.238s] -- Install configuration: ""
[0.239s] -- Execute custom install script
[0.240s] -- Up-to-date symlink: /home/iclabwill/work/ubuntu22.04_ros2/isaac_c/install/robotiq_85_msgs/share/ament_index/resource_index/rosidl_interfaces/robotiq_85_msgs
[0.241s] -- Up-to-date symlink: /home/iclabwill/work/ubuntu22.04_ros2/isaac_c/install/robotiq_85_msgs/include/robotiq_85_msgs/robotiq_85_msgs/msg/detail/gripper_cmd__functions.h
[0.241s] -- Up-to-date symlink: /home/iclabwill/work/ubuntu22.04_ros2/isaac_c/install/robotiq_85_msgs/include/robotiq_85_msgs/robotiq_85_msgs/msg/detail/gripper_cmd__struct.h
[0.241s] -- Up-to-date symlink: /home/iclabwill/work/ubuntu22.04_ros2/isaac_c/install/robotiq_85_msgs/include/robotiq_85_msgs/robotiq_85_msgs/msg/detail/gripper_cmd__type_support.h
[0.241s] -- Up-to-date symlink: /home/iclabwill/work/ubuntu22.04_ros2/isaac_c/install/robotiq_85_msgs/include/robotiq_85_msgs/robotiq_85_msgs/msg/detail/gripper_stat__functions.h
[0.241s] -- Up-to-date symlink: /home/iclabwill/work/ubuntu22.04_ros2/isaac_c/install/robotiq_85_msgs/include/robotiq_85_msgs/robotiq_85_msgs/msg/detail/gripper_stat__struct.h
[0.242s] -- Up-to-date symlink: /home/iclabwill/work/ubuntu22.04_ros2/isaac_c/install/robotiq_85_msgs/include/robotiq_85_msgs/robotiq_85_msgs/msg/detail/gripper_stat__type_support.h
[0.242s] -- Up-to-date symlink: /home/iclabwill/work/ubuntu22.04_ros2/isaac_c/install/robotiq_85_msgs/include/robotiq_85_msgs/robotiq_85_msgs/msg/gripper_cmd.h
[0.242s] -- Up-to-date symlink: /home/iclabwill/work/ubuntu22.04_ros2/isaac_c/install/robotiq_85_msgs/include/robotiq_85_msgs/robotiq_85_msgs/msg/gripper_stat.h
[0.242s] -- Up-to-date symlink: /home/iclabwill/work/ubuntu22.04_ros2/isaac_c/install/robotiq_85_msgs/include/robotiq_85_msgs/robotiq_85_msgs/msg/rosidl_generator_c__visibility_control.h
[0.242s] -- Up-to-date symlink: /home/iclabwill/work/ubuntu22.04_ros2/isaac_c/install/robotiq_85_msgs/share/robotiq_85_msgs/environment/library_path.sh
[0.242s] -- Up-to-date symlink: /home/iclabwill/work/ubuntu22.04_ros2/isaac_c/install/robotiq_85_msgs/share/robotiq_85_msgs/environment/library_path.dsv
[0.243s] -- Up-to-date symlink: /home/iclabwill/work/ubuntu22.04_ros2/isaac_c/install/robotiq_85_msgs/include/robotiq_85_msgs/robotiq_85_msgs/msg/detail/gripper_cmd__rosidl_typesupport_fastrtps_c.h
[0.243s] -- Up-to-date symlink: /home/iclabwill/work/ubuntu22.04_ros2/isaac_c/install/robotiq_85_msgs/include/robotiq_85_msgs/robotiq_85_msgs/msg/detail/gripper_stat__rosidl_typesupport_fastrtps_c.h
[0.243s] -- Up-to-date symlink: /home/iclabwill/work/ubuntu22.04_ros2/isaac_c/install/robotiq_85_msgs/include/robotiq_85_msgs/robotiq_85_msgs/msg/rosidl_typesupport_fastrtps_c__visibility_control.h
[0.244s] -- Up-to-date symlink: /home/iclabwill/work/ubuntu22.04_ros2/isaac_c/install/robotiq_85_msgs/include/robotiq_85_msgs/robotiq_85_msgs/msg/detail/gripper_cmd__builder.hpp
[0.244s] -- Up-to-date symlink: /home/iclabwill/work/ubuntu22.04_ros2/isaac_c/install/robotiq_85_msgs/include/robotiq_85_msgs/robotiq_85_msgs/msg/detail/gripper_cmd__struct.hpp
[0.244s] -- Up-to-date symlink: /home/iclabwill/work/ubuntu22.04_ros2/isaac_c/install/robotiq_85_msgs/include/robotiq_85_msgs/robotiq_85_msgs/msg/detail/gripper_cmd__traits.hpp
[0.244s] -- Up-to-date symlink: /home/iclabwill/work/ubuntu22.04_ros2/isaac_c/install/robotiq_85_msgs/include/robotiq_85_msgs/robotiq_85_msgs/msg/detail/gripper_stat__builder.hpp
[0.245s] -- Up-to-date symlink: /home/iclabwill/work/ubuntu22.04_ros2/isaac_c/install/robotiq_85_msgs/include/robotiq_85_msgs/robotiq_85_msgs/msg/detail/gripper_stat__struct.hpp
[0.245s] -- Up-to-date symlink: /home/iclabwill/work/ubuntu22.04_ros2/isaac_c/install/robotiq_85_msgs/include/robotiq_85_msgs/robotiq_85_msgs/msg/detail/gripper_stat__traits.hpp
[0.245s] -- Up-to-date symlink: /home/iclabwill/work/ubuntu22.04_ros2/isaac_c/install/robotiq_85_msgs/include/robotiq_85_msgs/robotiq_85_msgs/msg/gripper_cmd.hpp
[0.245s] -- Up-to-date symlink: /home/iclabwill/work/ubuntu22.04_ros2/isaac_c/install/robotiq_85_msgs/include/robotiq_85_msgs/robotiq_85_msgs/msg/gripper_stat.hpp
[0.246s] -- Up-to-date symlink: /home/iclabwill/work/ubuntu22.04_ros2/isaac_c/install/robotiq_85_msgs/include/robotiq_85_msgs/robotiq_85_msgs/msg/detail/gripper_cmd__rosidl_typesupport_fastrtps_cpp.hpp
[0.246s] -- Up-to-date symlink: /home/iclabwill/work/ubuntu22.04_ros2/isaac_c/install/robotiq_85_msgs/include/robotiq_85_msgs/robotiq_85_msgs/msg/detail/gripper_stat__rosidl_typesupport_fastrtps_cpp.hpp
[0.246s] -- Up-to-date symlink: /home/iclabwill/work/ubuntu22.04_ros2/isaac_c/install/robotiq_85_msgs/include/robotiq_85_msgs/robotiq_85_msgs/msg/rosidl_typesupport_fastrtps_cpp__visibility_control.h
[0.247s] -- Up-to-date symlink: /home/iclabwill/work/ubuntu22.04_ros2/isaac_c/install/robotiq_85_msgs/include/robotiq_85_msgs/robotiq_85_msgs/msg/detail/gripper_cmd__rosidl_typesupport_introspection_c.h
[0.247s] -- Up-to-date symlink: /home/iclabwill/work/ubuntu22.04_ros2/isaac_c/install/robotiq_85_msgs/include/robotiq_85_msgs/robotiq_85_msgs/msg/detail/gripper_stat__rosidl_typesupport_introspection_c.h
[0.247s] -- Up-to-date symlink: /home/iclabwill/work/ubuntu22.04_ros2/isaac_c/install/robotiq_85_msgs/include/robotiq_85_msgs/robotiq_85_msgs/msg/rosidl_typesupport_introspection_c__visibility_control.h
[0.248s] -- Up-to-date symlink: /home/iclabwill/work/ubuntu22.04_ros2/isaac_c/install/robotiq_85_msgs/include/robotiq_85_msgs/robotiq_85_msgs/msg/detail/gripper_cmd__rosidl_typesupport_introspection_cpp.hpp
[0.248s] -- Up-to-date symlink: /home/iclabwill/work/ubuntu22.04_ros2/isaac_c/install/robotiq_85_msgs/include/robotiq_85_msgs/robotiq_85_msgs/msg/detail/gripper_stat__rosidl_typesupport_introspection_cpp.hpp
[0.248s] -- Up-to-date symlink: /home/iclabwill/work/ubuntu22.04_ros2/isaac_c/install/robotiq_85_msgs/share/robotiq_85_msgs/environment/pythonpath.sh
[0.248s] -- Up-to-date symlink: /home/iclabwill/work/ubuntu22.04_ros2/isaac_c/install/robotiq_85_msgs/share/robotiq_85_msgs/environment/pythonpath.dsv
[0.249s] -- Up-to-date symlink: /home/iclabwill/work/ubuntu22.04_ros2/isaac_c/install/robotiq_85_msgs/local/lib/python3.10/dist-packages/robotiq_85_msgs-1.0.1-py3.10.egg-info/PKG-INFO
[0.250s] -- Up-to-date symlink: /home/iclabwill/work/ubuntu22.04_ros2/isaac_c/install/robotiq_85_msgs/local/lib/python3.10/dist-packages/robotiq_85_msgs-1.0.1-py3.10.egg-info/SOURCES.txt
[0.250s] -- Up-to-date symlink: /home/iclabwill/work/ubuntu22.04_ros2/isaac_c/install/robotiq_85_msgs/local/lib/python3.10/dist-packages/robotiq_85_msgs-1.0.1-py3.10.egg-info/dependency_links.txt
[0.250s] -- Up-to-date symlink: /home/iclabwill/work/ubuntu22.04_ros2/isaac_c/install/robotiq_85_msgs/local/lib/python3.10/dist-packages/robotiq_85_msgs-1.0.1-py3.10.egg-info/top_level.txt
[0.251s] -- Up-to-date symlink: /home/iclabwill/work/ubuntu22.04_ros2/isaac_c/install/robotiq_85_msgs/local/lib/python3.10/dist-packages/robotiq_85_msgs/__init__.py
[0.251s] -- Up-to-date symlink: /home/iclabwill/work/ubuntu22.04_ros2/isaac_c/install/robotiq_85_msgs/local/lib/python3.10/dist-packages/robotiq_85_msgs/_robotiq_85_msgs_s.ep.rosidl_typesupport_c.c
[0.251s] -- Up-to-date symlink: /home/iclabwill/work/ubuntu22.04_ros2/isaac_c/install/robotiq_85_msgs/local/lib/python3.10/dist-packages/robotiq_85_msgs/_robotiq_85_msgs_s.ep.rosidl_typesupport_fastrtps_c.c
[0.252s] -- Up-to-date symlink: /home/iclabwill/work/ubuntu22.04_ros2/isaac_c/install/robotiq_85_msgs/local/lib/python3.10/dist-packages/robotiq_85_msgs/_robotiq_85_msgs_s.ep.rosidl_typesupport_introspection_c.c
[0.252s] -- Up-to-date symlink: /home/iclabwill/work/ubuntu22.04_ros2/isaac_c/install/robotiq_85_msgs/local/lib/python3.10/dist-packages/robotiq_85_msgs/librobotiq_85_msgs__rosidl_generator_py.so
[0.252s] -- Up-to-date symlink: /home/iclabwill/work/ubuntu22.04_ros2/isaac_c/install/robotiq_85_msgs/local/lib/python3.10/dist-packages/robotiq_85_msgs/msg/__init__.py
[0.252s] -- Up-to-date symlink: /home/iclabwill/work/ubuntu22.04_ros2/isaac_c/install/robotiq_85_msgs/local/lib/python3.10/dist-packages/robotiq_85_msgs/msg/_gripper_cmd.py
[0.253s] -- Up-to-date symlink: /home/iclabwill/work/ubuntu22.04_ros2/isaac_c/install/robotiq_85_msgs/local/lib/python3.10/dist-packages/robotiq_85_msgs/msg/_gripper_cmd_s.c
[0.253s] -- Up-to-date symlink: /home/iclabwill/work/ubuntu22.04_ros2/isaac_c/install/robotiq_85_msgs/local/lib/python3.10/dist-packages/robotiq_85_msgs/msg/_gripper_stat.py
[0.253s] -- Up-to-date symlink: /home/iclabwill/work/ubuntu22.04_ros2/isaac_c/install/robotiq_85_msgs/local/lib/python3.10/dist-packages/robotiq_85_msgs/msg/_gripper_stat_s.c
[0.253s] -- Up-to-date symlink: /home/iclabwill/work/ubuntu22.04_ros2/isaac_c/install/robotiq_85_msgs/local/lib/python3.10/dist-packages/robotiq_85_msgs/robotiq_85_msgs_s__rosidl_typesupport_c.cpython-310-x86_64-linux-gnu.so
[0.253s] -- Up-to-date symlink: /home/iclabwill/work/ubuntu22.04_ros2/isaac_c/install/robotiq_85_msgs/local/lib/python3.10/dist-packages/robotiq_85_msgs/robotiq_85_msgs_s__rosidl_typesupport_fastrtps_c.cpython-310-x86_64-linux-gnu.so
[0.254s] -- Up-to-date symlink: /home/iclabwill/work/ubuntu22.04_ros2/isaac_c/install/robotiq_85_msgs/local/lib/python3.10/dist-packages/robotiq_85_msgs/robotiq_85_msgs_s__rosidl_typesupport_introspection_c.cpython-310-x86_64-linux-gnu.so
[0.254s] -- Up-to-date symlink: /home/iclabwill/work/ubuntu22.04_ros2/isaac_c/install/robotiq_85_msgs/local/lib/python3.10/dist-packages/robotiq_85_msgs/robotiq_85_msgs_s__rosidl_typesupport_fastrtps_c.cpython-310-x86_64-linux-gnu.so
[0.255s] -- Up-to-date symlink: /home/iclabwill/work/ubuntu22.04_ros2/isaac_c/install/robotiq_85_msgs/local/lib/python3.10/dist-packages/robotiq_85_msgs/robotiq_85_msgs_s__rosidl_typesupport_introspection_c.cpython-310-x86_64-linux-gnu.so
[0.255s] -- Up-to-date symlink: /home/iclabwill/work/ubuntu22.04_ros2/isaac_c/install/robotiq_85_msgs/local/lib/python3.10/dist-packages/robotiq_85_msgs/robotiq_85_msgs_s__rosidl_typesupport_c.cpython-310-x86_64-linux-gnu.so
[0.255s] -- Up-to-date symlink: /home/iclabwill/work/ubuntu22.04_ros2/isaac_c/install/robotiq_85_msgs/share/robotiq_85_msgs/msg/GripperCmd.idl
[0.256s] -- Up-to-date symlink: /home/iclabwill/work/ubuntu22.04_ros2/isaac_c/install/robotiq_85_msgs/share/robotiq_85_msgs/msg/GripperStat.idl
[0.256s] -- Up-to-date symlink: /home/iclabwill/work/ubuntu22.04_ros2/isaac_c/install/robotiq_85_msgs/share/robotiq_85_msgs/msg/GripperCmd.msg
[0.257s] -- Up-to-date symlink: /home/iclabwill/work/ubuntu22.04_ros2/isaac_c/install/robotiq_85_msgs/share/robotiq_85_msgs/msg/GripperStat.msg
[0.257s] -- Up-to-date symlink: /home/iclabwill/work/ubuntu22.04_ros2/isaac_c/install/robotiq_85_msgs/share/ament_index/resource_index/package_run_dependencies/robotiq_85_msgs
[0.258s] -- Up-to-date symlink: /home/iclabwill/work/ubuntu22.04_ros2/isaac_c/install/robotiq_85_msgs/share/ament_index/resource_index/parent_prefix_path/robotiq_85_msgs
[0.258s] -- Up-to-date symlink: /home/iclabwill/work/ubuntu22.04_ros2/isaac_c/install/robotiq_85_msgs/share/robotiq_85_msgs/environment/ament_prefix_path.sh
[0.258s] -- Up-to-date symlink: /home/iclabwill/work/ubuntu22.04_ros2/isaac_c/install/robotiq_85_msgs/share/robotiq_85_msgs/environment/ament_prefix_path.dsv
[0.259s] -- Up-to-date symlink: /home/iclabwill/work/ubuntu22.04_ros2/isaac_c/install/robotiq_85_msgs/share/robotiq_85_msgs/environment/path.sh
[0.259s] -- Up-to-date symlink: /home/iclabwill/work/ubuntu22.04_ros2/isaac_c/install/robotiq_85_msgs/share/robotiq_85_msgs/environment/path.dsv
[0.259s] -- Up-to-date symlink: /home/iclabwill/work/ubuntu22.04_ros2/isaac_c/install/robotiq_85_msgs/share/robotiq_85_msgs/local_setup.bash
[0.260s] -- Up-to-date symlink: /home/iclabwill/work/ubuntu22.04_ros2/isaac_c/install/robotiq_85_msgs/share/robotiq_85_msgs/local_setup.sh
[0.260s] -- Up-to-date symlink: /home/iclabwill/work/ubuntu22.04_ros2/isaac_c/install/robotiq_85_msgs/share/robotiq_85_msgs/local_setup.zsh
[0.260s] -- Up-to-date symlink: /home/iclabwill/work/ubuntu22.04_ros2/isaac_c/install/robotiq_85_msgs/share/robotiq_85_msgs/local_setup.dsv
[0.260s] -- Symlinking: /home/iclabwill/work/ubuntu22.04_ros2/isaac_c/install/robotiq_85_msgs/share/robotiq_85_msgs/package.dsv
[0.273s] -- Up-to-date symlink: /home/iclabwill/work/ubuntu22.04_ros2/isaac_c/install/robotiq_85_msgs/share/ament_index/resource_index/packages/robotiq_85_msgs
[0.273s] -- Up-to-date symlink: /home/iclabwill/work/ubuntu22.04_ros2/isaac_c/install/robotiq_85_msgs/share/robotiq_85_msgs/cmake/rosidl_cmake-extras.cmake
[0.273s] -- Up-to-date symlink: /home/iclabwill/work/ubuntu22.04_ros2/isaac_c/install/robotiq_85_msgs/share/robotiq_85_msgs/cmake/ament_cmake_export_dependencies-extras.cmake
[0.274s] -- Up-to-date symlink: /home/iclabwill/work/ubuntu22.04_ros2/isaac_c/install/robotiq_85_msgs/share/robotiq_85_msgs/cmake/ament_cmake_export_include_directories-extras.cmake
[0.274s] -- Up-to-date symlink: /home/iclabwill/work/ubuntu22.04_ros2/isaac_c/install/robotiq_85_msgs/share/robotiq_85_msgs/cmake/ament_cmake_export_libraries-extras.cmake
[0.274s] -- Up-to-date symlink: /home/iclabwill/work/ubuntu22.04_ros2/isaac_c/install/robotiq_85_msgs/share/robotiq_85_msgs/cmake/ament_cmake_export_targets-extras.cmake
[0.275s] -- Up-to-date symlink: /home/iclabwill/work/ubuntu22.04_ros2/isaac_c/install/robotiq_85_msgs/share/robotiq_85_msgs/cmake/rosidl_cmake_export_typesupport_targets-extras.cmake
[0.275s] -- Up-to-date symlink: /home/iclabwill/work/ubuntu22.04_ros2/isaac_c/install/robotiq_85_msgs/share/robotiq_85_msgs/cmake/rosidl_cmake_export_typesupport_libraries-extras.cmake
[0.275s] -- Up-to-date symlink: /home/iclabwill/work/ubuntu22.04_ros2/isaac_c/install/robotiq_85_msgs/share/robotiq_85_msgs/cmake/robotiq_85_msgsConfig.cmake
[0.276s] -- Up-to-date symlink: /home/iclabwill/work/ubuntu22.04_ros2/isaac_c/install/robotiq_85_msgs/share/robotiq_85_msgs/cmake/robotiq_85_msgsConfig-version.cmake
[0.276s] -- Up-to-date symlink: /home/iclabwill/work/ubuntu22.04_ros2/isaac_c/install/robotiq_85_msgs/share/robotiq_85_msgs/package.xml
[0.277s] -- Up-to-date: /home/iclabwill/work/ubuntu22.04_ros2/isaac_c/install/robotiq_85_msgs/lib/librobotiq_85_msgs__rosidl_generator_c.so
[0.278s] -- Up-to-date: /home/iclabwill/work/ubuntu22.04_ros2/isaac_c/install/robotiq_85_msgs/lib/librobotiq_85_msgs__rosidl_typesupport_fastrtps_c.so
[0.278s] -- Up-to-date: /home/iclabwill/work/ubuntu22.04_ros2/isaac_c/install/robotiq_85_msgs/lib/librobotiq_85_msgs__rosidl_typesupport_fastrtps_cpp.so
[0.279s] -- Up-to-date: /home/iclabwill/work/ubuntu22.04_ros2/isaac_c/install/robotiq_85_msgs/lib/librobotiq_85_msgs__rosidl_typesupport_introspection_c.so
[0.279s] -- Up-to-date: /home/iclabwill/work/ubuntu22.04_ros2/isaac_c/install/robotiq_85_msgs/lib/librobotiq_85_msgs__rosidl_typesupport_c.so
[0.280s] -- Up-to-date: /home/iclabwill/work/ubuntu22.04_ros2/isaac_c/install/robotiq_85_msgs/lib/librobotiq_85_msgs__rosidl_typesupport_introspection_cpp.so
[0.281s] -- Up-to-date: /home/iclabwill/work/ubuntu22.04_ros2/isaac_c/install/robotiq_85_msgs/lib/librobotiq_85_msgs__rosidl_typesupport_cpp.so
[0.318s] Listing '/home/iclabwill/work/ubuntu22.04_ros2/isaac_c/install/robotiq_85_msgs/local/lib/python3.10/dist-packages/robotiq_85_msgs'...
[0.319s] Listing '/home/iclabwill/work/ubuntu22.04_ros2/isaac_c/install/robotiq_85_msgs/local/lib/python3.10/dist-packages/robotiq_85_msgs/msg'...
[0.321s] -- Up-to-date: /home/iclabwill/work/ubuntu22.04_ros2/isaac_c/install/robotiq_85_msgs/lib/librobotiq_85_msgs__rosidl_generator_py.so
[0.322s] -- Up-to-date: /home/iclabwill/work/ubuntu22.04_ros2/isaac_c/install/robotiq_85_msgs/share/robotiq_85_msgs/cmake/export_robotiq_85_msgs__rosidl_generator_cExport.cmake
[0.322s] -- Up-to-date: /home/iclabwill/work/ubuntu22.04_ros2/isaac_c/install/robotiq_85_msgs/share/robotiq_85_msgs/cmake/export_robotiq_85_msgs__rosidl_generator_cExport-noconfig.cmake
[0.322s] -- Up-to-date: /home/iclabwill/work/ubuntu22.04_ros2/isaac_c/install/robotiq_85_msgs/share/robotiq_85_msgs/cmake/export_robotiq_85_msgs__rosidl_typesupport_fastrtps_cExport.cmake
[0.322s] -- Up-to-date: /home/iclabwill/work/ubuntu22.04_ros2/isaac_c/install/robotiq_85_msgs/share/robotiq_85_msgs/cmake/export_robotiq_85_msgs__rosidl_typesupport_fastrtps_cExport-noconfig.cmake
[0.322s] -- Up-to-date: /home/iclabwill/work/ubuntu22.04_ros2/isaac_c/install/robotiq_85_msgs/share/robotiq_85_msgs/cmake/export_robotiq_85_msgs__rosidl_generator_cppExport.cmake
[0.323s] -- Up-to-date: /home/iclabwill/work/ubuntu22.04_ros2/isaac_c/install/robotiq_85_msgs/share/robotiq_85_msgs/cmake/export_robotiq_85_msgs__rosidl_typesupport_fastrtps_cppExport.cmake
[0.323s] -- Up-to-date: /home/iclabwill/work/ubuntu22.04_ros2/isaac_c/install/robotiq_85_msgs/share/robotiq_85_msgs/cmake/export_robotiq_85_msgs__rosidl_typesupport_fastrtps_cppExport-noconfig.cmake
[0.323s] -- Up-to-date: /home/iclabwill/work/ubuntu22.04_ros2/isaac_c/install/robotiq_85_msgs/share/robotiq_85_msgs/cmake/robotiq_85_msgs__rosidl_typesupport_introspection_cExport.cmake
[0.323s] -- Up-to-date: /home/iclabwill/work/ubuntu22.04_ros2/isaac_c/install/robotiq_85_msgs/share/robotiq_85_msgs/cmake/robotiq_85_msgs__rosidl_typesupport_introspection_cExport-noconfig.cmake
[0.324s] -- Up-to-date: /home/iclabwill/work/ubuntu22.04_ros2/isaac_c/install/robotiq_85_msgs/share/robotiq_85_msgs/cmake/robotiq_85_msgs__rosidl_typesupport_cExport.cmake
[0.324s] -- Up-to-date: /home/iclabwill/work/ubuntu22.04_ros2/isaac_c/install/robotiq_85_msgs/share/robotiq_85_msgs/cmake/robotiq_85_msgs__rosidl_typesupport_cExport-noconfig.cmake
[0.324s] -- Up-to-date: /home/iclabwill/work/ubuntu22.04_ros2/isaac_c/install/robotiq_85_msgs/share/robotiq_85_msgs/cmake/robotiq_85_msgs__rosidl_typesupport_introspection_cppExport.cmake
[0.324s] -- Up-to-date: /home/iclabwill/work/ubuntu22.04_ros2/isaac_c/install/robotiq_85_msgs/share/robotiq_85_msgs/cmake/robotiq_85_msgs__rosidl_typesupport_introspection_cppExport-noconfig.cmake
[0.324s] -- Up-to-date: /home/iclabwill/work/ubuntu22.04_ros2/isaac_c/install/robotiq_85_msgs/share/robotiq_85_msgs/cmake/robotiq_85_msgs__rosidl_typesupport_cppExport.cmake
[0.324s] -- Up-to-date: /home/iclabwill/work/ubuntu22.04_ros2/isaac_c/install/robotiq_85_msgs/share/robotiq_85_msgs/cmake/robotiq_85_msgs__rosidl_typesupport_cppExport-noconfig.cmake
[0.325s] -- Up-to-date: /home/iclabwill/work/ubuntu22.04_ros2/isaac_c/install/robotiq_85_msgs/share/robotiq_85_msgs/cmake/export_robotiq_85_msgs__rosidl_generator_pyExport.cmake
[0.325s] -- Up-to-date: /home/iclabwill/work/ubuntu22.04_ros2/isaac_c/install/robotiq_85_msgs/share/robotiq_85_msgs/cmake/export_robotiq_85_msgs__rosidl_generator_pyExport-noconfig.cmake
[0.326s] Invoked command in '/home/iclabwill/work/ubuntu22.04_ros2/isaac_c/build/robotiq_85_msgs' returned '0': CMAKE_PREFIX_PATH=/opt/ros/humble /usr/bin/cmake --install /home/iclabwill/work/ubuntu22.04_ros2/isaac_c/build/robotiq_85_msgs
