[0.011s] Invoking command in '/home/iclabwill/work/ubuntu22.04_ros2/isaac_c/build/ur_moveit_cpp': CMAKE_PREFIX_PATH=${CMAKE_PREFIX_PATH}:/home/iclabwill/work/ubuntu22.04_ros2/install/robotiq_85_driver:/opt/ros/humble /usr/bin/cmake --build /home/iclabwill/work/ubuntu22.04_ros2/isaac_c/build/ur_moveit_cpp -- -j28 -l28
[0.053s] [ 16%] Built target gripper_joint_value
[0.055s] [ 58%] Built target joint_goal
[0.055s] [ 58%] Built target pose_goal
[0.055s] [ 66%] Built target cartesian_path
[0.055s] [ 83%] Built target named_goal
[0.055s] [100%] Built target gripper_open
[0.060s] Invoked command in '/home/iclabwill/work/ubuntu22.04_ros2/isaac_c/build/ur_moveit_cpp' returned '0': CMAKE_PREFIX_PATH=${CMAKE_PREFIX_PATH}:/home/iclabwill/work/ubuntu22.04_ros2/install/robotiq_85_driver:/opt/ros/humble /usr/bin/cmake --build /home/iclabwill/work/ubuntu22.04_ros2/isaac_c/build/ur_moveit_cpp -- -j28 -l28
[0.076s] Invoking command in '/home/iclabwill/work/ubuntu22.04_ros2/isaac_c/build/ur_moveit_cpp': CMAKE_PREFIX_PATH=${CMAKE_PREFIX_PATH}:/home/iclabwill/work/ubuntu22.04_ros2/install/robotiq_85_driver:/opt/ros/humble /usr/bin/cmake --install /home/iclabwill/work/ubuntu22.04_ros2/isaac_c/build/ur_moveit_cpp
[0.079s] -- Install configuration: ""
[0.080s] -- Execute custom install script
[0.083s] -- Up-to-date symlink: /home/iclabwill/work/ubuntu22.04_ros2/isaac_c/install/ur_moveit_cpp/lib/ur_moveit_cpp/pose_goal
[0.084s] -- Up-to-date symlink: /home/iclabwill/work/ubuntu22.04_ros2/isaac_c/install/ur_moveit_cpp/lib/ur_moveit_cpp/joint_goal
[0.085s] -- Up-to-date symlink: /home/iclabwill/work/ubuntu22.04_ros2/isaac_c/install/ur_moveit_cpp/lib/ur_moveit_cpp/cartesian_path
[0.086s] -- Up-to-date symlink: /home/iclabwill/work/ubuntu22.04_ros2/isaac_c/install/ur_moveit_cpp/lib/ur_moveit_cpp/named_goal
[0.086s] -- Up-to-date symlink: /home/iclabwill/work/ubuntu22.04_ros2/isaac_c/install/ur_moveit_cpp/lib/ur_moveit_cpp/gripper_open
[0.088s] -- Up-to-date symlink: /home/iclabwill/work/ubuntu22.04_ros2/isaac_c/install/ur_moveit_cpp/lib/ur_moveit_cpp/gripper_joint_value
[0.090s] -- Up-to-date symlink: /home/iclabwill/work/ubuntu22.04_ros2/isaac_c/install/ur_moveit_cpp/share/ur_moveit_cpp/launch/motion_planning.launch.py
[0.090s] -- Up-to-date symlink: /home/iclabwill/work/ubuntu22.04_ros2/isaac_c/install/ur_moveit_cpp/share/ur_moveit_cpp/config/moveit_cpp.yaml
[0.092s] -- Up-to-date symlink: /home/iclabwill/work/ubuntu22.04_ros2/isaac_c/install/ur_moveit_cpp/share/ament_index/resource_index/package_run_dependencies/ur_moveit_cpp
[0.093s] -- Up-to-date symlink: /home/iclabwill/work/ubuntu22.04_ros2/isaac_c/install/ur_moveit_cpp/share/ament_index/resource_index/parent_prefix_path/ur_moveit_cpp
[0.094s] -- Up-to-date symlink: /home/iclabwill/work/ubuntu22.04_ros2/isaac_c/install/ur_moveit_cpp/share/ur_moveit_cpp/environment/ament_prefix_path.sh
[0.094s] -- Up-to-date symlink: /home/iclabwill/work/ubuntu22.04_ros2/isaac_c/install/ur_moveit_cpp/share/ur_moveit_cpp/environment/ament_prefix_path.dsv
[0.095s] -- Up-to-date symlink: /home/iclabwill/work/ubuntu22.04_ros2/isaac_c/install/ur_moveit_cpp/share/ur_moveit_cpp/environment/path.sh
[0.096s] -- Up-to-date symlink: /home/iclabwill/work/ubuntu22.04_ros2/isaac_c/install/ur_moveit_cpp/share/ur_moveit_cpp/environment/path.dsv
[0.097s] -- Up-to-date symlink: /home/iclabwill/work/ubuntu22.04_ros2/isaac_c/install/ur_moveit_cpp/share/ur_moveit_cpp/local_setup.bash
[0.098s] -- Up-to-date symlink: /home/iclabwill/work/ubuntu22.04_ros2/isaac_c/install/ur_moveit_cpp/share/ur_moveit_cpp/local_setup.sh
[0.098s] -- Up-to-date symlink: /home/iclabwill/work/ubuntu22.04_ros2/isaac_c/install/ur_moveit_cpp/share/ur_moveit_cpp/local_setup.zsh
[0.098s] -- Up-to-date symlink: /home/iclabwill/work/ubuntu22.04_ros2/isaac_c/install/ur_moveit_cpp/share/ur_moveit_cpp/local_setup.dsv
[0.098s] -- Symlinking: /home/iclabwill/work/ubuntu22.04_ros2/isaac_c/install/ur_moveit_cpp/share/ur_moveit_cpp/package.dsv
[0.103s] -- Up-to-date symlink: /home/iclabwill/work/ubuntu22.04_ros2/isaac_c/install/ur_moveit_cpp/share/ament_index/resource_index/packages/ur_moveit_cpp
[0.105s] -- Up-to-date symlink: /home/iclabwill/work/ubuntu22.04_ros2/isaac_c/install/ur_moveit_cpp/share/ur_moveit_cpp/cmake/ur_moveit_cppConfig.cmake
[0.105s] -- Up-to-date symlink: /home/iclabwill/work/ubuntu22.04_ros2/isaac_c/install/ur_moveit_cpp/share/ur_moveit_cpp/cmake/ur_moveit_cppConfig-version.cmake
[0.106s] -- Up-to-date symlink: /home/iclabwill/work/ubuntu22.04_ros2/isaac_c/install/ur_moveit_cpp/share/ur_moveit_cpp/package.xml
[0.106s] Invoked command in '/home/iclabwill/work/ubuntu22.04_ros2/isaac_c/build/ur_moveit_cpp' returned '0': CMAKE_PREFIX_PATH=${CMAKE_PREFIX_PATH}:/home/iclabwill/work/ubuntu22.04_ros2/install/robotiq_85_driver:/opt/ros/humble /usr/bin/cmake --install /home/iclabwill/work/ubuntu22.04_ros2/isaac_c/build/ur_moveit_cpp
