[0.011s] Invoking command in '/home/iclabwill/work/ubuntu22.04_ros2/isaac_c/build/ur5e_gripper_moveit_config': AMENT_PREFIX_PATH=/home/iclabwill/work/ubuntu22.04_ros2/isaac_c/install/ur_description:${AMENT_PREFIX_PATH} CMAKE_PREFIX_PATH=/home/iclabwill/work/ubuntu22.04_ros2/isaac_c/install/ur_description:/opt/ros/humble /usr/bin/cmake /home/iclabwill/work/ubuntu22.04_ros2/isaac_c/src/ur_isaac_sim/ur5e_gripper_moveit_config -DAMENT_CMAKE_SYMLINK_INSTALL=1 -DCMAKE_INSTALL_PREFIX=/home/iclabwill/work/ubuntu22.04_ros2/isaac_c/install/ur5e_gripper_moveit_config
[0.063s] -- The C compiler identification is GNU 11.4.0
[0.117s] -- The CXX compiler identification is GNU 11.4.0
[0.126s] -- Detecting C compiler ABI info
[0.185s] -- Detecting C compiler ABI info - done
[0.192s] -- Check for working C compiler: /usr/bin/cc - skipped
[0.193s] -- Detecting C compile features
[0.193s] -- Detecting C compile features - done
[0.196s] -- Detecting CXX compiler ABI info
[0.264s] -- Detecting CXX compiler ABI info - done
[0.269s] -- Check for working CXX compiler: /usr/bin/c++ - skipped
[0.269s] -- Detecting CXX compile features
[0.270s] -- Detecting CXX compile features - done
[0.273s] -- Found ament_cmake: 1.3.8 (/opt/ros/humble/share/ament_cmake/cmake)
[0.389s] -- Found Python3: /usr/bin/python3 (found version "3.10.12") found components: Interpreter 
[0.439s] -- Override CMake install command with custom implementation using symlinks instead of copying resources
[0.535s] -- Configuring done
[0.542s] -- Generating done
[0.543s] -- Build files have been written to: /home/iclabwill/work/ubuntu22.04_ros2/isaac_c/build/ur5e_gripper_moveit_config
[0.547s] Invoked command in '/home/iclabwill/work/ubuntu22.04_ros2/isaac_c/build/ur5e_gripper_moveit_config' returned '0': AMENT_PREFIX_PATH=/home/iclabwill/work/ubuntu22.04_ros2/isaac_c/install/ur_description:${AMENT_PREFIX_PATH} CMAKE_PREFIX_PATH=/home/iclabwill/work/ubuntu22.04_ros2/isaac_c/install/ur_description:/opt/ros/humble /usr/bin/cmake /home/iclabwill/work/ubuntu22.04_ros2/isaac_c/src/ur_isaac_sim/ur5e_gripper_moveit_config -DAMENT_CMAKE_SYMLINK_INSTALL=1 -DCMAKE_INSTALL_PREFIX=/home/iclabwill/work/ubuntu22.04_ros2/isaac_c/install/ur5e_gripper_moveit_config
[0.548s] Invoking command in '/home/iclabwill/work/ubuntu22.04_ros2/isaac_c/build/ur5e_gripper_moveit_config': AMENT_PREFIX_PATH=/home/iclabwill/work/ubuntu22.04_ros2/isaac_c/install/ur_description:${AMENT_PREFIX_PATH} CMAKE_PREFIX_PATH=/home/iclabwill/work/ubuntu22.04_ros2/isaac_c/install/ur_description:/opt/ros/humble /usr/bin/cmake --build /home/iclabwill/work/ubuntu22.04_ros2/isaac_c/build/ur5e_gripper_moveit_config -- -j12 -l12
[0.580s] Invoked command in '/home/iclabwill/work/ubuntu22.04_ros2/isaac_c/build/ur5e_gripper_moveit_config' returned '0': AMENT_PREFIX_PATH=/home/iclabwill/work/ubuntu22.04_ros2/isaac_c/install/ur_description:${AMENT_PREFIX_PATH} CMAKE_PREFIX_PATH=/home/iclabwill/work/ubuntu22.04_ros2/isaac_c/install/ur_description:/opt/ros/humble /usr/bin/cmake --build /home/iclabwill/work/ubuntu22.04_ros2/isaac_c/build/ur5e_gripper_moveit_config -- -j12 -l12
[0.599s] Invoking command in '/home/iclabwill/work/ubuntu22.04_ros2/isaac_c/build/ur5e_gripper_moveit_config': AMENT_PREFIX_PATH=/home/iclabwill/work/ubuntu22.04_ros2/isaac_c/install/ur_description:${AMENT_PREFIX_PATH} CMAKE_PREFIX_PATH=/home/iclabwill/work/ubuntu22.04_ros2/isaac_c/install/ur_description:/opt/ros/humble /usr/bin/cmake --install /home/iclabwill/work/ubuntu22.04_ros2/isaac_c/build/ur5e_gripper_moveit_config
[0.605s] -- Install configuration: ""
[0.605s] -- Execute custom install script
[0.606s] -- Symlinking: /home/iclabwill/work/ubuntu22.04_ros2/isaac_c/install/ur5e_gripper_moveit_config/share/ament_index/resource_index/package_run_dependencies/ur5e_gripper_moveit_config
[0.613s] -- Symlinking: /home/iclabwill/work/ubuntu22.04_ros2/isaac_c/install/ur5e_gripper_moveit_config/share/ament_index/resource_index/parent_prefix_path/ur5e_gripper_moveit_config
[0.620s] -- Symlinking: /home/iclabwill/work/ubuntu22.04_ros2/isaac_c/install/ur5e_gripper_moveit_config/share/ur5e_gripper_moveit_config/environment/ament_prefix_path.sh
[0.628s] -- Symlinking: /home/iclabwill/work/ubuntu22.04_ros2/isaac_c/install/ur5e_gripper_moveit_config/share/ur5e_gripper_moveit_config/environment/ament_prefix_path.dsv
[0.635s] -- Symlinking: /home/iclabwill/work/ubuntu22.04_ros2/isaac_c/install/ur5e_gripper_moveit_config/share/ur5e_gripper_moveit_config/environment/path.sh
[0.642s] -- Symlinking: /home/iclabwill/work/ubuntu22.04_ros2/isaac_c/install/ur5e_gripper_moveit_config/share/ur5e_gripper_moveit_config/environment/path.dsv
[0.650s] -- Symlinking: /home/iclabwill/work/ubuntu22.04_ros2/isaac_c/install/ur5e_gripper_moveit_config/share/ur5e_gripper_moveit_config/local_setup.bash
[0.658s] -- Symlinking: /home/iclabwill/work/ubuntu22.04_ros2/isaac_c/install/ur5e_gripper_moveit_config/share/ur5e_gripper_moveit_config/local_setup.sh
[0.666s] -- Symlinking: /home/iclabwill/work/ubuntu22.04_ros2/isaac_c/install/ur5e_gripper_moveit_config/share/ur5e_gripper_moveit_config/local_setup.zsh
[0.674s] -- Symlinking: /home/iclabwill/work/ubuntu22.04_ros2/isaac_c/install/ur5e_gripper_moveit_config/share/ur5e_gripper_moveit_config/local_setup.dsv
[0.682s] -- Symlinking: /home/iclabwill/work/ubuntu22.04_ros2/isaac_c/install/ur5e_gripper_moveit_config/share/ur5e_gripper_moveit_config/package.dsv
[0.689s] -- Symlinking: /home/iclabwill/work/ubuntu22.04_ros2/isaac_c/install/ur5e_gripper_moveit_config/share/ament_index/resource_index/packages/ur5e_gripper_moveit_config
[0.697s] -- Symlinking: /home/iclabwill/work/ubuntu22.04_ros2/isaac_c/install/ur5e_gripper_moveit_config/share/ur5e_gripper_moveit_config/cmake/ur5e_gripper_moveit_configConfig.cmake
[0.705s] -- Symlinking: /home/iclabwill/work/ubuntu22.04_ros2/isaac_c/install/ur5e_gripper_moveit_config/share/ur5e_gripper_moveit_config/cmake/ur5e_gripper_moveit_configConfig-version.cmake
[0.713s] -- Symlinking: /home/iclabwill/work/ubuntu22.04_ros2/isaac_c/install/ur5e_gripper_moveit_config/share/ur5e_gripper_moveit_config/package.xml
[0.720s] -- Symlinking: /home/iclabwill/work/ubuntu22.04_ros2/isaac_c/install/ur5e_gripper_moveit_config/share/ur5e_gripper_moveit_config/launch/demo.launch.py
[0.728s] -- Symlinking: /home/iclabwill/work/ubuntu22.04_ros2/isaac_c/install/ur5e_gripper_moveit_config/share/ur5e_gripper_moveit_config/launch/isaac_demo.launch.py
[0.736s] -- Symlinking: /home/iclabwill/work/ubuntu22.04_ros2/isaac_c/install/ur5e_gripper_moveit_config/share/ur5e_gripper_moveit_config/launch/move_group.launch.py
[0.744s] -- Symlinking: /home/iclabwill/work/ubuntu22.04_ros2/isaac_c/install/ur5e_gripper_moveit_config/share/ur5e_gripper_moveit_config/launch/moveit_rviz.launch.py
[0.751s] -- Symlinking: /home/iclabwill/work/ubuntu22.04_ros2/isaac_c/install/ur5e_gripper_moveit_config/share/ur5e_gripper_moveit_config/launch/rsp.launch.py
[0.759s] -- Symlinking: /home/iclabwill/work/ubuntu22.04_ros2/isaac_c/install/ur5e_gripper_moveit_config/share/ur5e_gripper_moveit_config/launch/setup_assistant.launch.py
[0.767s] -- Symlinking: /home/iclabwill/work/ubuntu22.04_ros2/isaac_c/install/ur5e_gripper_moveit_config/share/ur5e_gripper_moveit_config/launch/spawn_controllers.launch.py
[0.775s] -- Symlinking: /home/iclabwill/work/ubuntu22.04_ros2/isaac_c/install/ur5e_gripper_moveit_config/share/ur5e_gripper_moveit_config/launch/static_virtual_joint_tfs.launch.py
[0.782s] -- Symlinking: /home/iclabwill/work/ubuntu22.04_ros2/isaac_c/install/ur5e_gripper_moveit_config/share/ur5e_gripper_moveit_config/launch/warehouse_db.launch.py
[0.790s] -- Symlinking: /home/iclabwill/work/ubuntu22.04_ros2/isaac_c/install/ur5e_gripper_moveit_config/share/ur5e_gripper_moveit_config/config/initial_positions.yaml
[0.797s] -- Symlinking: /home/iclabwill/work/ubuntu22.04_ros2/isaac_c/install/ur5e_gripper_moveit_config/share/ur5e_gripper_moveit_config/config/joint_limits.yaml
[0.804s] -- Symlinking: /home/iclabwill/work/ubuntu22.04_ros2/isaac_c/install/ur5e_gripper_moveit_config/share/ur5e_gripper_moveit_config/config/kinematics.yaml
[0.812s] -- Symlinking: /home/iclabwill/work/ubuntu22.04_ros2/isaac_c/install/ur5e_gripper_moveit_config/share/ur5e_gripper_moveit_config/config/moveit.rviz
[0.820s] -- Symlinking: /home/iclabwill/work/ubuntu22.04_ros2/isaac_c/install/ur5e_gripper_moveit_config/share/ur5e_gripper_moveit_config/config/moveit_controllers.yaml
[0.827s] -- Symlinking: /home/iclabwill/work/ubuntu22.04_ros2/isaac_c/install/ur5e_gripper_moveit_config/share/ur5e_gripper_moveit_config/config/pilz_cartesian_limits.yaml
[0.834s] -- Symlinking: /home/iclabwill/work/ubuntu22.04_ros2/isaac_c/install/ur5e_gripper_moveit_config/share/ur5e_gripper_moveit_config/config/ros2_controllers.yaml
[0.841s] -- Symlinking: /home/iclabwill/work/ubuntu22.04_ros2/isaac_c/install/ur5e_gripper_moveit_config/share/ur5e_gripper_moveit_config/config/sensors_3d.yaml
[0.849s] -- Symlinking: /home/iclabwill/work/ubuntu22.04_ros2/isaac_c/install/ur5e_gripper_moveit_config/share/ur5e_gripper_moveit_config/config/ur5e.ros2_control.xacro
[0.857s] -- Symlinking: /home/iclabwill/work/ubuntu22.04_ros2/isaac_c/install/ur5e_gripper_moveit_config/share/ur5e_gripper_moveit_config/config/ur5e.srdf
[0.865s] -- Symlinking: /home/iclabwill/work/ubuntu22.04_ros2/isaac_c/install/ur5e_gripper_moveit_config/share/ur5e_gripper_moveit_config/config/ur5e.urdf.xacro
[0.872s] -- Symlinking: /home/iclabwill/work/ubuntu22.04_ros2/isaac_c/install/ur5e_gripper_moveit_config/share/ur5e_gripper_moveit_config/.setup_assistant
[0.898s] Invoked command in '/home/iclabwill/work/ubuntu22.04_ros2/isaac_c/build/ur5e_gripper_moveit_config' returned '0': AMENT_PREFIX_PATH=/home/iclabwill/work/ubuntu22.04_ros2/isaac_c/install/ur_description:${AMENT_PREFIX_PATH} CMAKE_PREFIX_PATH=/home/iclabwill/work/ubuntu22.04_ros2/isaac_c/install/ur_description:/opt/ros/humble /usr/bin/cmake --install /home/iclabwill/work/ubuntu22.04_ros2/isaac_c/build/ur5e_gripper_moveit_config
