[0.009s] Invoking command in '/home/iclabwill/work/ubuntu22.04_ros2/isaac_c/build/robotiq_85_gripper': AMENT_PREFIX_PATH=/home/iclabwill/work/ubuntu22.04_ros2/isaac_c/install/robotiq_85_driver:/home/iclabwill/work/ubuntu22.04_ros2/isaac_c/install/robotiq_85_msgs:/home/iclabwill/work/ubuntu22.04_ros2/isaac_c/install/robotiq_85_description:${AMENT_PREFIX_PATH} CMAKE_PREFIX_PATH=/home/iclabwill/work/ubuntu22.04_ros2/isaac_c/install/robotiq_85_msgs:/home/iclabwill/work/ubuntu22.04_ros2/isaac_c/install/robotiq_85_description:/opt/ros/humble LD_LIBRARY_PATH=/home/iclabwill/work/ubuntu22.04_ros2/isaac_c/install/robotiq_85_msgs/lib:${LD_LIBRARY_PATH} PYTHONPATH=/home/iclabwill/work/ubuntu22.04_ros2/isaac_c/build/robotiq_85_driver:/home/iclabwill/work/ubuntu22.04_ros2/isaac_c/install/robotiq_85_driver/lib/python3.10/site-packages:/home/iclabwill/work/ubuntu22.04_ros2/isaac_c/install/robotiq_85_msgs/local/lib/python3.10/dist-packages:${PYTHONPATH} /usr/bin/cmake /home/iclabwill/work/ubuntu22.04_ros2/isaac_c/src/robotiq_85_gripper/robotiq_85_gripper -DAMENT_CMAKE_SYMLINK_INSTALL=1 -DCMAKE_INSTALL_PREFIX=/home/iclabwill/work/ubuntu22.04_ros2/isaac_c/install/robotiq_85_gripper
[0.060s] -- The C compiler identification is GNU 11.4.0
[0.113s] -- The CXX compiler identification is GNU 11.4.0
[0.121s] -- Detecting C compiler ABI info
[0.192s] -- Detecting C compiler ABI info - done
[0.198s] -- Check for working C compiler: /usr/bin/cc - skipped
[0.198s] -- Detecting C compile features
[0.198s] -- Detecting C compile features - done
[0.201s] -- Detecting CXX compiler ABI info
[0.277s] -- Detecting CXX compiler ABI info - done
[0.282s] -- Check for working CXX compiler: /usr/bin/c++ - skipped
[0.282s] -- Detecting CXX compile features
[0.283s] -- Detecting CXX compile features - done
[0.287s] -- Found ament_cmake: 1.3.8 (/opt/ros/humble/share/ament_cmake/cmake)
[0.433s] -- Found Python3: /usr/bin/python3 (found version "3.10.12") found components: Interpreter 
[0.483s] -- Override CMake install command with custom implementation using symlinks instead of copying resources
[0.582s] -- Configuring done
[0.585s] -- Generating done
[0.585s] -- Build files have been written to: /home/iclabwill/work/ubuntu22.04_ros2/isaac_c/build/robotiq_85_gripper
[0.589s] Invoked command in '/home/iclabwill/work/ubuntu22.04_ros2/isaac_c/build/robotiq_85_gripper' returned '0': AMENT_PREFIX_PATH=/home/iclabwill/work/ubuntu22.04_ros2/isaac_c/install/robotiq_85_driver:/home/iclabwill/work/ubuntu22.04_ros2/isaac_c/install/robotiq_85_msgs:/home/iclabwill/work/ubuntu22.04_ros2/isaac_c/install/robotiq_85_description:${AMENT_PREFIX_PATH} CMAKE_PREFIX_PATH=/home/iclabwill/work/ubuntu22.04_ros2/isaac_c/install/robotiq_85_msgs:/home/iclabwill/work/ubuntu22.04_ros2/isaac_c/install/robotiq_85_description:/opt/ros/humble LD_LIBRARY_PATH=/home/iclabwill/work/ubuntu22.04_ros2/isaac_c/install/robotiq_85_msgs/lib:${LD_LIBRARY_PATH} PYTHONPATH=/home/iclabwill/work/ubuntu22.04_ros2/isaac_c/build/robotiq_85_driver:/home/iclabwill/work/ubuntu22.04_ros2/isaac_c/install/robotiq_85_driver/lib/python3.10/site-packages:/home/iclabwill/work/ubuntu22.04_ros2/isaac_c/install/robotiq_85_msgs/local/lib/python3.10/dist-packages:${PYTHONPATH} /usr/bin/cmake /home/iclabwill/work/ubuntu22.04_ros2/isaac_c/src/robotiq_85_gripper/robotiq_85_gripper -DAMENT_CMAKE_SYMLINK_INSTALL=1 -DCMAKE_INSTALL_PREFIX=/home/iclabwill/work/ubuntu22.04_ros2/isaac_c/install/robotiq_85_gripper
[0.591s] Invoking command in '/home/iclabwill/work/ubuntu22.04_ros2/isaac_c/build/robotiq_85_gripper': AMENT_PREFIX_PATH=/home/iclabwill/work/ubuntu22.04_ros2/isaac_c/install/robotiq_85_driver:/home/iclabwill/work/ubuntu22.04_ros2/isaac_c/install/robotiq_85_msgs:/home/iclabwill/work/ubuntu22.04_ros2/isaac_c/install/robotiq_85_description:${AMENT_PREFIX_PATH} CMAKE_PREFIX_PATH=/home/iclabwill/work/ubuntu22.04_ros2/isaac_c/install/robotiq_85_msgs:/home/iclabwill/work/ubuntu22.04_ros2/isaac_c/install/robotiq_85_description:/opt/ros/humble LD_LIBRARY_PATH=/home/iclabwill/work/ubuntu22.04_ros2/isaac_c/install/robotiq_85_msgs/lib:${LD_LIBRARY_PATH} PYTHONPATH=/home/iclabwill/work/ubuntu22.04_ros2/isaac_c/build/robotiq_85_driver:/home/iclabwill/work/ubuntu22.04_ros2/isaac_c/install/robotiq_85_driver/lib/python3.10/site-packages:/home/iclabwill/work/ubuntu22.04_ros2/isaac_c/install/robotiq_85_msgs/local/lib/python3.10/dist-packages:${PYTHONPATH} /usr/bin/cmake --build /home/iclabwill/work/ubuntu22.04_ros2/isaac_c/build/robotiq_85_gripper -- -j12 -l12
[0.632s] Invoked command in '/home/iclabwill/work/ubuntu22.04_ros2/isaac_c/build/robotiq_85_gripper' returned '0': AMENT_PREFIX_PATH=/home/iclabwill/work/ubuntu22.04_ros2/isaac_c/install/robotiq_85_driver:/home/iclabwill/work/ubuntu22.04_ros2/isaac_c/install/robotiq_85_msgs:/home/iclabwill/work/ubuntu22.04_ros2/isaac_c/install/robotiq_85_description:${AMENT_PREFIX_PATH} CMAKE_PREFIX_PATH=/home/iclabwill/work/ubuntu22.04_ros2/isaac_c/install/robotiq_85_msgs:/home/iclabwill/work/ubuntu22.04_ros2/isaac_c/install/robotiq_85_description:/opt/ros/humble LD_LIBRARY_PATH=/home/iclabwill/work/ubuntu22.04_ros2/isaac_c/install/robotiq_85_msgs/lib:${LD_LIBRARY_PATH} PYTHONPATH=/home/iclabwill/work/ubuntu22.04_ros2/isaac_c/build/robotiq_85_driver:/home/iclabwill/work/ubuntu22.04_ros2/isaac_c/install/robotiq_85_driver/lib/python3.10/site-packages:/home/iclabwill/work/ubuntu22.04_ros2/isaac_c/install/robotiq_85_msgs/local/lib/python3.10/dist-packages:${PYTHONPATH} /usr/bin/cmake --build /home/iclabwill/work/ubuntu22.04_ros2/isaac_c/build/robotiq_85_gripper -- -j12 -l12
[0.655s] Invoking command in '/home/iclabwill/work/ubuntu22.04_ros2/isaac_c/build/robotiq_85_gripper': AMENT_PREFIX_PATH=/home/iclabwill/work/ubuntu22.04_ros2/isaac_c/install/robotiq_85_driver:/home/iclabwill/work/ubuntu22.04_ros2/isaac_c/install/robotiq_85_msgs:/home/iclabwill/work/ubuntu22.04_ros2/isaac_c/install/robotiq_85_description:${AMENT_PREFIX_PATH} CMAKE_PREFIX_PATH=/home/iclabwill/work/ubuntu22.04_ros2/isaac_c/install/robotiq_85_msgs:/home/iclabwill/work/ubuntu22.04_ros2/isaac_c/install/robotiq_85_description:/opt/ros/humble LD_LIBRARY_PATH=/home/iclabwill/work/ubuntu22.04_ros2/isaac_c/install/robotiq_85_msgs/lib:${LD_LIBRARY_PATH} PYTHONPATH=/home/iclabwill/work/ubuntu22.04_ros2/isaac_c/build/robotiq_85_driver:/home/iclabwill/work/ubuntu22.04_ros2/isaac_c/install/robotiq_85_driver/lib/python3.10/site-packages:/home/iclabwill/work/ubuntu22.04_ros2/isaac_c/install/robotiq_85_msgs/local/lib/python3.10/dist-packages:${PYTHONPATH} /usr/bin/cmake --install /home/iclabwill/work/ubuntu22.04_ros2/isaac_c/build/robotiq_85_gripper
[0.663s] -- Install configuration: ""
[0.663s] -- Execute custom install script
[0.664s] -- Symlinking: /home/iclabwill/work/ubuntu22.04_ros2/isaac_c/install/robotiq_85_gripper/share/ament_index/resource_index/package_run_dependencies/robotiq_85_gripper
[0.675s] -- Symlinking: /home/iclabwill/work/ubuntu22.04_ros2/isaac_c/install/robotiq_85_gripper/share/ament_index/resource_index/parent_prefix_path/robotiq_85_gripper
[0.685s] -- Symlinking: /home/iclabwill/work/ubuntu22.04_ros2/isaac_c/install/robotiq_85_gripper/share/robotiq_85_gripper/environment/ament_prefix_path.sh
[0.696s] -- Symlinking: /home/iclabwill/work/ubuntu22.04_ros2/isaac_c/install/robotiq_85_gripper/share/robotiq_85_gripper/environment/ament_prefix_path.dsv
[0.705s] -- Symlinking: /home/iclabwill/work/ubuntu22.04_ros2/isaac_c/install/robotiq_85_gripper/share/robotiq_85_gripper/environment/path.sh
[0.716s] -- Symlinking: /home/iclabwill/work/ubuntu22.04_ros2/isaac_c/install/robotiq_85_gripper/share/robotiq_85_gripper/environment/path.dsv
[0.726s] -- Symlinking: /home/iclabwill/work/ubuntu22.04_ros2/isaac_c/install/robotiq_85_gripper/share/robotiq_85_gripper/local_setup.bash
[0.737s] -- Symlinking: /home/iclabwill/work/ubuntu22.04_ros2/isaac_c/install/robotiq_85_gripper/share/robotiq_85_gripper/local_setup.sh
[0.746s] -- Symlinking: /home/iclabwill/work/ubuntu22.04_ros2/isaac_c/install/robotiq_85_gripper/share/robotiq_85_gripper/local_setup.zsh
[0.756s] -- Symlinking: /home/iclabwill/work/ubuntu22.04_ros2/isaac_c/install/robotiq_85_gripper/share/robotiq_85_gripper/local_setup.dsv
[0.766s] -- Symlinking: /home/iclabwill/work/ubuntu22.04_ros2/isaac_c/install/robotiq_85_gripper/share/robotiq_85_gripper/package.dsv
[0.776s] -- Symlinking: /home/iclabwill/work/ubuntu22.04_ros2/isaac_c/install/robotiq_85_gripper/share/ament_index/resource_index/packages/robotiq_85_gripper
[0.786s] -- Symlinking: /home/iclabwill/work/ubuntu22.04_ros2/isaac_c/install/robotiq_85_gripper/share/robotiq_85_gripper/cmake/robotiq_85_gripperConfig.cmake
[0.797s] -- Symlinking: /home/iclabwill/work/ubuntu22.04_ros2/isaac_c/install/robotiq_85_gripper/share/robotiq_85_gripper/cmake/robotiq_85_gripperConfig-version.cmake
[0.807s] -- Symlinking: /home/iclabwill/work/ubuntu22.04_ros2/isaac_c/install/robotiq_85_gripper/share/robotiq_85_gripper/package.xml
[0.819s] Invoked command in '/home/iclabwill/work/ubuntu22.04_ros2/isaac_c/build/robotiq_85_gripper' returned '0': AMENT_PREFIX_PATH=/home/iclabwill/work/ubuntu22.04_ros2/isaac_c/install/robotiq_85_driver:/home/iclabwill/work/ubuntu22.04_ros2/isaac_c/install/robotiq_85_msgs:/home/iclabwill/work/ubuntu22.04_ros2/isaac_c/install/robotiq_85_description:${AMENT_PREFIX_PATH} CMAKE_PREFIX_PATH=/home/iclabwill/work/ubuntu22.04_ros2/isaac_c/install/robotiq_85_msgs:/home/iclabwill/work/ubuntu22.04_ros2/isaac_c/install/robotiq_85_description:/opt/ros/humble LD_LIBRARY_PATH=/home/iclabwill/work/ubuntu22.04_ros2/isaac_c/install/robotiq_85_msgs/lib:${LD_LIBRARY_PATH} PYTHONPATH=/home/iclabwill/work/ubuntu22.04_ros2/isaac_c/build/robotiq_85_driver:/home/iclabwill/work/ubuntu22.04_ros2/isaac_c/install/robotiq_85_driver/lib/python3.10/site-packages:/home/iclabwill/work/ubuntu22.04_ros2/isaac_c/install/robotiq_85_msgs/local/lib/python3.10/dist-packages:${PYTHONPATH} /usr/bin/cmake --install /home/iclabwill/work/ubuntu22.04_ros2/isaac_c/build/robotiq_85_gripper
