[0.013s] Invoking command in '/home/iclabwill/work/ubuntu22.04_ros2/isaac_c/build/robotiq_gripper_moveit_config': CMAKE_PREFIX_PATH=/home/iclabwill/work/ubuntu22.04_ros2/isaac_c/install/robotiq_85_description:/home/iclabwill/work/ubuntu22.04_ros2/isaac_c/install/ur_moveit_cpp:/home/iclabwill/work/ubuntu22.04_ros2/isaac_c/install/ur5e_moveit_config:/home/iclabwill/work/ubuntu22.04_ros2/isaac_c/install/ur5e_gripper_moveit_config:/home/iclabwill/work/ubuntu22.04_ros2/isaac_c/install/ur_description:/home/iclabwill/work/ubuntu22.04_ros2/isaac_c/install/robotiq_gripper_moveit_config:/home/iclabwill/work/ubuntu22.04_ros2/isaac_c/install/robotiq_85_gripper:/home/iclabwill/work/ubuntu22.04_ros2/isaac_c/install/robotiq_85_msgs:/home/iclabwill/work/ubuntu22.04_ros2/isaac_c/install/robotiq_85_driver:/opt/ros/humble /usr/bin/cmake --build /home/iclabwill/work/ubuntu22.04_ros2/isaac_c/build/robotiq_gripper_moveit_config -- -j12 -l12
[0.056s] Invoked command in '/home/iclabwill/work/ubuntu22.04_ros2/isaac_c/build/robotiq_gripper_moveit_config' returned '0': CMAKE_PREFIX_PATH=/home/iclabwill/work/ubuntu22.04_ros2/isaac_c/install/robotiq_85_description:/home/iclabwill/work/ubuntu22.04_ros2/isaac_c/install/ur_moveit_cpp:/home/iclabwill/work/ubuntu22.04_ros2/isaac_c/install/ur5e_moveit_config:/home/iclabwill/work/ubuntu22.04_ros2/isaac_c/install/ur5e_gripper_moveit_config:/home/iclabwill/work/ubuntu22.04_ros2/isaac_c/install/ur_description:/home/iclabwill/work/ubuntu22.04_ros2/isaac_c/install/robotiq_gripper_moveit_config:/home/iclabwill/work/ubuntu22.04_ros2/isaac_c/install/robotiq_85_gripper:/home/iclabwill/work/ubuntu22.04_ros2/isaac_c/install/robotiq_85_msgs:/home/iclabwill/work/ubuntu22.04_ros2/isaac_c/install/robotiq_85_driver:/opt/ros/humble /usr/bin/cmake --build /home/iclabwill/work/ubuntu22.04_ros2/isaac_c/build/robotiq_gripper_moveit_config -- -j12 -l12
[0.082s] Invoking command in '/home/iclabwill/work/ubuntu22.04_ros2/isaac_c/build/robotiq_gripper_moveit_config': CMAKE_PREFIX_PATH=/home/iclabwill/work/ubuntu22.04_ros2/isaac_c/install/robotiq_85_description:/home/iclabwill/work/ubuntu22.04_ros2/isaac_c/install/ur_moveit_cpp:/home/iclabwill/work/ubuntu22.04_ros2/isaac_c/install/ur5e_moveit_config:/home/iclabwill/work/ubuntu22.04_ros2/isaac_c/install/ur5e_gripper_moveit_config:/home/iclabwill/work/ubuntu22.04_ros2/isaac_c/install/ur_description:/home/iclabwill/work/ubuntu22.04_ros2/isaac_c/install/robotiq_gripper_moveit_config:/home/iclabwill/work/ubuntu22.04_ros2/isaac_c/install/robotiq_85_gripper:/home/iclabwill/work/ubuntu22.04_ros2/isaac_c/install/robotiq_85_msgs:/home/iclabwill/work/ubuntu22.04_ros2/isaac_c/install/robotiq_85_driver:/opt/ros/humble /usr/bin/cmake --install /home/iclabwill/work/ubuntu22.04_ros2/isaac_c/build/robotiq_gripper_moveit_config
[0.089s] -- Install configuration: ""
[0.090s] -- Execute custom install script
[0.091s] -- Up-to-date symlink: /home/iclabwill/work/ubuntu22.04_ros2/isaac_c/install/robotiq_gripper_moveit_config/share/ament_index/resource_index/package_run_dependencies/robotiq_gripper_moveit_config
[0.092s] -- Up-to-date symlink: /home/iclabwill/work/ubuntu22.04_ros2/isaac_c/install/robotiq_gripper_moveit_config/share/ament_index/resource_index/parent_prefix_path/robotiq_gripper_moveit_config
[0.092s] -- Up-to-date symlink: /home/iclabwill/work/ubuntu22.04_ros2/isaac_c/install/robotiq_gripper_moveit_config/share/robotiq_gripper_moveit_config/environment/ament_prefix_path.sh
[0.092s] -- Up-to-date symlink: /home/iclabwill/work/ubuntu22.04_ros2/isaac_c/install/robotiq_gripper_moveit_config/share/robotiq_gripper_moveit_config/environment/ament_prefix_path.dsv
[0.093s] -- Up-to-date symlink: /home/iclabwill/work/ubuntu22.04_ros2/isaac_c/install/robotiq_gripper_moveit_config/share/robotiq_gripper_moveit_config/environment/path.sh
[0.093s] -- Up-to-date symlink: /home/iclabwill/work/ubuntu22.04_ros2/isaac_c/install/robotiq_gripper_moveit_config/share/robotiq_gripper_moveit_config/environment/path.dsv
[0.093s] -- Up-to-date symlink: /home/iclabwill/work/ubuntu22.04_ros2/isaac_c/install/robotiq_gripper_moveit_config/share/robotiq_gripper_moveit_config/local_setup.bash
[0.094s] -- Up-to-date symlink: /home/iclabwill/work/ubuntu22.04_ros2/isaac_c/install/robotiq_gripper_moveit_config/share/robotiq_gripper_moveit_config/local_setup.sh
[0.094s] -- Up-to-date symlink: /home/iclabwill/work/ubuntu22.04_ros2/isaac_c/install/robotiq_gripper_moveit_config/share/robotiq_gripper_moveit_config/local_setup.zsh
[0.094s] -- Up-to-date symlink: /home/iclabwill/work/ubuntu22.04_ros2/isaac_c/install/robotiq_gripper_moveit_config/share/robotiq_gripper_moveit_config/local_setup.dsv
[0.094s] -- Symlinking: /home/iclabwill/work/ubuntu22.04_ros2/isaac_c/install/robotiq_gripper_moveit_config/share/robotiq_gripper_moveit_config/package.dsv
[0.103s] -- Up-to-date symlink: /home/iclabwill/work/ubuntu22.04_ros2/isaac_c/install/robotiq_gripper_moveit_config/share/ament_index/resource_index/packages/robotiq_gripper_moveit_config
[0.104s] -- Up-to-date symlink: /home/iclabwill/work/ubuntu22.04_ros2/isaac_c/install/robotiq_gripper_moveit_config/share/robotiq_gripper_moveit_config/cmake/robotiq_gripper_moveit_configConfig.cmake
[0.104s] -- Up-to-date symlink: /home/iclabwill/work/ubuntu22.04_ros2/isaac_c/install/robotiq_gripper_moveit_config/share/robotiq_gripper_moveit_config/cmake/robotiq_gripper_moveit_configConfig-version.cmake
[0.105s] -- Up-to-date symlink: /home/iclabwill/work/ubuntu22.04_ros2/isaac_c/install/robotiq_gripper_moveit_config/share/robotiq_gripper_moveit_config/package.xml
[0.106s] -- Up-to-date symlink: /home/iclabwill/work/ubuntu22.04_ros2/isaac_c/install/robotiq_gripper_moveit_config/share/robotiq_gripper_moveit_config/launch/demo.launch.py
[0.106s] -- Up-to-date symlink: /home/iclabwill/work/ubuntu22.04_ros2/isaac_c/install/robotiq_gripper_moveit_config/share/robotiq_gripper_moveit_config/launch/move_group.launch.py
[0.106s] -- Up-to-date symlink: /home/iclabwill/work/ubuntu22.04_ros2/isaac_c/install/robotiq_gripper_moveit_config/share/robotiq_gripper_moveit_config/launch/moveit_rviz.launch.py
[0.107s] -- Up-to-date symlink: /home/iclabwill/work/ubuntu22.04_ros2/isaac_c/install/robotiq_gripper_moveit_config/share/robotiq_gripper_moveit_config/launch/rsp.launch.py
[0.107s] -- Up-to-date symlink: /home/iclabwill/work/ubuntu22.04_ros2/isaac_c/install/robotiq_gripper_moveit_config/share/robotiq_gripper_moveit_config/launch/setup_assistant.launch.py
[0.107s] -- Up-to-date symlink: /home/iclabwill/work/ubuntu22.04_ros2/isaac_c/install/robotiq_gripper_moveit_config/share/robotiq_gripper_moveit_config/launch/spawn_controllers.launch.py
[0.108s] -- Up-to-date symlink: /home/iclabwill/work/ubuntu22.04_ros2/isaac_c/install/robotiq_gripper_moveit_config/share/robotiq_gripper_moveit_config/launch/static_virtual_joint_tfs.launch.py
[0.108s] -- Up-to-date symlink: /home/iclabwill/work/ubuntu22.04_ros2/isaac_c/install/robotiq_gripper_moveit_config/share/robotiq_gripper_moveit_config/launch/warehouse_db.launch.py
[0.109s] -- Up-to-date symlink: /home/iclabwill/work/ubuntu22.04_ros2/isaac_c/install/robotiq_gripper_moveit_config/share/robotiq_gripper_moveit_config/config/initial_positions.yaml
[0.109s] -- Up-to-date symlink: /home/iclabwill/work/ubuntu22.04_ros2/isaac_c/install/robotiq_gripper_moveit_config/share/robotiq_gripper_moveit_config/config/joint_limits.yaml
[0.110s] -- Up-to-date symlink: /home/iclabwill/work/ubuntu22.04_ros2/isaac_c/install/robotiq_gripper_moveit_config/share/robotiq_gripper_moveit_config/config/kinematics.yaml
[0.111s] -- Up-to-date symlink: /home/iclabwill/work/ubuntu22.04_ros2/isaac_c/install/robotiq_gripper_moveit_config/share/robotiq_gripper_moveit_config/config/moveit.rviz
[0.111s] -- Up-to-date symlink: /home/iclabwill/work/ubuntu22.04_ros2/isaac_c/install/robotiq_gripper_moveit_config/share/robotiq_gripper_moveit_config/config/moveit_controllers.yaml
[0.111s] -- Up-to-date symlink: /home/iclabwill/work/ubuntu22.04_ros2/isaac_c/install/robotiq_gripper_moveit_config/share/robotiq_gripper_moveit_config/config/pilz_cartesian_limits.yaml
[0.111s] -- Up-to-date symlink: /home/iclabwill/work/ubuntu22.04_ros2/isaac_c/install/robotiq_gripper_moveit_config/share/robotiq_gripper_moveit_config/config/robotiq_85_gripper.ros2_control.xacro
[0.112s] -- Up-to-date symlink: /home/iclabwill/work/ubuntu22.04_ros2/isaac_c/install/robotiq_gripper_moveit_config/share/robotiq_gripper_moveit_config/config/robotiq_85_gripper.srdf
[0.112s] -- Up-to-date symlink: /home/iclabwill/work/ubuntu22.04_ros2/isaac_c/install/robotiq_gripper_moveit_config/share/robotiq_gripper_moveit_config/config/robotiq_85_gripper.urdf.xacro
[0.113s] -- Up-to-date symlink: /home/iclabwill/work/ubuntu22.04_ros2/isaac_c/install/robotiq_gripper_moveit_config/share/robotiq_gripper_moveit_config/config/ros2_controllers.yaml
[0.113s] -- Up-to-date symlink: /home/iclabwill/work/ubuntu22.04_ros2/isaac_c/install/robotiq_gripper_moveit_config/share/robotiq_gripper_moveit_config/config/sensors_3d.yaml
[0.114s] -- Up-to-date symlink: /home/iclabwill/work/ubuntu22.04_ros2/isaac_c/install/robotiq_gripper_moveit_config/share/robotiq_gripper_moveit_config/.setup_assistant
[0.118s] Invoked command in '/home/iclabwill/work/ubuntu22.04_ros2/isaac_c/build/robotiq_gripper_moveit_config' returned '0': CMAKE_PREFIX_PATH=/home/iclabwill/work/ubuntu22.04_ros2/isaac_c/install/robotiq_85_description:/home/iclabwill/work/ubuntu22.04_ros2/isaac_c/install/ur_moveit_cpp:/home/iclabwill/work/ubuntu22.04_ros2/isaac_c/install/ur5e_moveit_config:/home/iclabwill/work/ubuntu22.04_ros2/isaac_c/install/ur5e_gripper_moveit_config:/home/iclabwill/work/ubuntu22.04_ros2/isaac_c/install/ur_description:/home/iclabwill/work/ubuntu22.04_ros2/isaac_c/install/robotiq_gripper_moveit_config:/home/iclabwill/work/ubuntu22.04_ros2/isaac_c/install/robotiq_85_gripper:/home/iclabwill/work/ubuntu22.04_ros2/isaac_c/install/robotiq_85_msgs:/home/iclabwill/work/ubuntu22.04_ros2/isaac_c/install/robotiq_85_driver:/opt/ros/humble /usr/bin/cmake --install /home/iclabwill/work/ubuntu22.04_ros2/isaac_c/build/robotiq_gripper_moveit_config
