[0.011s] Invoking command in '/home/iclabwill/work/ubuntu22.04_ros2/isaac_c/build/robotiq_85_description': CMAKE_PREFIX_PATH=/opt/ros/humble /usr/bin/cmake --build /home/iclabwill/work/ubuntu22.04_ros2/isaac_c/build/robotiq_85_description -- -j28 -l28
[0.028s] Invoked command in '/home/iclabwill/work/ubuntu22.04_ros2/isaac_c/build/robotiq_85_description' returned '0': CMAKE_PREFIX_PATH=/opt/ros/humble /usr/bin/cmake --build /home/iclabwill/work/ubuntu22.04_ros2/isaac_c/build/robotiq_85_description -- -j28 -l28
[0.045s] Invoking command in '/home/iclabwill/work/ubuntu22.04_ros2/isaac_c/build/robotiq_85_description': CMAKE_PREFIX_PATH=/opt/ros/humble /usr/bin/cmake --install /home/iclabwill/work/ubuntu22.04_ros2/isaac_c/build/robotiq_85_description
[0.049s] -- Install configuration: ""
[0.049s] -- Execute custom install script
[0.049s] -- Up-to-date symlink: /home/iclabwill/work/ubuntu22.04_ros2/isaac_c/install/robotiq_85_description/share/robotiq_85_description/config/view_gripper.rviz
[0.049s] -- Up-to-date symlink: /home/iclabwill/work/ubuntu22.04_ros2/isaac_c/install/robotiq_85_description/share/robotiq_85_description/launch/view_gripper.launch.py
[0.050s] -- Up-to-date symlink: /home/iclabwill/work/ubuntu22.04_ros2/isaac_c/install/robotiq_85_description/share/robotiq_85_description/meshes/collision/robotiq_85_base_link.stl
[0.050s] -- Up-to-date symlink: /home/iclabwill/work/ubuntu22.04_ros2/isaac_c/install/robotiq_85_description/share/robotiq_85_description/meshes/collision/robotiq_85_finger_link.stl
[0.050s] -- Up-to-date symlink: /home/iclabwill/work/ubuntu22.04_ros2/isaac_c/install/robotiq_85_description/share/robotiq_85_description/meshes/collision/robotiq_85_finger_tip_link.stl
[0.050s] -- Up-to-date symlink: /home/iclabwill/work/ubuntu22.04_ros2/isaac_c/install/robotiq_85_description/share/robotiq_85_description/meshes/collision/robotiq_85_inner_knuckle_link.stl
[0.050s] -- Up-to-date symlink: /home/iclabwill/work/ubuntu22.04_ros2/isaac_c/install/robotiq_85_description/share/robotiq_85_description/meshes/collision/robotiq_85_knuckle_link.stl
[0.050s] -- Up-to-date symlink: /home/iclabwill/work/ubuntu22.04_ros2/isaac_c/install/robotiq_85_description/share/robotiq_85_description/meshes/collision/ur_to_robotiq_adapter.stl
[0.050s] -- Up-to-date symlink: /home/iclabwill/work/ubuntu22.04_ros2/isaac_c/install/robotiq_85_description/share/robotiq_85_description/meshes/robotiq_85_coupler.stl
[0.050s] -- Up-to-date symlink: /home/iclabwill/work/ubuntu22.04_ros2/isaac_c/install/robotiq_85_description/share/robotiq_85_description/meshes/visual/robotiq_85_base_link.dae
[0.050s] -- Up-to-date symlink: /home/iclabwill/work/ubuntu22.04_ros2/isaac_c/install/robotiq_85_description/share/robotiq_85_description/meshes/visual/robotiq_85_finger_link.dae
[0.050s] -- Up-to-date symlink: /home/iclabwill/work/ubuntu22.04_ros2/isaac_c/install/robotiq_85_description/share/robotiq_85_description/meshes/visual/robotiq_85_finger_tip_link.dae
[0.051s] -- Up-to-date symlink: /home/iclabwill/work/ubuntu22.04_ros2/isaac_c/install/robotiq_85_description/share/robotiq_85_description/meshes/visual/robotiq_85_inner_knuckle_link.dae
[0.051s] -- Up-to-date symlink: /home/iclabwill/work/ubuntu22.04_ros2/isaac_c/install/robotiq_85_description/share/robotiq_85_description/meshes/visual/robotiq_85_knuckle_link.dae
[0.051s] -- Up-to-date symlink: /home/iclabwill/work/ubuntu22.04_ros2/isaac_c/install/robotiq_85_description/share/robotiq_85_description/meshes/visual/ur_to_robotiq_adapter.dae
[0.051s] -- Up-to-date symlink: /home/iclabwill/work/ubuntu22.04_ros2/isaac_c/install/robotiq_85_description/share/robotiq_85_description/urdf/left_robotiq_85_gripper.urdf.xacro
[0.051s] -- Up-to-date symlink: /home/iclabwill/work/ubuntu22.04_ros2/isaac_c/install/robotiq_85_description/share/robotiq_85_description/urdf/right_robotiq_85_gripper.urdf.xacro
[0.051s] -- Up-to-date symlink: /home/iclabwill/work/ubuntu22.04_ros2/isaac_c/install/robotiq_85_description/share/robotiq_85_description/urdf/robotiq_85_gripper.ros2_control.xacro
[0.051s] -- Up-to-date symlink: /home/iclabwill/work/ubuntu22.04_ros2/isaac_c/install/robotiq_85_description/share/robotiq_85_description/urdf/robotiq_85_gripper.transmission.xacro
[0.051s] -- Up-to-date symlink: /home/iclabwill/work/ubuntu22.04_ros2/isaac_c/install/robotiq_85_description/share/robotiq_85_description/urdf/robotiq_85_gripper.urdf.xacro
[0.051s] -- Up-to-date symlink: /home/iclabwill/work/ubuntu22.04_ros2/isaac_c/install/robotiq_85_description/share/robotiq_85_description/urdf/robotiq_85_gripper_macro.urdf.xacro
[0.051s] -- Up-to-date symlink: /home/iclabwill/work/ubuntu22.04_ros2/isaac_c/install/robotiq_85_description/share/robotiq_85_description/urdf/robotiq_85_gripper_sim_base.urdf.xacro
[0.051s] -- Up-to-date symlink: /home/iclabwill/work/ubuntu22.04_ros2/isaac_c/install/robotiq_85_description/share/robotiq_85_description/urdf/robotiq_arg85_description.urdf.xacro
[0.051s] -- Up-to-date symlink: /home/iclabwill/work/ubuntu22.04_ros2/isaac_c/install/robotiq_85_description/share/robotiq_85_description/urdf/ur_to_robotiq_adapter.urdf.xacro
[0.051s] -- Up-to-date symlink: /home/iclabwill/work/ubuntu22.04_ros2/isaac_c/install/robotiq_85_description/share/ament_index/resource_index/package_run_dependencies/robotiq_85_description
[0.051s] -- Up-to-date symlink: /home/iclabwill/work/ubuntu22.04_ros2/isaac_c/install/robotiq_85_description/share/ament_index/resource_index/parent_prefix_path/robotiq_85_description
[0.051s] -- Up-to-date symlink: /home/iclabwill/work/ubuntu22.04_ros2/isaac_c/install/robotiq_85_description/share/robotiq_85_description/environment/ament_prefix_path.sh
[0.051s] -- Up-to-date symlink: /home/iclabwill/work/ubuntu22.04_ros2/isaac_c/install/robotiq_85_description/share/robotiq_85_description/environment/ament_prefix_path.dsv
[0.051s] -- Up-to-date symlink: /home/iclabwill/work/ubuntu22.04_ros2/isaac_c/install/robotiq_85_description/share/robotiq_85_description/environment/path.sh
[0.051s] -- Up-to-date symlink: /home/iclabwill/work/ubuntu22.04_ros2/isaac_c/install/robotiq_85_description/share/robotiq_85_description/environment/path.dsv
[0.051s] -- Up-to-date symlink: /home/iclabwill/work/ubuntu22.04_ros2/isaac_c/install/robotiq_85_description/share/robotiq_85_description/local_setup.bash
[0.051s] -- Up-to-date symlink: /home/iclabwill/work/ubuntu22.04_ros2/isaac_c/install/robotiq_85_description/share/robotiq_85_description/local_setup.sh
[0.051s] -- Up-to-date symlink: /home/iclabwill/work/ubuntu22.04_ros2/isaac_c/install/robotiq_85_description/share/robotiq_85_description/local_setup.zsh
[0.052s] -- Up-to-date symlink: /home/iclabwill/work/ubuntu22.04_ros2/isaac_c/install/robotiq_85_description/share/robotiq_85_description/local_setup.dsv
[0.052s] -- Symlinking: /home/iclabwill/work/ubuntu22.04_ros2/isaac_c/install/robotiq_85_description/share/robotiq_85_description/package.dsv
[0.055s] -- Up-to-date symlink: /home/iclabwill/work/ubuntu22.04_ros2/isaac_c/install/robotiq_85_description/share/ament_index/resource_index/packages/robotiq_85_description
[0.056s] -- Up-to-date symlink: /home/iclabwill/work/ubuntu22.04_ros2/isaac_c/install/robotiq_85_description/share/robotiq_85_description/cmake/robotiq_85_descriptionConfig.cmake
[0.056s] -- Up-to-date symlink: /home/iclabwill/work/ubuntu22.04_ros2/isaac_c/install/robotiq_85_description/share/robotiq_85_description/cmake/robotiq_85_descriptionConfig-version.cmake
[0.057s] -- Up-to-date symlink: /home/iclabwill/work/ubuntu22.04_ros2/isaac_c/install/robotiq_85_description/share/robotiq_85_description/package.xml
[0.060s] Invoked command in '/home/iclabwill/work/ubuntu22.04_ros2/isaac_c/build/robotiq_85_description' returned '0': CMAKE_PREFIX_PATH=/opt/ros/humble /usr/bin/cmake --install /home/iclabwill/work/ubuntu22.04_ros2/isaac_c/build/robotiq_85_description
