[0.024s] Invoking command in '/home/iclabwill/work/ubuntu22.04_ros2/build/robotiq_85_description': CMAKE_PREFIX_PATH=/opt/ros/humble /usr/bin/cmake /home/iclabwill/work/ubuntu22.04_ros2/isaac_c/src/robotiq_85_gripper/robotiq_85_description -DAMENT_CMAKE_SYMLINK_INSTALL=1 -DCMAKE_INSTALL_PREFIX=/home/iclabwill/work/ubuntu22.04_ros2/install/robotiq_85_description
[0.314s] -- The C compiler identification is GNU 11.4.0
[0.449s] -- The CXX compiler identification is GNU 11.4.0
[0.460s] -- Detecting C compiler ABI info
[0.513s] -- Detecting C compiler ABI info - done
[0.517s] -- Check for working C compiler: /usr/bin/cc - skipped
[0.518s] -- Detecting C compile features
[0.518s] -- Detecting C compile features - done
[0.521s] -- Detecting CXX compiler ABI info
[0.560s] -- Detecting CXX compiler ABI info - done
[0.563s] -- Check for working CXX compiler: /usr/bin/c++ - skipped
[0.563s] -- Detecting CXX compile features
[0.564s] -- Detecting CXX compile features - done
[0.572s] -- Found ament_cmake: 1.3.8 (/opt/ros/humble/share/ament_cmake/cmake)
[0.655s] -- Found Python3: /usr/bin/python3 (found version "3.10.12") found components: Interpreter 
[0.699s] -- Override CMake install command with custom implementation using symlinks instead of copying resources
[0.780s] -- Configuring done
[0.781s] -- Generating done
[0.781s] -- Build files have been written to: /home/iclabwill/work/ubuntu22.04_ros2/build/robotiq_85_description
[0.783s] Invoked command in '/home/iclabwill/work/ubuntu22.04_ros2/build/robotiq_85_description' returned '0': CMAKE_PREFIX_PATH=/opt/ros/humble /usr/bin/cmake /home/iclabwill/work/ubuntu22.04_ros2/isaac_c/src/robotiq_85_gripper/robotiq_85_description -DAMENT_CMAKE_SYMLINK_INSTALL=1 -DCMAKE_INSTALL_PREFIX=/home/iclabwill/work/ubuntu22.04_ros2/install/robotiq_85_description
[0.784s] Invoking command in '/home/iclabwill/work/ubuntu22.04_ros2/build/robotiq_85_description': CMAKE_PREFIX_PATH=/opt/ros/humble /usr/bin/cmake --build /home/iclabwill/work/ubuntu22.04_ros2/build/robotiq_85_description -- -j28 -l28
[0.800s] Invoked command in '/home/iclabwill/work/ubuntu22.04_ros2/build/robotiq_85_description' returned '0': CMAKE_PREFIX_PATH=/opt/ros/humble /usr/bin/cmake --build /home/iclabwill/work/ubuntu22.04_ros2/build/robotiq_85_description -- -j28 -l28
[0.812s] Invoking command in '/home/iclabwill/work/ubuntu22.04_ros2/build/robotiq_85_description': CMAKE_PREFIX_PATH=/opt/ros/humble /usr/bin/cmake --install /home/iclabwill/work/ubuntu22.04_ros2/build/robotiq_85_description
[0.815s] -- Install configuration: ""
[0.815s] -- Execute custom install script
[0.816s] -- Symlinking: /home/iclabwill/work/ubuntu22.04_ros2/install/robotiq_85_description/share/robotiq_85_description/config/view_gripper.rviz
[0.820s] -- Symlinking: /home/iclabwill/work/ubuntu22.04_ros2/install/robotiq_85_description/share/robotiq_85_description/launch/view_gripper.launch.py
[0.826s] -- Symlinking: /home/iclabwill/work/ubuntu22.04_ros2/install/robotiq_85_description/share/robotiq_85_description/meshes/collision/robotiq_85_base_link.stl
[0.829s] -- Symlinking: /home/iclabwill/work/ubuntu22.04_ros2/install/robotiq_85_description/share/robotiq_85_description/meshes/collision/robotiq_85_finger_link.stl
[0.833s] -- Symlinking: /home/iclabwill/work/ubuntu22.04_ros2/install/robotiq_85_description/share/robotiq_85_description/meshes/collision/robotiq_85_finger_tip_link.stl
[0.836s] -- Symlinking: /home/iclabwill/work/ubuntu22.04_ros2/install/robotiq_85_description/share/robotiq_85_description/meshes/collision/robotiq_85_inner_knuckle_link.stl
[0.839s] -- Symlinking: /home/iclabwill/work/ubuntu22.04_ros2/install/robotiq_85_description/share/robotiq_85_description/meshes/collision/robotiq_85_knuckle_link.stl
[0.843s] -- Symlinking: /home/iclabwill/work/ubuntu22.04_ros2/install/robotiq_85_description/share/robotiq_85_description/meshes/collision/ur_to_robotiq_adapter.stl
[0.846s] -- Symlinking: /home/iclabwill/work/ubuntu22.04_ros2/install/robotiq_85_description/share/robotiq_85_description/meshes/robotiq_85_coupler.stl
[0.850s] -- Symlinking: /home/iclabwill/work/ubuntu22.04_ros2/install/robotiq_85_description/share/robotiq_85_description/meshes/visual/robotiq_85_base_link.dae
[0.853s] -- Symlinking: /home/iclabwill/work/ubuntu22.04_ros2/install/robotiq_85_description/share/robotiq_85_description/meshes/visual/robotiq_85_finger_link.dae
[0.856s] -- Symlinking: /home/iclabwill/work/ubuntu22.04_ros2/install/robotiq_85_description/share/robotiq_85_description/meshes/visual/robotiq_85_finger_tip_link.dae
[0.860s] -- Symlinking: /home/iclabwill/work/ubuntu22.04_ros2/install/robotiq_85_description/share/robotiq_85_description/meshes/visual/robotiq_85_inner_knuckle_link.dae
[0.863s] -- Symlinking: /home/iclabwill/work/ubuntu22.04_ros2/install/robotiq_85_description/share/robotiq_85_description/meshes/visual/robotiq_85_knuckle_link.dae
[0.867s] -- Symlinking: /home/iclabwill/work/ubuntu22.04_ros2/install/robotiq_85_description/share/robotiq_85_description/meshes/visual/ur_to_robotiq_adapter.dae
[0.871s] -- Symlinking: /home/iclabwill/work/ubuntu22.04_ros2/install/robotiq_85_description/share/robotiq_85_description/urdf/left_robotiq_85_gripper.urdf.xacro
[0.874s] -- Symlinking: /home/iclabwill/work/ubuntu22.04_ros2/install/robotiq_85_description/share/robotiq_85_description/urdf/right_robotiq_85_gripper.urdf.xacro
[0.877s] -- Symlinking: /home/iclabwill/work/ubuntu22.04_ros2/install/robotiq_85_description/share/robotiq_85_description/urdf/robotiq_85_gripper.ros2_control.xacro
[0.881s] -- Symlinking: /home/iclabwill/work/ubuntu22.04_ros2/install/robotiq_85_description/share/robotiq_85_description/urdf/robotiq_85_gripper.transmission.xacro
[0.884s] -- Symlinking: /home/iclabwill/work/ubuntu22.04_ros2/install/robotiq_85_description/share/robotiq_85_description/urdf/robotiq_85_gripper.urdf.xacro
[0.888s] -- Symlinking: /home/iclabwill/work/ubuntu22.04_ros2/install/robotiq_85_description/share/robotiq_85_description/urdf/robotiq_85_gripper_macro.urdf.xacro
[0.891s] -- Symlinking: /home/iclabwill/work/ubuntu22.04_ros2/install/robotiq_85_description/share/robotiq_85_description/urdf/robotiq_85_gripper_sim_base.urdf.xacro
[0.894s] -- Symlinking: /home/iclabwill/work/ubuntu22.04_ros2/install/robotiq_85_description/share/robotiq_85_description/urdf/robotiq_arg85_description.urdf.xacro
[0.898s] -- Symlinking: /home/iclabwill/work/ubuntu22.04_ros2/install/robotiq_85_description/share/robotiq_85_description/urdf/ur_to_robotiq_adapter.urdf.xacro
[0.901s] -- Symlinking: /home/iclabwill/work/ubuntu22.04_ros2/install/robotiq_85_description/share/ament_index/resource_index/package_run_dependencies/robotiq_85_description
[0.905s] -- Symlinking: /home/iclabwill/work/ubuntu22.04_ros2/install/robotiq_85_description/share/ament_index/resource_index/parent_prefix_path/robotiq_85_description
[0.908s] -- Symlinking: /home/iclabwill/work/ubuntu22.04_ros2/install/robotiq_85_description/share/robotiq_85_description/environment/ament_prefix_path.sh
[0.912s] -- Symlinking: /home/iclabwill/work/ubuntu22.04_ros2/install/robotiq_85_description/share/robotiq_85_description/environment/ament_prefix_path.dsv
[0.916s] -- Symlinking: /home/iclabwill/work/ubuntu22.04_ros2/install/robotiq_85_description/share/robotiq_85_description/environment/path.sh
[0.919s] -- Symlinking: /home/iclabwill/work/ubuntu22.04_ros2/install/robotiq_85_description/share/robotiq_85_description/environment/path.dsv
[0.922s] -- Symlinking: /home/iclabwill/work/ubuntu22.04_ros2/install/robotiq_85_description/share/robotiq_85_description/local_setup.bash
[0.926s] -- Symlinking: /home/iclabwill/work/ubuntu22.04_ros2/install/robotiq_85_description/share/robotiq_85_description/local_setup.sh
[0.929s] -- Symlinking: /home/iclabwill/work/ubuntu22.04_ros2/install/robotiq_85_description/share/robotiq_85_description/local_setup.zsh
[0.933s] -- Symlinking: /home/iclabwill/work/ubuntu22.04_ros2/install/robotiq_85_description/share/robotiq_85_description/local_setup.dsv
[0.936s] -- Symlinking: /home/iclabwill/work/ubuntu22.04_ros2/install/robotiq_85_description/share/robotiq_85_description/package.dsv
[0.940s] -- Symlinking: /home/iclabwill/work/ubuntu22.04_ros2/install/robotiq_85_description/share/ament_index/resource_index/packages/robotiq_85_description
[0.943s] -- Symlinking: /home/iclabwill/work/ubuntu22.04_ros2/install/robotiq_85_description/share/robotiq_85_description/cmake/robotiq_85_descriptionConfig.cmake
[0.946s] -- Symlinking: /home/iclabwill/work/ubuntu22.04_ros2/install/robotiq_85_description/share/robotiq_85_description/cmake/robotiq_85_descriptionConfig-version.cmake
[0.950s] -- Symlinking: /home/iclabwill/work/ubuntu22.04_ros2/install/robotiq_85_description/share/robotiq_85_description/package.xml
[0.954s] Invoked command in '/home/iclabwill/work/ubuntu22.04_ros2/build/robotiq_85_description' returned '0': CMAKE_PREFIX_PATH=/opt/ros/humble /usr/bin/cmake --install /home/iclabwill/work/ubuntu22.04_ros2/build/robotiq_85_description
