[0.009s] Invoking command in '/home/iclabwill/work/ubuntu22.04_ros2/build/ur_description': CMAKE_PREFIX_PATH=/opt/ros/humble /usr/bin/cmake /home/iclabwill/work/ubuntu22.04_ros2/isaac_c/src/Universal_Robots_ROS2_Description -DAMENT_CMAKE_SYMLINK_INSTALL=1 -DCMAKE_INSTALL_PREFIX=/home/iclabwill/work/ubuntu22.04_ros2/install/ur_description
[0.295s] -- The C compiler identification is GNU 11.4.0
[0.430s] -- The CXX compiler identification is GNU 11.4.0
[0.441s] -- Detecting C compiler ABI info
[0.494s] -- Detecting C compiler ABI info - done
[0.499s] -- Check for working C compiler: /usr/bin/cc - skipped
[0.499s] -- Detecting C compile features
[0.499s] -- Detecting C compile features - done
[0.502s] -- Detecting CXX compiler ABI info
[0.541s] -- Detecting CXX compiler ABI info - done
[0.544s] -- Check for working CXX compiler: /usr/bin/c++ - skipped
[0.544s] -- Detecting CXX compile features
[0.545s] -- Detecting CXX compile features - done
[0.553s] -- Found ament_cmake: 1.3.8 (/opt/ros/humble/share/ament_cmake/cmake)
[0.636s] -- Found Python3: /usr/bin/python3 (found version "3.10.12") found components: Interpreter 
[0.680s] -- Override CMake install command with custom implementation using symlinks instead of copying resources
[0.726s] -- Found ament_cmake_pytest: 1.3.8 (/opt/ros/humble/share/ament_cmake_pytest/cmake)
[1.265s] -- Configuring done
[1.266s] -- Generating done
[1.266s] -- Build files have been written to: /home/iclabwill/work/ubuntu22.04_ros2/build/ur_description
[1.268s] Invoked command in '/home/iclabwill/work/ubuntu22.04_ros2/build/ur_description' returned '0': CMAKE_PREFIX_PATH=/opt/ros/humble /usr/bin/cmake /home/iclabwill/work/ubuntu22.04_ros2/isaac_c/src/Universal_Robots_ROS2_Description -DAMENT_CMAKE_SYMLINK_INSTALL=1 -DCMAKE_INSTALL_PREFIX=/home/iclabwill/work/ubuntu22.04_ros2/install/ur_description
[1.269s] Invoking command in '/home/iclabwill/work/ubuntu22.04_ros2/build/ur_description': CMAKE_PREFIX_PATH=/opt/ros/humble /usr/bin/cmake --build /home/iclabwill/work/ubuntu22.04_ros2/build/ur_description -- -j28 -l28
[1.284s] Invoked command in '/home/iclabwill/work/ubuntu22.04_ros2/build/ur_description' returned '0': CMAKE_PREFIX_PATH=/opt/ros/humble /usr/bin/cmake --build /home/iclabwill/work/ubuntu22.04_ros2/build/ur_description -- -j28 -l28
[1.292s] Invoking command in '/home/iclabwill/work/ubuntu22.04_ros2/build/ur_description': CMAKE_PREFIX_PATH=/opt/ros/humble /usr/bin/cmake --install /home/iclabwill/work/ubuntu22.04_ros2/build/ur_description
[1.295s] -- Install configuration: ""
[1.295s] -- Execute custom install script
[1.301s] -- Symlinking: /home/iclabwill/work/ubuntu22.04_ros2/install/ur_description/share/ur_description/config/initial_positions.yaml
[1.304s] -- Symlinking: /home/iclabwill/work/ubuntu22.04_ros2/install/ur_description/share/ur_description/config/ur10/default_kinematics.yaml
[1.307s] -- Symlinking: /home/iclabwill/work/ubuntu22.04_ros2/install/ur_description/share/ur_description/config/ur10/joint_limits.yaml
[1.310s] -- Symlinking: /home/iclabwill/work/ubuntu22.04_ros2/install/ur_description/share/ur_description/config/ur10/physical_parameters.yaml
[1.314s] -- Symlinking: /home/iclabwill/work/ubuntu22.04_ros2/install/ur_description/share/ur_description/config/ur10/visual_parameters.yaml
[1.317s] -- Symlinking: /home/iclabwill/work/ubuntu22.04_ros2/install/ur_description/share/ur_description/config/ur10e/default_kinematics.yaml
[1.320s] -- Symlinking: /home/iclabwill/work/ubuntu22.04_ros2/install/ur_description/share/ur_description/config/ur10e/joint_limits.yaml
[1.324s] -- Symlinking: /home/iclabwill/work/ubuntu22.04_ros2/install/ur_description/share/ur_description/config/ur10e/physical_parameters.yaml
[1.327s] -- Symlinking: /home/iclabwill/work/ubuntu22.04_ros2/install/ur_description/share/ur_description/config/ur10e/visual_parameters.yaml
[1.330s] -- Symlinking: /home/iclabwill/work/ubuntu22.04_ros2/install/ur_description/share/ur_description/config/ur16e/default_kinematics.yaml
[1.334s] -- Symlinking: /home/iclabwill/work/ubuntu22.04_ros2/install/ur_description/share/ur_description/config/ur16e/joint_limits.yaml
[1.337s] -- Symlinking: /home/iclabwill/work/ubuntu22.04_ros2/install/ur_description/share/ur_description/config/ur16e/physical_parameters.yaml
[1.340s] -- Symlinking: /home/iclabwill/work/ubuntu22.04_ros2/install/ur_description/share/ur_description/config/ur16e/visual_parameters.yaml
[1.343s] -- Symlinking: /home/iclabwill/work/ubuntu22.04_ros2/install/ur_description/share/ur_description/config/ur20/default_kinematics.yaml
[1.347s] -- Symlinking: /home/iclabwill/work/ubuntu22.04_ros2/install/ur_description/share/ur_description/config/ur20/joint_limits.yaml
[1.350s] -- Symlinking: /home/iclabwill/work/ubuntu22.04_ros2/install/ur_description/share/ur_description/config/ur20/physical_parameters.yaml
[1.353s] -- Symlinking: /home/iclabwill/work/ubuntu22.04_ros2/install/ur_description/share/ur_description/config/ur20/visual_parameters.yaml
[1.357s] -- Symlinking: /home/iclabwill/work/ubuntu22.04_ros2/install/ur_description/share/ur_description/config/ur3/default_kinematics.yaml
[1.360s] -- Symlinking: /home/iclabwill/work/ubuntu22.04_ros2/install/ur_description/share/ur_description/config/ur3/joint_limits.yaml
[1.364s] -- Symlinking: /home/iclabwill/work/ubuntu22.04_ros2/install/ur_description/share/ur_description/config/ur3/physical_parameters.yaml
[1.367s] -- Symlinking: /home/iclabwill/work/ubuntu22.04_ros2/install/ur_description/share/ur_description/config/ur3/visual_parameters.yaml
[1.370s] -- Symlinking: /home/iclabwill/work/ubuntu22.04_ros2/install/ur_description/share/ur_description/config/ur30/default_kinematics.yaml
[1.374s] -- Symlinking: /home/iclabwill/work/ubuntu22.04_ros2/install/ur_description/share/ur_description/config/ur30/joint_limits.yaml
[1.377s] -- Symlinking: /home/iclabwill/work/ubuntu22.04_ros2/install/ur_description/share/ur_description/config/ur30/physical_parameters.yaml
[1.381s] -- Symlinking: /home/iclabwill/work/ubuntu22.04_ros2/install/ur_description/share/ur_description/config/ur30/visual_parameters.yaml
[1.384s] -- Symlinking: /home/iclabwill/work/ubuntu22.04_ros2/install/ur_description/share/ur_description/config/ur3e/default_kinematics.yaml
[1.387s] -- Symlinking: /home/iclabwill/work/ubuntu22.04_ros2/install/ur_description/share/ur_description/config/ur3e/joint_limits.yaml
[1.390s] -- Symlinking: /home/iclabwill/work/ubuntu22.04_ros2/install/ur_description/share/ur_description/config/ur3e/physical_parameters.yaml
[1.394s] -- Symlinking: /home/iclabwill/work/ubuntu22.04_ros2/install/ur_description/share/ur_description/config/ur3e/visual_parameters.yaml
[1.397s] -- Symlinking: /home/iclabwill/work/ubuntu22.04_ros2/install/ur_description/share/ur_description/config/ur5/default_kinematics.yaml
[1.401s] -- Symlinking: /home/iclabwill/work/ubuntu22.04_ros2/install/ur_description/share/ur_description/config/ur5/joint_limits.yaml
[1.404s] -- Symlinking: /home/iclabwill/work/ubuntu22.04_ros2/install/ur_description/share/ur_description/config/ur5/physical_parameters.yaml
[1.408s] -- Symlinking: /home/iclabwill/work/ubuntu22.04_ros2/install/ur_description/share/ur_description/config/ur5/visual_parameters.yaml
[1.412s] -- Symlinking: /home/iclabwill/work/ubuntu22.04_ros2/install/ur_description/share/ur_description/config/ur5e/default_kinematics.yaml
[1.416s] -- Symlinking: /home/iclabwill/work/ubuntu22.04_ros2/install/ur_description/share/ur_description/config/ur5e/joint_limits.yaml
[1.419s] -- Symlinking: /home/iclabwill/work/ubuntu22.04_ros2/install/ur_description/share/ur_description/config/ur5e/physical_parameters.yaml
[1.422s] -- Symlinking: /home/iclabwill/work/ubuntu22.04_ros2/install/ur_description/share/ur_description/config/ur5e/visual_parameters.yaml
[1.427s] -- Symlinking: /home/iclabwill/work/ubuntu22.04_ros2/install/ur_description/share/ur_description/launch/view_ur.launch.py
[1.444s] -- Symlinking: /home/iclabwill/work/ubuntu22.04_ros2/install/ur_description/share/ur_description/meshes/ur10/collision/base.stl
[1.448s] -- Symlinking: /home/iclabwill/work/ubuntu22.04_ros2/install/ur_description/share/ur_description/meshes/ur10/collision/forearm.stl
[1.451s] -- Symlinking: /home/iclabwill/work/ubuntu22.04_ros2/install/ur_description/share/ur_description/meshes/ur10/collision/shoulder.stl
[1.455s] -- Symlinking: /home/iclabwill/work/ubuntu22.04_ros2/install/ur_description/share/ur_description/meshes/ur10/collision/upperarm.stl
[1.458s] -- Symlinking: /home/iclabwill/work/ubuntu22.04_ros2/install/ur_description/share/ur_description/meshes/ur10/collision/wrist1.stl
[1.462s] -- Symlinking: /home/iclabwill/work/ubuntu22.04_ros2/install/ur_description/share/ur_description/meshes/ur10/collision/wrist2.stl
[1.465s] -- Symlinking: /home/iclabwill/work/ubuntu22.04_ros2/install/ur_description/share/ur_description/meshes/ur10/collision/wrist3.stl
[1.469s] -- Symlinking: /home/iclabwill/work/ubuntu22.04_ros2/install/ur_description/share/ur_description/meshes/ur10/visual/base.dae
[1.473s] -- Symlinking: /home/iclabwill/work/ubuntu22.04_ros2/install/ur_description/share/ur_description/meshes/ur10/visual/forearm.dae
[1.476s] -- Symlinking: /home/iclabwill/work/ubuntu22.04_ros2/install/ur_description/share/ur_description/meshes/ur10/visual/shoulder.dae
[1.479s] -- Symlinking: /home/iclabwill/work/ubuntu22.04_ros2/install/ur_description/share/ur_description/meshes/ur10/visual/upperarm.dae
[1.483s] -- Symlinking: /home/iclabwill/work/ubuntu22.04_ros2/install/ur_description/share/ur_description/meshes/ur10/visual/wrist1.dae
[1.486s] -- Symlinking: /home/iclabwill/work/ubuntu22.04_ros2/install/ur_description/share/ur_description/meshes/ur10/visual/wrist2.dae
[1.489s] -- Symlinking: /home/iclabwill/work/ubuntu22.04_ros2/install/ur_description/share/ur_description/meshes/ur10/visual/wrist3.dae
[1.493s] -- Symlinking: /home/iclabwill/work/ubuntu22.04_ros2/install/ur_description/share/ur_description/meshes/ur10e/collision/base.stl
[1.497s] -- Symlinking: /home/iclabwill/work/ubuntu22.04_ros2/install/ur_description/share/ur_description/meshes/ur10e/collision/forearm.stl
[1.501s] -- Symlinking: /home/iclabwill/work/ubuntu22.04_ros2/install/ur_description/share/ur_description/meshes/ur10e/collision/shoulder.stl
[1.504s] -- Symlinking: /home/iclabwill/work/ubuntu22.04_ros2/install/ur_description/share/ur_description/meshes/ur10e/collision/upperarm.stl
[1.508s] -- Symlinking: /home/iclabwill/work/ubuntu22.04_ros2/install/ur_description/share/ur_description/meshes/ur10e/collision/wrist1.stl
[1.511s] -- Symlinking: /home/iclabwill/work/ubuntu22.04_ros2/install/ur_description/share/ur_description/meshes/ur10e/collision/wrist2.stl
[1.515s] -- Symlinking: /home/iclabwill/work/ubuntu22.04_ros2/install/ur_description/share/ur_description/meshes/ur10e/collision/wrist3.stl
[1.518s] -- Symlinking: /home/iclabwill/work/ubuntu22.04_ros2/install/ur_description/share/ur_description/meshes/ur10e/visual/base.dae
[1.522s] -- Symlinking: /home/iclabwill/work/ubuntu22.04_ros2/install/ur_description/share/ur_description/meshes/ur10e/visual/forearm.dae
[1.525s] -- Symlinking: /home/iclabwill/work/ubuntu22.04_ros2/install/ur_description/share/ur_description/meshes/ur10e/visual/shoulder.dae
[1.529s] -- Symlinking: /home/iclabwill/work/ubuntu22.04_ros2/install/ur_description/share/ur_description/meshes/ur10e/visual/upperarm.dae
[1.533s] -- Symlinking: /home/iclabwill/work/ubuntu22.04_ros2/install/ur_description/share/ur_description/meshes/ur10e/visual/wrist1.dae
[1.537s] -- Symlinking: /home/iclabwill/work/ubuntu22.04_ros2/install/ur_description/share/ur_description/meshes/ur10e/visual/wrist2.dae
[1.540s] -- Symlinking: /home/iclabwill/work/ubuntu22.04_ros2/install/ur_description/share/ur_description/meshes/ur10e/visual/wrist3.dae
[1.543s] -- Symlinking: /home/iclabwill/work/ubuntu22.04_ros2/install/ur_description/share/ur_description/meshes/ur16e/collision/forearm.stl
[1.547s] -- Symlinking: /home/iclabwill/work/ubuntu22.04_ros2/install/ur_description/share/ur_description/meshes/ur16e/collision/upperarm.stl
[1.550s] -- Symlinking: /home/iclabwill/work/ubuntu22.04_ros2/install/ur_description/share/ur_description/meshes/ur16e/visual/forearm.dae
[1.554s] -- Symlinking: /home/iclabwill/work/ubuntu22.04_ros2/install/ur_description/share/ur_description/meshes/ur16e/visual/upperarm.dae
[1.557s] -- Symlinking: /home/iclabwill/work/ubuntu22.04_ros2/install/ur_description/share/ur_description/meshes/ur20/LICENSE.txt
[1.561s] -- Symlinking: /home/iclabwill/work/ubuntu22.04_ros2/install/ur_description/share/ur_description/meshes/ur20/collision/base.stl
[1.564s] -- Symlinking: /home/iclabwill/work/ubuntu22.04_ros2/install/ur_description/share/ur_description/meshes/ur20/collision/forearm.stl
[1.568s] -- Symlinking: /home/iclabwill/work/ubuntu22.04_ros2/install/ur_description/share/ur_description/meshes/ur20/collision/shoulder.stl
[1.572s] -- Symlinking: /home/iclabwill/work/ubuntu22.04_ros2/install/ur_description/share/ur_description/meshes/ur20/collision/upperarm.stl
[1.575s] -- Symlinking: /home/iclabwill/work/ubuntu22.04_ros2/install/ur_description/share/ur_description/meshes/ur20/collision/wrist1.stl
[1.579s] -- Symlinking: /home/iclabwill/work/ubuntu22.04_ros2/install/ur_description/share/ur_description/meshes/ur20/collision/wrist2.stl
[1.583s] -- Symlinking: /home/iclabwill/work/ubuntu22.04_ros2/install/ur_description/share/ur_description/meshes/ur20/collision/wrist3.stl
[1.587s] -- Symlinking: /home/iclabwill/work/ubuntu22.04_ros2/install/ur_description/share/ur_description/meshes/ur20/visual/UR20_DIFF_8bit_2K.png
[1.591s] -- Symlinking: /home/iclabwill/work/ubuntu22.04_ros2/install/ur_description/share/ur_description/meshes/ur20/visual/base.dae
[1.594s] -- Symlinking: /home/iclabwill/work/ubuntu22.04_ros2/install/ur_description/share/ur_description/meshes/ur20/visual/forearm.dae
[1.598s] -- Symlinking: /home/iclabwill/work/ubuntu22.04_ros2/install/ur_description/share/ur_description/meshes/ur20/visual/shoulder.dae
[1.601s] -- Symlinking: /home/iclabwill/work/ubuntu22.04_ros2/install/ur_description/share/ur_description/meshes/ur20/visual/upperarm.dae
[1.605s] -- Symlinking: /home/iclabwill/work/ubuntu22.04_ros2/install/ur_description/share/ur_description/meshes/ur20/visual/wrist1.dae
[1.609s] -- Symlinking: /home/iclabwill/work/ubuntu22.04_ros2/install/ur_description/share/ur_description/meshes/ur20/visual/wrist2.dae
[1.612s] -- Symlinking: /home/iclabwill/work/ubuntu22.04_ros2/install/ur_description/share/ur_description/meshes/ur20/visual/wrist3.dae
[1.616s] -- Symlinking: /home/iclabwill/work/ubuntu22.04_ros2/install/ur_description/share/ur_description/meshes/ur3/collision/base.stl
[1.619s] -- Symlinking: /home/iclabwill/work/ubuntu22.04_ros2/install/ur_description/share/ur_description/meshes/ur3/collision/forearm.stl
[1.623s] -- Symlinking: /home/iclabwill/work/ubuntu22.04_ros2/install/ur_description/share/ur_description/meshes/ur3/collision/shoulder.stl
[1.627s] -- Symlinking: /home/iclabwill/work/ubuntu22.04_ros2/install/ur_description/share/ur_description/meshes/ur3/collision/upperarm.stl
[1.630s] -- Symlinking: /home/iclabwill/work/ubuntu22.04_ros2/install/ur_description/share/ur_description/meshes/ur3/collision/wrist1.stl
[1.634s] -- Symlinking: /home/iclabwill/work/ubuntu22.04_ros2/install/ur_description/share/ur_description/meshes/ur3/collision/wrist2.stl
[1.637s] -- Symlinking: /home/iclabwill/work/ubuntu22.04_ros2/install/ur_description/share/ur_description/meshes/ur3/collision/wrist3.stl
[1.641s] -- Symlinking: /home/iclabwill/work/ubuntu22.04_ros2/install/ur_description/share/ur_description/meshes/ur3/visual/base.dae
[1.645s] -- Symlinking: /home/iclabwill/work/ubuntu22.04_ros2/install/ur_description/share/ur_description/meshes/ur3/visual/forearm.dae
[1.649s] -- Symlinking: /home/iclabwill/work/ubuntu22.04_ros2/install/ur_description/share/ur_description/meshes/ur3/visual/shoulder.dae
[1.653s] -- Symlinking: /home/iclabwill/work/ubuntu22.04_ros2/install/ur_description/share/ur_description/meshes/ur3/visual/upperarm.dae
[1.657s] -- Symlinking: /home/iclabwill/work/ubuntu22.04_ros2/install/ur_description/share/ur_description/meshes/ur3/visual/wrist1.dae
[1.661s] -- Symlinking: /home/iclabwill/work/ubuntu22.04_ros2/install/ur_description/share/ur_description/meshes/ur3/visual/wrist2.dae
[1.665s] -- Symlinking: /home/iclabwill/work/ubuntu22.04_ros2/install/ur_description/share/ur_description/meshes/ur3/visual/wrist3.dae
[1.668s] -- Symlinking: /home/iclabwill/work/ubuntu22.04_ros2/install/ur_description/share/ur_description/meshes/ur30/LICENSE.txt
[1.672s] -- Symlinking: /home/iclabwill/work/ubuntu22.04_ros2/install/ur_description/share/ur_description/meshes/ur30/collision/forearm.stl
[1.676s] -- Symlinking: /home/iclabwill/work/ubuntu22.04_ros2/install/ur_description/share/ur_description/meshes/ur30/collision/upperarm.stl
[1.680s] -- Symlinking: /home/iclabwill/work/ubuntu22.04_ros2/install/ur_description/share/ur_description/meshes/ur30/visual/UR30_DIFF_8bit_2K.png
[1.683s] -- Symlinking: /home/iclabwill/work/ubuntu22.04_ros2/install/ur_description/share/ur_description/meshes/ur30/visual/forearm.dae
[1.687s] -- Symlinking: /home/iclabwill/work/ubuntu22.04_ros2/install/ur_description/share/ur_description/meshes/ur30/visual/upperarm.dae
[1.690s] -- Symlinking: /home/iclabwill/work/ubuntu22.04_ros2/install/ur_description/share/ur_description/meshes/ur3e/collision/base.stl
[1.694s] -- Symlinking: /home/iclabwill/work/ubuntu22.04_ros2/install/ur_description/share/ur_description/meshes/ur3e/collision/forearm.stl
[1.697s] -- Symlinking: /home/iclabwill/work/ubuntu22.04_ros2/install/ur_description/share/ur_description/meshes/ur3e/collision/shoulder.stl
[1.701s] -- Symlinking: /home/iclabwill/work/ubuntu22.04_ros2/install/ur_description/share/ur_description/meshes/ur3e/collision/upperarm.stl
[1.705s] -- Symlinking: /home/iclabwill/work/ubuntu22.04_ros2/install/ur_description/share/ur_description/meshes/ur3e/collision/wrist1.stl
[1.708s] -- Symlinking: /home/iclabwill/work/ubuntu22.04_ros2/install/ur_description/share/ur_description/meshes/ur3e/collision/wrist2.stl
[1.711s] -- Symlinking: /home/iclabwill/work/ubuntu22.04_ros2/install/ur_description/share/ur_description/meshes/ur3e/collision/wrist3.stl
[1.715s] -- Symlinking: /home/iclabwill/work/ubuntu22.04_ros2/install/ur_description/share/ur_description/meshes/ur3e/meshes/collision/robotiq_85_base_link.stl
[1.719s] -- Symlinking: /home/iclabwill/work/ubuntu22.04_ros2/install/ur_description/share/ur_description/meshes/ur3e/meshes/collision/robotiq_85_finger_link.stl
[1.723s] -- Symlinking: /home/iclabwill/work/ubuntu22.04_ros2/install/ur_description/share/ur_description/meshes/ur3e/meshes/collision/robotiq_85_finger_tip_link.stl
[1.728s] -- Symlinking: /home/iclabwill/work/ubuntu22.04_ros2/install/ur_description/share/ur_description/meshes/ur3e/meshes/collision/robotiq_85_inner_knuckle_link.stl
[1.731s] -- Symlinking: /home/iclabwill/work/ubuntu22.04_ros2/install/ur_description/share/ur_description/meshes/ur3e/meshes/collision/robotiq_85_knuckle_link.stl
[1.735s] -- Symlinking: /home/iclabwill/work/ubuntu22.04_ros2/install/ur_description/share/ur_description/meshes/ur3e/meshes/collision/ur_to_robotiq_adapter.stl
[1.739s] -- Symlinking: /home/iclabwill/work/ubuntu22.04_ros2/install/ur_description/share/ur_description/meshes/ur3e/meshes/robotiq_85_coupler.stl
[1.743s] -- Symlinking: /home/iclabwill/work/ubuntu22.04_ros2/install/ur_description/share/ur_description/meshes/ur3e/meshes/visual/robotiq_85_base_link.dae
[1.747s] -- Symlinking: /home/iclabwill/work/ubuntu22.04_ros2/install/ur_description/share/ur_description/meshes/ur3e/meshes/visual/robotiq_85_finger_link.dae
[1.751s] -- Symlinking: /home/iclabwill/work/ubuntu22.04_ros2/install/ur_description/share/ur_description/meshes/ur3e/meshes/visual/robotiq_85_finger_tip_link.dae
[1.754s] -- Symlinking: /home/iclabwill/work/ubuntu22.04_ros2/install/ur_description/share/ur_description/meshes/ur3e/meshes/visual/robotiq_85_inner_knuckle_link.dae
[1.758s] -- Symlinking: /home/iclabwill/work/ubuntu22.04_ros2/install/ur_description/share/ur_description/meshes/ur3e/meshes/visual/robotiq_85_knuckle_link.dae
[1.762s] -- Symlinking: /home/iclabwill/work/ubuntu22.04_ros2/install/ur_description/share/ur_description/meshes/ur3e/meshes/visual/ur_to_robotiq_adapter.dae
[1.765s] -- Symlinking: /home/iclabwill/work/ubuntu22.04_ros2/install/ur_description/share/ur_description/meshes/ur3e/visual/base.dae
[1.769s] -- Symlinking: /home/iclabwill/work/ubuntu22.04_ros2/install/ur_description/share/ur_description/meshes/ur3e/visual/forearm.dae
[1.773s] -- Symlinking: /home/iclabwill/work/ubuntu22.04_ros2/install/ur_description/share/ur_description/meshes/ur3e/visual/shoulder.dae
[1.777s] -- Symlinking: /home/iclabwill/work/ubuntu22.04_ros2/install/ur_description/share/ur_description/meshes/ur3e/visual/upperarm.dae
[1.781s] -- Symlinking: /home/iclabwill/work/ubuntu22.04_ros2/install/ur_description/share/ur_description/meshes/ur3e/visual/wrist1.dae
[1.787s] -- Symlinking: /home/iclabwill/work/ubuntu22.04_ros2/install/ur_description/share/ur_description/meshes/ur3e/visual/wrist2.dae
[1.791s] -- Symlinking: /home/iclabwill/work/ubuntu22.04_ros2/install/ur_description/share/ur_description/meshes/ur3e/visual/wrist3.dae
[1.795s] -- Symlinking: /home/iclabwill/work/ubuntu22.04_ros2/install/ur_description/share/ur_description/meshes/ur5/collision/base.stl
[1.799s] -- Symlinking: /home/iclabwill/work/ubuntu22.04_ros2/install/ur_description/share/ur_description/meshes/ur5/collision/forearm.stl
[1.803s] -- Symlinking: /home/iclabwill/work/ubuntu22.04_ros2/install/ur_description/share/ur_description/meshes/ur5/collision/shoulder.stl
[1.807s] -- Symlinking: /home/iclabwill/work/ubuntu22.04_ros2/install/ur_description/share/ur_description/meshes/ur5/collision/upperarm.stl
[1.811s] -- Symlinking: /home/iclabwill/work/ubuntu22.04_ros2/install/ur_description/share/ur_description/meshes/ur5/collision/wrist1.stl
[1.815s] -- Symlinking: /home/iclabwill/work/ubuntu22.04_ros2/install/ur_description/share/ur_description/meshes/ur5/collision/wrist2.stl
[1.819s] -- Symlinking: /home/iclabwill/work/ubuntu22.04_ros2/install/ur_description/share/ur_description/meshes/ur5/collision/wrist3.stl
[1.823s] -- Symlinking: /home/iclabwill/work/ubuntu22.04_ros2/install/ur_description/share/ur_description/meshes/ur5/visual/base.dae
[1.827s] -- Symlinking: /home/iclabwill/work/ubuntu22.04_ros2/install/ur_description/share/ur_description/meshes/ur5/visual/forearm.dae
[1.831s] -- Symlinking: /home/iclabwill/work/ubuntu22.04_ros2/install/ur_description/share/ur_description/meshes/ur5/visual/shoulder.dae
[1.835s] -- Symlinking: /home/iclabwill/work/ubuntu22.04_ros2/install/ur_description/share/ur_description/meshes/ur5/visual/upperarm.dae
[1.839s] -- Symlinking: /home/iclabwill/work/ubuntu22.04_ros2/install/ur_description/share/ur_description/meshes/ur5/visual/wrist1.dae
[1.844s] -- Symlinking: /home/iclabwill/work/ubuntu22.04_ros2/install/ur_description/share/ur_description/meshes/ur5/visual/wrist2.dae
[1.848s] -- Symlinking: /home/iclabwill/work/ubuntu22.04_ros2/install/ur_description/share/ur_description/meshes/ur5/visual/wrist3.dae
[1.852s] -- Symlinking: /home/iclabwill/work/ubuntu22.04_ros2/install/ur_description/share/ur_description/meshes/ur5e/collision/base.stl
[1.856s] -- Symlinking: /home/iclabwill/work/ubuntu22.04_ros2/install/ur_description/share/ur_description/meshes/ur5e/collision/forearm.stl
[1.860s] -- Symlinking: /home/iclabwill/work/ubuntu22.04_ros2/install/ur_description/share/ur_description/meshes/ur5e/collision/shoulder.stl
[1.864s] -- Symlinking: /home/iclabwill/work/ubuntu22.04_ros2/install/ur_description/share/ur_description/meshes/ur5e/collision/upperarm.stl
[1.868s] -- Symlinking: /home/iclabwill/work/ubuntu22.04_ros2/install/ur_description/share/ur_description/meshes/ur5e/collision/wrist1.stl
[1.872s] -- Symlinking: /home/iclabwill/work/ubuntu22.04_ros2/install/ur_description/share/ur_description/meshes/ur5e/collision/wrist2.stl
[1.876s] -- Symlinking: /home/iclabwill/work/ubuntu22.04_ros2/install/ur_description/share/ur_description/meshes/ur5e/collision/wrist3.stl
[1.880s] -- Symlinking: /home/iclabwill/work/ubuntu22.04_ros2/install/ur_description/share/ur_description/meshes/ur5e/meshes/collision/robotiq_85_base_link.stl
[1.884s] -- Symlinking: /home/iclabwill/work/ubuntu22.04_ros2/install/ur_description/share/ur_description/meshes/ur5e/meshes/collision/robotiq_85_finger_link.stl
[1.888s] -- Symlinking: /home/iclabwill/work/ubuntu22.04_ros2/install/ur_description/share/ur_description/meshes/ur5e/meshes/collision/robotiq_85_finger_tip_link.stl
[1.892s] -- Symlinking: /home/iclabwill/work/ubuntu22.04_ros2/install/ur_description/share/ur_description/meshes/ur5e/meshes/collision/robotiq_85_inner_knuckle_link.stl
[1.896s] -- Symlinking: /home/iclabwill/work/ubuntu22.04_ros2/install/ur_description/share/ur_description/meshes/ur5e/meshes/collision/robotiq_85_knuckle_link.stl
[1.900s] -- Symlinking: /home/iclabwill/work/ubuntu22.04_ros2/install/ur_description/share/ur_description/meshes/ur5e/meshes/collision/ur_to_robotiq_adapter.stl
[1.904s] -- Symlinking: /home/iclabwill/work/ubuntu22.04_ros2/install/ur_description/share/ur_description/meshes/ur5e/meshes/robotiq_85_coupler.stl
[1.907s] -- Symlinking: /home/iclabwill/work/ubuntu22.04_ros2/install/ur_description/share/ur_description/meshes/ur5e/meshes/visual/robotiq_85_base_link.dae
[1.911s] -- Symlinking: /home/iclabwill/work/ubuntu22.04_ros2/install/ur_description/share/ur_description/meshes/ur5e/meshes/visual/robotiq_85_finger_link.dae
[1.915s] -- Symlinking: /home/iclabwill/work/ubuntu22.04_ros2/install/ur_description/share/ur_description/meshes/ur5e/meshes/visual/robotiq_85_finger_tip_link.dae
[1.918s] -- Symlinking: /home/iclabwill/work/ubuntu22.04_ros2/install/ur_description/share/ur_description/meshes/ur5e/meshes/visual/robotiq_85_inner_knuckle_link.dae
[1.923s] -- Symlinking: /home/iclabwill/work/ubuntu22.04_ros2/install/ur_description/share/ur_description/meshes/ur5e/meshes/visual/robotiq_85_knuckle_link.dae
[1.926s] -- Symlinking: /home/iclabwill/work/ubuntu22.04_ros2/install/ur_description/share/ur_description/meshes/ur5e/meshes/visual/ur_to_robotiq_adapter.dae
[1.931s] -- Symlinking: /home/iclabwill/work/ubuntu22.04_ros2/install/ur_description/share/ur_description/meshes/ur5e/visual/base.dae
[1.935s] -- Symlinking: /home/iclabwill/work/ubuntu22.04_ros2/install/ur_description/share/ur_description/meshes/ur5e/visual/forearm.dae
[1.939s] -- Symlinking: /home/iclabwill/work/ubuntu22.04_ros2/install/ur_description/share/ur_description/meshes/ur5e/visual/shoulder.dae
[1.942s] -- Symlinking: /home/iclabwill/work/ubuntu22.04_ros2/install/ur_description/share/ur_description/meshes/ur5e/visual/upperarm.dae
[1.947s] -- Symlinking: /home/iclabwill/work/ubuntu22.04_ros2/install/ur_description/share/ur_description/meshes/ur5e/visual/wrist1.dae
[1.950s] -- Symlinking: /home/iclabwill/work/ubuntu22.04_ros2/install/ur_description/share/ur_description/meshes/ur5e/visual/wrist2.dae
[1.954s] -- Symlinking: /home/iclabwill/work/ubuntu22.04_ros2/install/ur_description/share/ur_description/meshes/ur5e/visual/wrist3.dae
[1.958s] -- Symlinking: /home/iclabwill/work/ubuntu22.04_ros2/install/ur_description/share/ur_description/rviz/view_robot.rviz
[1.962s] -- Symlinking: /home/iclabwill/work/ubuntu22.04_ros2/install/ur_description/share/ur_description/urdf/inc/ur_common.xacro
[1.965s] -- Symlinking: /home/iclabwill/work/ubuntu22.04_ros2/install/ur_description/share/ur_description/urdf/inc/ur_transmissions.xacro
[1.969s] -- Symlinking: /home/iclabwill/work/ubuntu22.04_ros2/install/ur_description/share/ur_description/urdf/initial_positions.yaml
[1.972s] -- Symlinking: /home/iclabwill/work/ubuntu22.04_ros2/install/ur_description/share/ur_description/urdf/ur.ros2_control.xacro
[1.976s] -- Symlinking: /home/iclabwill/work/ubuntu22.04_ros2/install/ur_description/share/ur_description/urdf/ur.urdf.xacro
[1.979s] -- Symlinking: /home/iclabwill/work/ubuntu22.04_ros2/install/ur_description/share/ur_description/urdf/ur3e.urdf.xacro
[1.983s] -- Symlinking: /home/iclabwill/work/ubuntu22.04_ros2/install/ur_description/share/ur_description/urdf/ur3e_robotiq85_gripper.urdf.xacro
[1.986s] -- Symlinking: /home/iclabwill/work/ubuntu22.04_ros2/install/ur_description/share/ur_description/urdf/ur3e_robotiq85_gripper_edited.urdf
[1.989s] -- Symlinking: /home/iclabwill/work/ubuntu22.04_ros2/install/ur_description/share/ur_description/urdf/ur5e.urdf
[1.993s] -- Symlinking: /home/iclabwill/work/ubuntu22.04_ros2/install/ur_description/share/ur_description/urdf/ur5e.urdf.xacro
[1.996s] -- Symlinking: /home/iclabwill/work/ubuntu22.04_ros2/install/ur_description/share/ur_description/urdf/ur5e_robotiq85_gripper.urdf.xacro
[1.999s] -- Symlinking: /home/iclabwill/work/ubuntu22.04_ros2/install/ur_description/share/ur_description/urdf/ur5e_robotiq85_gripper_edited.urdf
[2.002s] -- Symlinking: /home/iclabwill/work/ubuntu22.04_ros2/install/ur_description/share/ur_description/urdf/ur_macro.xacro
[2.006s] -- Symlinking: /home/iclabwill/work/ubuntu22.04_ros2/install/ur_description/share/ur_description/test/test_ur_urdf_xacro.py
[2.009s] -- Symlinking: /home/iclabwill/work/ubuntu22.04_ros2/install/ur_description/share/ur_description/test/test_view_ur_launch.py
[2.012s] -- Symlinking: /home/iclabwill/work/ubuntu22.04_ros2/install/ur_description/share/ament_index/resource_index/package_run_dependencies/ur_description
[2.015s] -- Symlinking: /home/iclabwill/work/ubuntu22.04_ros2/install/ur_description/share/ament_index/resource_index/parent_prefix_path/ur_description
[2.019s] -- Symlinking: /home/iclabwill/work/ubuntu22.04_ros2/install/ur_description/share/ur_description/environment/ament_prefix_path.sh
[2.022s] -- Symlinking: /home/iclabwill/work/ubuntu22.04_ros2/install/ur_description/share/ur_description/environment/ament_prefix_path.dsv
[2.025s] -- Symlinking: /home/iclabwill/work/ubuntu22.04_ros2/install/ur_description/share/ur_description/environment/path.sh
[2.029s] -- Symlinking: /home/iclabwill/work/ubuntu22.04_ros2/install/ur_description/share/ur_description/environment/path.dsv
[2.032s] -- Symlinking: /home/iclabwill/work/ubuntu22.04_ros2/install/ur_description/share/ur_description/local_setup.bash
[2.035s] -- Symlinking: /home/iclabwill/work/ubuntu22.04_ros2/install/ur_description/share/ur_description/local_setup.sh
[2.038s] -- Symlinking: /home/iclabwill/work/ubuntu22.04_ros2/install/ur_description/share/ur_description/local_setup.zsh
[2.042s] -- Symlinking: /home/iclabwill/work/ubuntu22.04_ros2/install/ur_description/share/ur_description/local_setup.dsv
[2.045s] -- Symlinking: /home/iclabwill/work/ubuntu22.04_ros2/install/ur_description/share/ur_description/package.dsv
[2.048s] -- Symlinking: /home/iclabwill/work/ubuntu22.04_ros2/install/ur_description/share/ament_index/resource_index/packages/ur_description
[2.052s] -- Symlinking: /home/iclabwill/work/ubuntu22.04_ros2/install/ur_description/share/ur_description/cmake/ur_descriptionConfig.cmake
[2.055s] -- Symlinking: /home/iclabwill/work/ubuntu22.04_ros2/install/ur_description/share/ur_description/cmake/ur_descriptionConfig-version.cmake
[2.058s] -- Symlinking: /home/iclabwill/work/ubuntu22.04_ros2/install/ur_description/share/ur_description/package.xml
[2.062s] Invoked command in '/home/iclabwill/work/ubuntu22.04_ros2/build/ur_description' returned '0': CMAKE_PREFIX_PATH=/opt/ros/humble /usr/bin/cmake --install /home/iclabwill/work/ubuntu22.04_ros2/build/ur_description
