[0.009s] Invoking command in '/home/iclabwill/work/ubuntu22.04_ros2/isaac_c/build/robotiq_gripper_moveit_config': AMENT_PREFIX_PATH=/home/iclabwill/work/ubuntu22.04_ros2/isaac_c/install/robotiq_85_description:${AMENT_PREFIX_PATH} CMAKE_PREFIX_PATH=/home/iclabwill/work/ubuntu22.04_ros2/isaac_c/install/robotiq_85_description:/home/iclabwill/work/ubuntu22.04_ros2/install/ur_moveit_cpp:/home/iclabwill/work/ubuntu22.04_ros2/install/ur5e_moveit_config:/home/iclabwill/work/ubuntu22.04_ros2/install/ur5e_gripper_moveit_config:/home/iclabwill/work/ubuntu22.04_ros2/install/ur_description:/home/iclabwill/work/ubuntu22.04_ros2/install/robotiq_gripper_moveit_config:/home/iclabwill/work/ubuntu22.04_ros2/install/robotiq_85_gripper:/home/iclabwill/work/ubuntu22.04_ros2/install/robotiq_85_msgs:/home/iclabwill/work/ubuntu22.04_ros2/install/robotiq_85_description:/home/iclabwill/work/ubuntu22.04_ros2/install/robotiq_85_driver:/opt/ros/humble /usr/bin/cmake --build /home/iclabwill/work/ubuntu22.04_ros2/isaac_c/build/robotiq_gripper_moveit_config -- -j28 -l28
[0.035s] Invoked command in '/home/iclabwill/work/ubuntu22.04_ros2/isaac_c/build/robotiq_gripper_moveit_config' returned '0': AMENT_PREFIX_PATH=/home/iclabwill/work/ubuntu22.04_ros2/isaac_c/install/robotiq_85_description:${AMENT_PREFIX_PATH} CMAKE_PREFIX_PATH=/home/iclabwill/work/ubuntu22.04_ros2/isaac_c/install/robotiq_85_description:/home/iclabwill/work/ubuntu22.04_ros2/install/ur_moveit_cpp:/home/iclabwill/work/ubuntu22.04_ros2/install/ur5e_moveit_config:/home/iclabwill/work/ubuntu22.04_ros2/install/ur5e_gripper_moveit_config:/home/iclabwill/work/ubuntu22.04_ros2/install/ur_description:/home/iclabwill/work/ubuntu22.04_ros2/install/robotiq_gripper_moveit_config:/home/iclabwill/work/ubuntu22.04_ros2/install/robotiq_85_gripper:/home/iclabwill/work/ubuntu22.04_ros2/install/robotiq_85_msgs:/home/iclabwill/work/ubuntu22.04_ros2/install/robotiq_85_description:/home/iclabwill/work/ubuntu22.04_ros2/install/robotiq_85_driver:/opt/ros/humble /usr/bin/cmake --build /home/iclabwill/work/ubuntu22.04_ros2/isaac_c/build/robotiq_gripper_moveit_config -- -j28 -l28
[0.044s] Invoking command in '/home/iclabwill/work/ubuntu22.04_ros2/isaac_c/build/robotiq_gripper_moveit_config': AMENT_PREFIX_PATH=/home/iclabwill/work/ubuntu22.04_ros2/isaac_c/install/robotiq_85_description:${AMENT_PREFIX_PATH} CMAKE_PREFIX_PATH=/home/iclabwill/work/ubuntu22.04_ros2/isaac_c/install/robotiq_85_description:/home/iclabwill/work/ubuntu22.04_ros2/install/ur_moveit_cpp:/home/iclabwill/work/ubuntu22.04_ros2/install/ur5e_moveit_config:/home/iclabwill/work/ubuntu22.04_ros2/install/ur5e_gripper_moveit_config:/home/iclabwill/work/ubuntu22.04_ros2/install/ur_description:/home/iclabwill/work/ubuntu22.04_ros2/install/robotiq_gripper_moveit_config:/home/iclabwill/work/ubuntu22.04_ros2/install/robotiq_85_gripper:/home/iclabwill/work/ubuntu22.04_ros2/install/robotiq_85_msgs:/home/iclabwill/work/ubuntu22.04_ros2/install/robotiq_85_description:/home/iclabwill/work/ubuntu22.04_ros2/install/robotiq_85_driver:/opt/ros/humble /usr/bin/cmake --install /home/iclabwill/work/ubuntu22.04_ros2/isaac_c/build/robotiq_gripper_moveit_config
[0.048s] -- Install configuration: ""
[0.049s] -- Execute custom install script
[0.051s] -- Up-to-date symlink: /home/iclabwill/work/ubuntu22.04_ros2/isaac_c/install/robotiq_gripper_moveit_config/share/ament_index/resource_index/package_run_dependencies/robotiq_gripper_moveit_config
[0.052s] -- Up-to-date symlink: /home/iclabwill/work/ubuntu22.04_ros2/isaac_c/install/robotiq_gripper_moveit_config/share/ament_index/resource_index/parent_prefix_path/robotiq_gripper_moveit_config
[0.053s] -- Up-to-date symlink: /home/iclabwill/work/ubuntu22.04_ros2/isaac_c/install/robotiq_gripper_moveit_config/share/robotiq_gripper_moveit_config/environment/ament_prefix_path.sh
[0.054s] -- Up-to-date symlink: /home/iclabwill/work/ubuntu22.04_ros2/isaac_c/install/robotiq_gripper_moveit_config/share/robotiq_gripper_moveit_config/environment/ament_prefix_path.dsv
[0.054s] -- Up-to-date symlink: /home/iclabwill/work/ubuntu22.04_ros2/isaac_c/install/robotiq_gripper_moveit_config/share/robotiq_gripper_moveit_config/environment/path.sh
[0.055s] -- Up-to-date symlink: /home/iclabwill/work/ubuntu22.04_ros2/isaac_c/install/robotiq_gripper_moveit_config/share/robotiq_gripper_moveit_config/environment/path.dsv
[0.056s] -- Up-to-date symlink: /home/iclabwill/work/ubuntu22.04_ros2/isaac_c/install/robotiq_gripper_moveit_config/share/robotiq_gripper_moveit_config/local_setup.bash
[0.056s] -- Up-to-date symlink: /home/iclabwill/work/ubuntu22.04_ros2/isaac_c/install/robotiq_gripper_moveit_config/share/robotiq_gripper_moveit_config/local_setup.sh
[0.056s] -- Up-to-date symlink: /home/iclabwill/work/ubuntu22.04_ros2/isaac_c/install/robotiq_gripper_moveit_config/share/robotiq_gripper_moveit_config/local_setup.zsh
[0.057s] -- Up-to-date symlink: /home/iclabwill/work/ubuntu22.04_ros2/isaac_c/install/robotiq_gripper_moveit_config/share/robotiq_gripper_moveit_config/local_setup.dsv
[0.057s] -- Symlinking: /home/iclabwill/work/ubuntu22.04_ros2/isaac_c/install/robotiq_gripper_moveit_config/share/robotiq_gripper_moveit_config/package.dsv
[0.061s] -- Up-to-date symlink: /home/iclabwill/work/ubuntu22.04_ros2/isaac_c/install/robotiq_gripper_moveit_config/share/ament_index/resource_index/packages/robotiq_gripper_moveit_config
[0.062s] -- Up-to-date symlink: /home/iclabwill/work/ubuntu22.04_ros2/isaac_c/install/robotiq_gripper_moveit_config/share/robotiq_gripper_moveit_config/cmake/robotiq_gripper_moveit_configConfig.cmake
[0.063s] -- Up-to-date symlink: /home/iclabwill/work/ubuntu22.04_ros2/isaac_c/install/robotiq_gripper_moveit_config/share/robotiq_gripper_moveit_config/cmake/robotiq_gripper_moveit_configConfig-version.cmake
[0.064s] -- Up-to-date symlink: /home/iclabwill/work/ubuntu22.04_ros2/isaac_c/install/robotiq_gripper_moveit_config/share/robotiq_gripper_moveit_config/package.xml
[0.064s] -- Up-to-date symlink: /home/iclabwill/work/ubuntu22.04_ros2/isaac_c/install/robotiq_gripper_moveit_config/share/robotiq_gripper_moveit_config/launch/demo.launch.py
[0.065s] -- Up-to-date symlink: /home/iclabwill/work/ubuntu22.04_ros2/isaac_c/install/robotiq_gripper_moveit_config/share/robotiq_gripper_moveit_config/launch/move_group.launch.py
[0.065s] -- Up-to-date symlink: /home/iclabwill/work/ubuntu22.04_ros2/isaac_c/install/robotiq_gripper_moveit_config/share/robotiq_gripper_moveit_config/launch/moveit_rviz.launch.py
[0.066s] -- Up-to-date symlink: /home/iclabwill/work/ubuntu22.04_ros2/isaac_c/install/robotiq_gripper_moveit_config/share/robotiq_gripper_moveit_config/launch/rsp.launch.py
[0.066s] -- Up-to-date symlink: /home/iclabwill/work/ubuntu22.04_ros2/isaac_c/install/robotiq_gripper_moveit_config/share/robotiq_gripper_moveit_config/launch/setup_assistant.launch.py
[0.067s] -- Up-to-date symlink: /home/iclabwill/work/ubuntu22.04_ros2/isaac_c/install/robotiq_gripper_moveit_config/share/robotiq_gripper_moveit_config/launch/spawn_controllers.launch.py
[0.067s] -- Up-to-date symlink: /home/iclabwill/work/ubuntu22.04_ros2/isaac_c/install/robotiq_gripper_moveit_config/share/robotiq_gripper_moveit_config/launch/static_virtual_joint_tfs.launch.py
[0.068s] -- Up-to-date symlink: /home/iclabwill/work/ubuntu22.04_ros2/isaac_c/install/robotiq_gripper_moveit_config/share/robotiq_gripper_moveit_config/launch/warehouse_db.launch.py
[0.068s] -- Up-to-date symlink: /home/iclabwill/work/ubuntu22.04_ros2/isaac_c/install/robotiq_gripper_moveit_config/share/robotiq_gripper_moveit_config/config/initial_positions.yaml
[0.069s] -- Up-to-date symlink: /home/iclabwill/work/ubuntu22.04_ros2/isaac_c/install/robotiq_gripper_moveit_config/share/robotiq_gripper_moveit_config/config/joint_limits.yaml
[0.069s] -- Up-to-date symlink: /home/iclabwill/work/ubuntu22.04_ros2/isaac_c/install/robotiq_gripper_moveit_config/share/robotiq_gripper_moveit_config/config/kinematics.yaml
[0.070s] -- Up-to-date symlink: /home/iclabwill/work/ubuntu22.04_ros2/isaac_c/install/robotiq_gripper_moveit_config/share/robotiq_gripper_moveit_config/config/moveit.rviz
[0.070s] -- Up-to-date symlink: /home/iclabwill/work/ubuntu22.04_ros2/isaac_c/install/robotiq_gripper_moveit_config/share/robotiq_gripper_moveit_config/config/moveit_controllers.yaml
[0.071s] -- Up-to-date symlink: /home/iclabwill/work/ubuntu22.04_ros2/isaac_c/install/robotiq_gripper_moveit_config/share/robotiq_gripper_moveit_config/config/pilz_cartesian_limits.yaml
[0.072s] -- Up-to-date symlink: /home/iclabwill/work/ubuntu22.04_ros2/isaac_c/install/robotiq_gripper_moveit_config/share/robotiq_gripper_moveit_config/config/robotiq_85_gripper.ros2_control.xacro
[0.072s] -- Up-to-date symlink: /home/iclabwill/work/ubuntu22.04_ros2/isaac_c/install/robotiq_gripper_moveit_config/share/robotiq_gripper_moveit_config/config/robotiq_85_gripper.srdf
[0.072s] -- Up-to-date symlink: /home/iclabwill/work/ubuntu22.04_ros2/isaac_c/install/robotiq_gripper_moveit_config/share/robotiq_gripper_moveit_config/config/robotiq_85_gripper.urdf.xacro
[0.073s] -- Up-to-date symlink: /home/iclabwill/work/ubuntu22.04_ros2/isaac_c/install/robotiq_gripper_moveit_config/share/robotiq_gripper_moveit_config/config/ros2_controllers.yaml
[0.073s] -- Up-to-date symlink: /home/iclabwill/work/ubuntu22.04_ros2/isaac_c/install/robotiq_gripper_moveit_config/share/robotiq_gripper_moveit_config/config/sensors_3d.yaml
[0.074s] -- Up-to-date symlink: /home/iclabwill/work/ubuntu22.04_ros2/isaac_c/install/robotiq_gripper_moveit_config/share/robotiq_gripper_moveit_config/.setup_assistant
[0.076s] Invoked command in '/home/iclabwill/work/ubuntu22.04_ros2/isaac_c/build/robotiq_gripper_moveit_config' returned '0': AMENT_PREFIX_PATH=/home/iclabwill/work/ubuntu22.04_ros2/isaac_c/install/robotiq_85_description:${AMENT_PREFIX_PATH} CMAKE_PREFIX_PATH=/home/iclabwill/work/ubuntu22.04_ros2/isaac_c/install/robotiq_85_description:/home/iclabwill/work/ubuntu22.04_ros2/install/ur_moveit_cpp:/home/iclabwill/work/ubuntu22.04_ros2/install/ur5e_moveit_config:/home/iclabwill/work/ubuntu22.04_ros2/install/ur5e_gripper_moveit_config:/home/iclabwill/work/ubuntu22.04_ros2/install/ur_description:/home/iclabwill/work/ubuntu22.04_ros2/install/robotiq_gripper_moveit_config:/home/iclabwill/work/ubuntu22.04_ros2/install/robotiq_85_gripper:/home/iclabwill/work/ubuntu22.04_ros2/install/robotiq_85_msgs:/home/iclabwill/work/ubuntu22.04_ros2/install/robotiq_85_description:/home/iclabwill/work/ubuntu22.04_ros2/install/robotiq_85_driver:/opt/ros/humble /usr/bin/cmake --install /home/iclabwill/work/ubuntu22.04_ros2/isaac_c/build/robotiq_gripper_moveit_config
