[0.010s] Invoking command in '/home/iclabwill/work/ubuntu22.04_ros2/isaac_c/build/ur_description': CMAKE_PREFIX_PATH=${CMAKE_PREFIX_PATH}:/home/iclabwill/work/ubuntu22.04_ros2/install/robotiq_85_driver:/opt/ros/humble /usr/bin/cmake --build /home/iclabwill/work/ubuntu22.04_ros2/isaac_c/build/ur_description -- -j28 -l28
[0.029s] Invoked command in '/home/iclabwill/work/ubuntu22.04_ros2/isaac_c/build/ur_description' returned '0': CMAKE_PREFIX_PATH=${CMAKE_PREFIX_PATH}:/home/iclabwill/work/ubuntu22.04_ros2/install/robotiq_85_driver:/opt/ros/humble /usr/bin/cmake --build /home/iclabwill/work/ubuntu22.04_ros2/isaac_c/build/ur_description -- -j28 -l28
[0.041s] Invoking command in '/home/iclabwill/work/ubuntu22.04_ros2/isaac_c/build/ur_description': CMAKE_PREFIX_PATH=${CMAKE_PREFIX_PATH}:/home/iclabwill/work/ubuntu22.04_ros2/install/robotiq_85_driver:/opt/ros/humble /usr/bin/cmake --install /home/iclabwill/work/ubuntu22.04_ros2/isaac_c/build/ur_description
[0.044s] -- Install configuration: ""
[0.046s] -- Execute custom install script
[0.050s] -- Up-to-date symlink: /home/iclabwill/work/ubuntu22.04_ros2/isaac_c/install/ur_description/share/ur_description/config/initial_positions.yaml
[0.051s] -- Up-to-date symlink: /home/iclabwill/work/ubuntu22.04_ros2/isaac_c/install/ur_description/share/ur_description/config/ur10/default_kinematics.yaml
[0.052s] -- Up-to-date symlink: /home/iclabwill/work/ubuntu22.04_ros2/isaac_c/install/ur_description/share/ur_description/config/ur10/joint_limits.yaml
[0.053s] -- Up-to-date symlink: /home/iclabwill/work/ubuntu22.04_ros2/isaac_c/install/ur_description/share/ur_description/config/ur10/physical_parameters.yaml
[0.054s] -- Up-to-date symlink: /home/iclabwill/work/ubuntu22.04_ros2/isaac_c/install/ur_description/share/ur_description/config/ur10/visual_parameters.yaml
[0.056s] -- Up-to-date symlink: /home/iclabwill/work/ubuntu22.04_ros2/isaac_c/install/ur_description/share/ur_description/config/ur10e/default_kinematics.yaml
[0.057s] -- Up-to-date symlink: /home/iclabwill/work/ubuntu22.04_ros2/isaac_c/install/ur_description/share/ur_description/config/ur10e/joint_limits.yaml
[0.058s] -- Up-to-date symlink: /home/iclabwill/work/ubuntu22.04_ros2/isaac_c/install/ur_description/share/ur_description/config/ur10e/physical_parameters.yaml
[0.058s] -- Up-to-date symlink: /home/iclabwill/work/ubuntu22.04_ros2/isaac_c/install/ur_description/share/ur_description/config/ur10e/visual_parameters.yaml
[0.060s] -- Up-to-date symlink: /home/iclabwill/work/ubuntu22.04_ros2/isaac_c/install/ur_description/share/ur_description/config/ur16e/default_kinematics.yaml
[0.060s] -- Up-to-date symlink: /home/iclabwill/work/ubuntu22.04_ros2/isaac_c/install/ur_description/share/ur_description/config/ur16e/joint_limits.yaml
[0.060s] -- Up-to-date symlink: /home/iclabwill/work/ubuntu22.04_ros2/isaac_c/install/ur_description/share/ur_description/config/ur16e/physical_parameters.yaml
[0.061s] -- Up-to-date symlink: /home/iclabwill/work/ubuntu22.04_ros2/isaac_c/install/ur_description/share/ur_description/config/ur16e/visual_parameters.yaml
[0.063s] -- Up-to-date symlink: /home/iclabwill/work/ubuntu22.04_ros2/isaac_c/install/ur_description/share/ur_description/config/ur20/default_kinematics.yaml
[0.063s] -- Up-to-date symlink: /home/iclabwill/work/ubuntu22.04_ros2/isaac_c/install/ur_description/share/ur_description/config/ur20/joint_limits.yaml
[0.064s] -- Up-to-date symlink: /home/iclabwill/work/ubuntu22.04_ros2/isaac_c/install/ur_description/share/ur_description/config/ur20/physical_parameters.yaml
[0.065s] -- Up-to-date symlink: /home/iclabwill/work/ubuntu22.04_ros2/isaac_c/install/ur_description/share/ur_description/config/ur20/visual_parameters.yaml
[0.067s] -- Up-to-date symlink: /home/iclabwill/work/ubuntu22.04_ros2/isaac_c/install/ur_description/share/ur_description/config/ur3/default_kinematics.yaml
[0.068s] -- Up-to-date symlink: /home/iclabwill/work/ubuntu22.04_ros2/isaac_c/install/ur_description/share/ur_description/config/ur3/joint_limits.yaml
[0.068s] -- Up-to-date symlink: /home/iclabwill/work/ubuntu22.04_ros2/isaac_c/install/ur_description/share/ur_description/config/ur3/physical_parameters.yaml
[0.068s] -- Up-to-date symlink: /home/iclabwill/work/ubuntu22.04_ros2/isaac_c/install/ur_description/share/ur_description/config/ur3/visual_parameters.yaml
[0.070s] -- Up-to-date symlink: /home/iclabwill/work/ubuntu22.04_ros2/isaac_c/install/ur_description/share/ur_description/config/ur30/default_kinematics.yaml
[0.070s] -- Up-to-date symlink: /home/iclabwill/work/ubuntu22.04_ros2/isaac_c/install/ur_description/share/ur_description/config/ur30/joint_limits.yaml
[0.070s] -- Up-to-date symlink: /home/iclabwill/work/ubuntu22.04_ros2/isaac_c/install/ur_description/share/ur_description/config/ur30/physical_parameters.yaml
[0.071s] -- Up-to-date symlink: /home/iclabwill/work/ubuntu22.04_ros2/isaac_c/install/ur_description/share/ur_description/config/ur30/visual_parameters.yaml
[0.072s] -- Up-to-date symlink: /home/iclabwill/work/ubuntu22.04_ros2/isaac_c/install/ur_description/share/ur_description/config/ur3e/default_kinematics.yaml
[0.073s] -- Up-to-date symlink: /home/iclabwill/work/ubuntu22.04_ros2/isaac_c/install/ur_description/share/ur_description/config/ur3e/joint_limits.yaml
[0.073s] -- Up-to-date symlink: /home/iclabwill/work/ubuntu22.04_ros2/isaac_c/install/ur_description/share/ur_description/config/ur3e/physical_parameters.yaml
[0.073s] -- Up-to-date symlink: /home/iclabwill/work/ubuntu22.04_ros2/isaac_c/install/ur_description/share/ur_description/config/ur3e/visual_parameters.yaml
[0.074s] -- Up-to-date symlink: /home/iclabwill/work/ubuntu22.04_ros2/isaac_c/install/ur_description/share/ur_description/config/ur5/default_kinematics.yaml
[0.074s] -- Up-to-date symlink: /home/iclabwill/work/ubuntu22.04_ros2/isaac_c/install/ur_description/share/ur_description/config/ur5/joint_limits.yaml
[0.075s] -- Up-to-date symlink: /home/iclabwill/work/ubuntu22.04_ros2/isaac_c/install/ur_description/share/ur_description/config/ur5/physical_parameters.yaml
[0.075s] -- Up-to-date symlink: /home/iclabwill/work/ubuntu22.04_ros2/isaac_c/install/ur_description/share/ur_description/config/ur5/visual_parameters.yaml
[0.076s] -- Up-to-date symlink: /home/iclabwill/work/ubuntu22.04_ros2/isaac_c/install/ur_description/share/ur_description/config/ur5e/default_kinematics.yaml
[0.076s] -- Up-to-date symlink: /home/iclabwill/work/ubuntu22.04_ros2/isaac_c/install/ur_description/share/ur_description/config/ur5e/joint_limits.yaml
[0.077s] -- Up-to-date symlink: /home/iclabwill/work/ubuntu22.04_ros2/isaac_c/install/ur_description/share/ur_description/config/ur5e/physical_parameters.yaml
[0.078s] -- Up-to-date symlink: /home/iclabwill/work/ubuntu22.04_ros2/isaac_c/install/ur_description/share/ur_description/config/ur5e/visual_parameters.yaml
[0.078s] -- Up-to-date symlink: /home/iclabwill/work/ubuntu22.04_ros2/isaac_c/install/ur_description/share/ur_description/launch/view_ur.launch.py
[0.080s] -- Up-to-date symlink: /home/iclabwill/work/ubuntu22.04_ros2/isaac_c/install/ur_description/share/ur_description/meshes/ur10/collision/base.stl
[0.081s] -- Up-to-date symlink: /home/iclabwill/work/ubuntu22.04_ros2/isaac_c/install/ur_description/share/ur_description/meshes/ur10/collision/forearm.stl
[0.082s] -- Up-to-date symlink: /home/iclabwill/work/ubuntu22.04_ros2/isaac_c/install/ur_description/share/ur_description/meshes/ur10/collision/shoulder.stl
[0.082s] -- Up-to-date symlink: /home/iclabwill/work/ubuntu22.04_ros2/isaac_c/install/ur_description/share/ur_description/meshes/ur10/collision/upperarm.stl
[0.083s] -- Up-to-date symlink: /home/iclabwill/work/ubuntu22.04_ros2/isaac_c/install/ur_description/share/ur_description/meshes/ur10/collision/wrist1.stl
[0.083s] -- Up-to-date symlink: /home/iclabwill/work/ubuntu22.04_ros2/isaac_c/install/ur_description/share/ur_description/meshes/ur10/collision/wrist2.stl
[0.084s] -- Up-to-date symlink: /home/iclabwill/work/ubuntu22.04_ros2/isaac_c/install/ur_description/share/ur_description/meshes/ur10/collision/wrist3.stl
[0.086s] -- Up-to-date symlink: /home/iclabwill/work/ubuntu22.04_ros2/isaac_c/install/ur_description/share/ur_description/meshes/ur10/visual/base.dae
[0.086s] -- Up-to-date symlink: /home/iclabwill/work/ubuntu22.04_ros2/isaac_c/install/ur_description/share/ur_description/meshes/ur10/visual/forearm.dae
[0.086s] -- Up-to-date symlink: /home/iclabwill/work/ubuntu22.04_ros2/isaac_c/install/ur_description/share/ur_description/meshes/ur10/visual/shoulder.dae
[0.087s] -- Up-to-date symlink: /home/iclabwill/work/ubuntu22.04_ros2/isaac_c/install/ur_description/share/ur_description/meshes/ur10/visual/upperarm.dae
[0.087s] -- Up-to-date symlink: /home/iclabwill/work/ubuntu22.04_ros2/isaac_c/install/ur_description/share/ur_description/meshes/ur10/visual/wrist1.dae
[0.088s] -- Up-to-date symlink: /home/iclabwill/work/ubuntu22.04_ros2/isaac_c/install/ur_description/share/ur_description/meshes/ur10/visual/wrist2.dae
[0.088s] -- Up-to-date symlink: /home/iclabwill/work/ubuntu22.04_ros2/isaac_c/install/ur_description/share/ur_description/meshes/ur10/visual/wrist3.dae
[0.090s] -- Up-to-date symlink: /home/iclabwill/work/ubuntu22.04_ros2/isaac_c/install/ur_description/share/ur_description/meshes/ur10e/collision/base.stl
[0.090s] -- Up-to-date symlink: /home/iclabwill/work/ubuntu22.04_ros2/isaac_c/install/ur_description/share/ur_description/meshes/ur10e/collision/forearm.stl
[0.091s] -- Up-to-date symlink: /home/iclabwill/work/ubuntu22.04_ros2/isaac_c/install/ur_description/share/ur_description/meshes/ur10e/collision/shoulder.stl
[0.091s] -- Up-to-date symlink: /home/iclabwill/work/ubuntu22.04_ros2/isaac_c/install/ur_description/share/ur_description/meshes/ur10e/collision/upperarm.stl
[0.092s] -- Up-to-date symlink: /home/iclabwill/work/ubuntu22.04_ros2/isaac_c/install/ur_description/share/ur_description/meshes/ur10e/collision/wrist1.stl
[0.092s] -- Up-to-date symlink: /home/iclabwill/work/ubuntu22.04_ros2/isaac_c/install/ur_description/share/ur_description/meshes/ur10e/collision/wrist2.stl
[0.092s] -- Up-to-date symlink: /home/iclabwill/work/ubuntu22.04_ros2/isaac_c/install/ur_description/share/ur_description/meshes/ur10e/collision/wrist3.stl
[0.092s] -- Up-to-date symlink: /home/iclabwill/work/ubuntu22.04_ros2/isaac_c/install/ur_description/share/ur_description/meshes/ur10e/visual/base.dae
[0.093s] -- Up-to-date symlink: /home/iclabwill/work/ubuntu22.04_ros2/isaac_c/install/ur_description/share/ur_description/meshes/ur10e/visual/forearm.dae
[0.094s] -- Up-to-date symlink: /home/iclabwill/work/ubuntu22.04_ros2/isaac_c/install/ur_description/share/ur_description/meshes/ur10e/visual/shoulder.dae
[0.094s] -- Up-to-date symlink: /home/iclabwill/work/ubuntu22.04_ros2/isaac_c/install/ur_description/share/ur_description/meshes/ur10e/visual/upperarm.dae
[0.094s] -- Up-to-date symlink: /home/iclabwill/work/ubuntu22.04_ros2/isaac_c/install/ur_description/share/ur_description/meshes/ur10e/visual/wrist1.dae
[0.096s] -- Up-to-date symlink: /home/iclabwill/work/ubuntu22.04_ros2/isaac_c/install/ur_description/share/ur_description/meshes/ur10e/visual/wrist2.dae
[0.096s] -- Up-to-date symlink: /home/iclabwill/work/ubuntu22.04_ros2/isaac_c/install/ur_description/share/ur_description/meshes/ur10e/visual/wrist3.dae
[0.097s] -- Up-to-date symlink: /home/iclabwill/work/ubuntu22.04_ros2/isaac_c/install/ur_description/share/ur_description/meshes/ur16e/collision/forearm.stl
[0.098s] -- Up-to-date symlink: /home/iclabwill/work/ubuntu22.04_ros2/isaac_c/install/ur_description/share/ur_description/meshes/ur16e/collision/upperarm.stl
[0.099s] -- Up-to-date symlink: /home/iclabwill/work/ubuntu22.04_ros2/isaac_c/install/ur_description/share/ur_description/meshes/ur16e/visual/forearm.dae
[0.099s] -- Up-to-date symlink: /home/iclabwill/work/ubuntu22.04_ros2/isaac_c/install/ur_description/share/ur_description/meshes/ur16e/visual/upperarm.dae
[0.100s] -- Up-to-date symlink: /home/iclabwill/work/ubuntu22.04_ros2/isaac_c/install/ur_description/share/ur_description/meshes/ur20/LICENSE.txt
[0.100s] -- Up-to-date symlink: /home/iclabwill/work/ubuntu22.04_ros2/isaac_c/install/ur_description/share/ur_description/meshes/ur20/collision/base.stl
[0.101s] -- Up-to-date symlink: /home/iclabwill/work/ubuntu22.04_ros2/isaac_c/install/ur_description/share/ur_description/meshes/ur20/collision/forearm.stl
[0.102s] -- Up-to-date symlink: /home/iclabwill/work/ubuntu22.04_ros2/isaac_c/install/ur_description/share/ur_description/meshes/ur20/collision/shoulder.stl
[0.102s] -- Up-to-date symlink: /home/iclabwill/work/ubuntu22.04_ros2/isaac_c/install/ur_description/share/ur_description/meshes/ur20/collision/upperarm.stl
[0.102s] -- Up-to-date symlink: /home/iclabwill/work/ubuntu22.04_ros2/isaac_c/install/ur_description/share/ur_description/meshes/ur20/collision/wrist1.stl
[0.102s] -- Up-to-date symlink: /home/iclabwill/work/ubuntu22.04_ros2/isaac_c/install/ur_description/share/ur_description/meshes/ur20/collision/wrist2.stl
[0.103s] -- Up-to-date symlink: /home/iclabwill/work/ubuntu22.04_ros2/isaac_c/install/ur_description/share/ur_description/meshes/ur20/collision/wrist3.stl
[0.104s] -- Up-to-date symlink: /home/iclabwill/work/ubuntu22.04_ros2/isaac_c/install/ur_description/share/ur_description/meshes/ur20/visual/UR20_DIFF_8bit_2K.png
[0.105s] -- Up-to-date symlink: /home/iclabwill/work/ubuntu22.04_ros2/isaac_c/install/ur_description/share/ur_description/meshes/ur20/visual/base.dae
[0.106s] -- Up-to-date symlink: /home/iclabwill/work/ubuntu22.04_ros2/isaac_c/install/ur_description/share/ur_description/meshes/ur20/visual/forearm.dae
[0.106s] -- Up-to-date symlink: /home/iclabwill/work/ubuntu22.04_ros2/isaac_c/install/ur_description/share/ur_description/meshes/ur20/visual/shoulder.dae
[0.108s] -- Up-to-date symlink: /home/iclabwill/work/ubuntu22.04_ros2/isaac_c/install/ur_description/share/ur_description/meshes/ur20/visual/upperarm.dae
[0.108s] -- Up-to-date symlink: /home/iclabwill/work/ubuntu22.04_ros2/isaac_c/install/ur_description/share/ur_description/meshes/ur20/visual/wrist1.dae
[0.108s] -- Up-to-date symlink: /home/iclabwill/work/ubuntu22.04_ros2/isaac_c/install/ur_description/share/ur_description/meshes/ur20/visual/wrist2.dae
[0.108s] -- Up-to-date symlink: /home/iclabwill/work/ubuntu22.04_ros2/isaac_c/install/ur_description/share/ur_description/meshes/ur20/visual/wrist3.dae
[0.108s] -- Up-to-date symlink: /home/iclabwill/work/ubuntu22.04_ros2/isaac_c/install/ur_description/share/ur_description/meshes/ur3/collision/base.stl
[0.109s] -- Up-to-date symlink: /home/iclabwill/work/ubuntu22.04_ros2/isaac_c/install/ur_description/share/ur_description/meshes/ur3/collision/forearm.stl
[0.109s] -- Up-to-date symlink: /home/iclabwill/work/ubuntu22.04_ros2/isaac_c/install/ur_description/share/ur_description/meshes/ur3/collision/shoulder.stl
[0.110s] -- Up-to-date symlink: /home/iclabwill/work/ubuntu22.04_ros2/isaac_c/install/ur_description/share/ur_description/meshes/ur3/collision/upperarm.stl
[0.111s] -- Up-to-date symlink: /home/iclabwill/work/ubuntu22.04_ros2/isaac_c/install/ur_description/share/ur_description/meshes/ur3/collision/wrist1.stl
[0.111s] -- Up-to-date symlink: /home/iclabwill/work/ubuntu22.04_ros2/isaac_c/install/ur_description/share/ur_description/meshes/ur3/collision/wrist2.stl
[0.111s] -- Up-to-date symlink: /home/iclabwill/work/ubuntu22.04_ros2/isaac_c/install/ur_description/share/ur_description/meshes/ur3/collision/wrist3.stl
[0.113s] -- Up-to-date symlink: /home/iclabwill/work/ubuntu22.04_ros2/isaac_c/install/ur_description/share/ur_description/meshes/ur3/visual/base.dae
[0.113s] -- Up-to-date symlink: /home/iclabwill/work/ubuntu22.04_ros2/isaac_c/install/ur_description/share/ur_description/meshes/ur3/visual/forearm.dae
[0.114s] -- Up-to-date symlink: /home/iclabwill/work/ubuntu22.04_ros2/isaac_c/install/ur_description/share/ur_description/meshes/ur3/visual/shoulder.dae
[0.115s] -- Up-to-date symlink: /home/iclabwill/work/ubuntu22.04_ros2/isaac_c/install/ur_description/share/ur_description/meshes/ur3/visual/upperarm.dae
[0.116s] -- Up-to-date symlink: /home/iclabwill/work/ubuntu22.04_ros2/isaac_c/install/ur_description/share/ur_description/meshes/ur3/visual/wrist1.dae
[0.116s] -- Up-to-date symlink: /home/iclabwill/work/ubuntu22.04_ros2/isaac_c/install/ur_description/share/ur_description/meshes/ur3/visual/wrist2.dae
[0.116s] -- Up-to-date symlink: /home/iclabwill/work/ubuntu22.04_ros2/isaac_c/install/ur_description/share/ur_description/meshes/ur3/visual/wrist3.dae
[0.119s] -- Up-to-date symlink: /home/iclabwill/work/ubuntu22.04_ros2/isaac_c/install/ur_description/share/ur_description/meshes/ur30/LICENSE.txt
[0.119s] -- Up-to-date symlink: /home/iclabwill/work/ubuntu22.04_ros2/isaac_c/install/ur_description/share/ur_description/meshes/ur30/collision/forearm.stl
[0.119s] -- Up-to-date symlink: /home/iclabwill/work/ubuntu22.04_ros2/isaac_c/install/ur_description/share/ur_description/meshes/ur30/collision/upperarm.stl
[0.121s] -- Up-to-date symlink: /home/iclabwill/work/ubuntu22.04_ros2/isaac_c/install/ur_description/share/ur_description/meshes/ur30/visual/UR30_DIFF_8bit_2K.png
[0.122s] -- Up-to-date symlink: /home/iclabwill/work/ubuntu22.04_ros2/isaac_c/install/ur_description/share/ur_description/meshes/ur30/visual/forearm.dae
[0.123s] -- Up-to-date symlink: /home/iclabwill/work/ubuntu22.04_ros2/isaac_c/install/ur_description/share/ur_description/meshes/ur30/visual/upperarm.dae
[0.125s] -- Up-to-date symlink: /home/iclabwill/work/ubuntu22.04_ros2/isaac_c/install/ur_description/share/ur_description/meshes/ur3e/collision/base.stl
[0.125s] -- Up-to-date symlink: /home/iclabwill/work/ubuntu22.04_ros2/isaac_c/install/ur_description/share/ur_description/meshes/ur3e/collision/forearm.stl
[0.126s] -- Up-to-date symlink: /home/iclabwill/work/ubuntu22.04_ros2/isaac_c/install/ur_description/share/ur_description/meshes/ur3e/collision/shoulder.stl
[0.126s] -- Up-to-date symlink: /home/iclabwill/work/ubuntu22.04_ros2/isaac_c/install/ur_description/share/ur_description/meshes/ur3e/collision/upperarm.stl
[0.126s] -- Up-to-date symlink: /home/iclabwill/work/ubuntu22.04_ros2/isaac_c/install/ur_description/share/ur_description/meshes/ur3e/collision/wrist1.stl
[0.127s] -- Up-to-date symlink: /home/iclabwill/work/ubuntu22.04_ros2/isaac_c/install/ur_description/share/ur_description/meshes/ur3e/collision/wrist2.stl
[0.127s] -- Up-to-date symlink: /home/iclabwill/work/ubuntu22.04_ros2/isaac_c/install/ur_description/share/ur_description/meshes/ur3e/collision/wrist3.stl
[0.127s] -- Up-to-date symlink: /home/iclabwill/work/ubuntu22.04_ros2/isaac_c/install/ur_description/share/ur_description/meshes/ur3e/meshes/collision/robotiq_85_base_link.stl
[0.128s] -- Up-to-date symlink: /home/iclabwill/work/ubuntu22.04_ros2/isaac_c/install/ur_description/share/ur_description/meshes/ur3e/meshes/collision/robotiq_85_finger_link.stl
[0.129s] -- Up-to-date symlink: /home/iclabwill/work/ubuntu22.04_ros2/isaac_c/install/ur_description/share/ur_description/meshes/ur3e/meshes/collision/robotiq_85_finger_tip_link.stl
[0.129s] -- Up-to-date symlink: /home/iclabwill/work/ubuntu22.04_ros2/isaac_c/install/ur_description/share/ur_description/meshes/ur3e/meshes/collision/robotiq_85_inner_knuckle_link.stl
[0.129s] -- Up-to-date symlink: /home/iclabwill/work/ubuntu22.04_ros2/isaac_c/install/ur_description/share/ur_description/meshes/ur3e/meshes/collision/robotiq_85_knuckle_link.stl
[0.130s] -- Up-to-date symlink: /home/iclabwill/work/ubuntu22.04_ros2/isaac_c/install/ur_description/share/ur_description/meshes/ur3e/meshes/collision/ur_to_robotiq_adapter.stl
[0.130s] -- Up-to-date symlink: /home/iclabwill/work/ubuntu22.04_ros2/isaac_c/install/ur_description/share/ur_description/meshes/ur3e/meshes/robotiq_85_coupler.stl
[0.131s] -- Up-to-date symlink: /home/iclabwill/work/ubuntu22.04_ros2/isaac_c/install/ur_description/share/ur_description/meshes/ur3e/meshes/visual/robotiq_85_base_link.dae
[0.131s] -- Up-to-date symlink: /home/iclabwill/work/ubuntu22.04_ros2/isaac_c/install/ur_description/share/ur_description/meshes/ur3e/meshes/visual/robotiq_85_finger_link.dae
[0.132s] -- Up-to-date symlink: /home/iclabwill/work/ubuntu22.04_ros2/isaac_c/install/ur_description/share/ur_description/meshes/ur3e/meshes/visual/robotiq_85_finger_tip_link.dae
[0.132s] -- Up-to-date symlink: /home/iclabwill/work/ubuntu22.04_ros2/isaac_c/install/ur_description/share/ur_description/meshes/ur3e/meshes/visual/robotiq_85_inner_knuckle_link.dae
[0.133s] -- Up-to-date symlink: /home/iclabwill/work/ubuntu22.04_ros2/isaac_c/install/ur_description/share/ur_description/meshes/ur3e/meshes/visual/robotiq_85_knuckle_link.dae
[0.134s] -- Up-to-date symlink: /home/iclabwill/work/ubuntu22.04_ros2/isaac_c/install/ur_description/share/ur_description/meshes/ur3e/meshes/visual/ur_to_robotiq_adapter.dae
[0.135s] -- Up-to-date symlink: /home/iclabwill/work/ubuntu22.04_ros2/isaac_c/install/ur_description/share/ur_description/meshes/ur3e/visual/base.dae
[0.135s] -- Up-to-date symlink: /home/iclabwill/work/ubuntu22.04_ros2/isaac_c/install/ur_description/share/ur_description/meshes/ur3e/visual/forearm.dae
[0.135s] -- Up-to-date symlink: /home/iclabwill/work/ubuntu22.04_ros2/isaac_c/install/ur_description/share/ur_description/meshes/ur3e/visual/shoulder.dae
[0.135s] -- Up-to-date symlink: /home/iclabwill/work/ubuntu22.04_ros2/isaac_c/install/ur_description/share/ur_description/meshes/ur3e/visual/upperarm.dae
[0.136s] -- Up-to-date symlink: /home/iclabwill/work/ubuntu22.04_ros2/isaac_c/install/ur_description/share/ur_description/meshes/ur3e/visual/wrist1.dae
[0.136s] -- Up-to-date symlink: /home/iclabwill/work/ubuntu22.04_ros2/isaac_c/install/ur_description/share/ur_description/meshes/ur3e/visual/wrist2.dae
[0.136s] -- Up-to-date symlink: /home/iclabwill/work/ubuntu22.04_ros2/isaac_c/install/ur_description/share/ur_description/meshes/ur3e/visual/wrist3.dae
[0.137s] -- Up-to-date symlink: /home/iclabwill/work/ubuntu22.04_ros2/isaac_c/install/ur_description/share/ur_description/meshes/ur5/collision/base.stl
[0.137s] -- Up-to-date symlink: /home/iclabwill/work/ubuntu22.04_ros2/isaac_c/install/ur_description/share/ur_description/meshes/ur5/collision/forearm.stl
[0.137s] -- Up-to-date symlink: /home/iclabwill/work/ubuntu22.04_ros2/isaac_c/install/ur_description/share/ur_description/meshes/ur5/collision/shoulder.stl
[0.138s] -- Up-to-date symlink: /home/iclabwill/work/ubuntu22.04_ros2/isaac_c/install/ur_description/share/ur_description/meshes/ur5/collision/upperarm.stl
[0.138s] -- Up-to-date symlink: /home/iclabwill/work/ubuntu22.04_ros2/isaac_c/install/ur_description/share/ur_description/meshes/ur5/collision/wrist1.stl
[0.138s] -- Up-to-date symlink: /home/iclabwill/work/ubuntu22.04_ros2/isaac_c/install/ur_description/share/ur_description/meshes/ur5/collision/wrist2.stl
[0.139s] -- Up-to-date symlink: /home/iclabwill/work/ubuntu22.04_ros2/isaac_c/install/ur_description/share/ur_description/meshes/ur5/collision/wrist3.stl
[0.139s] -- Up-to-date symlink: /home/iclabwill/work/ubuntu22.04_ros2/isaac_c/install/ur_description/share/ur_description/meshes/ur5/visual/base.dae
[0.140s] -- Up-to-date symlink: /home/iclabwill/work/ubuntu22.04_ros2/isaac_c/install/ur_description/share/ur_description/meshes/ur5/visual/forearm.dae
[0.140s] -- Up-to-date symlink: /home/iclabwill/work/ubuntu22.04_ros2/isaac_c/install/ur_description/share/ur_description/meshes/ur5/visual/shoulder.dae
[0.140s] -- Up-to-date symlink: /home/iclabwill/work/ubuntu22.04_ros2/isaac_c/install/ur_description/share/ur_description/meshes/ur5/visual/upperarm.dae
[0.140s] -- Up-to-date symlink: /home/iclabwill/work/ubuntu22.04_ros2/isaac_c/install/ur_description/share/ur_description/meshes/ur5/visual/wrist1.dae
[0.140s] -- Up-to-date symlink: /home/iclabwill/work/ubuntu22.04_ros2/isaac_c/install/ur_description/share/ur_description/meshes/ur5/visual/wrist2.dae
[0.141s] -- Up-to-date symlink: /home/iclabwill/work/ubuntu22.04_ros2/isaac_c/install/ur_description/share/ur_description/meshes/ur5/visual/wrist3.dae
[0.142s] -- Up-to-date symlink: /home/iclabwill/work/ubuntu22.04_ros2/isaac_c/install/ur_description/share/ur_description/meshes/ur5e/collision/base.stl
[0.142s] -- Up-to-date symlink: /home/iclabwill/work/ubuntu22.04_ros2/isaac_c/install/ur_description/share/ur_description/meshes/ur5e/collision/forearm.stl
[0.143s] -- Up-to-date symlink: /home/iclabwill/work/ubuntu22.04_ros2/isaac_c/install/ur_description/share/ur_description/meshes/ur5e/collision/shoulder.stl
[0.143s] -- Up-to-date symlink: /home/iclabwill/work/ubuntu22.04_ros2/isaac_c/install/ur_description/share/ur_description/meshes/ur5e/collision/upperarm.stl
[0.144s] -- Up-to-date symlink: /home/iclabwill/work/ubuntu22.04_ros2/isaac_c/install/ur_description/share/ur_description/meshes/ur5e/collision/wrist1.stl
[0.144s] -- Up-to-date symlink: /home/iclabwill/work/ubuntu22.04_ros2/isaac_c/install/ur_description/share/ur_description/meshes/ur5e/collision/wrist2.stl
[0.144s] -- Up-to-date symlink: /home/iclabwill/work/ubuntu22.04_ros2/isaac_c/install/ur_description/share/ur_description/meshes/ur5e/collision/wrist3.stl
[0.146s] -- Up-to-date symlink: /home/iclabwill/work/ubuntu22.04_ros2/isaac_c/install/ur_description/share/ur_description/meshes/ur5e/meshes/collision/robotiq_85_base_link.stl
[0.146s] -- Up-to-date symlink: /home/iclabwill/work/ubuntu22.04_ros2/isaac_c/install/ur_description/share/ur_description/meshes/ur5e/meshes/collision/robotiq_85_finger_link.stl
[0.146s] -- Up-to-date symlink: /home/iclabwill/work/ubuntu22.04_ros2/isaac_c/install/ur_description/share/ur_description/meshes/ur5e/meshes/collision/robotiq_85_finger_tip_link.stl
[0.146s] -- Up-to-date symlink: /home/iclabwill/work/ubuntu22.04_ros2/isaac_c/install/ur_description/share/ur_description/meshes/ur5e/meshes/collision/robotiq_85_inner_knuckle_link.stl
[0.147s] -- Up-to-date symlink: /home/iclabwill/work/ubuntu22.04_ros2/isaac_c/install/ur_description/share/ur_description/meshes/ur5e/meshes/collision/robotiq_85_knuckle_link.stl
[0.147s] -- Up-to-date symlink: /home/iclabwill/work/ubuntu22.04_ros2/isaac_c/install/ur_description/share/ur_description/meshes/ur5e/meshes/collision/ur_to_robotiq_adapter.stl
[0.147s] -- Up-to-date symlink: /home/iclabwill/work/ubuntu22.04_ros2/isaac_c/install/ur_description/share/ur_description/meshes/ur5e/meshes/robotiq_85_coupler.stl
[0.149s] -- Up-to-date symlink: /home/iclabwill/work/ubuntu22.04_ros2/isaac_c/install/ur_description/share/ur_description/meshes/ur5e/meshes/visual/robotiq_85_base_link.dae
[0.149s] -- Up-to-date symlink: /home/iclabwill/work/ubuntu22.04_ros2/isaac_c/install/ur_description/share/ur_description/meshes/ur5e/meshes/visual/robotiq_85_finger_link.dae
[0.149s] -- Up-to-date symlink: /home/iclabwill/work/ubuntu22.04_ros2/isaac_c/install/ur_description/share/ur_description/meshes/ur5e/meshes/visual/robotiq_85_finger_tip_link.dae
[0.150s] -- Up-to-date symlink: /home/iclabwill/work/ubuntu22.04_ros2/isaac_c/install/ur_description/share/ur_description/meshes/ur5e/meshes/visual/robotiq_85_inner_knuckle_link.dae
[0.150s] -- Up-to-date symlink: /home/iclabwill/work/ubuntu22.04_ros2/isaac_c/install/ur_description/share/ur_description/meshes/ur5e/meshes/visual/robotiq_85_knuckle_link.dae
[0.151s] -- Up-to-date symlink: /home/iclabwill/work/ubuntu22.04_ros2/isaac_c/install/ur_description/share/ur_description/meshes/ur5e/meshes/visual/ur_to_robotiq_adapter.dae
[0.151s] -- Up-to-date symlink: /home/iclabwill/work/ubuntu22.04_ros2/isaac_c/install/ur_description/share/ur_description/meshes/ur5e/visual/base.dae
[0.151s] -- Up-to-date symlink: /home/iclabwill/work/ubuntu22.04_ros2/isaac_c/install/ur_description/share/ur_description/meshes/ur5e/visual/forearm.dae
[0.151s] -- Up-to-date symlink: /home/iclabwill/work/ubuntu22.04_ros2/isaac_c/install/ur_description/share/ur_description/meshes/ur5e/visual/shoulder.dae
[0.151s] -- Up-to-date symlink: /home/iclabwill/work/ubuntu22.04_ros2/isaac_c/install/ur_description/share/ur_description/meshes/ur5e/visual/upperarm.dae
[0.152s] -- Up-to-date symlink: /home/iclabwill/work/ubuntu22.04_ros2/isaac_c/install/ur_description/share/ur_description/meshes/ur5e/visual/wrist1.dae
[0.153s] -- Up-to-date symlink: /home/iclabwill/work/ubuntu22.04_ros2/isaac_c/install/ur_description/share/ur_description/meshes/ur5e/visual/wrist2.dae
[0.154s] -- Up-to-date symlink: /home/iclabwill/work/ubuntu22.04_ros2/isaac_c/install/ur_description/share/ur_description/meshes/ur5e/visual/wrist3.dae
[0.154s] -- Up-to-date symlink: /home/iclabwill/work/ubuntu22.04_ros2/isaac_c/install/ur_description/share/ur_description/rviz/view_robot.rviz
[0.155s] -- Up-to-date symlink: /home/iclabwill/work/ubuntu22.04_ros2/isaac_c/install/ur_description/share/ur_description/urdf/inc/ur_common.xacro
[0.156s] -- Up-to-date symlink: /home/iclabwill/work/ubuntu22.04_ros2/isaac_c/install/ur_description/share/ur_description/urdf/inc/ur_transmissions.xacro
[0.156s] -- Up-to-date symlink: /home/iclabwill/work/ubuntu22.04_ros2/isaac_c/install/ur_description/share/ur_description/urdf/initial_positions.yaml
[0.157s] -- Up-to-date symlink: /home/iclabwill/work/ubuntu22.04_ros2/isaac_c/install/ur_description/share/ur_description/urdf/ur.ros2_control.xacro
[0.158s] -- Up-to-date symlink: /home/iclabwill/work/ubuntu22.04_ros2/isaac_c/install/ur_description/share/ur_description/urdf/ur.urdf.xacro
[0.158s] -- Up-to-date symlink: /home/iclabwill/work/ubuntu22.04_ros2/isaac_c/install/ur_description/share/ur_description/urdf/ur3e.urdf.xacro
[0.158s] -- Up-to-date symlink: /home/iclabwill/work/ubuntu22.04_ros2/isaac_c/install/ur_description/share/ur_description/urdf/ur3e_robotiq85_gripper.urdf.xacro
[0.158s] -- Up-to-date symlink: /home/iclabwill/work/ubuntu22.04_ros2/isaac_c/install/ur_description/share/ur_description/urdf/ur3e_robotiq85_gripper_edited.urdf
[0.159s] -- Up-to-date symlink: /home/iclabwill/work/ubuntu22.04_ros2/isaac_c/install/ur_description/share/ur_description/urdf/ur5e.urdf
[0.159s] -- Up-to-date symlink: /home/iclabwill/work/ubuntu22.04_ros2/isaac_c/install/ur_description/share/ur_description/urdf/ur5e.urdf.xacro
[0.160s] -- Up-to-date symlink: /home/iclabwill/work/ubuntu22.04_ros2/isaac_c/install/ur_description/share/ur_description/urdf/ur5e_robotiq85_gripper.urdf.xacro
[0.160s] -- Up-to-date symlink: /home/iclabwill/work/ubuntu22.04_ros2/isaac_c/install/ur_description/share/ur_description/urdf/ur5e_robotiq85_gripper_edited.urdf
[0.160s] -- Up-to-date symlink: /home/iclabwill/work/ubuntu22.04_ros2/isaac_c/install/ur_description/share/ur_description/urdf/ur_macro.xacro
[0.161s] -- Up-to-date symlink: /home/iclabwill/work/ubuntu22.04_ros2/isaac_c/install/ur_description/share/ur_description/test/test_ur_urdf_xacro.py
[0.162s] -- Up-to-date symlink: /home/iclabwill/work/ubuntu22.04_ros2/isaac_c/install/ur_description/share/ur_description/test/test_view_ur_launch.py
[0.163s] -- Up-to-date symlink: /home/iclabwill/work/ubuntu22.04_ros2/isaac_c/install/ur_description/share/ament_index/resource_index/package_run_dependencies/ur_description
[0.163s] -- Up-to-date symlink: /home/iclabwill/work/ubuntu22.04_ros2/isaac_c/install/ur_description/share/ament_index/resource_index/parent_prefix_path/ur_description
[0.164s] -- Up-to-date symlink: /home/iclabwill/work/ubuntu22.04_ros2/isaac_c/install/ur_description/share/ur_description/environment/ament_prefix_path.sh
[0.165s] -- Up-to-date symlink: /home/iclabwill/work/ubuntu22.04_ros2/isaac_c/install/ur_description/share/ur_description/environment/ament_prefix_path.dsv
[0.166s] -- Up-to-date symlink: /home/iclabwill/work/ubuntu22.04_ros2/isaac_c/install/ur_description/share/ur_description/environment/path.sh
[0.166s] -- Up-to-date symlink: /home/iclabwill/work/ubuntu22.04_ros2/isaac_c/install/ur_description/share/ur_description/environment/path.dsv
[0.166s] -- Up-to-date symlink: /home/iclabwill/work/ubuntu22.04_ros2/isaac_c/install/ur_description/share/ur_description/local_setup.bash
[0.167s] -- Up-to-date symlink: /home/iclabwill/work/ubuntu22.04_ros2/isaac_c/install/ur_description/share/ur_description/local_setup.sh
[0.167s] -- Up-to-date symlink: /home/iclabwill/work/ubuntu22.04_ros2/isaac_c/install/ur_description/share/ur_description/local_setup.zsh
[0.168s] -- Up-to-date symlink: /home/iclabwill/work/ubuntu22.04_ros2/isaac_c/install/ur_description/share/ur_description/local_setup.dsv
[0.168s] -- Symlinking: /home/iclabwill/work/ubuntu22.04_ros2/isaac_c/install/ur_description/share/ur_description/package.dsv
[0.174s] -- Up-to-date symlink: /home/iclabwill/work/ubuntu22.04_ros2/isaac_c/install/ur_description/share/ament_index/resource_index/packages/ur_description
[0.174s] -- Up-to-date symlink: /home/iclabwill/work/ubuntu22.04_ros2/isaac_c/install/ur_description/share/ur_description/cmake/ur_descriptionConfig.cmake
[0.175s] -- Up-to-date symlink: /home/iclabwill/work/ubuntu22.04_ros2/isaac_c/install/ur_description/share/ur_description/cmake/ur_descriptionConfig-version.cmake
[0.175s] -- Up-to-date symlink: /home/iclabwill/work/ubuntu22.04_ros2/isaac_c/install/ur_description/share/ur_description/package.xml
[0.179s] Invoked command in '/home/iclabwill/work/ubuntu22.04_ros2/isaac_c/build/ur_description' returned '0': CMAKE_PREFIX_PATH=${CMAKE_PREFIX_PATH}:/home/iclabwill/work/ubuntu22.04_ros2/install/robotiq_85_driver:/opt/ros/humble /usr/bin/cmake --install /home/iclabwill/work/ubuntu22.04_ros2/isaac_c/build/ur_description
